Log file open, 11/14/22 18:06:54
LogWindows: Failed to load 'aqProf.dll' (GetLastError=126)
LogWindows: File 'aqProf.dll' does not exist
LogWindows: Failed to load 'VtuneApi.dll' (GetLastError=126)
LogWindows: File 'VtuneApi.dll' does not exist
LogWindows: Failed to load 'VtuneApi32e.dll' (GetLastError=126)
LogWindows: File 'VtuneApi32e.dll' does not exist
LogConsoleResponse: Display: Failed to find resolution value strings in scalability ini. Falling back to default.
LogConsoleResponse: Display: Failed to find resolution value strings in scalability ini. Falling back to default.
LogInit: Display: Running engine for game: MyProject
LogPlatformFile: Not using cached read wrapper
LogTaskGraph: Started task graph with 5 named threads and 11 total threads with 3 sets of task threads.
LogStats: Stats thread started at 0.329599
LogICUInternationalization: ICU TimeZone Detection - Raw Offset: +2:00, Platform Override: ''
LogInit: Display: Loading text-based GConfig....
Message dialog closed, result: No, title: Missing BackgroundBlurWithMask Plugin, text: This project requires the BackgroundBlurWithMask plugin.

Would you like to download it from the Unreal Engine Marketplace?
Message dialog closed, result: Yes, title: Missing Plugin, text: This project requires the 'BackgroundBlurWithMask' plugin, which could not be found. Would you like to disable it and continue?

If you do, you will no longer be able to open any assets created with it. If not, the application will close.
LogPluginManager: Display: Disabled plugin 'BackgroundBlurWithMask', continuing.
LogPluginManager: Mounting plugin MeshPainting
LogPluginManager: Mounting plugin XGEController
LogPluginManager: Mounting plugin Paper2D
LogPluginManager: Mounting plugin AISupport
LogPluginManager: Mounting plugin EnvironmentQueryEditor
LogPluginManager: Mounting plugin CameraShakePreviewer
LogPluginManager: Mounting plugin GameplayCameras
LogPluginManager: Mounting plugin LightPropagationVolume
LogPluginManager: Mounting plugin LiveLink
LogPluginManager: Mounting plugin OodleData
LogPluginManager: Mounting plugin OodleNetwork
LogPluginManager: Mounting plugin AnimationSharing
LogPluginManager: Mounting plugin CLionSourceCodeAccess
LogPluginManager: Mounting plugin CodeLiteSourceCodeAccess
LogPluginManager: Mounting plugin GitSourceControl
LogPluginManager: Mounting plugin KDevelopSourceCodeAccess
LogPluginManager: Mounting plugin NullSourceCodeAccess
LogPluginManager: Mounting plugin PerforceSourceControl
LogPluginManager: Mounting plugin AssetManagerEditor
LogPluginManager: Mounting plugin PixWinPlugin
LogPluginManager: Mounting plugin PlasticSourceControl
LogPluginManager: Mounting plugin PluginUtils
LogPluginManager: Mounting plugin CryptoKeys
LogPluginManager: Mounting plugin PropertyAccessNode
LogPluginManager: Mounting plugin CurveEditorTools
LogPluginManager: Mounting plugin DataValidation
LogPluginManager: Mounting plugin RiderSourceCodeAccess
LogPluginManager: Mounting plugin SubversionSourceControl
LogPluginManager: Mounting plugin TextureFormatOodle
LogPluginManager: Mounting plugin FacialAnimation
LogPluginManager: Mounting plugin GameplayTagsEditor
LogPluginManager: Mounting plugin GeometryMode
LogPluginManager: Mounting plugin UObjectPlugin
LogPluginManager: Mounting plugin MacGraphicsSwitching
LogPluginManager: Mounting plugin MaterialAnalyzer
LogPluginManager: Mounting plugin MobileLauncherProfileWizard
LogPluginManager: Mounting plugin PluginBrowser
LogPluginManager: Mounting plugin SpeedTreeImporter
LogPluginManager: Mounting plugin DatasmithContent
LogPluginManager: Mounting plugin VariantManagerContent
LogPluginManager: Mounting plugin VisualStudioSourceCodeAccess
LogPluginManager: Mounting plugin VisualStudioCodeSourceCodeAccess
LogPluginManager: Mounting plugin XCodeSourceCodeAccess
LogPluginManager: Mounting plugin Niagara
LogPluginManager: Mounting plugin AlembicImporter
LogPluginManager: Mounting plugin BackChannel
LogPluginManager: Mounting plugin AutomationUtils
LogPluginManager: Mounting plugin ChaosCloth
LogPluginManager: Mounting plugin ChaosClothEditor
LogPluginManager: Mounting plugin ChaosEditor
LogPluginManager: Mounting plugin ChaosNiagara
LogPluginManager: Mounting plugin ChaosSolverPlugin
LogPluginManager: Mounting plugin CharacterAI
LogPluginManager: Mounting plugin GeometryCache
LogPluginManager: Mounting plugin GeometryCollectionPlugin
LogPluginManager: Mounting plugin GeometryProcessing
LogPluginManager: Mounting plugin MotoSynth
LogPluginManager: Mounting plugin OpenImageDenoise
LogPluginManager: Mounting plugin PlanarCut
LogPluginManager: Mounting plugin PlatformCrypto
LogPluginManager: Mounting plugin ProxyLODPlugin
LogPluginManager: Mounting plugin PythonScriptPlugin
LogPluginManager: Mounting plugin SkeletalReduction
LogPluginManager: Mounting plugin AsyncLoadingScreen
LogPluginManager: Mounting plugin LuminPlatformFeatures
LogPluginManager: Mounting plugin MagicLeap
LogPluginManager: Mounting plugin MagicLeapLightEstimation
LogPluginManager: Mounting plugin MagicLeapMedia
LogPluginManager: Mounting plugin MagicLeapPassableWorld
LogPluginManager: Mounting plugin MLSDK
LogPluginManager: Mounting plugin AndroidMedia
LogPluginManager: Mounting plugin AvfMedia
LogPluginManager: Mounting plugin ImgMedia
LogPluginManager: Mounting plugin MediaCompositing
LogPluginManager: Mounting plugin MediaPlayerEditor
LogPluginManager: Mounting plugin WebMMedia
LogPluginManager: Mounting plugin WmfMedia
LogPluginManager: Mounting plugin TcpMessaging
LogPluginManager: Mounting plugin UdpMessaging
LogPluginManager: Mounting plugin ActorSequence
LogPluginManager: Mounting plugin LevelSequenceEditor
LogPluginManager: Mounting plugin MatineeToLevelSequence
LogPluginManager: Mounting plugin TemplateSequence
LogPluginManager: Mounting plugin OnlineSubsystem
LogPluginManager: Mounting plugin OnlineSubsystemNull
LogPluginManager: Mounting plugin OnlineSubsystemUtils
LogPluginManager: Mounting plugin LauncherChunkInstaller
LogPluginManager: Mounting plugin ActorLayerUtilities
LogPluginManager: Mounting plugin AndroidDeviceProfileSelector
LogPluginManager: Mounting plugin AndroidMoviePlayer
LogPluginManager: Mounting plugin AndroidPermission
LogPluginManager: Mounting plugin AppleMoviePlayer
LogPluginManager: Mounting plugin AppleImageUtils
LogPluginManager: Mounting plugin ArchVisCharacter
LogPluginManager: Mounting plugin AssetTags
LogPluginManager: Mounting plugin AudioCapture
LogPluginManager: Mounting plugin AudioSynesthesia
LogPluginManager: Mounting plugin CableComponent
LogPluginManager: Mounting plugin ChunkDownloader
LogPluginManager: Mounting plugin CustomMeshComponent
LogPluginManager: Mounting plugin EditableMesh
LogPluginManager: Mounting plugin ExampleDeviceProfileSelector
LogPluginManager: Mounting plugin GoogleCloudMessaging
LogPluginManager: Mounting plugin GooglePAD
LogPluginManager: Mounting plugin IOSDeviceProfileSelector
LogPluginManager: Mounting plugin LinuxDeviceProfileSelector
LogPluginManager: Mounting plugin LocationServicesBPLibrary
LogPluginManager: Mounting plugin MobilePatchingUtils
LogPluginManager: Mounting plugin OpenXR
LogPluginManager: Mounting plugin OpenXREyeTracker
LogPluginManager: Mounting plugin OpenXRHandTracking
LogPluginManager: Mounting plugin PhysXVehicles
LogPluginManager: Mounting plugin PostSplashScreen
LogPluginManager: Mounting plugin ProceduralMeshComponent
LogPluginManager: Mounting plugin PropertyAccessEditor
LogPluginManager: Mounting plugin RuntimePhysXCooking
LogPluginManager: Mounting plugin SignificanceManager
LogPluginManager: Mounting plugin SoundFields
LogPluginManager: Mounting plugin Synthesis
LogPluginManager: Mounting plugin WebMMoviePlayer
LogPluginManager: Mounting plugin WindowsMoviePlayer
LogPluginManager: Mounting plugin ScreenshotTools
LogPluginManager: Mounting plugin Takes
LogPluginManager: Mounting plugin ContentBrowserAssetDataSource
LogPluginManager: Mounting plugin ContentBrowserClassDataSource
LogPluginManager: Mounting plugin ContentBrowserFileDataSource
LogPluginManager: Mounting plugin OnlineSubsystemGooglePlay
LogPluginManager: Mounting plugin OnlineSubsystemIOS
LogPluginManager: Mounting plugin OculusVR
LogPluginManager: Mounting plugin SteamVR
PixWinPlugin: PIX capture plugin failed to initialize! Check that the process is launched from PIX.
LogInit: Using libcurl 7.55.1-DEV
LogInit:  - built for x86_64-pc-win32
LogInit:  - supports SSL with OpenSSL/1.1.1
LogInit:  - supports HTTP deflate (compression) using libz 1.2.8
LogInit:  - other features:
LogInit:      CURL_VERSION_SSL
LogInit:      CURL_VERSION_LIBZ
LogInit:      CURL_VERSION_IPV6
LogInit:      CURL_VERSION_ASYNCHDNS
LogInit:      CURL_VERSION_LARGEFILE
LogInit:      CURL_VERSION_IDN
LogInit:  CurlRequestOptions (configurable via config and command line):
LogInit:  - bVerifyPeer = true  - Libcurl will verify peer certificate
LogInit:  - bUseHttpProxy = false  - Libcurl will NOT use HTTP proxy
LogInit:  - bDontReuseConnections = false  - Libcurl will reuse connections
LogInit:  - MaxHostConnections = 16  - Libcurl will limit the number of connections to a host
LogInit:  - LocalHostAddr = Default
LogInit:  - BufferSize = 65536
LogOnline: OSS: Creating online subsystem instance for: NULL
LogInit: WinSock: version 1.1 (2.2), MaxSocks=32767, MaxUdp=65467
LogOnline: OSS: TryLoadSubsystemAndSetDefault: Loaded subsystem for module [NULL]
LogOculusPluginWrapper: OculusPlugin initialized successfully
LogHMD: Failed initializing OVRPlugin 1.59.0
LogInit: Build: ++UE4+Release-4.27-CL-18319896
LogInit: Engine Version: 4.27.2-18319896+++UE4+Release-4.27
LogInit: Compatible Engine Version: 4.27.0-17155196+++UE4+Release-4.27
LogInit: Net CL: 17155196
LogInit: OS: Windows 10 (Release 2009) (), CPU: AMD Athlon(tm) X4 870K Quad Core Processor     , GPU: NVIDIA GeForce GTX 1050 Ti
LogInit: Compiled (64-bit): Nov 30 2021 07:12:08
LogInit: Compiled with Visual C++: 19.24.28315.00
LogInit: Build Configuration: Development
LogInit: Branch Name: ++UE4+Release-4.27
LogInit: Command Line: 
LogInit: Base Directory: D:/Программы/UE_4.27/Engine/Binaries/Win64/
LogInit: Allocator: TBB
LogInit: Installed Engine Build: 1
LogDevObjectVersion: Number of dev versions registered: 29
LogDevObjectVersion:   Dev-Blueprints (B0D832E4-1F89-4F0D-ACCF-7EB736FD4AA2): 10
LogDevObjectVersion:   Dev-Build (E1C64328-A22C-4D53-A36C-8E866417BD8C): 0
LogDevObjectVersion:   Dev-Core (375EC13C-06E4-48FB-B500-84F0262A717E): 4
LogDevObjectVersion:   Dev-Editor (E4B068ED-F494-42E9-A231-DA0B2E46BB41): 40
LogDevObjectVersion:   Dev-Framework (CFFC743F-43B0-4480-9391-14DF171D2073): 37
LogDevObjectVersion:   Dev-Mobile (B02B49B5-BB20-44E9-A304-32B752E40360): 3
LogDevObjectVersion:   Dev-Networking (A4E4105C-59A1-49B5-A7C5-40C4547EDFEE): 0
LogDevObjectVersion:   Dev-Online (39C831C9-5AE6-47DC-9A44-9C173E1C8E7C): 0
LogDevObjectVersion:   Dev-Physics (78F01B33-EBEA-4F98-B9B4-84EACCB95AA2): 14
LogDevObjectVersion:   Dev-Platform (6631380F-2D4D-43E0-8009-CF276956A95A): 0
LogDevObjectVersion:   Dev-Rendering (12F88B9F-8875-4AFC-A67C-D90C383ABD29): 45
LogDevObjectVersion:   Dev-Sequencer (7B5AE74C-D270-4C10-A958-57980B212A5A): 13
LogDevObjectVersion:   Dev-VR (D7296918-1DD6-4BDD-9DE2-64A83CC13884): 3
LogDevObjectVersion:   Dev-LoadTimes (C2A15278-BFE7-4AFE-6C17-90FF531DF755): 1
LogDevObjectVersion:   Private-Geometry (6EACA3D4-40EC-4CC1-B786-8BED09428FC5): 3
LogDevObjectVersion:   Dev-AnimPhys (29E575DD-E0A3-4627-9D10-D276232CDCEA): 17
LogDevObjectVersion:   Dev-Anim (AF43A65D-7FD3-4947-9873-3E8ED9C1BB05): 15
LogDevObjectVersion:   Dev-ReflectionCapture (6B266CEC-1EC7-4B8F-A30B-E4D90942FC07): 1
LogDevObjectVersion:   Dev-Automation (0DF73D61-A23F-47EA-B727-89E90C41499A): 1
LogDevObjectVersion:   FortniteMain (601D1886-AC64-4F84-AA16-D3DE0DEAC7D6): 47
LogDevObjectVersion:   FortniteRelease (E7086368-6B23-4C58-8439-1B7016265E91): 1
LogDevObjectVersion:   Dev-Enterprise (9DFFBCD6-494F-0158-E221-12823C92A888): 10
LogDevObjectVersion:   Dev-Niagara (F2AED0AC-9AFE-416F-8664-AA7FFA26D6FC): 1
LogDevObjectVersion:   Dev-Destruction (174F1F0B-B4C6-45A5-B13F-2EE8D0FB917D): 10
LogDevObjectVersion:   Dev-Physics-Ext (35F94A83-E258-406C-A318-09F59610247C): 41
LogDevObjectVersion:   Dev-PhysicsMaterial-Chaos (B68FC16E-8B1B-42E2-B453-215C058844FE): 1
LogDevObjectVersion:   Dev-CineCamera (B2E18506-4273-CFC2-A54E-F4BB758BBA07): 1
LogDevObjectVersion:   Dev-VirtualProduction (64F58936-FD1B-42BA-BA96-7289D5D0FA4E): 1
LogDevObjectVersion:   Dev-MediaFramework (6F0ED827-A609-4895-9C91-998D90180EA4): 2
LogInit: Presizing for max 25165824 objects, including 0 objects not considered by GC, pre-allocating 0 bytes for permanent pool.
LogConfig: Applying CVar settings from Section [/Script/Engine.StreamingSettings] File [D:/Программы/Prologue/MyProject/Saved/Config/Windows/Engine.ini]
LogConfig: Setting CVar [[s.MinBulkDataSizeForAsyncLoading:131072]]
LogConfig: Setting CVar [[s.AsyncLoadingThreadEnabled:0]]
LogConfig: Setting CVar [[s.EventDrivenLoaderEnabled:1]]
LogConfig: Setting CVar [[s.WarnIfTimeLimitExceeded:0]]
LogConfig: Setting CVar [[s.TimeLimitExceededMultiplier:1.5]]
LogConfig: Setting CVar [[s.TimeLimitExceededMinTime:0.005]]
LogConfig: Setting CVar [[s.UseBackgroundLevelStreaming:1]]
LogConfig: Setting CVar [[s.PriorityAsyncLoadingExtraTime:15.0]]
LogConfig: Setting CVar [[s.LevelStreamingActorsUpdateTimeLimit:5.0]]
LogConfig: Setting CVar [[s.PriorityLevelStreamingActorsUpdateExtraTime:5.0]]
LogConfig: Setting CVar [[s.LevelStreamingComponentsRegistrationGranularity:10]]
LogConfig: Setting CVar [[s.UnregisterComponentsTimeLimit:1.0]]
LogConfig: Setting CVar [[s.LevelStreamingComponentsUnregistrationGranularity:5]]
LogConfig: Setting CVar [[s.FlushStreamingOnExit:1]]
LogInit: Object subsystem initialized
LogConfig: Setting CVar [[con.DebugEarlyDefault:1]]
LogConfig: Setting CVar [[r.setres:1280x720]]
[2022.11.14-16.07.07:264][  0]LogConfig: Setting CVar [[r.VSync:0]]
[2022.11.14-16.07.07:264][  0]LogConfig: Setting CVar [[r.RHICmdBypass:0]]
[2022.11.14-16.07.07:274][  0]LogConfig: Applying CVar settings from Section [/Script/Engine.RendererSettings] File [D:/Программы/Prologue/MyProject/Saved/Config/Windows/Engine.ini]
[2022.11.14-16.07.07:274][  0]LogConfig: Setting CVar [[r.GPUCrashDebugging:0]]
[2022.11.14-16.07.07:274][  0]LogConfig: Setting CVar [[r.TextureStreaming:0]]
[2022.11.14-16.07.07:275][  0]LogConfig: Setting CVar [[r.CustomDepth:3]]
[2022.11.14-16.07.07:275][  0]LogConfig: Setting CVar [[r.DefaultFeature.AutoExposure:0]]
[2022.11.14-16.07.07:275][  0]LogConfig: Applying CVar settings from Section [/Script/Engine.RendererOverrideSettings] File [D:/Программы/Prologue/MyProject/Saved/Config/Windows/Engine.ini]
[2022.11.14-16.07.07:275][  0]LogConfig: Applying CVar settings from Section [/Script/Engine.StreamingSettings] File [D:/Программы/Prologue/MyProject/Saved/Config/Windows/Engine.ini]
[2022.11.14-16.07.07:275][  0]LogConfig: Setting CVar [[s.MinBulkDataSizeForAsyncLoading:131072]]
[2022.11.14-16.07.07:275][  0]LogConfig: Setting CVar [[s.AsyncLoadingThreadEnabled:0]]
[2022.11.14-16.07.07:275][  0]LogConfig: Setting CVar [[s.EventDrivenLoaderEnabled:1]]
[2022.11.14-16.07.07:275][  0]LogConfig: Setting CVar [[s.WarnIfTimeLimitExceeded:0]]
[2022.11.14-16.07.07:275][  0]LogConfig: Setting CVar [[s.TimeLimitExceededMultiplier:1.5]]
[2022.11.14-16.07.07:275][  0]LogConfig: Setting CVar [[s.TimeLimitExceededMinTime:0.005]]
[2022.11.14-16.07.07:275][  0]LogConfig: Setting CVar [[s.UseBackgroundLevelStreaming:1]]
[2022.11.14-16.07.07:275][  0]LogConfig: Setting CVar [[s.PriorityAsyncLoadingExtraTime:15.0]]
[2022.11.14-16.07.07:275][  0]LogConfig: Setting CVar [[s.LevelStreamingActorsUpdateTimeLimit:5.0]]
[2022.11.14-16.07.07:275][  0]LogConfig: Setting CVar [[s.PriorityLevelStreamingActorsUpdateExtraTime:5.0]]
[2022.11.14-16.07.07:275][  0]LogConfig: Setting CVar [[s.LevelStreamingComponentsRegistrationGranularity:10]]
[2022.11.14-16.07.07:275][  0]LogConfig: Setting CVar [[s.UnregisterComponentsTimeLimit:1.0]]
[2022.11.14-16.07.07:275][  0]LogConfig: Setting CVar [[s.LevelStreamingComponentsUnregistrationGranularity:5]]
[2022.11.14-16.07.07:275][  0]LogConfig: Setting CVar [[s.FlushStreamingOnExit:1]]
[2022.11.14-16.07.07:275][  0]LogConfig: Applying CVar settings from Section [/Script/Engine.GarbageCollectionSettings] File [D:/Программы/Prologue/MyProject/Saved/Config/Windows/Engine.ini]
[2022.11.14-16.07.07:275][  0]LogConfig: Setting CVar [[gc.MaxObjectsNotConsideredByGC:1]]
[2022.11.14-16.07.07:275][  0]LogConfig: Setting CVar [[gc.SizeOfPermanentObjectPool:0]]
[2022.11.14-16.07.07:275][  0]LogConfig: Setting CVar [[gc.FlushStreamingOnGC:0]]
[2022.11.14-16.07.07:275][  0]LogConfig: Setting CVar [[gc.NumRetriesBeforeForcingGC:10]]
[2022.11.14-16.07.07:275][  0]LogConfig: Setting CVar [[gc.AllowParallelGC:1]]
[2022.11.14-16.07.07:275][  0]LogConfig: Setting CVar [[gc.TimeBetweenPurgingPendingKillObjects:61.1]]
[2022.11.14-16.07.07:275][  0]LogConfig: Setting CVar [[gc.MaxObjectsInEditor:25165824]]
[2022.11.14-16.07.07:275][  0]LogConfig: Setting CVar [[gc.IncrementalBeginDestroyEnabled:1]]
[2022.11.14-16.07.07:275][  0]LogConfig: Setting CVar [[gc.CreateGCClusters:1]]
[2022.11.14-16.07.07:275][  0]LogConfig: Setting CVar [[gc.MinGCClusterSize:5]]
[2022.11.14-16.07.07:275][  0]LogConfig: Setting CVar [[gc.ActorClusteringEnabled:0]]
[2022.11.14-16.07.07:275][  0]LogConfig: Setting CVar [[gc.BlueprintClusteringEnabled:0]]
[2022.11.14-16.07.07:275][  0]LogConfig: Setting CVar [[gc.UseDisregardForGCOnDedicatedServers:0]]
[2022.11.14-16.07.07:275][  0]LogConfig: Setting CVar [[gc.MultithreadedDestructionEnabled:1]]
[2022.11.14-16.07.07:275][  0]LogConfig: Applying CVar settings from Section [/Script/Engine.NetworkSettings] File [D:/Программы/Prologue/MyProject/Saved/Config/Windows/Engine.ini]
[2022.11.14-16.07.07:275][  0]LogConfig: Applying CVar settings from Section [/Script/UnrealEd.CookerSettings] File [D:/Программы/Prologue/MyProject/Saved/Config/Windows/Engine.ini]
[2022.11.14-16.07.07:330][  0]LogConfig: Applying CVar settings from Section [ViewDistanceQuality@3] File [D:/Программы/Prologue/MyProject/Saved/Config/Windows/Scalability.ini]
[2022.11.14-16.07.07:330][  0]LogConfig: Setting CVar [[r.SkeletalMeshLODBias:0]]
[2022.11.14-16.07.07:330][  0]LogConfig: Setting CVar [[r.ViewDistanceScale:1.0]]
[2022.11.14-16.07.07:330][  0]LogConfig: Applying CVar settings from Section [AntiAliasingQuality@3] File [D:/Программы/Prologue/MyProject/Saved/Config/Windows/Scalability.ini]
[2022.11.14-16.07.07:330][  0]LogConfig: Setting CVar [[r.PostProcessAAQuality:4]]
[2022.11.14-16.07.07:330][  0]LogConfig: Applying CVar settings from Section [ShadowQuality@3] File [D:/Программы/Prologue/MyProject/Saved/Config/Windows/Scalability.ini]
[2022.11.14-16.07.07:330][  0]LogConfig: Setting CVar [[r.LightFunctionQuality:1]]
[2022.11.14-16.07.07:330][  0]LogConfig: Setting CVar [[r.ShadowQuality:5]]
[2022.11.14-16.07.07:330][  0]LogConfig: Setting CVar [[r.Shadow.CSM.MaxCascades:10]]
[2022.11.14-16.07.07:330][  0]LogConfig: Setting CVar [[r.Shadow.MaxResolution:2048]]
[2022.11.14-16.07.07:330][  0]LogConfig: Setting CVar [[r.Shadow.MaxCSMResolution:2048]]
[2022.11.14-16.07.07:330][  0]LogConfig: Setting CVar [[r.Shadow.RadiusThreshold:0.01]]
[2022.11.14-16.07.07:330][  0]LogConfig: Setting CVar [[r.Shadow.DistanceScale:1.0]]
[2022.11.14-16.07.07:330][  0]LogConfig: Setting CVar [[r.Shadow.CSM.TransitionScale:1.0]]
[2022.11.14-16.07.07:330][  0]LogConfig: Setting CVar [[r.Shadow.PreShadowResolutionFactor:1.0]]
[2022.11.14-16.07.07:330][  0]LogConfig: Setting CVar [[r.DistanceFieldShadowing:1]]
[2022.11.14-16.07.07:330][  0]LogConfig: Setting CVar [[r.DistanceFieldAO:1]]
[2022.11.14-16.07.07:330][  0]LogConfig: Setting CVar [[r.AOQuality:2]]
[2022.11.14-16.07.07:330][  0]LogConfig: Setting CVar [[r.VolumetricFog:1]]
[2022.11.14-16.07.07:330][  0]LogConfig: Setting CVar [[r.VolumetricFog.GridPixelSize:8]]
[2022.11.14-16.07.07:330][  0]LogConfig: Setting CVar [[r.VolumetricFog.GridSizeZ:128]]
[2022.11.14-16.07.07:330][  0]LogConfig: Setting CVar [[r.VolumetricFog.HistoryMissSupersampleCount:4]]
[2022.11.14-16.07.07:330][  0]LogConfig: Setting CVar [[r.LightMaxDrawDistanceScale:1]]
[2022.11.14-16.07.07:330][  0]LogConfig: Setting CVar [[r.CapsuleShadows:1]]
[2022.11.14-16.07.07:330][  0]LogConfig: Applying CVar settings from Section [PostProcessQuality@3] File [D:/Программы/Prologue/MyProject/Saved/Config/Windows/Scalability.ini]
[2022.11.14-16.07.07:330][  0]LogConfig: Setting CVar [[r.MotionBlurQuality:4]]
[2022.11.14-16.07.07:330][  0]LogConfig: Setting CVar [[r.AmbientOcclusionMipLevelFactor:0.4]]
[2022.11.14-16.07.07:330][  0]LogConfig: Setting CVar [[r.AmbientOcclusionMaxQuality:100]]
[2022.11.14-16.07.07:330][  0]LogConfig: Setting CVar [[r.AmbientOcclusionLevels:-1]]
[2022.11.14-16.07.07:330][  0]LogConfig: Setting CVar [[r.AmbientOcclusionRadiusScale:1.0]]
[2022.11.14-16.07.07:330][  0]LogConfig: Setting CVar [[r.DepthOfFieldQuality:2]]
[2022.11.14-16.07.07:331][  0]LogConfig: Setting CVar [[r.RenderTargetPoolMin:400]]
[2022.11.14-16.07.07:331][  0]LogConfig: Setting CVar [[r.LensFlareQuality:2]]
[2022.11.14-16.07.07:331][  0]LogConfig: Setting CVar [[r.SceneColorFringeQuality:1]]
[2022.11.14-16.07.07:331][  0]LogConfig: Setting CVar [[r.EyeAdaptationQuality:2]]
[2022.11.14-16.07.07:331][  0]LogConfig: Setting CVar [[r.BloomQuality:5]]
[2022.11.14-16.07.07:331][  0]LogConfig: Setting CVar [[r.FastBlurThreshold:100]]
[2022.11.14-16.07.07:331][  0]LogConfig: Setting CVar [[r.Upscale.Quality:3]]
[2022.11.14-16.07.07:331][  0]LogConfig: Setting CVar [[r.Tonemapper.GrainQuantization:1]]
[2022.11.14-16.07.07:331][  0]LogConfig: Setting CVar [[r.LightShaftQuality:1]]
[2022.11.14-16.07.07:331][  0]LogConfig: Setting CVar [[r.Filter.SizeScale:1]]
[2022.11.14-16.07.07:331][  0]LogConfig: Setting CVar [[r.Tonemapper.Quality:5]]
[2022.11.14-16.07.07:331][  0]LogConfig: Setting CVar [[r.DOF.Gather.AccumulatorQuality:1        ; higher gathering accumulator quality]]
[2022.11.14-16.07.07:331][  0]LogConfig: Setting CVar [[r.DOF.Gather.PostfilterMethod:1          ; Median3x3 postfilering method]]
[2022.11.14-16.07.07:331][  0]LogConfig: Setting CVar [[r.DOF.Gather.EnableBokehSettings:0       ; no bokeh simulation when gathering]]
[2022.11.14-16.07.07:331][  0]LogConfig: Setting CVar [[r.DOF.Gather.RingCount:4                 ; medium number of samples when gathering]]
[2022.11.14-16.07.07:331][  0]LogConfig: Setting CVar [[r.DOF.Scatter.ForegroundCompositing:1    ; additive foreground scattering]]
[2022.11.14-16.07.07:331][  0]LogConfig: Setting CVar [[r.DOF.Scatter.BackgroundCompositing:2    ; additive background scattering]]
[2022.11.14-16.07.07:331][  0]LogConfig: Setting CVar [[r.DOF.Scatter.EnableBokehSettings:1      ; bokeh simulation when scattering]]
[2022.11.14-16.07.07:331][  0]LogConfig: Setting CVar [[r.DOF.Scatter.MaxSpriteRatio:0.1         ; only a maximum of 10% of scattered bokeh]]
[2022.11.14-16.07.07:331][  0]LogConfig: Setting CVar [[r.DOF.Recombine.Quality:1                ; cheap slight out of focus]]
[2022.11.14-16.07.07:331][  0]LogConfig: Setting CVar [[r.DOF.Recombine.EnableBokehSettings:0    ; no bokeh simulation on slight out of focus]]
[2022.11.14-16.07.07:331][  0]LogConfig: Setting CVar [[r.DOF.TemporalAAQuality:1                ; more stable temporal accumulation]]
[2022.11.14-16.07.07:331][  0]LogConfig: Setting CVar [[r.DOF.Kernel.MaxForegroundRadius:0.025]]
[2022.11.14-16.07.07:331][  0]LogConfig: Setting CVar [[r.DOF.Kernel.MaxBackgroundRadius:0.025]]
[2022.11.14-16.07.07:331][  0]LogConfig: Applying CVar settings from Section [TextureQuality@3] File [D:/Программы/Prologue/MyProject/Saved/Config/Windows/Scalability.ini]
[2022.11.14-16.07.07:331][  0]LogConfig: Setting CVar [[r.Streaming.MipBias:0]]
[2022.11.14-16.07.07:331][  0]LogConfig: Setting CVar [[r.Streaming.AmortizeCPUToGPUCopy:0]]
[2022.11.14-16.07.07:331][  0]LogConfig: Setting CVar [[r.Streaming.MaxNumTexturesToStreamPerFrame:0]]
[2022.11.14-16.07.07:331][  0]LogConfig: Setting CVar [[r.Streaming.Boost:1]]
[2022.11.14-16.07.07:331][  0]LogConfig: Setting CVar [[r.MaxAnisotropy:8]]
[2022.11.14-16.07.07:331][  0]LogConfig: Setting CVar [[r.VT.MaxAnisotropy:8]]
[2022.11.14-16.07.07:331][  0]LogConfig: Setting CVar [[r.Streaming.LimitPoolSizeToVRAM:0]]
[2022.11.14-16.07.07:331][  0]LogConfig: Setting CVar [[r.Streaming.PoolSize:1000]]
[2022.11.14-16.07.07:331][  0]LogConfig: Setting CVar [[r.Streaming.MaxEffectiveScreenSize:0]]
[2022.11.14-16.07.07:331][  0]LogConfig: Applying CVar settings from Section [EffectsQuality@3] File [D:/Программы/Prologue/MyProject/Saved/Config/Windows/Scalability.ini]
[2022.11.14-16.07.07:331][  0]LogConfig: Setting CVar [[r.TranslucencyLightingVolumeDim:64]]
[2022.11.14-16.07.07:331][  0]LogConfig: Setting CVar [[r.RefractionQuality:2]]
[2022.11.14-16.07.07:332][  0]LogConfig: Setting CVar [[r.SSR.Quality:3]]
[2022.11.14-16.07.07:332][  0]LogConfig: Setting CVar [[r.SSR.HalfResSceneColor:0]]
[2022.11.14-16.07.07:332][  0]LogConfig: Setting CVar [[r.SceneColorFormat:4]]
[2022.11.14-16.07.07:332][  0]LogConfig: Setting CVar [[r.DetailMode:2]]
[2022.11.14-16.07.07:332][  0]LogConfig: Setting CVar [[r.TranslucencyVolumeBlur:1]]
[2022.11.14-16.07.07:332][  0]LogConfig: Setting CVar [[r.MaterialQualityLevel:1 ; High quality]]
[2022.11.14-16.07.07:332][  0]LogConfig: Setting CVar [[r.AnisotropicMaterials:1]]
[2022.11.14-16.07.07:332][  0]LogConfig: Setting CVar [[r.SSS.Scale:1]]
[2022.11.14-16.07.07:332][  0]LogConfig: Setting CVar [[r.SSS.SampleSet:2]]
[2022.11.14-16.07.07:332][  0]LogConfig: Setting CVar [[r.SSS.Quality:1]]
[2022.11.14-16.07.07:332][  0]LogConfig: Setting CVar [[r.SSS.HalfRes:0]]
[2022.11.14-16.07.07:332][  0]LogConfig: Setting CVar [[r.SSGI.Quality:3]]
[2022.11.14-16.07.07:332][  0]LogConfig: Setting CVar [[r.EmitterSpawnRateScale:1.0]]
[2022.11.14-16.07.07:332][  0]LogConfig: Setting CVar [[r.ParticleLightQuality:2]]
[2022.11.14-16.07.07:332][  0]LogConfig: Setting CVar [[r.SkyAtmosphere.AerialPerspectiveLUT.FastApplyOnOpaque:1 ; Always have FastSkyLUT 1 in this case to avoid wrong sky]]
[2022.11.14-16.07.07:332][  0]LogConfig: Setting CVar [[r.SkyAtmosphere.AerialPerspectiveLUT.SampleCountMaxPerSlice:4]]
[2022.11.14-16.07.07:332][  0]LogConfig: Setting CVar [[r.SkyAtmosphere.AerialPerspectiveLUT.DepthResolution:16.0]]
[2022.11.14-16.07.07:332][  0]LogConfig: Setting CVar [[r.SkyAtmosphere.FastSkyLUT:1]]
[2022.11.14-16.07.07:332][  0]LogConfig: Setting CVar [[r.SkyAtmosphere.FastSkyLUT.SampleCountMin:4.0]]
[2022.11.14-16.07.07:332][  0]LogConfig: Setting CVar [[r.SkyAtmosphere.FastSkyLUT.SampleCountMax:128.0]]
[2022.11.14-16.07.07:332][  0]LogConfig: Setting CVar [[r.SkyAtmosphere.SampleCountMin:4.0]]
[2022.11.14-16.07.07:332][  0]LogConfig: Setting CVar [[r.SkyAtmosphere.SampleCountMax:128.0]]
[2022.11.14-16.07.07:332][  0]LogConfig: Setting CVar [[r.SkyAtmosphere.TransmittanceLUT.UseSmallFormat:0]]
[2022.11.14-16.07.07:332][  0]LogConfig: Setting CVar [[r.SkyAtmosphere.TransmittanceLUT.SampleCount:10.0]]
[2022.11.14-16.07.07:332][  0]LogConfig: Setting CVar [[r.SkyAtmosphere.MultiScatteringLUT.SampleCount:15.0]]
[2022.11.14-16.07.07:332][  0]LogConfig: Setting CVar [[r.SkyLight.RealTimeReflectionCapture:1]]
[2022.11.14-16.07.07:332][  0]LogConfig: Applying CVar settings from Section [FoliageQuality@3] File [D:/Программы/Prologue/MyProject/Saved/Config/Windows/Scalability.ini]
[2022.11.14-16.07.07:332][  0]LogConfig: Setting CVar [[foliage.DensityScale:1.0]]
[2022.11.14-16.07.07:332][  0]LogConfig: Setting CVar [[grass.DensityScale:1.0]]
[2022.11.14-16.07.07:332][  0]LogConfig: Applying CVar settings from Section [ShadingQuality@3] File [D:/Программы/Prologue/MyProject/Saved/Config/Windows/Scalability.ini]
[2022.11.14-16.07.07:332][  0]LogConfig: Setting CVar [[r.HairStrands.SkyLighting.IntegrationType:2]]
[2022.11.14-16.07.07:332][  0]LogConfig: Setting CVar [[r.HairStrands.SkyAO.SampleCount:4]]
[2022.11.14-16.07.07:332][  0]LogConfig: Setting CVar [[r.HairStrands.Visibility.MSAA.SamplePerPixel:4]]
[2022.11.14-16.07.07:340][  0]LogInit: Selected Device Profile: [Windows]
[2022.11.14-16.07.07:345][  0]LogInit: Applying CVar settings loaded from the selected device profile: [Windows]
[2022.11.14-16.07.07:354][  0]LogHAL: Display: Platform has ~ 16 GB [17155514368 / 17179869184 / 16], which maps to Larger [LargestMinGB=32, LargerMinGB=12, DefaultMinGB=8, SmallerMinGB=6, SmallestMinGB=0)
[2022.11.14-16.07.07:354][  0]LogInit: Going up to parent DeviceProfile []
[2022.11.14-16.07.07:360][  0]LogConfig: Applying CVar settings from Section [ViewDistanceQuality@3] File [D:/Программы/Prologue/MyProject/Saved/Config/Windows/Scalability.ini]
[2022.11.14-16.07.07:360][  0]LogConfig: Setting CVar [[r.SkeletalMeshLODBias:0]]
[2022.11.14-16.07.07:360][  0]LogConfig: Setting CVar [[r.ViewDistanceScale:1.0]]
[2022.11.14-16.07.07:360][  0]LogConfig: Applying CVar settings from Section [AntiAliasingQuality@3] File [D:/Программы/Prologue/MyProject/Saved/Config/Windows/Scalability.ini]
[2022.11.14-16.07.07:360][  0]LogConfig: Setting CVar [[r.PostProcessAAQuality:4]]
[2022.11.14-16.07.07:360][  0]LogConfig: Applying CVar settings from Section [ShadowQuality@3] File [D:/Программы/Prologue/MyProject/Saved/Config/Windows/Scalability.ini]
[2022.11.14-16.07.07:360][  0]LogConfig: Setting CVar [[r.LightFunctionQuality:1]]
[2022.11.14-16.07.07:360][  0]LogConfig: Setting CVar [[r.ShadowQuality:5]]
[2022.11.14-16.07.07:360][  0]LogConfig: Setting CVar [[r.Shadow.CSM.MaxCascades:10]]
[2022.11.14-16.07.07:360][  0]LogConfig: Setting CVar [[r.Shadow.MaxResolution:2048]]
[2022.11.14-16.07.07:360][  0]LogConfig: Setting CVar [[r.Shadow.MaxCSMResolution:2048]]
[2022.11.14-16.07.07:360][  0]LogConfig: Setting CVar [[r.Shadow.RadiusThreshold:0.01]]
[2022.11.14-16.07.07:360][  0]LogConfig: Setting CVar [[r.Shadow.DistanceScale:1.0]]
[2022.11.14-16.07.07:360][  0]LogConfig: Setting CVar [[r.Shadow.CSM.TransitionScale:1.0]]
[2022.11.14-16.07.07:360][  0]LogConfig: Setting CVar [[r.Shadow.PreShadowResolutionFactor:1.0]]
[2022.11.14-16.07.07:360][  0]LogConfig: Setting CVar [[r.DistanceFieldShadowing:1]]
[2022.11.14-16.07.07:360][  0]LogConfig: Setting CVar [[r.DistanceFieldAO:1]]
[2022.11.14-16.07.07:360][  0]LogConfig: Setting CVar [[r.AOQuality:2]]
[2022.11.14-16.07.07:360][  0]LogConfig: Setting CVar [[r.VolumetricFog:1]]
[2022.11.14-16.07.07:360][  0]LogConfig: Setting CVar [[r.VolumetricFog.GridPixelSize:8]]
[2022.11.14-16.07.07:360][  0]LogConfig: Setting CVar [[r.VolumetricFog.GridSizeZ:128]]
[2022.11.14-16.07.07:360][  0]LogConfig: Setting CVar [[r.VolumetricFog.HistoryMissSupersampleCount:4]]
[2022.11.14-16.07.07:360][  0]LogConfig: Setting CVar [[r.LightMaxDrawDistanceScale:1]]
[2022.11.14-16.07.07:360][  0]LogConfig: Setting CVar [[r.CapsuleShadows:1]]
[2022.11.14-16.07.07:360][  0]LogConfig: Applying CVar settings from Section [PostProcessQuality@3] File [D:/Программы/Prologue/MyProject/Saved/Config/Windows/Scalability.ini]
[2022.11.14-16.07.07:360][  0]LogConfig: Setting CVar [[r.MotionBlurQuality:4]]
[2022.11.14-16.07.07:360][  0]LogConfig: Setting CVar [[r.AmbientOcclusionMipLevelFactor:0.4]]
[2022.11.14-16.07.07:360][  0]LogConfig: Setting CVar [[r.AmbientOcclusionMaxQuality:100]]
[2022.11.14-16.07.07:360][  0]LogConfig: Setting CVar [[r.AmbientOcclusionLevels:-1]]
[2022.11.14-16.07.07:360][  0]LogConfig: Setting CVar [[r.AmbientOcclusionRadiusScale:1.0]]
[2022.11.14-16.07.07:360][  0]LogConfig: Setting CVar [[r.DepthOfFieldQuality:2]]
[2022.11.14-16.07.07:360][  0]LogConfig: Setting CVar [[r.RenderTargetPoolMin:400]]
[2022.11.14-16.07.07:360][  0]LogConfig: Setting CVar [[r.LensFlareQuality:2]]
[2022.11.14-16.07.07:360][  0]LogConfig: Setting CVar [[r.SceneColorFringeQuality:1]]
[2022.11.14-16.07.07:360][  0]LogConfig: Setting CVar [[r.EyeAdaptationQuality:2]]
[2022.11.14-16.07.07:360][  0]LogConfig: Setting CVar [[r.BloomQuality:5]]
[2022.11.14-16.07.07:360][  0]LogConfig: Setting CVar [[r.FastBlurThreshold:100]]
[2022.11.14-16.07.07:360][  0]LogConfig: Setting CVar [[r.Upscale.Quality:3]]
[2022.11.14-16.07.07:360][  0]LogConfig: Setting CVar [[r.Tonemapper.GrainQuantization:1]]
[2022.11.14-16.07.07:360][  0]LogConfig: Setting CVar [[r.LightShaftQuality:1]]
[2022.11.14-16.07.07:361][  0]LogConfig: Setting CVar [[r.Filter.SizeScale:1]]
[2022.11.14-16.07.07:361][  0]LogConfig: Setting CVar [[r.Tonemapper.Quality:5]]
[2022.11.14-16.07.07:361][  0]LogConfig: Setting CVar [[r.DOF.Gather.AccumulatorQuality:1        ; higher gathering accumulator quality]]
[2022.11.14-16.07.07:361][  0]LogConfig: Setting CVar [[r.DOF.Gather.PostfilterMethod:1          ; Median3x3 postfilering method]]
[2022.11.14-16.07.07:361][  0]LogConfig: Setting CVar [[r.DOF.Gather.EnableBokehSettings:0       ; no bokeh simulation when gathering]]
[2022.11.14-16.07.07:361][  0]LogConfig: Setting CVar [[r.DOF.Gather.RingCount:4                 ; medium number of samples when gathering]]
[2022.11.14-16.07.07:361][  0]LogConfig: Setting CVar [[r.DOF.Scatter.ForegroundCompositing:1    ; additive foreground scattering]]
[2022.11.14-16.07.07:361][  0]LogConfig: Setting CVar [[r.DOF.Scatter.BackgroundCompositing:2    ; additive background scattering]]
[2022.11.14-16.07.07:361][  0]LogConfig: Setting CVar [[r.DOF.Scatter.EnableBokehSettings:1      ; bokeh simulation when scattering]]
[2022.11.14-16.07.07:361][  0]LogConfig: Setting CVar [[r.DOF.Scatter.MaxSpriteRatio:0.1         ; only a maximum of 10% of scattered bokeh]]
[2022.11.14-16.07.07:361][  0]LogConfig: Setting CVar [[r.DOF.Recombine.Quality:1                ; cheap slight out of focus]]
[2022.11.14-16.07.07:361][  0]LogConfig: Setting CVar [[r.DOF.Recombine.EnableBokehSettings:0    ; no bokeh simulation on slight out of focus]]
[2022.11.14-16.07.07:361][  0]LogConfig: Setting CVar [[r.DOF.TemporalAAQuality:1                ; more stable temporal accumulation]]
[2022.11.14-16.07.07:361][  0]LogConfig: Setting CVar [[r.DOF.Kernel.MaxForegroundRadius:0.025]]
[2022.11.14-16.07.07:361][  0]LogConfig: Setting CVar [[r.DOF.Kernel.MaxBackgroundRadius:0.025]]
[2022.11.14-16.07.07:361][  0]LogConfig: Applying CVar settings from Section [TextureQuality@3] File [D:/Программы/Prologue/MyProject/Saved/Config/Windows/Scalability.ini]
[2022.11.14-16.07.07:361][  0]LogConfig: Setting CVar [[r.Streaming.MipBias:0]]
[2022.11.14-16.07.07:361][  0]LogConfig: Setting CVar [[r.Streaming.AmortizeCPUToGPUCopy:0]]
[2022.11.14-16.07.07:361][  0]LogConfig: Setting CVar [[r.Streaming.MaxNumTexturesToStreamPerFrame:0]]
[2022.11.14-16.07.07:361][  0]LogConfig: Setting CVar [[r.Streaming.Boost:1]]
[2022.11.14-16.07.07:361][  0]LogConfig: Setting CVar [[r.MaxAnisotropy:8]]
[2022.11.14-16.07.07:361][  0]LogConfig: Setting CVar [[r.VT.MaxAnisotropy:8]]
[2022.11.14-16.07.07:361][  0]LogConfig: Setting CVar [[r.Streaming.LimitPoolSizeToVRAM:0]]
[2022.11.14-16.07.07:361][  0]LogConfig: Setting CVar [[r.Streaming.PoolSize:1000]]
[2022.11.14-16.07.07:361][  0]LogConfig: Setting CVar [[r.Streaming.MaxEffectiveScreenSize:0]]
[2022.11.14-16.07.07:361][  0]LogConfig: Applying CVar settings from Section [EffectsQuality@3] File [D:/Программы/Prologue/MyProject/Saved/Config/Windows/Scalability.ini]
[2022.11.14-16.07.07:361][  0]LogConfig: Setting CVar [[r.TranslucencyLightingVolumeDim:64]]
[2022.11.14-16.07.07:361][  0]LogConfig: Setting CVar [[r.RefractionQuality:2]]
[2022.11.14-16.07.07:361][  0]LogConfig: Setting CVar [[r.SSR.Quality:3]]
[2022.11.14-16.07.07:361][  0]LogConfig: Setting CVar [[r.SSR.HalfResSceneColor:0]]
[2022.11.14-16.07.07:361][  0]LogConfig: Setting CVar [[r.SceneColorFormat:4]]
[2022.11.14-16.07.07:361][  0]LogConfig: Setting CVar [[r.DetailMode:2]]
[2022.11.14-16.07.07:361][  0]LogConfig: Setting CVar [[r.TranslucencyVolumeBlur:1]]
[2022.11.14-16.07.07:361][  0]LogConfig: Setting CVar [[r.MaterialQualityLevel:1 ; High quality]]
[2022.11.14-16.07.07:361][  0]LogConfig: Setting CVar [[r.AnisotropicMaterials:1]]
[2022.11.14-16.07.07:361][  0]LogConfig: Setting CVar [[r.SSS.Scale:1]]
[2022.11.14-16.07.07:361][  0]LogConfig: Setting CVar [[r.SSS.SampleSet:2]]
[2022.11.14-16.07.07:361][  0]LogConfig: Setting CVar [[r.SSS.Quality:1]]
[2022.11.14-16.07.07:361][  0]LogConfig: Setting CVar [[r.SSS.HalfRes:0]]
[2022.11.14-16.07.07:361][  0]LogConfig: Setting CVar [[r.SSGI.Quality:3]]
[2022.11.14-16.07.07:361][  0]LogConfig: Setting CVar [[r.EmitterSpawnRateScale:1.0]]
[2022.11.14-16.07.07:361][  0]LogConfig: Setting CVar [[r.ParticleLightQuality:2]]
[2022.11.14-16.07.07:361][  0]LogConfig: Setting CVar [[r.SkyAtmosphere.AerialPerspectiveLUT.FastApplyOnOpaque:1 ; Always have FastSkyLUT 1 in this case to avoid wrong sky]]
[2022.11.14-16.07.07:361][  0]LogConfig: Setting CVar [[r.SkyAtmosphere.AerialPerspectiveLUT.SampleCountMaxPerSlice:4]]
[2022.11.14-16.07.07:362][  0]LogConfig: Setting CVar [[r.SkyAtmosphere.AerialPerspectiveLUT.DepthResolution:16.0]]
[2022.11.14-16.07.07:362][  0]LogConfig: Setting CVar [[r.SkyAtmosphere.FastSkyLUT:1]]
[2022.11.14-16.07.07:362][  0]LogConfig: Setting CVar [[r.SkyAtmosphere.FastSkyLUT.SampleCountMin:4.0]]
[2022.11.14-16.07.07:362][  0]LogConfig: Setting CVar [[r.SkyAtmosphere.FastSkyLUT.SampleCountMax:128.0]]
[2022.11.14-16.07.07:362][  0]LogConfig: Setting CVar [[r.SkyAtmosphere.SampleCountMin:4.0]]
[2022.11.14-16.07.07:362][  0]LogConfig: Setting CVar [[r.SkyAtmosphere.SampleCountMax:128.0]]
[2022.11.14-16.07.07:362][  0]LogConfig: Setting CVar [[r.SkyAtmosphere.TransmittanceLUT.UseSmallFormat:0]]
[2022.11.14-16.07.07:362][  0]LogConfig: Setting CVar [[r.SkyAtmosphere.TransmittanceLUT.SampleCount:10.0]]
[2022.11.14-16.07.07:362][  0]LogConfig: Setting CVar [[r.SkyAtmosphere.MultiScatteringLUT.SampleCount:15.0]]
[2022.11.14-16.07.07:362][  0]LogConfig: Setting CVar [[r.SkyLight.RealTimeReflectionCapture:1]]
[2022.11.14-16.07.07:362][  0]LogConfig: Applying CVar settings from Section [FoliageQuality@3] File [D:/Программы/Prologue/MyProject/Saved/Config/Windows/Scalability.ini]
[2022.11.14-16.07.07:362][  0]LogConfig: Setting CVar [[foliage.DensityScale:1.0]]
[2022.11.14-16.07.07:362][  0]LogConfig: Setting CVar [[grass.DensityScale:1.0]]
[2022.11.14-16.07.07:362][  0]LogConfig: Applying CVar settings from Section [ShadingQuality@3] File [D:/Программы/Prologue/MyProject/Saved/Config/Windows/Scalability.ini]
[2022.11.14-16.07.07:362][  0]LogConfig: Setting CVar [[r.HairStrands.SkyLighting.IntegrationType:2]]
[2022.11.14-16.07.07:362][  0]LogConfig: Setting CVar [[r.HairStrands.SkyAO.SampleCount:4]]
[2022.11.14-16.07.07:362][  0]LogConfig: Setting CVar [[r.HairStrands.Visibility.MSAA.SamplePerPixel:4]]
[2022.11.14-16.07.07:362][  0]LogConfig: Applying CVar settings from Section [Startup] File [../../../Engine/Config/ConsoleVariables.ini]
[2022.11.14-16.07.07:370][  0]LogConfig: Setting CVar [[net.UseAdaptiveNetUpdateFrequency:0]]
[2022.11.14-16.07.07:370][  0]LogConfig: Setting CVar [[p.chaos.AllowCreatePhysxBodies:1]]
[2022.11.14-16.07.07:370][  0]LogConfig: Setting CVar [[fx.SkipVectorVMBackendOptimizations:1]]
[2022.11.14-16.07.07:370][  0]LogConfig: Applying CVar settings from Section [ConsoleVariables] File [D:/Программы/Prologue/MyProject/Saved/Config/Windows/Engine.ini]
[2022.11.14-16.07.07:370][  0]LogConfig: Applying CVar settings from Section [ConsoleVariables] File [D:/Программы/Prologue/MyProject/Saved/Config/Windows/Editor.ini]
[2022.11.14-16.07.07:387][  0]LogInit: Computer: DESKTOP-7C1U5QB
[2022.11.14-16.07.07:387][  0]LogInit: User: Наташа
[2022.11.14-16.07.07:387][  0]LogInit: CPU Page size=4096, Cores=2
[2022.11.14-16.07.07:387][  0]LogInit: High frequency timer resolution =10.000000 MHz
[2022.11.14-16.07.07:387][  0]LogMemory: Memory total: Physical=16.0GB (16GB approx)
[2022.11.14-16.07.07:387][  0]LogMemory: Platform Memory Stats for Windows
[2022.11.14-16.07.07:387][  0]LogMemory: Process Physical Memory: 144.69 MB used, 144.70 MB peak
[2022.11.14-16.07.07:387][  0]LogMemory: Process Virtual Memory: 113.40 MB used, 113.40 MB peak
[2022.11.14-16.07.07:387][  0]LogMemory: Physical Memory: 5738.91 MB used,  10621.86 MB free, 16360.77 MB total
[2022.11.14-16.07.07:387][  0]LogMemory: Virtual Memory: 134204832.00 MB used,  12892.35 MB free, 134217728.00 MB total
[2022.11.14-16.07.07:404][  0]LogWindows: WindowsPlatformFeatures enabled
[2022.11.14-16.07.08:377][  0]LogInit: Physics initialised using underlying interface: PhysX
[2022.11.14-16.07.08:388][  0]LogInit: Using OS detected language (ru-RU).
[2022.11.14-16.07.08:389][  0]LogInit: Using OS detected locale (ru-UA).
[2022.11.14-16.07.08:467][  0]LogTextLocalizationManager: No specific localization for 'ru-RU' exists, so the 'ru' localization will be used.
[2022.11.14-16.07.08:469][  0]LogTextLocalizationResource: LocRes '../../../Engine/Content/Localization/Editor/ru/Editor.locres' could not be opened for reading!
[2022.11.14-16.07.08:470][  0]LogTextLocalizationResource: LocRes '../../../Engine/Content/Localization/EditorTutorials/ru/EditorTutorials.locres' could not be opened for reading!
[2022.11.14-16.07.08:470][  0]LogTextLocalizationResource: LocRes '../../../Engine/Content/Localization/Keywords/ru/Keywords.locres' could not be opened for reading!
[2022.11.14-16.07.08:470][  0]LogTextLocalizationResource: LocRes '../../../Engine/Content/Localization/Category/ru/Category.locres' could not be opened for reading!
[2022.11.14-16.07.08:479][  0]LogTextLocalizationResource: LocRes '../../../Engine/Content/Localization/ToolTips/ru/ToolTips.locres' could not be opened for reading!
[2022.11.14-16.07.08:488][  0]LogTextLocalizationResource: LocRes '../../../Engine/Content/Localization/PropertyNames/ru/PropertyNames.locres' could not be opened for reading!
[2022.11.14-16.07.08:489][  0]LogTextLocalizationResource: LocRes '../../../Engine/Content/Localization/Engine/ru/Engine.locres' could not be opened for reading!
[2022.11.14-16.07.08:520][  0]LogInit: Setting process to per monitor DPI aware
[2022.11.14-16.07.08:712][  0]LogWindowsTextInputMethodSystem: Display: IME system deactivated.
[2022.11.14-16.07.08:996][  0]LogSlate: New Slate User Created.  User Index 0, Is Virtual User: 0
[2022.11.14-16.07.08:996][  0]LogSlate: Slate User Registered.  User Index 0, Is Virtual User: 0
[2022.11.14-16.07.09:787][  0]LogD3D11RHI: Loaded GFSDK_Aftermath_Lib.x64.dll
[2022.11.14-16.07.09:806][  0]LogHMD: Failed to initialize OpenVR with code 110
[2022.11.14-16.07.09:806][  0]LogD3D11RHI: D3D11 min allowed feature level: 11_0
[2022.11.14-16.07.09:806][  0]LogD3D11RHI: D3D11 max allowed feature level: 11_0
[2022.11.14-16.07.09:806][  0]LogD3D11RHI: D3D11 adapters:
[2022.11.14-16.07.10:008][  0]LogD3D11RHI:    0. 'NVIDIA GeForce GTX 1050 Ti' (Feature Level 11_0)
[2022.11.14-16.07.10:008][  0]LogD3D11RHI:       4018/0/8180 MB DedicatedVideo/DedicatedSystem/SharedSystem, Outputs:1, VendorId:0x10de
[2022.11.14-16.07.10:012][  0]LogD3D11RHI:    1. 'Microsoft Basic Render Driver' (Feature Level 11_0)
[2022.11.14-16.07.10:012][  0]LogD3D11RHI:       0/0/8180 MB DedicatedVideo/DedicatedSystem/SharedSystem, Outputs:0, VendorId:0x1414
[2022.11.14-16.07.10:013][  0]LogD3D11RHI: Chosen D3D11 Adapter:
[2022.11.14-16.07.10:013][  0]LogD3D11RHI:     Description : NVIDIA GeForce GTX 1050 Ti
[2022.11.14-16.07.10:013][  0]LogD3D11RHI:     VendorId    : 10de
[2022.11.14-16.07.10:013][  0]LogD3D11RHI:     DeviceId    : 1c82
[2022.11.14-16.07.10:013][  0]LogD3D11RHI:     SubSysId    : 86131043
[2022.11.14-16.07.10:013][  0]LogD3D11RHI:     Revision    : 00a1
[2022.11.14-16.07.10:013][  0]LogD3D11RHI:     DedicatedVideoMemory : 4213178368 bytes
[2022.11.14-16.07.10:013][  0]LogD3D11RHI:     DedicatedSystemMemory : 0 bytes
[2022.11.14-16.07.10:013][  0]LogD3D11RHI:     SharedSystemMemory : 8577757184 bytes
[2022.11.14-16.07.10:013][  0]LogD3D11RHI:     AdapterLuid : 0 51730
[2022.11.14-16.07.10:034][  0]LogD3D11RHI: Creating new Direct3DDevice
[2022.11.14-16.07.10:034][  0]LogD3D11RHI:     GPU DeviceId: 0x1c82 (for the marketing name, search the web for "GPU Device Id")
[2022.11.14-16.07.10:034][  0]LogWindows: EnumDisplayDevices:
[2022.11.14-16.07.10:034][  0]LogWindows:    0. 'NVIDIA GeForce GTX 1050 Ti' (P:1 D:1)
[2022.11.14-16.07.10:034][  0]LogWindows:    1. 'NVIDIA GeForce GTX 1050 Ti' (P:0 D:0)
[2022.11.14-16.07.10:035][  0]LogWindows:    2. 'NVIDIA GeForce GTX 1050 Ti' (P:0 D:0)
[2022.11.14-16.07.10:035][  0]LogWindows:    3. 'NVIDIA GeForce GTX 1050 Ti' (P:0 D:0)
[2022.11.14-16.07.10:036][  0]LogWindows: DebugString: FoundDriverCount:4 
[2022.11.14-16.07.10:036][  0]LogD3D11RHI:     Adapter Name: NVIDIA GeForce GTX 1050 Ti
[2022.11.14-16.07.10:036][  0]LogD3D11RHI:   Driver Version: 522.06 (internal:31.0.15.2206, unified:522.06)
[2022.11.14-16.07.10:036][  0]LogD3D11RHI:      Driver Date: 9-27-2022
[2022.11.14-16.07.10:036][  0]LogRHI: Texture pool is 2812 MB (70% of 4018 MB)
[2022.11.14-16.07.10:036][  0]LogD3D11RHI: Creating D3DDevice using adapter:
[2022.11.14-16.07.10:036][  0]LogD3D11RHI:     Description : NVIDIA GeForce GTX 1050 Ti
[2022.11.14-16.07.10:036][  0]LogD3D11RHI:     VendorId    : 10de
[2022.11.14-16.07.10:036][  0]LogD3D11RHI:     DeviceId    : 1c82
[2022.11.14-16.07.10:036][  0]LogD3D11RHI:     SubSysId    : 86131043
[2022.11.14-16.07.10:036][  0]LogD3D11RHI:     Revision    : 00a1
[2022.11.14-16.07.10:036][  0]LogD3D11RHI:     DedicatedVideoMemory : 4213178368 bytes
[2022.11.14-16.07.10:036][  0]LogD3D11RHI:     DedicatedSystemMemory : 0 bytes
[2022.11.14-16.07.10:036][  0]LogD3D11RHI:     SharedSystemMemory : 8577757184 bytes
[2022.11.14-16.07.10:036][  0]LogD3D11RHI:     AdapterLuid : 0 51730
[2022.11.14-16.07.10:150][  0]LogD3D11RHI: RHI has support for 64 bit atomics
[2022.11.14-16.07.10:151][  0]LogD3D11RHI: Async texture creation enabled
[2022.11.14-16.07.10:151][  0]LogD3D11RHI: Array index from any shader is supported
[2022.11.14-16.07.10:596][  0]LogD3D11RHI: GPU Timing Frequency: 1000.000000 (Debug: 2 1)
[2022.11.14-16.07.10:843][  0]LogRHI: GeForceNow SDK initialized: 1
[2022.11.14-16.07.12:130][  0]LogTargetPlatformManager: Display: Loaded TargetPlatform 'AllDesktop'
[2022.11.14-16.07.12:161][  0]LogTargetPlatformManager: Display: Loaded TargetPlatform 'Android'
[2022.11.14-16.07.12:161][  0]LogTargetPlatformManager: Display: Loaded TargetPlatform 'Android_ASTC'
[2022.11.14-16.07.12:161][  0]LogTargetPlatformManager: Display: Loaded TargetPlatform 'Android_DXT'
[2022.11.14-16.07.12:161][  0]LogTargetPlatformManager: Display: Loaded TargetPlatform 'Android_ETC2'
[2022.11.14-16.07.12:161][  0]LogTargetPlatformManager: Display: Loaded TargetPlatform 'AndroidClient'
[2022.11.14-16.07.12:161][  0]LogTargetPlatformManager: Display: Loaded TargetPlatform 'Android_ASTCClient'
[2022.11.14-16.07.12:161][  0]LogTargetPlatformManager: Display: Loaded TargetPlatform 'Android_DXTClient'
[2022.11.14-16.07.12:161][  0]LogTargetPlatformManager: Display: Loaded TargetPlatform 'Android_ETC2Client'
[2022.11.14-16.07.12:161][  0]LogTargetPlatformManager: Display: Loaded TargetPlatform 'Android_Multi'
[2022.11.14-16.07.12:161][  0]LogTargetPlatformManager: Display: Loaded TargetPlatform 'Android_MultiClient'
[2022.11.14-16.07.12:243][  0]LogTargetPlatformManager: Display: Loaded TargetPlatform 'IOSClient'
[2022.11.14-16.07.12:244][  0]LogTargetPlatformManager: Display: Loaded TargetPlatform 'IOS'
[2022.11.14-16.07.12:290][  0]LogTargetPlatformManager: Display: Loaded TargetPlatform 'Linux'
[2022.11.14-16.07.12:315][  0]LogTargetPlatformManager: Display: Loaded TargetPlatform 'LinuxNoEditor'
[2022.11.14-16.07.12:335][  0]LogTargetPlatformManager: Display: Loaded TargetPlatform 'LinuxClient'
[2022.11.14-16.07.12:349][  0]LogTargetPlatformManager: Display: Loaded TargetPlatform 'LinuxServer'
[2022.11.14-16.07.12:420][  0]LogTargetPlatformManager: Display: Loaded TargetPlatform 'LinuxAArch64NoEditor'
[2022.11.14-16.07.12:444][  0]LogTargetPlatformManager: Display: Loaded TargetPlatform 'LinuxAArch64Client'
[2022.11.14-16.07.12:468][  0]LogTargetPlatformManager: Display: Loaded TargetPlatform 'LinuxAArch64Server'
[2022.11.14-16.07.12:516][  0]LogTargetPlatformManager: Display: Loaded TargetPlatform 'Lumin'
[2022.11.14-16.07.12:516][  0]LogTargetPlatformManager: Display: Loaded TargetPlatform 'LuminClient'
[2022.11.14-16.07.12:556][  0]LogTargetPlatformManager: Display: Loaded TargetPlatform 'MacNoEditor'
[2022.11.14-16.07.12:571][  0]LogTargetPlatformManager: Display: Loaded TargetPlatform 'Mac'
[2022.11.14-16.07.12:584][  0]LogTargetPlatformManager: Display: Loaded TargetPlatform 'MacClient'
[2022.11.14-16.07.12:598][  0]LogTargetPlatformManager: Display: Loaded TargetPlatform 'MacServer'
[2022.11.14-16.07.12:686][  0]LogTargetPlatformManager: Display: Loaded TargetPlatform 'TVOSClient'
[2022.11.14-16.07.12:686][  0]LogTargetPlatformManager: Display: Loaded TargetPlatform 'TVOS'
[2022.11.14-16.07.12:727][  0]LogTargetPlatformManager: Display: Loaded TargetPlatform 'WindowsNoEditor'
[2022.11.14-16.07.12:754][  0]LogTargetPlatformManager: Display: Loaded TargetPlatform 'Windows'
[2022.11.14-16.07.12:770][  0]LogTargetPlatformManager: Display: Loaded TargetPlatform 'WindowsClient'
[2022.11.14-16.07.12:784][  0]LogTargetPlatformManager: Display: Loaded TargetPlatform 'WindowsServer'
[2022.11.14-16.07.12:785][  0]LogTargetPlatformManager: Display: Building Assets For Windows
[2022.11.14-16.07.13:072][  0]LogAudioDebug: Display: Lib vorbis DLL was dynamically loaded.
[2022.11.14-16.07.13:544][  0]LogTextureFormatOodle: Display: Oodle Texture 2.9.0 init RDO Off
[2022.11.14-16.07.14:379][  0]LogRendererCore: Ray tracing is disabled. Reason: r.RayTracing=0.
[2022.11.14-16.07.14:404][  0]LogShaderCompilers: Guid format shader working directory is 16 characters bigger than the processId version (../../../../Prologue/MyProject/Intermediate/Shaders/WorkingDirectory/12216/).
[2022.11.14-16.07.14:404][  0]LogShaderCompilers: Cleaned the shader compiler working directory 'C:/Users/Наташа/AppData/Local/Temp/UnrealShaderWorkingDir/3B2657534046D6714428DE9929C89A54/'.
[2022.11.14-16.07.14:406][  0]LogXGEController: Cannot use XGE Controller as Incredibuild is not installed on this machine.
[2022.11.14-16.07.14:406][  0]LogShaderCompilers: Cannot use XGE Shader Compiler as Incredibuild is not installed on this machine.
[2022.11.14-16.07.14:406][  0]LogShaderCompilers: Display: Using Local Shader Compiler.
[2022.11.14-16.07.18:073][  0]LogDerivedDataCache: Display: Max Cache Size: 512 MB
[2022.11.14-16.07.18:742][  0]LogDerivedDataCache: Loaded boot cache 0.65s 137MB C:/Users/Наташа/AppData/Local/UnrealEngine/4.27/DerivedDataCache/Boot.ddc.
[2022.11.14-16.07.18:742][  0]LogDerivedDataCache: Display: Loaded Boot cache: C:/Users/Наташа/AppData/Local/UnrealEngine/4.27/DerivedDataCache/Boot.ddc
[2022.11.14-16.07.18:742][  0]LogDerivedDataCache: FDerivedDataBackendGraph:  Pak pak cache file ../../../../Prologue/MyProject/DerivedDataCache/DDC.ddp not found, will not use a pak cache.
[2022.11.14-16.07.18:742][  0]LogDerivedDataCache: Unable to find inner node Pak for hierarchical cache Hierarchy.
[2022.11.14-16.07.18:743][  0]LogDerivedDataCache: FDerivedDataBackendGraph:  CompressedPak pak cache file ../../../../Prologue/MyProject/DerivedDataCache/Compressed.ddp not found, will not use a pak cache.
[2022.11.14-16.07.18:743][  0]LogDerivedDataCache: Unable to find inner node CompressedPak for hierarchical cache Hierarchy.
[2022.11.14-16.07.18:859][  0]LogDerivedDataCache: Display: Pak cache opened for reading ../../../Engine/DerivedDataCache/Compressed.ddp.
[2022.11.14-16.07.18:859][  0]LogDerivedDataCache: FDerivedDataBackendGraph:  EnterprisePak pak cache file ../../../Enterprise/DerivedDataCache/Compressed.ddp not found, will not use a pak cache.
[2022.11.14-16.07.18:859][  0]LogDerivedDataCache: Unable to find inner node EnterprisePak for hierarchical cache Hierarchy.
[2022.11.14-16.07.18:893][  0]LogDerivedDataCache: Speed tests for C:/Users/Наташа/AppData/Local/UnrealEngine/Common/DerivedDataCache took 0.03 seconds
[2022.11.14-16.07.18:893][  0]LogDerivedDataCache: Display: Performance to C:/Users/Наташа/AppData/Local/UnrealEngine/Common/DerivedDataCache: Latency=0.51ms. RandomReadSpeed=68.70MBs, RandomWriteSpeed=67.43MBs. Assigned SpeedClass 'Local'
[2022.11.14-16.07.18:902][  0]LogDerivedDataCache: Using Local data cache path C:/Users/Наташа/AppData/Local/UnrealEngine/Common/DerivedDataCache: Writable
[2022.11.14-16.07.18:902][  0]LogDerivedDataCache: Shared data cache path not found in *engine.ini, will not use an Shared cache.
[2022.11.14-16.07.18:902][  0]LogDerivedDataCache: Unable to find inner node Shared for hierarchical cache Hierarchy.
[2022.11.14-16.07.19:386][  0]LogSlate: Using FreeType 2.10.0
[2022.11.14-16.07.19:520][  0]LogSlate: SlateFontServices - WITH_FREETYPE: 1, WITH_HARFBUZZ: 1
[2022.11.14-16.07.20:158][  0]LogAssetRegistry: FAssetRegistry took 0.0138 seconds to start up
[2022.11.14-16.07.25:200][  0]LogInit: Selected Device Profile: [Windows]
[2022.11.14-16.07.25:200][  0]LogInit: Active device profile: [000002620F08E800][000002620EE76040 49] Windows
[2022.11.14-16.07.25:200][  0]LogInit: Profiles: [000002620F08E800][000002620EE76040 49] Windows, [000002620EF1BB00][000002620D2EC680 49] WindowsNoEditor, [000002620F08E700][000002620D2E87C0 49] WindowsServer, [000002620EF18100][000002620D2F0900 49] WindowsClient, [000002620EF27E00][000002620EFBE040 49] IOS, [000002620EF1B800][000002620EFFC080 49] iPadAir, [000002620EF24400][000002620D2F8C80 49] iPadAir2, [000002620ED79500][000002620E722F40 49] IPadPro, [000002620ED79600][000002620E71EF80 49] iPadAir3, [000002620EF24100][000002620E727100 49] iPadAir4, [000002620ED78200][000002620EFFE040 49] iPadMini2, [000002620EF24300][000002620D2F53C0 49] iPadMini3, [000002620ED7AF00][000002620EDBE040 49] iPadMini4, [000002620EF27D00][000002620E72B680 49] iPadMini5, [000002620EF1B200][000002620EEE0080 49] iPhone6, [000002620EF1B100][000002620EEE2040 49] iPodTouch6, [000002620ED79200][000002620E72FBC0 49] iPhone7, [000002620ED79300][000002620E737C00 49] iPodTouch7, [000002620EF18500][000002620ED0E040 49] iPhone5S, [000002620ED78A00][000002620ED0C080 49] iPhone6Plus, [000002620EF1AB00][000002620F050080 49] iPhone6S, [000002620ED78400][000002620EFEC080 49] iPhone6SPlus, [000002620EF1B600][000002620E73A700 49] iPhone7Plus, [000002620ED79100][000002620E73E880 49] iPhoneSE, [000002620EF1B700][000002620E7329C0 49] iPhone8, [000002620ED78700][000002620E742B00 49] iPhone8Plus, [000002620EF1BA00][000002620E746C40 49] iPhoneX, [000002620ED78B00][000002620E74AD80 49] iPhoneXS, [000002620EF1A400][000002620E752F00 49] iPhoneXSMax, [000002620ED7B300][000002620E757080 49] iPhoneXR, [000002620EF18C00][000002620E75B200 49] iPhone11, [000002620ED7A000][000002620E75F380 49] iPhone11Pro, [000002620EF1A000][000002620E763500 49] iPhone11ProMax, [000002620ED79A00][000002620E767680 49] iPhoneSE2, [000002620EF19400][000002620E76B800 49] iPhone12Mini, [000002620ED79C00][000002620E76F980 49] iPhone12, [000002620EF18900][000002620E773B00 49] iPhone12Pro, [000002620ED7AD00][000002620E776100 49] iPhone12ProMax, [000002620EF19500][000002620E77A280 49] iPadPro105, [000002620ED7A500][000002620E77E400 49] iPadPro129, [000002620EF19D00][000002620E782580 49] iPadPro97, [000002620ED7B900][000002620E786700 49] iPadPro2_129, [000002620EF19200][000002620E78A880 49] iPad5, [000002620ED78F00][000002620F95EA00 49] iPad6, [000002620EF1A700][000002620E74EB40 49] iPad7, [000002620ED7B000][000002620F962C80 49] iPad8, [000002620EF1AD00][000002620F966DC0 49] iPadPro11, [000002620ED7BF00][000002620F96AF00 49] iPadPro2_11, [000002620EF18D00][000002620F973080 49] iPadPro3_129, [000002620ED79800][000002620F977200 49] iPadPro4_129, [000002620EF18300][000002620F97B380 49] AppleTV, [000002620ED7AE00][000002620F97F500 49] AppleTV4K, [000002620EF18F00][000002620F983680 49] TVOS, [000002620ED79B00][000002620F987800 49] Mac, [000002620EF18600][000002620F98B980 49] MacClient, [000002620ED7B700][000002620F98FB00 49] MacNoEditor, [000002620EF19800][000002620F992100 49] MacServer, [000002620ED7A700][000002620F996280 49] Linux, [000002620EF18A00][000002620F99A400 49] LinuxAArch64, [000002620ED78100][000002620F99E580 49] LinuxNoEditor, [000002620EF1AE00][000002620F9A2700 49] LinuxAArch64NoEditor, [000002620ED7B400][000002620F9A6880 49] LinuxClient, [000002620EF1A900][000002620F9AAA00 49] LinuxAArch64Client, [000002620ED79000][000002620F9AEB80 49] LinuxServer, [000002620EF1A800][000002620F9B2D00 49] LinuxAArch64Server, [000002620ED7A300][000002620EF60080 49] Android, [000002620EF1BD00][000002620ED6C080 49] Android_Low, [000002620F08C900][000002620ED6E040 49] Android_Mid, [000002620EF27500][000002620EDDC080 49] Android_High, [000002620F08CD00][000002620EDDE040 49] Android_Default, [000002620EF25500][000002620EDE4080 49] Android_Adreno4xx, [000002620F08C400][000002620F9B7500 49] Android_Adreno5xx_Low, [000002620EF27000][000002620F9BB680 49] Android_Adreno5xx, [000002620F08DF00][000002620F9BF800 49] Android_Adreno6xx, [000002620EF25800][000002620F9C3980 49] Android_Adreno6xx_Vulkan, [000002620F08C800][000002620EDE6040 49] Android_Mali_T6xx, [000002620EF26200][000002620ED68080 49] Android_Mali_T7xx, [000002620F08CB00][000002620F9C6200 49] Android_Mali_T8xx, [000002620EF25A00][000002620F9CA380 49] Android_Mali_G71, [000002620F08E000][000002620F9CE500 49] Android_Mali_G72, [000002620EF27600][000002620F9D2680 49] Android_Mali_G72_Vulkan, [000002620F08C300][000002620F9D6800 49] Android_Mali_G76, [000002620EF24D00][000002620F9DA980 49] Android_Mali_G76_Vulkan, [000002620F08DE00][000002620F9DEB00 49] Android_Mali_G77, [000002620EF24A00][000002620F9E2C80 49] Android_Mali_G77_Vulkan, [000002620F08E100][000002620F9E6E00 49] Android_Mali_G78, [000002620EF24200][000002620F96EF40 49] Android_Mali_G78_Vulkan, [000002620F08E300][000002620F9EB080 49] Android_Mali_G710, [000002620EF26C00][000002620F9EF1C0 49] Android_Mali_G710_Vulkan, [000002620F08DA00][000002620F9F3300 49] Android_Vulkan_SM5, [000002620EF26F00][000002620F9FB480 49] Android_PowerVR_G6xxx, [000002620F08D100][000002620FA23600 49] Android_PowerVR_GT7xxx, [000002620EF26A00][000002620FA27780 49] Android_PowerVR_GE8xxx, [000002620EF19000][000002620FA2B900 49] Android_PowerVR_GM9xxx, [000002620ED79400][000002620FA2FA80 49] Android_PowerVR_GM9xxx_Vulkan, [000002620EF19900][000002620ED6A040 49] Android_TegraK1, [000002620ED7AC00][000002620F9F61C0 49] Android_Unknown_Vulkan, [000002620EF18800][000002620FA36340 49] Lumin, [000002620ED78E00][000002620FA3A4C0 49] Lumin_Desktop, [000002620F08CE00][000002620FA3E640 49] HoloLens, 
[2022.11.14-16.07.28:599][  0]LogMeshReduction: Using QuadricMeshReduction for automatic static mesh reduction
[2022.11.14-16.07.28:599][  0]LogMeshReduction: Using SimplygonMeshReduction for automatic skeletal mesh reduction
[2022.11.14-16.07.28:599][  0]LogMeshReduction: Using ProxyLODMeshReduction for automatic mesh merging
[2022.11.14-16.07.28:599][  0]LogMeshReduction: No distributed automatic mesh merging module available
[2022.11.14-16.07.28:610][  0]LogMeshMerging: No distributed automatic mesh merging module available
[2022.11.14-16.07.29:689][  0]LogNetVersion: MyProject 1.0.0, NetCL: 17155196, EngineNetVer: 17, GameNetVer: 0 (Checksum: 3629800737)
