Log file open, 11/08/22 08:08:52
LogWindows: Failed to load 'aqProf.dll' (GetLastError=126)
LogWindows: File 'aqProf.dll' does not exist
LogWindows: Failed to load 'VtuneApi.dll' (GetLastError=126)
LogWindows: File 'VtuneApi.dll' does not exist
LogWindows: Failed to load 'VtuneApi32e.dll' (GetLastError=126)
LogWindows: File 'VtuneApi32e.dll' does not exist
LogConsoleResponse: Display: Failed to find resolution value strings in scalability ini. Falling back to default.
LogConsoleResponse: Display: Failed to find resolution value strings in scalability ini. Falling back to default.
LogInit: Display: Running engine for game: MyProject
LogPlatformFile: Not using cached read wrapper
LogTaskGraph: Started task graph with 5 named threads and 11 total threads with 3 sets of task threads.
LogStats: Stats thread started at 0.361020
LogICUInternationalization: ICU TimeZone Detection - Raw Offset: +2:00, Platform Override: ''
LogInit: Display: Loading text-based GConfig....
LogPluginManager: Mounting plugin MeshPainting
LogPluginManager: Mounting plugin XGEController
LogPluginManager: Mounting plugin Paper2D
LogPluginManager: Mounting plugin LiveLink
LogPluginManager: Mounting plugin EnvironmentQueryEditor
LogPluginManager: Mounting plugin AISupport
LogPluginManager: Mounting plugin LightPropagationVolume
LogPluginManager: Mounting plugin GameplayCameras
LogPluginManager: Mounting plugin CameraShakePreviewer
LogPluginManager: Mounting plugin OodleData
LogPluginManager: Mounting plugin OodleNetwork
LogPluginManager: Mounting plugin AnimationSharing
LogPluginManager: Mounting plugin CLionSourceCodeAccess
LogPluginManager: Mounting plugin CodeLiteSourceCodeAccess
LogPluginManager: Mounting plugin GitSourceControl
LogPluginManager: Mounting plugin KDevelopSourceCodeAccess
LogPluginManager: Mounting plugin NullSourceCodeAccess
LogPluginManager: Mounting plugin AssetManagerEditor
LogPluginManager: Mounting plugin PerforceSourceControl
LogPluginManager: Mounting plugin PixWinPlugin
LogPluginManager: Mounting plugin PlasticSourceControl
LogPluginManager: Mounting plugin PluginUtils
LogPluginManager: Mounting plugin PropertyAccessNode
LogPluginManager: Mounting plugin SubversionSourceControl
LogPluginManager: Mounting plugin TextureFormatOodle
LogPluginManager: Mounting plugin RiderSourceCodeAccess
LogPluginManager: Mounting plugin UObjectPlugin
LogPluginManager: Mounting plugin CurveEditorTools
LogPluginManager: Mounting plugin DataValidation
LogPluginManager: Mounting plugin CryptoKeys
LogPluginManager: Mounting plugin VisualStudioCodeSourceCodeAccess
LogPluginManager: Mounting plugin FacialAnimation
LogPluginManager: Mounting plugin GameplayTagsEditor
LogPluginManager: Mounting plugin VisualStudioSourceCodeAccess
LogPluginManager: Mounting plugin XCodeSourceCodeAccess
LogPluginManager: Mounting plugin GeometryMode
LogPluginManager: Mounting plugin MaterialAnalyzer
LogPluginManager: Mounting plugin MacGraphicsSwitching
LogPluginManager: Mounting plugin MobileLauncherProfileWizard
LogPluginManager: Mounting plugin PluginBrowser
LogPluginManager: Mounting plugin SpeedTreeImporter
LogPluginManager: Mounting plugin DatasmithContent
LogPluginManager: Mounting plugin VariantManagerContent
LogPluginManager: Mounting plugin Niagara
LogPluginManager: Mounting plugin AlembicImporter
LogPluginManager: Mounting plugin AutomationUtils
LogPluginManager: Mounting plugin BackChannel
LogPluginManager: Mounting plugin ChaosCloth
LogPluginManager: Mounting plugin ChaosEditor
LogPluginManager: Mounting plugin ChaosClothEditor
LogPluginManager: Mounting plugin ChaosSolverPlugin
LogPluginManager: Mounting plugin ChaosNiagara
LogPluginManager: Mounting plugin CharacterAI
LogPluginManager: Mounting plugin GeometryCache
LogPluginManager: Mounting plugin GeometryCollectionPlugin
LogPluginManager: Mounting plugin GeometryProcessing
LogPluginManager: Mounting plugin OpenImageDenoise
LogPluginManager: Mounting plugin MotoSynth
LogPluginManager: Mounting plugin PlanarCut
LogPluginManager: Mounting plugin ProxyLODPlugin
LogPluginManager: Mounting plugin PlatformCrypto
LogPluginManager: Mounting plugin PythonScriptPlugin
LogPluginManager: Mounting plugin SkeletalReduction
LogPluginManager: Mounting plugin LuminPlatformFeatures
LogPluginManager: Mounting plugin MagicLeap
LogPluginManager: Mounting plugin MagicLeapLightEstimation
LogPluginManager: Mounting plugin MagicLeapMedia
LogPluginManager: Mounting plugin MagicLeapPassableWorld
LogPluginManager: Mounting plugin MLSDK
LogPluginManager: Mounting plugin AsyncLoadingScreen
LogPluginManager: Mounting plugin AndroidMedia
LogPluginManager: Mounting plugin AvfMedia
LogPluginManager: Mounting plugin MediaCompositing
LogPluginManager: Mounting plugin ImgMedia
LogPluginManager: Mounting plugin MediaPlayerEditor
LogPluginManager: Mounting plugin WebMMedia
LogPluginManager: Mounting plugin WmfMedia
LogPluginManager: Mounting plugin TcpMessaging
LogPluginManager: Mounting plugin UdpMessaging
LogPluginManager: Mounting plugin ActorSequence
LogPluginManager: Mounting plugin LevelSequenceEditor
LogPluginManager: Mounting plugin MatineeToLevelSequence
LogPluginManager: Mounting plugin TemplateSequence
LogPluginManager: Mounting plugin OnlineSubsystem
LogPluginManager: Mounting plugin OnlineSubsystemNull
LogPluginManager: Mounting plugin OnlineSubsystemUtils
LogPluginManager: Mounting plugin LauncherChunkInstaller
LogPluginManager: Mounting plugin ActorLayerUtilities
LogPluginManager: Mounting plugin AndroidDeviceProfileSelector
LogPluginManager: Mounting plugin AndroidMoviePlayer
LogPluginManager: Mounting plugin AndroidPermission
LogPluginManager: Mounting plugin AppleImageUtils
LogPluginManager: Mounting plugin AppleMoviePlayer
LogPluginManager: Mounting plugin ArchVisCharacter
LogPluginManager: Mounting plugin AssetTags
LogPluginManager: Mounting plugin AudioCapture
LogPluginManager: Mounting plugin AudioSynesthesia
LogPluginManager: Mounting plugin CableComponent
LogPluginManager: Mounting plugin ChunkDownloader
LogPluginManager: Mounting plugin CustomMeshComponent
LogPluginManager: Mounting plugin EditableMesh
LogPluginManager: Mounting plugin ExampleDeviceProfileSelector
LogPluginManager: Mounting plugin GoogleCloudMessaging
LogPluginManager: Mounting plugin GooglePAD
LogPluginManager: Mounting plugin IOSDeviceProfileSelector
LogPluginManager: Mounting plugin LinuxDeviceProfileSelector
LogPluginManager: Mounting plugin LocationServicesBPLibrary
LogPluginManager: Mounting plugin MobilePatchingUtils
LogPluginManager: Mounting plugin OpenXR
LogPluginManager: Mounting plugin OpenXREyeTracker
LogPluginManager: Mounting plugin OpenXRHandTracking
LogPluginManager: Mounting plugin PhysXVehicles
LogPluginManager: Mounting plugin PostSplashScreen
LogPluginManager: Mounting plugin ProceduralMeshComponent
LogPluginManager: Mounting plugin PropertyAccessEditor
LogPluginManager: Mounting plugin RuntimePhysXCooking
LogPluginManager: Mounting plugin SignificanceManager
LogPluginManager: Mounting plugin SoundFields
LogPluginManager: Mounting plugin Synthesis
LogPluginManager: Mounting plugin WebMMoviePlayer
LogPluginManager: Mounting plugin WindowsMoviePlayer
LogPluginManager: Mounting plugin ScreenshotTools
LogPluginManager: Mounting plugin Takes
LogPluginManager: Mounting plugin ContentBrowserAssetDataSource
LogPluginManager: Mounting plugin ContentBrowserClassDataSource
LogPluginManager: Mounting plugin ContentBrowserFileDataSource
LogPluginManager: Mounting plugin OnlineSubsystemGooglePlay
LogPluginManager: Mounting plugin OnlineSubsystemIOS
LogPluginManager: Mounting plugin OculusVR
LogPluginManager: Mounting plugin SteamVR
PixWinPlugin: PIX capture plugin failed to initialize! Check that the process is launched from PIX.
LogInit: Using libcurl 7.55.1-DEV
LogInit:  - built for x86_64-pc-win32
LogInit:  - supports SSL with OpenSSL/1.1.1
LogInit:  - supports HTTP deflate (compression) using libz 1.2.8
LogInit:  - other features:
LogInit:      CURL_VERSION_SSL
LogInit:      CURL_VERSION_LIBZ
LogInit:      CURL_VERSION_IPV6
LogInit:      CURL_VERSION_ASYNCHDNS
LogInit:      CURL_VERSION_LARGEFILE
LogInit:      CURL_VERSION_IDN
LogInit:  CurlRequestOptions (configurable via config and command line):
LogInit:  - bVerifyPeer = true  - Libcurl will verify peer certificate
LogInit:  - bUseHttpProxy = false  - Libcurl will NOT use HTTP proxy
LogInit:  - bDontReuseConnections = false  - Libcurl will reuse connections
LogInit:  - MaxHostConnections = 16  - Libcurl will limit the number of connections to a host
LogInit:  - LocalHostAddr = Default
LogInit:  - BufferSize = 65536
LogOnline: OSS: Creating online subsystem instance for: NULL
LogInit: WinSock: version 1.1 (2.2), MaxSocks=32767, MaxUdp=65467
LogOnline: OSS: TryLoadSubsystemAndSetDefault: Loaded subsystem for module [NULL]
LogOculusPluginWrapper: OculusPlugin initialized successfully
LogHMD: Failed initializing OVRPlugin 1.59.0
LogInit: Build: ++UE4+Release-4.27-CL-18319896
LogInit: Engine Version: 4.27.2-18319896+++UE4+Release-4.27
LogInit: Compatible Engine Version: 4.27.0-17155196+++UE4+Release-4.27
LogInit: Net CL: 17155196
LogInit: OS: Windows 10 (Release 2009) (), CPU: AMD Athlon(tm) X4 870K Quad Core Processor     , GPU: NVIDIA GeForce GTX 1050 Ti
LogInit: Compiled (64-bit): Nov 30 2021 07:12:08
LogInit: Compiled with Visual C++: 19.24.28315.00
LogInit: Build Configuration: Development
LogInit: Branch Name: ++UE4+Release-4.27
LogInit: Command Line: 
LogInit: Base Directory: D:/Программы/UE_4.27/Engine/Binaries/Win64/
LogInit: Allocator: TBB
LogInit: Installed Engine Build: 1
LogDevObjectVersion: Number of dev versions registered: 29
LogDevObjectVersion:   Dev-Blueprints (B0D832E4-1F89-4F0D-ACCF-7EB736FD4AA2): 10
LogDevObjectVersion:   Dev-Build (E1C64328-A22C-4D53-A36C-8E866417BD8C): 0
LogDevObjectVersion:   Dev-Core (375EC13C-06E4-48FB-B500-84F0262A717E): 4
LogDevObjectVersion:   Dev-Editor (E4B068ED-F494-42E9-A231-DA0B2E46BB41): 40
LogDevObjectVersion:   Dev-Framework (CFFC743F-43B0-4480-9391-14DF171D2073): 37
LogDevObjectVersion:   Dev-Mobile (B02B49B5-BB20-44E9-A304-32B752E40360): 3
LogDevObjectVersion:   Dev-Networking (A4E4105C-59A1-49B5-A7C5-40C4547EDFEE): 0
LogDevObjectVersion:   Dev-Online (39C831C9-5AE6-47DC-9A44-9C173E1C8E7C): 0
LogDevObjectVersion:   Dev-Physics (78F01B33-EBEA-4F98-B9B4-84EACCB95AA2): 14
LogDevObjectVersion:   Dev-Platform (6631380F-2D4D-43E0-8009-CF276956A95A): 0
LogDevObjectVersion:   Dev-Rendering (12F88B9F-8875-4AFC-A67C-D90C383ABD29): 45
LogDevObjectVersion:   Dev-Sequencer (7B5AE74C-D270-4C10-A958-57980B212A5A): 13
LogDevObjectVersion:   Dev-VR (D7296918-1DD6-4BDD-9DE2-64A83CC13884): 3
LogDevObjectVersion:   Dev-LoadTimes (C2A15278-BFE7-4AFE-6C17-90FF531DF755): 1
LogDevObjectVersion:   Private-Geometry (6EACA3D4-40EC-4CC1-B786-8BED09428FC5): 3
LogDevObjectVersion:   Dev-AnimPhys (29E575DD-E0A3-4627-9D10-D276232CDCEA): 17
LogDevObjectVersion:   Dev-Anim (AF43A65D-7FD3-4947-9873-3E8ED9C1BB05): 15
LogDevObjectVersion:   Dev-ReflectionCapture (6B266CEC-1EC7-4B8F-A30B-E4D90942FC07): 1
LogDevObjectVersion:   Dev-Automation (0DF73D61-A23F-47EA-B727-89E90C41499A): 1
LogDevObjectVersion:   FortniteMain (601D1886-AC64-4F84-AA16-D3DE0DEAC7D6): 47
LogDevObjectVersion:   FortniteRelease (E7086368-6B23-4C58-8439-1B7016265E91): 1
LogDevObjectVersion:   Dev-Enterprise (9DFFBCD6-494F-0158-E221-12823C92A888): 10
LogDevObjectVersion:   Dev-Niagara (F2AED0AC-9AFE-416F-8664-AA7FFA26D6FC): 1
LogDevObjectVersion:   Dev-Destruction (174F1F0B-B4C6-45A5-B13F-2EE8D0FB917D): 10
LogDevObjectVersion:   Dev-Physics-Ext (35F94A83-E258-406C-A318-09F59610247C): 41
LogDevObjectVersion:   Dev-PhysicsMaterial-Chaos (B68FC16E-8B1B-42E2-B453-215C058844FE): 1
LogDevObjectVersion:   Dev-CineCamera (B2E18506-4273-CFC2-A54E-F4BB758BBA07): 1
LogDevObjectVersion:   Dev-VirtualProduction (64F58936-FD1B-42BA-BA96-7289D5D0FA4E): 1
LogDevObjectVersion:   Dev-MediaFramework (6F0ED827-A609-4895-9C91-998D90180EA4): 2
LogInit: Presizing for max 25165824 objects, including 0 objects not considered by GC, pre-allocating 0 bytes for permanent pool.
LogConfig: Applying CVar settings from Section [/Script/Engine.StreamingSettings] File [D:/Программы/Prologue/MyProject/Saved/Config/Windows/Engine.ini]
LogConfig: Setting CVar [[s.MinBulkDataSizeForAsyncLoading:131072]]
LogConfig: Setting CVar [[s.AsyncLoadingThreadEnabled:0]]
LogConfig: Setting CVar [[s.EventDrivenLoaderEnabled:1]]
LogConfig: Setting CVar [[s.WarnIfTimeLimitExceeded:0]]
LogConfig: Setting CVar [[s.TimeLimitExceededMultiplier:1.5]]
LogConfig: Setting CVar [[s.TimeLimitExceededMinTime:0.005]]
LogConfig: Setting CVar [[s.UseBackgroundLevelStreaming:1]]
LogConfig: Setting CVar [[s.PriorityAsyncLoadingExtraTime:15.0]]
LogConfig: Setting CVar [[s.LevelStreamingActorsUpdateTimeLimit:5.0]]
LogConfig: Setting CVar [[s.PriorityLevelStreamingActorsUpdateExtraTime:5.0]]
LogConfig: Setting CVar [[s.LevelStreamingComponentsRegistrationGranularity:10]]
LogConfig: Setting CVar [[s.UnregisterComponentsTimeLimit:1.0]]
LogConfig: Setting CVar [[s.LevelStreamingComponentsUnregistrationGranularity:5]]
LogConfig: Setting CVar [[s.FlushStreamingOnExit:1]]
LogInit: Object subsystem initialized
LogConfig: Setting CVar [[con.DebugEarlyDefault:1]]
LogConfig: Setting CVar [[r.setres:1280x720]]
[2022.11.08-06.08.57:214][  0]LogConfig: Setting CVar [[r.VSync:0]]
[2022.11.08-06.08.57:215][  0]LogConfig: Setting CVar [[r.RHICmdBypass:0]]
[2022.11.08-06.08.57:225][  0]LogConfig: Applying CVar settings from Section [/Script/Engine.RendererSettings] File [D:/Программы/Prologue/MyProject/Saved/Config/Windows/Engine.ini]
[2022.11.08-06.08.57:225][  0]LogConfig: Setting CVar [[r.GPUCrashDebugging:0]]
[2022.11.08-06.08.57:226][  0]LogConfig: Setting CVar [[r.TextureStreaming:0]]
[2022.11.08-06.08.57:226][  0]LogConfig: Setting CVar [[r.CustomDepth:3]]
[2022.11.08-06.08.57:226][  0]LogConfig: Setting CVar [[r.DefaultFeature.AutoExposure:0]]
[2022.11.08-06.08.57:226][  0]LogConfig: Applying CVar settings from Section [/Script/Engine.RendererOverrideSettings] File [D:/Программы/Prologue/MyProject/Saved/Config/Windows/Engine.ini]
[2022.11.08-06.08.57:226][  0]LogConfig: Applying CVar settings from Section [/Script/Engine.StreamingSettings] File [D:/Программы/Prologue/MyProject/Saved/Config/Windows/Engine.ini]
[2022.11.08-06.08.57:226][  0]LogConfig: Setting CVar [[s.MinBulkDataSizeForAsyncLoading:131072]]
[2022.11.08-06.08.57:226][  0]LogConfig: Setting CVar [[s.AsyncLoadingThreadEnabled:0]]
[2022.11.08-06.08.57:226][  0]LogConfig: Setting CVar [[s.EventDrivenLoaderEnabled:1]]
[2022.11.08-06.08.57:226][  0]LogConfig: Setting CVar [[s.WarnIfTimeLimitExceeded:0]]
[2022.11.08-06.08.57:226][  0]LogConfig: Setting CVar [[s.TimeLimitExceededMultiplier:1.5]]
[2022.11.08-06.08.57:227][  0]LogConfig: Setting CVar [[s.TimeLimitExceededMinTime:0.005]]
[2022.11.08-06.08.57:227][  0]LogConfig: Setting CVar [[s.UseBackgroundLevelStreaming:1]]
[2022.11.08-06.08.57:227][  0]LogConfig: Setting CVar [[s.PriorityAsyncLoadingExtraTime:15.0]]
[2022.11.08-06.08.57:227][  0]LogConfig: Setting CVar [[s.LevelStreamingActorsUpdateTimeLimit:5.0]]
[2022.11.08-06.08.57:227][  0]LogConfig: Setting CVar [[s.PriorityLevelStreamingActorsUpdateExtraTime:5.0]]
[2022.11.08-06.08.57:227][  0]LogConfig: Setting CVar [[s.LevelStreamingComponentsRegistrationGranularity:10]]
[2022.11.08-06.08.57:227][  0]LogConfig: Setting CVar [[s.UnregisterComponentsTimeLimit:1.0]]
[2022.11.08-06.08.57:227][  0]LogConfig: Setting CVar [[s.LevelStreamingComponentsUnregistrationGranularity:5]]
[2022.11.08-06.08.57:227][  0]LogConfig: Setting CVar [[s.FlushStreamingOnExit:1]]
[2022.11.08-06.08.57:227][  0]LogConfig: Applying CVar settings from Section [/Script/Engine.GarbageCollectionSettings] File [D:/Программы/Prologue/MyProject/Saved/Config/Windows/Engine.ini]
[2022.11.08-06.08.57:228][  0]LogConfig: Setting CVar [[gc.MaxObjectsNotConsideredByGC:1]]
[2022.11.08-06.08.57:228][  0]LogConfig: Setting CVar [[gc.SizeOfPermanentObjectPool:0]]
[2022.11.08-06.08.57:228][  0]LogConfig: Setting CVar [[gc.FlushStreamingOnGC:0]]
[2022.11.08-06.08.57:228][  0]LogConfig: Setting CVar [[gc.NumRetriesBeforeForcingGC:10]]
[2022.11.08-06.08.57:228][  0]LogConfig: Setting CVar [[gc.AllowParallelGC:1]]
[2022.11.08-06.08.57:228][  0]LogConfig: Setting CVar [[gc.TimeBetweenPurgingPendingKillObjects:61.1]]
[2022.11.08-06.08.57:228][  0]LogConfig: Setting CVar [[gc.MaxObjectsInEditor:25165824]]
[2022.11.08-06.08.57:228][  0]LogConfig: Setting CVar [[gc.IncrementalBeginDestroyEnabled:1]]
[2022.11.08-06.08.57:228][  0]LogConfig: Setting CVar [[gc.CreateGCClusters:1]]
[2022.11.08-06.08.57:229][  0]LogConfig: Setting CVar [[gc.MinGCClusterSize:5]]
[2022.11.08-06.08.57:229][  0]LogConfig: Setting CVar [[gc.ActorClusteringEnabled:0]]
[2022.11.08-06.08.57:229][  0]LogConfig: Setting CVar [[gc.BlueprintClusteringEnabled:0]]
[2022.11.08-06.08.57:229][  0]LogConfig: Setting CVar [[gc.UseDisregardForGCOnDedicatedServers:0]]
[2022.11.08-06.08.57:229][  0]LogConfig: Setting CVar [[gc.MultithreadedDestructionEnabled:1]]
[2022.11.08-06.08.57:229][  0]LogConfig: Applying CVar settings from Section [/Script/Engine.NetworkSettings] File [D:/Программы/Prologue/MyProject/Saved/Config/Windows/Engine.ini]
[2022.11.08-06.08.57:229][  0]LogConfig: Applying CVar settings from Section [/Script/UnrealEd.CookerSettings] File [D:/Программы/Prologue/MyProject/Saved/Config/Windows/Engine.ini]
[2022.11.08-06.08.57:443][  0]LogConfig: Applying CVar settings from Section [ViewDistanceQuality@3] File [D:/Программы/Prologue/MyProject/Saved/Config/Windows/Scalability.ini]
[2022.11.08-06.08.57:445][  0]LogConfig: Setting CVar [[r.SkeletalMeshLODBias:0]]
[2022.11.08-06.08.57:445][  0]LogConfig: Setting CVar [[r.ViewDistanceScale:1.0]]
[2022.11.08-06.08.57:446][  0]LogConfig: Applying CVar settings from Section [AntiAliasingQuality@3] File [D:/Программы/Prologue/MyProject/Saved/Config/Windows/Scalability.ini]
[2022.11.08-06.08.57:446][  0]LogConfig: Setting CVar [[r.PostProcessAAQuality:4]]
[2022.11.08-06.08.57:446][  0]LogConfig: Applying CVar settings from Section [ShadowQuality@3] File [D:/Программы/Prologue/MyProject/Saved/Config/Windows/Scalability.ini]
[2022.11.08-06.08.57:446][  0]LogConfig: Setting CVar [[r.LightFunctionQuality:1]]
[2022.11.08-06.08.57:446][  0]LogConfig: Setting CVar [[r.ShadowQuality:5]]
[2022.11.08-06.08.57:446][  0]LogConfig: Setting CVar [[r.Shadow.CSM.MaxCascades:10]]
[2022.11.08-06.08.57:447][  0]LogConfig: Setting CVar [[r.Shadow.MaxResolution:2048]]
[2022.11.08-06.08.57:447][  0]LogConfig: Setting CVar [[r.Shadow.MaxCSMResolution:2048]]
[2022.11.08-06.08.57:447][  0]LogConfig: Setting CVar [[r.Shadow.RadiusThreshold:0.01]]
[2022.11.08-06.08.57:447][  0]LogConfig: Setting CVar [[r.Shadow.DistanceScale:1.0]]
[2022.11.08-06.08.57:447][  0]LogConfig: Setting CVar [[r.Shadow.CSM.TransitionScale:1.0]]
[2022.11.08-06.08.57:447][  0]LogConfig: Setting CVar [[r.Shadow.PreShadowResolutionFactor:1.0]]
[2022.11.08-06.08.57:448][  0]LogConfig: Setting CVar [[r.DistanceFieldShadowing:1]]
[2022.11.08-06.08.57:448][  0]LogConfig: Setting CVar [[r.DistanceFieldAO:1]]
[2022.11.08-06.08.57:448][  0]LogConfig: Setting CVar [[r.AOQuality:2]]
[2022.11.08-06.08.57:448][  0]LogConfig: Setting CVar [[r.VolumetricFog:1]]
[2022.11.08-06.08.57:448][  0]LogConfig: Setting CVar [[r.VolumetricFog.GridPixelSize:8]]
[2022.11.08-06.08.57:448][  0]LogConfig: Setting CVar [[r.VolumetricFog.GridSizeZ:128]]
[2022.11.08-06.08.57:448][  0]LogConfig: Setting CVar [[r.VolumetricFog.HistoryMissSupersampleCount:4]]
[2022.11.08-06.08.57:448][  0]LogConfig: Setting CVar [[r.LightMaxDrawDistanceScale:1]]
[2022.11.08-06.08.57:449][  0]LogConfig: Setting CVar [[r.CapsuleShadows:1]]
[2022.11.08-06.08.57:449][  0]LogConfig: Applying CVar settings from Section [PostProcessQuality@3] File [D:/Программы/Prologue/MyProject/Saved/Config/Windows/Scalability.ini]
[2022.11.08-06.08.57:449][  0]LogConfig: Setting CVar [[r.MotionBlurQuality:4]]
[2022.11.08-06.08.57:449][  0]LogConfig: Setting CVar [[r.AmbientOcclusionMipLevelFactor:0.4]]
[2022.11.08-06.08.57:449][  0]LogConfig: Setting CVar [[r.AmbientOcclusionMaxQuality:100]]
[2022.11.08-06.08.57:449][  0]LogConfig: Setting CVar [[r.AmbientOcclusionLevels:-1]]
[2022.11.08-06.08.57:449][  0]LogConfig: Setting CVar [[r.AmbientOcclusionRadiusScale:1.0]]
[2022.11.08-06.08.57:449][  0]LogConfig: Setting CVar [[r.DepthOfFieldQuality:2]]
[2022.11.08-06.08.57:449][  0]LogConfig: Setting CVar [[r.RenderTargetPoolMin:400]]
[2022.11.08-06.08.57:449][  0]LogConfig: Setting CVar [[r.LensFlareQuality:2]]
[2022.11.08-06.08.57:449][  0]LogConfig: Setting CVar [[r.SceneColorFringeQuality:1]]
[2022.11.08-06.08.57:449][  0]LogConfig: Setting CVar [[r.EyeAdaptationQuality:2]]
[2022.11.08-06.08.57:449][  0]LogConfig: Setting CVar [[r.BloomQuality:5]]
[2022.11.08-06.08.57:450][  0]LogConfig: Setting CVar [[r.FastBlurThreshold:100]]
[2022.11.08-06.08.57:450][  0]LogConfig: Setting CVar [[r.Upscale.Quality:3]]
[2022.11.08-06.08.57:450][  0]LogConfig: Setting CVar [[r.Tonemapper.GrainQuantization:1]]
[2022.11.08-06.08.57:450][  0]LogConfig: Setting CVar [[r.LightShaftQuality:1]]
[2022.11.08-06.08.57:450][  0]LogConfig: Setting CVar [[r.Filter.SizeScale:1]]
[2022.11.08-06.08.57:450][  0]LogConfig: Setting CVar [[r.Tonemapper.Quality:5]]
[2022.11.08-06.08.57:450][  0]LogConfig: Setting CVar [[r.DOF.Gather.AccumulatorQuality:1        ; higher gathering accumulator quality]]
[2022.11.08-06.08.57:450][  0]LogConfig: Setting CVar [[r.DOF.Gather.PostfilterMethod:1          ; Median3x3 postfilering method]]
[2022.11.08-06.08.57:450][  0]LogConfig: Setting CVar [[r.DOF.Gather.EnableBokehSettings:0       ; no bokeh simulation when gathering]]
[2022.11.08-06.08.57:450][  0]LogConfig: Setting CVar [[r.DOF.Gather.RingCount:4                 ; medium number of samples when gathering]]
[2022.11.08-06.08.57:450][  0]LogConfig: Setting CVar [[r.DOF.Scatter.ForegroundCompositing:1    ; additive foreground scattering]]
[2022.11.08-06.08.57:450][  0]LogConfig: Setting CVar [[r.DOF.Scatter.BackgroundCompositing:2    ; additive background scattering]]
[2022.11.08-06.08.57:450][  0]LogConfig: Setting CVar [[r.DOF.Scatter.EnableBokehSettings:1      ; bokeh simulation when scattering]]
[2022.11.08-06.08.57:450][  0]LogConfig: Setting CVar [[r.DOF.Scatter.MaxSpriteRatio:0.1         ; only a maximum of 10% of scattered bokeh]]
[2022.11.08-06.08.57:450][  0]LogConfig: Setting CVar [[r.DOF.Recombine.Quality:1                ; cheap slight out of focus]]
[2022.11.08-06.08.57:450][  0]LogConfig: Setting CVar [[r.DOF.Recombine.EnableBokehSettings:0    ; no bokeh simulation on slight out of focus]]
[2022.11.08-06.08.57:450][  0]LogConfig: Setting CVar [[r.DOF.TemporalAAQuality:1                ; more stable temporal accumulation]]
[2022.11.08-06.08.57:451][  0]LogConfig: Setting CVar [[r.DOF.Kernel.MaxForegroundRadius:0.025]]
[2022.11.08-06.08.57:451][  0]LogConfig: Setting CVar [[r.DOF.Kernel.MaxBackgroundRadius:0.025]]
[2022.11.08-06.08.57:451][  0]LogConfig: Applying CVar settings from Section [TextureQuality@3] File [D:/Программы/Prologue/MyProject/Saved/Config/Windows/Scalability.ini]
[2022.11.08-06.08.57:451][  0]LogConfig: Setting CVar [[r.Streaming.MipBias:0]]
[2022.11.08-06.08.57:451][  0]LogConfig: Setting CVar [[r.Streaming.AmortizeCPUToGPUCopy:0]]
[2022.11.08-06.08.57:451][  0]LogConfig: Setting CVar [[r.Streaming.MaxNumTexturesToStreamPerFrame:0]]
[2022.11.08-06.08.57:451][  0]LogConfig: Setting CVar [[r.Streaming.Boost:1]]
[2022.11.08-06.08.57:451][  0]LogConfig: Setting CVar [[r.MaxAnisotropy:8]]
[2022.11.08-06.08.57:451][  0]LogConfig: Setting CVar [[r.VT.MaxAnisotropy:8]]
[2022.11.08-06.08.57:451][  0]LogConfig: Setting CVar [[r.Streaming.LimitPoolSizeToVRAM:0]]
[2022.11.08-06.08.57:451][  0]LogConfig: Setting CVar [[r.Streaming.PoolSize:1000]]
[2022.11.08-06.08.57:451][  0]LogConfig: Setting CVar [[r.Streaming.MaxEffectiveScreenSize:0]]
[2022.11.08-06.08.57:451][  0]LogConfig: Applying CVar settings from Section [EffectsQuality@3] File [D:/Программы/Prologue/MyProject/Saved/Config/Windows/Scalability.ini]
[2022.11.08-06.08.57:451][  0]LogConfig: Setting CVar [[r.TranslucencyLightingVolumeDim:64]]
[2022.11.08-06.08.57:451][  0]LogConfig: Setting CVar [[r.RefractionQuality:2]]
[2022.11.08-06.08.57:451][  0]LogConfig: Setting CVar [[r.SSR.Quality:3]]
[2022.11.08-06.08.57:451][  0]LogConfig: Setting CVar [[r.SSR.HalfResSceneColor:0]]
[2022.11.08-06.08.57:451][  0]LogConfig: Setting CVar [[r.SceneColorFormat:4]]
[2022.11.08-06.08.57:451][  0]LogConfig: Setting CVar [[r.DetailMode:2]]
[2022.11.08-06.08.57:451][  0]LogConfig: Setting CVar [[r.TranslucencyVolumeBlur:1]]
[2022.11.08-06.08.57:451][  0]LogConfig: Setting CVar [[r.MaterialQualityLevel:1 ; High quality]]
[2022.11.08-06.08.57:451][  0]LogConfig: Setting CVar [[r.AnisotropicMaterials:1]]
[2022.11.08-06.08.57:451][  0]LogConfig: Setting CVar [[r.SSS.Scale:1]]
[2022.11.08-06.08.57:451][  0]LogConfig: Setting CVar [[r.SSS.SampleSet:2]]
[2022.11.08-06.08.57:451][  0]LogConfig: Setting CVar [[r.SSS.Quality:1]]
[2022.11.08-06.08.57:451][  0]LogConfig: Setting CVar [[r.SSS.HalfRes:0]]
[2022.11.08-06.08.57:451][  0]LogConfig: Setting CVar [[r.SSGI.Quality:3]]
[2022.11.08-06.08.57:452][  0]LogConfig: Setting CVar [[r.EmitterSpawnRateScale:1.0]]
[2022.11.08-06.08.57:452][  0]LogConfig: Setting CVar [[r.ParticleLightQuality:2]]
[2022.11.08-06.08.57:452][  0]LogConfig: Setting CVar [[r.SkyAtmosphere.AerialPerspectiveLUT.FastApplyOnOpaque:1 ; Always have FastSkyLUT 1 in this case to avoid wrong sky]]
[2022.11.08-06.08.57:452][  0]LogConfig: Setting CVar [[r.SkyAtmosphere.AerialPerspectiveLUT.SampleCountMaxPerSlice:4]]
[2022.11.08-06.08.57:452][  0]LogConfig: Setting CVar [[r.SkyAtmosphere.AerialPerspectiveLUT.DepthResolution:16.0]]
[2022.11.08-06.08.57:452][  0]LogConfig: Setting CVar [[r.SkyAtmosphere.FastSkyLUT:1]]
[2022.11.08-06.08.57:452][  0]LogConfig: Setting CVar [[r.SkyAtmosphere.FastSkyLUT.SampleCountMin:4.0]]
[2022.11.08-06.08.57:452][  0]LogConfig: Setting CVar [[r.SkyAtmosphere.FastSkyLUT.SampleCountMax:128.0]]
[2022.11.08-06.08.57:452][  0]LogConfig: Setting CVar [[r.SkyAtmosphere.SampleCountMin:4.0]]
[2022.11.08-06.08.57:452][  0]LogConfig: Setting CVar [[r.SkyAtmosphere.SampleCountMax:128.0]]
[2022.11.08-06.08.57:452][  0]LogConfig: Setting CVar [[r.SkyAtmosphere.TransmittanceLUT.UseSmallFormat:0]]
[2022.11.08-06.08.57:452][  0]LogConfig: Setting CVar [[r.SkyAtmosphere.TransmittanceLUT.SampleCount:10.0]]
[2022.11.08-06.08.57:452][  0]LogConfig: Setting CVar [[r.SkyAtmosphere.MultiScatteringLUT.SampleCount:15.0]]
[2022.11.08-06.08.57:452][  0]LogConfig: Setting CVar [[r.SkyLight.RealTimeReflectionCapture:1]]
[2022.11.08-06.08.57:452][  0]LogConfig: Applying CVar settings from Section [FoliageQuality@3] File [D:/Программы/Prologue/MyProject/Saved/Config/Windows/Scalability.ini]
[2022.11.08-06.08.57:452][  0]LogConfig: Setting CVar [[foliage.DensityScale:1.0]]
[2022.11.08-06.08.57:452][  0]LogConfig: Setting CVar [[grass.DensityScale:1.0]]
[2022.11.08-06.08.57:452][  0]LogConfig: Applying CVar settings from Section [ShadingQuality@3] File [D:/Программы/Prologue/MyProject/Saved/Config/Windows/Scalability.ini]
[2022.11.08-06.08.57:452][  0]LogConfig: Setting CVar [[r.HairStrands.SkyLighting.IntegrationType:2]]
[2022.11.08-06.08.57:452][  0]LogConfig: Setting CVar [[r.HairStrands.SkyAO.SampleCount:4]]
[2022.11.08-06.08.57:452][  0]LogConfig: Setting CVar [[r.HairStrands.Visibility.MSAA.SamplePerPixel:4]]
[2022.11.08-06.08.57:457][  0]LogInit: Selected Device Profile: [Windows]
[2022.11.08-06.08.57:462][  0]LogInit: Applying CVar settings loaded from the selected device profile: [Windows]
[2022.11.08-06.08.57:480][  0]LogHAL: Display: Platform has ~ 16 GB [17155514368 / 17179869184 / 16], which maps to Larger [LargestMinGB=32, LargerMinGB=12, DefaultMinGB=8, SmallerMinGB=6, SmallestMinGB=0)
[2022.11.08-06.08.57:480][  0]LogInit: Going up to parent DeviceProfile []
[2022.11.08-06.08.57:488][  0]LogConfig: Applying CVar settings from Section [ViewDistanceQuality@3] File [D:/Программы/Prologue/MyProject/Saved/Config/Windows/Scalability.ini]
[2022.11.08-06.08.57:490][  0]LogConfig: Setting CVar [[r.SkeletalMeshLODBias:0]]
[2022.11.08-06.08.57:490][  0]LogConfig: Setting CVar [[r.ViewDistanceScale:1.0]]
[2022.11.08-06.08.57:490][  0]LogConfig: Applying CVar settings from Section [AntiAliasingQuality@3] File [D:/Программы/Prologue/MyProject/Saved/Config/Windows/Scalability.ini]
[2022.11.08-06.08.57:490][  0]LogConfig: Setting CVar [[r.PostProcessAAQuality:4]]
[2022.11.08-06.08.57:490][  0]LogConfig: Applying CVar settings from Section [ShadowQuality@3] File [D:/Программы/Prologue/MyProject/Saved/Config/Windows/Scalability.ini]
[2022.11.08-06.08.57:490][  0]LogConfig: Setting CVar [[r.LightFunctionQuality:1]]
[2022.11.08-06.08.57:490][  0]LogConfig: Setting CVar [[r.ShadowQuality:5]]
[2022.11.08-06.08.57:490][  0]LogConfig: Setting CVar [[r.Shadow.CSM.MaxCascades:10]]
[2022.11.08-06.08.57:490][  0]LogConfig: Setting CVar [[r.Shadow.MaxResolution:2048]]
[2022.11.08-06.08.57:490][  0]LogConfig: Setting CVar [[r.Shadow.MaxCSMResolution:2048]]
[2022.11.08-06.08.57:490][  0]LogConfig: Setting CVar [[r.Shadow.RadiusThreshold:0.01]]
[2022.11.08-06.08.57:490][  0]LogConfig: Setting CVar [[r.Shadow.DistanceScale:1.0]]
[2022.11.08-06.08.57:490][  0]LogConfig: Setting CVar [[r.Shadow.CSM.TransitionScale:1.0]]
[2022.11.08-06.08.57:490][  0]LogConfig: Setting CVar [[r.Shadow.PreShadowResolutionFactor:1.0]]
[2022.11.08-06.08.57:490][  0]LogConfig: Setting CVar [[r.DistanceFieldShadowing:1]]
[2022.11.08-06.08.57:490][  0]LogConfig: Setting CVar [[r.DistanceFieldAO:1]]
[2022.11.08-06.08.57:490][  0]LogConfig: Setting CVar [[r.AOQuality:2]]
[2022.11.08-06.08.57:490][  0]LogConfig: Setting CVar [[r.VolumetricFog:1]]
[2022.11.08-06.08.57:491][  0]LogConfig: Setting CVar [[r.VolumetricFog.GridPixelSize:8]]
[2022.11.08-06.08.57:491][  0]LogConfig: Setting CVar [[r.VolumetricFog.GridSizeZ:128]]
[2022.11.08-06.08.57:491][  0]LogConfig: Setting CVar [[r.VolumetricFog.HistoryMissSupersampleCount:4]]
[2022.11.08-06.08.57:491][  0]LogConfig: Setting CVar [[r.LightMaxDrawDistanceScale:1]]
[2022.11.08-06.08.57:491][  0]LogConfig: Setting CVar [[r.CapsuleShadows:1]]
[2022.11.08-06.08.57:491][  0]LogConfig: Applying CVar settings from Section [PostProcessQuality@3] File [D:/Программы/Prologue/MyProject/Saved/Config/Windows/Scalability.ini]
[2022.11.08-06.08.57:491][  0]LogConfig: Setting CVar [[r.MotionBlurQuality:4]]
[2022.11.08-06.08.57:491][  0]LogConfig: Setting CVar [[r.AmbientOcclusionMipLevelFactor:0.4]]
[2022.11.08-06.08.57:491][  0]LogConfig: Setting CVar [[r.AmbientOcclusionMaxQuality:100]]
[2022.11.08-06.08.57:491][  0]LogConfig: Setting CVar [[r.AmbientOcclusionLevels:-1]]
[2022.11.08-06.08.57:491][  0]LogConfig: Setting CVar [[r.AmbientOcclusionRadiusScale:1.0]]
[2022.11.08-06.08.57:491][  0]LogConfig: Setting CVar [[r.DepthOfFieldQuality:2]]
[2022.11.08-06.08.57:491][  0]LogConfig: Setting CVar [[r.RenderTargetPoolMin:400]]
[2022.11.08-06.08.57:491][  0]LogConfig: Setting CVar [[r.LensFlareQuality:2]]
[2022.11.08-06.08.57:491][  0]LogConfig: Setting CVar [[r.SceneColorFringeQuality:1]]
[2022.11.08-06.08.57:491][  0]LogConfig: Setting CVar [[r.EyeAdaptationQuality:2]]
[2022.11.08-06.08.57:491][  0]LogConfig: Setting CVar [[r.BloomQuality:5]]
[2022.11.08-06.08.57:491][  0]LogConfig: Setting CVar [[r.FastBlurThreshold:100]]
[2022.11.08-06.08.57:491][  0]LogConfig: Setting CVar [[r.Upscale.Quality:3]]
[2022.11.08-06.08.57:491][  0]LogConfig: Setting CVar [[r.Tonemapper.GrainQuantization:1]]
[2022.11.08-06.08.57:491][  0]LogConfig: Setting CVar [[r.LightShaftQuality:1]]
[2022.11.08-06.08.57:491][  0]LogConfig: Setting CVar [[r.Filter.SizeScale:1]]
[2022.11.08-06.08.57:491][  0]LogConfig: Setting CVar [[r.Tonemapper.Quality:5]]
[2022.11.08-06.08.57:491][  0]LogConfig: Setting CVar [[r.DOF.Gather.AccumulatorQuality:1        ; higher gathering accumulator quality]]
[2022.11.08-06.08.57:491][  0]LogConfig: Setting CVar [[r.DOF.Gather.PostfilterMethod:1          ; Median3x3 postfilering method]]
[2022.11.08-06.08.57:494][  0]LogConfig: Setting CVar [[r.DOF.Gather.EnableBokehSettings:0       ; no bokeh simulation when gathering]]
[2022.11.08-06.08.57:494][  0]LogConfig: Setting CVar [[r.DOF.Gather.RingCount:4                 ; medium number of samples when gathering]]
[2022.11.08-06.08.57:495][  0]LogConfig: Setting CVar [[r.DOF.Scatter.ForegroundCompositing:1    ; additive foreground scattering]]
[2022.11.08-06.08.57:495][  0]LogConfig: Setting CVar [[r.DOF.Scatter.BackgroundCompositing:2    ; additive background scattering]]
[2022.11.08-06.08.57:495][  0]LogConfig: Setting CVar [[r.DOF.Scatter.EnableBokehSettings:1      ; bokeh simulation when scattering]]
[2022.11.08-06.08.57:495][  0]LogConfig: Setting CVar [[r.DOF.Scatter.MaxSpriteRatio:0.1         ; only a maximum of 10% of scattered bokeh]]
[2022.11.08-06.08.57:495][  0]LogConfig: Setting CVar [[r.DOF.Recombine.Quality:1                ; cheap slight out of focus]]
[2022.11.08-06.08.57:495][  0]LogConfig: Setting CVar [[r.DOF.Recombine.EnableBokehSettings:0    ; no bokeh simulation on slight out of focus]]
[2022.11.08-06.08.57:495][  0]LogConfig: Setting CVar [[r.DOF.TemporalAAQuality:1                ; more stable temporal accumulation]]
[2022.11.08-06.08.57:495][  0]LogConfig: Setting CVar [[r.DOF.Kernel.MaxForegroundRadius:0.025]]
[2022.11.08-06.08.57:495][  0]LogConfig: Setting CVar [[r.DOF.Kernel.MaxBackgroundRadius:0.025]]
[2022.11.08-06.08.57:495][  0]LogConfig: Applying CVar settings from Section [TextureQuality@3] File [D:/Программы/Prologue/MyProject/Saved/Config/Windows/Scalability.ini]
[2022.11.08-06.08.57:495][  0]LogConfig: Setting CVar [[r.Streaming.MipBias:0]]
[2022.11.08-06.08.57:495][  0]LogConfig: Setting CVar [[r.Streaming.AmortizeCPUToGPUCopy:0]]
[2022.11.08-06.08.57:495][  0]LogConfig: Setting CVar [[r.Streaming.MaxNumTexturesToStreamPerFrame:0]]
[2022.11.08-06.08.57:495][  0]LogConfig: Setting CVar [[r.Streaming.Boost:1]]
[2022.11.08-06.08.57:496][  0]LogConfig: Setting CVar [[r.MaxAnisotropy:8]]
[2022.11.08-06.08.57:496][  0]LogConfig: Setting CVar [[r.VT.MaxAnisotropy:8]]
[2022.11.08-06.08.57:496][  0]LogConfig: Setting CVar [[r.Streaming.LimitPoolSizeToVRAM:0]]
[2022.11.08-06.08.57:496][  0]LogConfig: Setting CVar [[r.Streaming.PoolSize:1000]]
[2022.11.08-06.08.57:496][  0]LogConfig: Setting CVar [[r.Streaming.MaxEffectiveScreenSize:0]]
[2022.11.08-06.08.57:496][  0]LogConfig: Applying CVar settings from Section [EffectsQuality@3] File [D:/Программы/Prologue/MyProject/Saved/Config/Windows/Scalability.ini]
[2022.11.08-06.08.57:496][  0]LogConfig: Setting CVar [[r.TranslucencyLightingVolumeDim:64]]
[2022.11.08-06.08.57:496][  0]LogConfig: Setting CVar [[r.RefractionQuality:2]]
[2022.11.08-06.08.57:496][  0]LogConfig: Setting CVar [[r.SSR.Quality:3]]
[2022.11.08-06.08.57:496][  0]LogConfig: Setting CVar [[r.SSR.HalfResSceneColor:0]]
[2022.11.08-06.08.57:496][  0]LogConfig: Setting CVar [[r.SceneColorFormat:4]]
[2022.11.08-06.08.57:496][  0]LogConfig: Setting CVar [[r.DetailMode:2]]
[2022.11.08-06.08.57:496][  0]LogConfig: Setting CVar [[r.TranslucencyVolumeBlur:1]]
[2022.11.08-06.08.57:496][  0]LogConfig: Setting CVar [[r.MaterialQualityLevel:1 ; High quality]]
[2022.11.08-06.08.57:496][  0]LogConfig: Setting CVar [[r.AnisotropicMaterials:1]]
[2022.11.08-06.08.57:496][  0]LogConfig: Setting CVar [[r.SSS.Scale:1]]
[2022.11.08-06.08.57:496][  0]LogConfig: Setting CVar [[r.SSS.SampleSet:2]]
[2022.11.08-06.08.57:496][  0]LogConfig: Setting CVar [[r.SSS.Quality:1]]
[2022.11.08-06.08.57:497][  0]LogConfig: Setting CVar [[r.SSS.HalfRes:0]]
[2022.11.08-06.08.57:497][  0]LogConfig: Setting CVar [[r.SSGI.Quality:3]]
[2022.11.08-06.08.57:497][  0]LogConfig: Setting CVar [[r.EmitterSpawnRateScale:1.0]]
[2022.11.08-06.08.57:497][  0]LogConfig: Setting CVar [[r.ParticleLightQuality:2]]
[2022.11.08-06.08.57:497][  0]LogConfig: Setting CVar [[r.SkyAtmosphere.AerialPerspectiveLUT.FastApplyOnOpaque:1 ; Always have FastSkyLUT 1 in this case to avoid wrong sky]]
[2022.11.08-06.08.57:497][  0]LogConfig: Setting CVar [[r.SkyAtmosphere.AerialPerspectiveLUT.SampleCountMaxPerSlice:4]]
[2022.11.08-06.08.57:497][  0]LogConfig: Setting CVar [[r.SkyAtmosphere.AerialPerspectiveLUT.DepthResolution:16.0]]
[2022.11.08-06.08.57:497][  0]LogConfig: Setting CVar [[r.SkyAtmosphere.FastSkyLUT:1]]
[2022.11.08-06.08.57:497][  0]LogConfig: Setting CVar [[r.SkyAtmosphere.FastSkyLUT.SampleCountMin:4.0]]
[2022.11.08-06.08.57:497][  0]LogConfig: Setting CVar [[r.SkyAtmosphere.FastSkyLUT.SampleCountMax:128.0]]
[2022.11.08-06.08.57:497][  0]LogConfig: Setting CVar [[r.SkyAtmosphere.SampleCountMin:4.0]]
[2022.11.08-06.08.57:497][  0]LogConfig: Setting CVar [[r.SkyAtmosphere.SampleCountMax:128.0]]
[2022.11.08-06.08.57:497][  0]LogConfig: Setting CVar [[r.SkyAtmosphere.TransmittanceLUT.UseSmallFormat:0]]
[2022.11.08-06.08.57:497][  0]LogConfig: Setting CVar [[r.SkyAtmosphere.TransmittanceLUT.SampleCount:10.0]]
[2022.11.08-06.08.57:497][  0]LogConfig: Setting CVar [[r.SkyAtmosphere.MultiScatteringLUT.SampleCount:15.0]]
[2022.11.08-06.08.57:497][  0]LogConfig: Setting CVar [[r.SkyLight.RealTimeReflectionCapture:1]]
[2022.11.08-06.08.57:497][  0]LogConfig: Applying CVar settings from Section [FoliageQuality@3] File [D:/Программы/Prologue/MyProject/Saved/Config/Windows/Scalability.ini]
[2022.11.08-06.08.57:497][  0]LogConfig: Setting CVar [[foliage.DensityScale:1.0]]
[2022.11.08-06.08.57:497][  0]LogConfig: Setting CVar [[grass.DensityScale:1.0]]
[2022.11.08-06.08.57:497][  0]LogConfig: Applying CVar settings from Section [ShadingQuality@3] File [D:/Программы/Prologue/MyProject/Saved/Config/Windows/Scalability.ini]
[2022.11.08-06.08.57:497][  0]LogConfig: Setting CVar [[r.HairStrands.SkyLighting.IntegrationType:2]]
[2022.11.08-06.08.57:497][  0]LogConfig: Setting CVar [[r.HairStrands.SkyAO.SampleCount:4]]
[2022.11.08-06.08.57:497][  0]LogConfig: Setting CVar [[r.HairStrands.Visibility.MSAA.SamplePerPixel:4]]
[2022.11.08-06.08.57:497][  0]LogConfig: Applying CVar settings from Section [Startup] File [../../../Engine/Config/ConsoleVariables.ini]
[2022.11.08-06.08.57:498][  0]LogConfig: Setting CVar [[net.UseAdaptiveNetUpdateFrequency:0]]
[2022.11.08-06.08.57:498][  0]LogConfig: Setting CVar [[p.chaos.AllowCreatePhysxBodies:1]]
[2022.11.08-06.08.57:498][  0]LogConfig: Setting CVar [[fx.SkipVectorVMBackendOptimizations:1]]
[2022.11.08-06.08.57:498][  0]LogConfig: Applying CVar settings from Section [ConsoleVariables] File [D:/Программы/Prologue/MyProject/Saved/Config/Windows/Engine.ini]
[2022.11.08-06.08.57:498][  0]LogConfig: Applying CVar settings from Section [ConsoleVariables] File [D:/Программы/Prologue/MyProject/Saved/Config/Windows/Editor.ini]
[2022.11.08-06.08.57:513][  0]LogInit: Computer: DESKTOP-7C1U5QB
[2022.11.08-06.08.57:513][  0]LogInit: User: Наташа
[2022.11.08-06.08.57:513][  0]LogInit: CPU Page size=4096, Cores=2
[2022.11.08-06.08.57:513][  0]LogInit: High frequency timer resolution =10.000000 MHz
[2022.11.08-06.08.57:513][  0]LogMemory: Memory total: Physical=16.0GB (16GB approx)
[2022.11.08-06.08.57:513][  0]LogMemory: Platform Memory Stats for Windows
[2022.11.08-06.08.57:513][  0]LogMemory: Process Physical Memory: 142.21 MB used, 142.21 MB peak
[2022.11.08-06.08.57:513][  0]LogMemory: Process Virtual Memory: 113.02 MB used, 113.02 MB peak
[2022.11.08-06.08.57:513][  0]LogMemory: Physical Memory: 7353.87 MB used,  9006.91 MB free, 16360.77 MB total
[2022.11.08-06.08.57:513][  0]LogMemory: Virtual Memory: 134207744.00 MB used,  9982.68 MB free, 134217728.00 MB total
[2022.11.08-06.08.57:559][  0]LogWindows: WindowsPlatformFeatures enabled
[2022.11.08-06.08.58:875][  0]LogInit: Physics initialised using underlying interface: PhysX
[2022.11.08-06.08.58:902][  0]LogInit: Using OS detected language (ru-RU).
[2022.11.08-06.08.58:903][  0]LogInit: Using OS detected locale (ru-UA).
[2022.11.08-06.08.58:978][  0]LogTextLocalizationManager: No specific localization for 'ru-RU' exists, so the 'ru' localization will be used.
[2022.11.08-06.08.58:992][  0]LogTextLocalizationResource: LocRes '../../../Engine/Content/Localization/Editor/ru/Editor.locres' could not be opened for reading!
[2022.11.08-06.08.58:992][  0]LogTextLocalizationResource: LocRes '../../../Engine/Content/Localization/EditorTutorials/ru/EditorTutorials.locres' could not be opened for reading!
[2022.11.08-06.08.58:992][  0]LogTextLocalizationResource: LocRes '../../../Engine/Content/Localization/Keywords/ru/Keywords.locres' could not be opened for reading!
[2022.11.08-06.08.58:992][  0]LogTextLocalizationResource: LocRes '../../../Engine/Content/Localization/Category/ru/Category.locres' could not be opened for reading!
[2022.11.08-06.08.59:005][  0]LogTextLocalizationResource: LocRes '../../../Engine/Content/Localization/ToolTips/ru/ToolTips.locres' could not be opened for reading!
[2022.11.08-06.08.59:014][  0]LogTextLocalizationResource: LocRes '../../../Engine/Content/Localization/PropertyNames/ru/PropertyNames.locres' could not be opened for reading!
[2022.11.08-06.08.59:015][  0]LogTextLocalizationResource: LocRes '../../../Engine/Content/Localization/Engine/ru/Engine.locres' could not be opened for reading!
[2022.11.08-06.08.59:162][  0]LogInit: Setting process to per monitor DPI aware
[2022.11.08-06.08.59:455][  0]LogWindowsTextInputMethodSystem: Display: IME system deactivated.
[2022.11.08-06.08.59:813][  0]LogSlate: New Slate User Created.  User Index 0, Is Virtual User: 0
[2022.11.08-06.08.59:813][  0]LogSlate: Slate User Registered.  User Index 0, Is Virtual User: 0
[2022.11.08-06.09.00:821][  0]LogD3D11RHI: Loaded GFSDK_Aftermath_Lib.x64.dll
[2022.11.08-06.09.00:846][  0]LogHMD: Failed to initialize OpenVR with code 110
[2022.11.08-06.09.00:846][  0]LogD3D11RHI: D3D11 min allowed feature level: 11_0
[2022.11.08-06.09.00:847][  0]LogD3D11RHI: D3D11 max allowed feature level: 11_0
[2022.11.08-06.09.00:847][  0]LogD3D11RHI: D3D11 adapters:
[2022.11.08-06.09.01:180][  0]LogD3D11RHI:    0. 'NVIDIA GeForce GTX 1050 Ti' (Feature Level 11_0)
[2022.11.08-06.09.01:180][  0]LogD3D11RHI:       4018/0/8180 MB DedicatedVideo/DedicatedSystem/SharedSystem, Outputs:1, VendorId:0x10de
[2022.11.08-06.09.01:185][  0]LogD3D11RHI:    1. 'Microsoft Basic Render Driver' (Feature Level 11_0)
[2022.11.08-06.09.01:185][  0]LogD3D11RHI:       0/0/8180 MB DedicatedVideo/DedicatedSystem/SharedSystem, Outputs:0, VendorId:0x1414
[2022.11.08-06.09.01:185][  0]LogD3D11RHI: Chosen D3D11 Adapter:
[2022.11.08-06.09.01:185][  0]LogD3D11RHI:     Description : NVIDIA GeForce GTX 1050 Ti
[2022.11.08-06.09.01:185][  0]LogD3D11RHI:     VendorId    : 10de
[2022.11.08-06.09.01:185][  0]LogD3D11RHI:     DeviceId    : 1c82
[2022.11.08-06.09.01:185][  0]LogD3D11RHI:     SubSysId    : 86131043
[2022.11.08-06.09.01:185][  0]LogD3D11RHI:     Revision    : 00a1
[2022.11.08-06.09.01:185][  0]LogD3D11RHI:     DedicatedVideoMemory : 4213178368 bytes
[2022.11.08-06.09.01:185][  0]LogD3D11RHI:     DedicatedSystemMemory : 0 bytes
[2022.11.08-06.09.01:185][  0]LogD3D11RHI:     SharedSystemMemory : 8577757184 bytes
[2022.11.08-06.09.01:185][  0]LogD3D11RHI:     AdapterLuid : 0 49357
[2022.11.08-06.09.01:198][  0]LogD3D11RHI: Creating new Direct3DDevice
[2022.11.08-06.09.01:198][  0]LogD3D11RHI:     GPU DeviceId: 0x1c82 (for the marketing name, search the web for "GPU Device Id")
[2022.11.08-06.09.01:198][  0]LogWindows: EnumDisplayDevices:
[2022.11.08-06.09.01:198][  0]LogWindows:    0. 'NVIDIA GeForce GTX 1050 Ti' (P:1 D:1)
[2022.11.08-06.09.01:199][  0]LogWindows:    1. 'NVIDIA GeForce GTX 1050 Ti' (P:0 D:0)
[2022.11.08-06.09.01:199][  0]LogWindows:    2. 'NVIDIA GeForce GTX 1050 Ti' (P:0 D:0)
[2022.11.08-06.09.01:200][  0]LogWindows:    3. 'NVIDIA GeForce GTX 1050 Ti' (P:0 D:0)
[2022.11.08-06.09.01:200][  0]LogWindows: DebugString: FoundDriverCount:4 
[2022.11.08-06.09.01:200][  0]LogD3D11RHI:     Adapter Name: NVIDIA GeForce GTX 1050 Ti
[2022.11.08-06.09.01:200][  0]LogD3D11RHI:   Driver Version: 522.06 (internal:31.0.15.2206, unified:522.06)
[2022.11.08-06.09.01:200][  0]LogD3D11RHI:      Driver Date: 9-27-2022
[2022.11.08-06.09.01:200][  0]LogRHI: Texture pool is 2812 MB (70% of 4018 MB)
[2022.11.08-06.09.01:200][  0]LogD3D11RHI: Creating D3DDevice using adapter:
[2022.11.08-06.09.01:200][  0]LogD3D11RHI:     Description : NVIDIA GeForce GTX 1050 Ti
[2022.11.08-06.09.01:200][  0]LogD3D11RHI:     VendorId    : 10de
[2022.11.08-06.09.01:200][  0]LogD3D11RHI:     DeviceId    : 1c82
[2022.11.08-06.09.01:200][  0]LogD3D11RHI:     SubSysId    : 86131043
[2022.11.08-06.09.01:200][  0]LogD3D11RHI:     Revision    : 00a1
[2022.11.08-06.09.01:200][  0]LogD3D11RHI:     DedicatedVideoMemory : 4213178368 bytes
[2022.11.08-06.09.01:200][  0]LogD3D11RHI:     DedicatedSystemMemory : 0 bytes
[2022.11.08-06.09.01:200][  0]LogD3D11RHI:     SharedSystemMemory : 8577757184 bytes
[2022.11.08-06.09.01:200][  0]LogD3D11RHI:     AdapterLuid : 0 49357
[2022.11.08-06.09.01:370][  0]LogD3D11RHI: RHI has support for 64 bit atomics
[2022.11.08-06.09.01:371][  0]LogD3D11RHI: Async texture creation enabled
[2022.11.08-06.09.01:371][  0]LogD3D11RHI: Array index from any shader is supported
[2022.11.08-06.09.01:770][  0]LogD3D11RHI: GPU Timing Frequency: 1000.000000 (Debug: 2 1)
[2022.11.08-06.09.01:919][  0]LogRHI: GeForceNow SDK initialized: 1
[2022.11.08-06.09.03:786][  0]LogTargetPlatformManager: Display: Loaded TargetPlatform 'AllDesktop'
[2022.11.08-06.09.03:827][  0]LogTargetPlatformManager: Display: Loaded TargetPlatform 'Android'
[2022.11.08-06.09.03:827][  0]LogTargetPlatformManager: Display: Loaded TargetPlatform 'Android_ASTC'
[2022.11.08-06.09.03:827][  0]LogTargetPlatformManager: Display: Loaded TargetPlatform 'Android_DXT'
[2022.11.08-06.09.03:827][  0]LogTargetPlatformManager: Display: Loaded TargetPlatform 'Android_ETC2'
[2022.11.08-06.09.03:827][  0]LogTargetPlatformManager: Display: Loaded TargetPlatform 'AndroidClient'
[2022.11.08-06.09.03:827][  0]LogTargetPlatformManager: Display: Loaded TargetPlatform 'Android_ASTCClient'
[2022.11.08-06.09.03:827][  0]LogTargetPlatformManager: Display: Loaded TargetPlatform 'Android_DXTClient'
[2022.11.08-06.09.03:827][  0]LogTargetPlatformManager: Display: Loaded TargetPlatform 'Android_ETC2Client'
[2022.11.08-06.09.03:827][  0]LogTargetPlatformManager: Display: Loaded TargetPlatform 'Android_Multi'
[2022.11.08-06.09.03:827][  0]LogTargetPlatformManager: Display: Loaded TargetPlatform 'Android_MultiClient'
[2022.11.08-06.09.03:850][  0]LogTargetPlatformManager: Display: Loaded TargetPlatform 'IOSClient'
[2022.11.08-06.09.03:850][  0]LogTargetPlatformManager: Display: Loaded TargetPlatform 'IOS'
[2022.11.08-06.09.03:863][  0]LogTargetPlatformManager: Display: Loaded TargetPlatform 'Linux'
[2022.11.08-06.09.03:868][  0]LogTargetPlatformManager: Display: Loaded TargetPlatform 'LinuxNoEditor'
[2022.11.08-06.09.03:969][  0]LogTargetPlatformManager: Display: Loaded TargetPlatform 'LinuxClient'
[2022.11.08-06.09.03:987][  0]LogTargetPlatformManager: Display: Loaded TargetPlatform 'LinuxServer'
[2022.11.08-06.09.04:044][  0]LogTargetPlatformManager: Display: Loaded TargetPlatform 'LinuxAArch64NoEditor'
[2022.11.08-06.09.04:072][  0]LogTargetPlatformManager: Display: Loaded TargetPlatform 'LinuxAArch64Client'
[2022.11.08-06.09.04:106][  0]LogTargetPlatformManager: Display: Loaded TargetPlatform 'LinuxAArch64Server'
[2022.11.08-06.09.04:238][  0]LogTargetPlatformManager: Display: Loaded TargetPlatform 'Lumin'
[2022.11.08-06.09.04:238][  0]LogTargetPlatformManager: Display: Loaded TargetPlatform 'LuminClient'
[2022.11.08-06.09.04:324][  0]LogTargetPlatformManager: Display: Loaded TargetPlatform 'MacNoEditor'
[2022.11.08-06.09.04:344][  0]LogTargetPlatformManager: Display: Loaded TargetPlatform 'Mac'
[2022.11.08-06.09.04:363][  0]LogTargetPlatformManager: Display: Loaded TargetPlatform 'MacClient'
[2022.11.08-06.09.04:376][  0]LogTargetPlatformManager: Display: Loaded TargetPlatform 'MacServer'
[2022.11.08-06.09.04:406][  0]LogTargetPlatformManager: Display: Loaded TargetPlatform 'TVOSClient'
[2022.11.08-06.09.04:406][  0]LogTargetPlatformManager: Display: Loaded TargetPlatform 'TVOS'
[2022.11.08-06.09.04:486][  0]LogTargetPlatformManager: Display: Loaded TargetPlatform 'WindowsNoEditor'
[2022.11.08-06.09.04:504][  0]LogTargetPlatformManager: Display: Loaded TargetPlatform 'Windows'
[2022.11.08-06.09.04:555][  0]LogTargetPlatformManager: Display: Loaded TargetPlatform 'WindowsClient'
[2022.11.08-06.09.04:571][  0]LogTargetPlatformManager: Display: Loaded TargetPlatform 'WindowsServer'
[2022.11.08-06.09.04:572][  0]LogTargetPlatformManager: Display: Building Assets For Windows
[2022.11.08-06.09.04:887][  0]LogAudioDebug: Display: Lib vorbis DLL was dynamically loaded.
[2022.11.08-06.09.05:325][  0]LogTextureFormatOodle: Display: Oodle Texture 2.9.0 init RDO Off
[2022.11.08-06.09.06:104][  0]LogRendererCore: Ray tracing is disabled. Reason: r.RayTracing=0.
[2022.11.08-06.09.06:162][  0]LogShaderCompilers: Guid format shader working directory is 17 characters bigger than the processId version (../../../../Prologue/MyProject/Intermediate/Shaders/WorkingDirectory/6308/).
[2022.11.08-06.09.06:163][  0]LogShaderCompilers: Cleaned the shader compiler working directory 'C:/Users/Наташа/AppData/Local/Temp/UnrealShaderWorkingDir/3B88B8E348C03E33AD8A669E26700851/'.
[2022.11.08-06.09.06:165][  0]LogXGEController: Cannot use XGE Controller as Incredibuild is not installed on this machine.
[2022.11.08-06.09.06:165][  0]LogShaderCompilers: Cannot use XGE Shader Compiler as Incredibuild is not installed on this machine.
[2022.11.08-06.09.06:165][  0]LogShaderCompilers: Display: Using Local Shader Compiler.
[2022.11.08-06.09.09:614][  0]LogDerivedDataCache: Display: Max Cache Size: 512 MB
[2022.11.08-06.09.10:220][  0]LogDerivedDataCache: Loaded boot cache 0.60s 137MB C:/Users/Наташа/AppData/Local/UnrealEngine/4.27/DerivedDataCache/Boot.ddc.
[2022.11.08-06.09.10:227][  0]LogDerivedDataCache: Display: Loaded Boot cache: C:/Users/Наташа/AppData/Local/UnrealEngine/4.27/DerivedDataCache/Boot.ddc
[2022.11.08-06.09.10:227][  0]LogDerivedDataCache: FDerivedDataBackendGraph:  Pak pak cache file ../../../../Prologue/MyProject/DerivedDataCache/DDC.ddp not found, will not use a pak cache.
[2022.11.08-06.09.10:228][  0]LogDerivedDataCache: Unable to find inner node Pak for hierarchical cache Hierarchy.
[2022.11.08-06.09.10:228][  0]LogDerivedDataCache: FDerivedDataBackendGraph:  CompressedPak pak cache file ../../../../Prologue/MyProject/DerivedDataCache/Compressed.ddp not found, will not use a pak cache.
[2022.11.08-06.09.10:228][  0]LogDerivedDataCache: Unable to find inner node CompressedPak for hierarchical cache Hierarchy.
[2022.11.08-06.09.10:277][  0]LogDerivedDataCache: Display: Pak cache opened for reading ../../../Engine/DerivedDataCache/Compressed.ddp.
[2022.11.08-06.09.10:277][  0]LogDerivedDataCache: FDerivedDataBackendGraph:  EnterprisePak pak cache file ../../../Enterprise/DerivedDataCache/Compressed.ddp not found, will not use a pak cache.
[2022.11.08-06.09.10:278][  0]LogDerivedDataCache: Unable to find inner node EnterprisePak for hierarchical cache Hierarchy.
[2022.11.08-06.09.10:318][  0]LogDerivedDataCache: Speed tests for C:/Users/Наташа/AppData/Local/UnrealEngine/Common/DerivedDataCache took 0.04 seconds
[2022.11.08-06.09.10:318][  0]LogDerivedDataCache: Display: Performance to C:/Users/Наташа/AppData/Local/UnrealEngine/Common/DerivedDataCache: Latency=0.70ms. RandomReadSpeed=61.32MBs, RandomWriteSpeed=57.20MBs. Assigned SpeedClass 'Local'
[2022.11.08-06.09.10:320][  0]LogDerivedDataCache: Using Local data cache path C:/Users/Наташа/AppData/Local/UnrealEngine/Common/DerivedDataCache: Writable
[2022.11.08-06.09.10:321][  0]LogDerivedDataCache: Shared data cache path not found in *engine.ini, will not use an Shared cache.
[2022.11.08-06.09.10:321][  0]LogDerivedDataCache: Unable to find inner node Shared for hierarchical cache Hierarchy.
[2022.11.08-06.09.11:053][  0]LogSlate: Using FreeType 2.10.0
[2022.11.08-06.09.11:111][  0]LogSlate: SlateFontServices - WITH_FREETYPE: 1, WITH_HARFBUZZ: 1
[2022.11.08-06.09.11:716][  0]LogAssetRegistry: FAssetRegistry took 0.0137 seconds to start up
[2022.11.08-06.09.14:989][  0]LogInit: Selected Device Profile: [Windows]
[2022.11.08-06.09.14:989][  0]LogInit: Active device profile: [0000025A659A2800][0000025A6672E040 49] Windows
[2022.11.08-06.09.14:989][  0]LogInit: Profiles: [0000025A659A2800][0000025A6672E040 49] Windows, [0000025A66807B00][0000025A64849500 49] WindowsNoEditor, [0000025A659A2700][0000025A6469F680 49] WindowsServer, [0000025A66804100][0000025A5FF95800 49] WindowsClient, [0000025A6676FE00][0000025A667F2040 49] IOS, [0000025A66807800][0000025A667A4080 49] iPadAir, [0000025A6676C400][0000025A6484DC00 49] iPadAir2, [0000025A6660D500][0000025A64854340 49] IPadPro, [0000025A6660D600][0000025A64850380 49] iPadAir3, [0000025A6676C100][0000025A64858500 49] iPadAir4, [0000025A6660C200][0000025A667A6040 49] iPadMini2, [0000025A6676C300][0000025A6485C780 49] iPadMini3, [0000025A6660EF00][0000025A667AE040 49] iPadMini4, [0000025A6676FD00][0000025A648449C0 49] iPadMini5, [0000025A66807200][0000025A66620080 49] iPhone6, [0000025A66807100][0000025A66622040 49] iPodTouch6, [0000025A6660D200][0000025A66A16EC0 49] iPhone7, [0000025A6660D300][0000025A66A1AF00 49] iPodTouch7, [0000025A66804500][0000025A66762040 49] iPhone5S, [0000025A6660CA00][0000025A66760080 49] iPhone6Plus, [0000025A66806B00][0000025A6592C080 49] iPhone6S, [0000025A6660C400][0000025A66668080 49] iPhone6SPlus, [0000025A66807600][0000025A66A1F580 49] iPhone7Plus, [0000025A6660D100][0000025A66A23700 49] iPhoneSE, [0000025A66807700][0000025A66A27880 49] iPhone8, [0000025A6660C700][0000025A66A2BA00 49] iPhone8Plus, [0000025A66807A00][0000025A66A2FB80 49] iPhoneX, [0000025A6660CB00][0000025A66A82180 49] iPhoneXS, [0000025A66806400][0000025A66A86300 49] iPhoneXSMax, [0000025A6660F300][0000025A66A8A480 49] iPhoneXR, [0000025A66804C00][0000025A66A8E600 49] iPhone11, [0000025A6660E000][0000025A66A92780 49] iPhone11Pro, [0000025A66806000][0000025A66A96900 49] iPhone11ProMax, [0000025A6660DA00][0000025A66A12A40 49] iPhoneSE2, [0000025A66805400][0000025A66A9AB80 49] iPhone12Mini, [0000025A6660DC00][0000025A66A9ECC0 49] iPhone12, [0000025A66804900][0000025A66AA6E40 49] iPhone12Pro, [0000025A6660ED00][0000025A66AAAFC0 49] iPhone12ProMax, [0000025A66805500][0000025A66AAF140 49] iPadPro105, [0000025A6660E500][0000025A66AB32C0 49] iPadPro129, [0000025A66805D00][0000025A66AB7440 49] iPadPro97, [0000025A6660F900][0000025A66ABB5C0 49] iPadPro2_129, [0000025A66805200][0000025A66ABF740 49] iPad5, [0000025A6660CF00][0000025A66AC38C0 49] iPad6, [0000025A66806700][0000025A66AC7A40 49] iPad7, [0000025A6660F000][0000025A66ACBBC0 49] iPad8, [0000025A66806D00][0000025A66ACE1C0 49] iPadPro11, [0000025A6660FF00][0000025A66AD2340 49] iPadPro2_11, [0000025A66804D00][0000025A66AD64C0 49] iPadPro3_129, [0000025A6660D800][0000025A66ADA640 49] iPadPro4_129, [0000025A66804300][0000025A66ADE7C0 49] AppleTV, [0000025A6660EE00][0000025A66AE2940 49] AppleTV4K, [0000025A66804F00][0000025A66AE6AC0 49] TVOS, [0000025A6660DB00][0000025A66AA2C00 49] Mac, [0000025A66804600][0000025A66AEAD40 49] MacClient, [0000025A6660F700][0000025A66AEEE80 49] MacNoEditor, [0000025A66805800][0000025A66AF2FC0 49] MacServer, [0000025A6660E700][0000025A66AFB140 49] Linux, [0000025A66804A00][0000025A66AFF2C0 49] LinuxAArch64, [0000025A6660C100][0000025A66B03440 49] LinuxNoEditor, [0000025A66806E00][0000025A66B075C0 49] LinuxAArch64NoEditor, [0000025A6660F400][0000025A66B0B740 49] LinuxClient, [0000025A66806900][0000025A66B0F8C0 49] LinuxAArch64Client, [0000025A6660D000][0000025A66B13A40 49] LinuxServer, [0000025A66806800][0000025A66B17BC0 49] LinuxAArch64Server, [0000025A6660E300][0000025A66850080 49] Android, [0000025A66807D00][0000025A667DC080 49] Android_Low, [0000025A659A0900][0000025A667DE040 49] Android_Mid, [0000025A6676F500][0000025A66818080 49] Android_High, [0000025A659A0D00][0000025A6681A040 49] Android_Default, [0000025A6676D500][0000025A66774080 49] Android_Adreno4xx, [0000025A659A0400][0000025A66B1A940 49] Android_Adreno5xx_Low, [0000025A6676F000][0000025A66B7AAC0 49] Android_Adreno5xx, [0000025A659A1F00][0000025A66B7EC40 49] Android_Adreno6xx, [0000025A6676D800][0000025A66AF6D80 49] Android_Adreno6xx_Vulkan, [0000025A659A0800][0000025A66776040 49] Android_Mali_T6xx, [0000025A6676E200][0000025A66614080 49] Android_Mali_T7xx, [0000025A659A0B00][0000025A66B830C0 49] Android_Mali_T8xx, [0000025A6676DA00][0000025A66B8B240 49] Android_Mali_G71, [0000025A659A2000][0000025A66B8F3C0 49] Android_Mali_G72, [0000025A6676F600][0000025A66B93540 49] Android_Mali_G72_Vulkan, [0000025A659A0300][0000025A66B976C0 49] Android_Mali_G76, [0000025A6676CD00][0000025A66B9B840 49] Android_Mali_G76_Vulkan, [0000025A659A1E00][0000025A66B9F9C0 49] Android_Mali_G77, [0000025A6676CA00][0000025A66BA3B40 49] Android_Mali_G77_Vulkan, [0000025A659A2100][0000025A66BA6140 49] Android_Mali_G78, [0000025A6676C200][0000025A66BAA2C0 49] Android_Mali_G78_Vulkan, [0000025A659A2300][0000025A66BAE440 49] Android_Mali_G710, [0000025A6676EC00][0000025A66BB25C0 49] Android_Mali_G710_Vulkan, [0000025A659A1A00][0000025A66BB6740 49] Android_Vulkan_SM5, [0000025A6676EF00][0000025A66BBA8C0 49] Android_PowerVR_G6xxx, [0000025A659A1100][0000025A66BBEA40 49] Android_PowerVR_GT7xxx, [0000025A6676EA00][0000025A66BC2BC0 49] Android_PowerVR_GE8xxx, [0000025A66805000][0000025A66BC6D40 49] Android_PowerVR_GM9xxx, [0000025A6660D400][0000025A66BCAEC0 49] Android_PowerVR_GM9xxx_Vulkan, [0000025A66805900][0000025A66616040 49] Android_TegraK1, [0000025A6660EC00][0000025A66B87100 49] Android_Unknown_Vulkan, [0000025A66804800][0000025A66BCF240 49] Lumin, [0000025A6660CE00][0000025A66BD3380 49] Lumin_Desktop, [0000025A659A0E00][0000025A66BDB500 49] HoloLens, 
