Log file open, 11/14/22 03:57:24
LogWindows: Failed to load 'aqProf.dll' (GetLastError=126)
LogWindows: File 'aqProf.dll' does not exist
LogWindows: Failed to load 'VtuneApi.dll' (GetLastError=126)
LogWindows: File 'VtuneApi.dll' does not exist
LogWindows: Failed to load 'VtuneApi32e.dll' (GetLastError=126)
LogWindows: File 'VtuneApi32e.dll' does not exist
LogConsoleResponse: Display: Failed to find resolution value strings in scalability ini. Falling back to default.
LogConsoleResponse: Display: Failed to find resolution value strings in scalability ini. Falling back to default.
LogInit: Display: Running engine for game: MyProject
LogPlatformFile: Not using cached read wrapper
LogTaskGraph: Started task graph with 5 named threads and 35 total threads with 3 sets of task threads.
LogStats: Stats thread started at 0.215183
LogICUInternationalization: ICU TimeZone Detection - Raw Offset: +6:00, Platform Override: ''
LogInit: Display: Loading text-based GConfig....
LogPluginManager: Mounting plugin MeshPainting
LogPluginManager: Mounting plugin XGEController
LogPluginManager: Mounting plugin Paper2D
LogPluginManager: Mounting plugin AISupport
LogPluginManager: Mounting plugin EnvironmentQueryEditor
LogPluginManager: Mounting plugin CameraShakePreviewer
LogPluginManager: Mounting plugin LightPropagationVolume
LogPluginManager: Mounting plugin LiveLink
LogPluginManager: Mounting plugin OodleData
LogPluginManager: Mounting plugin GameplayCameras
LogPluginManager: Mounting plugin OodleNetwork
LogPluginManager: Mounting plugin AnimationSharing
LogPluginManager: Mounting plugin CLionSourceCodeAccess
LogPluginManager: Mounting plugin AlembicImporter
LogPluginManager: Mounting plugin DatasmithContent
LogPluginManager: Mounting plugin BackChannel
LogPluginManager: Mounting plugin AutomationUtils
LogPluginManager: Mounting plugin ChaosCloth
LogPluginManager: Mounting plugin ChaosClothEditor
LogPluginManager: Mounting plugin ChaosEditor
LogPluginManager: Mounting plugin ChaosSolverPlugin
LogPluginManager: Mounting plugin ChaosNiagara
LogPluginManager: Mounting plugin CharacterAI
LogPluginManager: Mounting plugin VariantManagerContent
LogPluginManager: Mounting plugin CodeLiteSourceCodeAccess
LogPluginManager: Mounting plugin KDevelopSourceCodeAccess
LogPluginManager: Mounting plugin GitSourceControl
LogPluginManager: Mounting plugin NullSourceCodeAccess
LogPluginManager: Mounting plugin PerforceSourceControl
LogPluginManager: Mounting plugin GeometryCache
LogPluginManager: Mounting plugin PixWinPlugin
LogPluginManager: Mounting plugin PlasticSourceControl
LogPluginManager: Mounting plugin RiderSourceCodeAccess
LogPluginManager: Mounting plugin PropertyAccessNode
LogPluginManager: Mounting plugin TextureFormatOodle
LogPluginManager: Mounting plugin UObjectPlugin
LogPluginManager: Mounting plugin SubversionSourceControl
LogPluginManager: Mounting plugin GeometryCollectionPlugin
LogPluginManager: Mounting plugin XCodeSourceCodeAccess
LogPluginManager: Mounting plugin PluginUtils
LogPluginManager: Mounting plugin GeometryProcessing
LogPluginManager: Mounting plugin AssetManagerEditor
LogPluginManager: Mounting plugin VisualStudioSourceCodeAccess
LogPluginManager: Mounting plugin CryptoKeys
LogPluginManager: Mounting plugin CurveEditorTools
LogPluginManager: Mounting plugin MotoSynth
LogPluginManager: Mounting plugin OpenImageDenoise
LogPluginManager: Mounting plugin DataValidation
LogPluginManager: Mounting plugin VisualStudioCodeSourceCodeAccess
LogPluginManager: Mounting plugin GeometryMode
LogPluginManager: Mounting plugin PlanarCut
LogPluginManager: Mounting plugin GameplayTagsEditor
LogPluginManager: Mounting plugin MacGraphicsSwitching
LogPluginManager: Mounting plugin MaterialAnalyzer
LogPluginManager: Mounting plugin MobileLauncherProfileWizard
LogPluginManager: Mounting plugin FacialAnimation
LogPluginManager: Mounting plugin PluginBrowser
LogPluginManager: Mounting plugin SpeedTreeImporter
LogPluginManager: Mounting plugin PlatformCrypto
LogPluginManager: Mounting plugin ProxyLODPlugin
LogPluginManager: Mounting plugin PythonScriptPlugin
LogPluginManager: Mounting plugin Niagara
LogPluginManager: Mounting plugin SkeletalReduction
LogPluginManager: Mounting plugin LuminPlatformFeatures
LogPluginManager: Mounting plugin MagicLeap
LogPluginManager: Mounting plugin MagicLeapLightEstimation
LogPluginManager: Mounting plugin MagicLeapMedia
LogPluginManager: Mounting plugin MagicLeapPassableWorld
LogPluginManager: Mounting plugin MLSDK
LogPluginManager: Mounting plugin AsyncLoadingScreen
LogPluginManager: Mounting plugin AndroidMedia
LogPluginManager: Mounting plugin AvfMedia
LogPluginManager: Mounting plugin ImgMedia
LogPluginManager: Mounting plugin MediaCompositing
LogPluginManager: Mounting plugin UdpMessaging
LogPluginManager: Mounting plugin TcpMessaging
LogPluginManager: Mounting plugin MediaPlayerEditor
LogPluginManager: Mounting plugin WmfMedia
LogPluginManager: Mounting plugin WebMMedia
LogPluginManager: Mounting plugin OnlineSubsystem
LogPluginManager: Mounting plugin OnlineSubsystemNull
LogPluginManager: Mounting plugin OnlineSubsystemUtils
LogPluginManager: Mounting plugin ActorSequence
LogPluginManager: Mounting plugin LevelSequenceEditor
LogPluginManager: Mounting plugin MatineeToLevelSequence
LogPluginManager: Mounting plugin ActorLayerUtilities
LogPluginManager: Mounting plugin AndroidDeviceProfileSelector
LogPluginManager: Mounting plugin AndroidMoviePlayer
LogPluginManager: Mounting plugin AndroidPermission
LogPluginManager: Mounting plugin AppleMoviePlayer
LogPluginManager: Mounting plugin AppleImageUtils
LogPluginManager: Mounting plugin ArchVisCharacter
LogPluginManager: Mounting plugin AudioSynesthesia
LogPluginManager: Mounting plugin CableComponent
LogPluginManager: Mounting plugin ChunkDownloader
LogPluginManager: Mounting plugin LauncherChunkInstaller
LogPluginManager: Mounting plugin CustomMeshComponent
LogPluginManager: Mounting plugin ScreenshotTools
LogPluginManager: Mounting plugin TemplateSequence
LogPluginManager: Mounting plugin ExampleDeviceProfileSelector
LogPluginManager: Mounting plugin EditableMesh
LogPluginManager: Mounting plugin GooglePAD
LogPluginManager: Mounting plugin AudioCapture
LogPluginManager: Mounting plugin AssetTags
LogPluginManager: Mounting plugin GoogleCloudMessaging
LogPluginManager: Mounting plugin IOSDeviceProfileSelector
LogPluginManager: Mounting plugin LinuxDeviceProfileSelector
LogPluginManager: Mounting plugin LocationServicesBPLibrary
LogPluginManager: Mounting plugin MobilePatchingUtils
LogPluginManager: Mounting plugin OpenXR
LogPluginManager: Mounting plugin OpenXREyeTracker
LogPluginManager: Mounting plugin OpenXRHandTracking
LogPluginManager: Mounting plugin Takes
LogPluginManager: Mounting plugin PhysXVehicles
LogPluginManager: Mounting plugin PostSplashScreen
LogPluginManager: Mounting plugin ProceduralMeshComponent
LogPluginManager: Mounting plugin PropertyAccessEditor
LogPluginManager: Mounting plugin RuntimePhysXCooking
LogPluginManager: Mounting plugin SignificanceManager
LogPluginManager: Mounting plugin SoundFields
LogPluginManager: Mounting plugin Synthesis
LogPluginManager: Mounting plugin WebMMoviePlayer
LogPluginManager: Mounting plugin WindowsMoviePlayer
LogPluginManager: Mounting plugin ContentBrowserAssetDataSource
LogPluginManager: Mounting plugin ContentBrowserClassDataSource
LogPluginManager: Mounting plugin ContentBrowserFileDataSource
LogPluginManager: Mounting plugin OnlineSubsystemGooglePlay
LogPluginManager: Mounting plugin OnlineSubsystemIOS
LogPluginManager: Mounting plugin OculusVR
LogPluginManager: Mounting plugin SteamVR
PixWinPlugin: PIX capture plugin failed to initialize! Check that the process is launched from PIX.
LogInit: Using libcurl 7.55.1-DEV
LogInit:  - built for x86_64-pc-win32
LogInit:  - supports SSL with OpenSSL/1.1.1
LogInit:  - supports HTTP deflate (compression) using libz 1.2.8
LogInit:  - other features:
LogInit:      CURL_VERSION_SSL
LogInit:      CURL_VERSION_LIBZ
LogInit:      CURL_VERSION_IPV6
LogInit:      CURL_VERSION_ASYNCHDNS
LogInit:      CURL_VERSION_LARGEFILE
LogInit:      CURL_VERSION_IDN
LogInit:  CurlRequestOptions (configurable via config and command line):
LogInit:  - bVerifyPeer = true  - Libcurl will verify peer certificate
LogInit:  - bUseHttpProxy = false  - Libcurl will NOT use HTTP proxy
LogInit:  - bDontReuseConnections = false  - Libcurl will reuse connections
LogInit:  - MaxHostConnections = 16  - Libcurl will limit the number of connections to a host
LogInit:  - LocalHostAddr = Default
LogInit:  - BufferSize = 65536
LogOnline: OSS: Creating online subsystem instance for: NULL
LogInit: WinSock: version 1.1 (2.2), MaxSocks=32767, MaxUdp=65467
LogOnline: OSS: TryLoadSubsystemAndSetDefault: Loaded subsystem for module [NULL]
LogOculusPluginWrapper: OculusPlugin initialized successfully
LogHMD: Failed initializing OVRPlugin 1.59.0
LogInit: Build: ++UE4+Release-4.27-CL-18319896
LogInit: Engine Version: 4.27.2-18319896+++UE4+Release-4.27
LogInit: Compatible Engine Version: 4.27.0-17155196+++UE4+Release-4.27
LogInit: Net CL: 17155196
LogInit: OS: Windows 10 (Release 2009) (), CPU: AMD Ryzen 5 3600 6-Core Processor              , GPU: NVIDIA GeForce GTX 1070
LogInit: Compiled (64-bit): Nov 30 2021 07:12:08
LogInit: Compiled with Visual C++: 19.24.28315.00
LogInit: Build Configuration: Development
LogInit: Branch Name: ++UE4+Release-4.27
LogInit: Command Line:  /Game/_MAPS/Menu -game -PIEVIACONSOLE -Multiprocess "GameUserSettingsINI=M:/Unreal Engine 4/Repozitory/Siu-V2/Prologue/MyProject/Saved/Config/Windows/PIEGameUserSettings0.ini" -MultiprocessSaveConfig -forcepassthrough -messaging -SessionName="Play in Standalone Game" -windowed -WinX=320 -WinY=184 SAVEWINPOS=1 -ResX=1280 -ResY=720
LogInit: Base Directory: M:/Unreal Engine 4/UE_4.27/Engine/Binaries/Win64/
LogInit: Allocator: TBB
LogInit: Installed Engine Build: 1
LogDevObjectVersion: Number of dev versions registered: 29
LogDevObjectVersion:   Dev-Blueprints (B0D832E4-1F89-4F0D-ACCF-7EB736FD4AA2): 10
LogDevObjectVersion:   Dev-Build (E1C64328-A22C-4D53-A36C-8E866417BD8C): 0
LogDevObjectVersion:   Dev-Core (375EC13C-06E4-48FB-B500-84F0262A717E): 4
LogDevObjectVersion:   Dev-Editor (E4B068ED-F494-42E9-A231-DA0B2E46BB41): 40
LogDevObjectVersion:   Dev-Framework (CFFC743F-43B0-4480-9391-14DF171D2073): 37
LogDevObjectVersion:   Dev-Mobile (B02B49B5-BB20-44E9-A304-32B752E40360): 3
LogDevObjectVersion:   Dev-Networking (A4E4105C-59A1-49B5-A7C5-40C4547EDFEE): 0
LogDevObjectVersion:   Dev-Online (39C831C9-5AE6-47DC-9A44-9C173E1C8E7C): 0
LogDevObjectVersion:   Dev-Physics (78F01B33-EBEA-4F98-B9B4-84EACCB95AA2): 14
LogDevObjectVersion:   Dev-Platform (6631380F-2D4D-43E0-8009-CF276956A95A): 0
LogDevObjectVersion:   Dev-Rendering (12F88B9F-8875-4AFC-A67C-D90C383ABD29): 45
LogDevObjectVersion:   Dev-Sequencer (7B5AE74C-D270-4C10-A958-57980B212A5A): 13
LogDevObjectVersion:   Dev-VR (D7296918-1DD6-4BDD-9DE2-64A83CC13884): 3
LogDevObjectVersion:   Dev-LoadTimes (C2A15278-BFE7-4AFE-6C17-90FF531DF755): 1
LogDevObjectVersion:   Private-Geometry (6EACA3D4-40EC-4CC1-B786-8BED09428FC5): 3
LogDevObjectVersion:   Dev-AnimPhys (29E575DD-E0A3-4627-9D10-D276232CDCEA): 17
LogDevObjectVersion:   Dev-Anim (AF43A65D-7FD3-4947-9873-3E8ED9C1BB05): 15
LogDevObjectVersion:   Dev-ReflectionCapture (6B266CEC-1EC7-4B8F-A30B-E4D90942FC07): 1
LogDevObjectVersion:   Dev-Automation (0DF73D61-A23F-47EA-B727-89E90C41499A): 1
LogDevObjectVersion:   FortniteMain (601D1886-AC64-4F84-AA16-D3DE0DEAC7D6): 47
LogDevObjectVersion:   FortniteRelease (E7086368-6B23-4C58-8439-1B7016265E91): 1
LogDevObjectVersion:   Dev-Enterprise (9DFFBCD6-494F-0158-E221-12823C92A888): 10
LogDevObjectVersion:   Dev-Niagara (F2AED0AC-9AFE-416F-8664-AA7FFA26D6FC): 1
LogDevObjectVersion:   Dev-Destruction (174F1F0B-B4C6-45A5-B13F-2EE8D0FB917D): 10
LogDevObjectVersion:   Dev-Physics-Ext (35F94A83-E258-406C-A318-09F59610247C): 41
LogDevObjectVersion:   Dev-PhysicsMaterial-Chaos (B68FC16E-8B1B-42E2-B453-215C058844FE): 1
LogDevObjectVersion:   Dev-CineCamera (B2E18506-4273-CFC2-A54E-F4BB758BBA07): 1
LogDevObjectVersion:   Dev-VirtualProduction (64F58936-FD1B-42BA-BA96-7289D5D0FA4E): 1
LogDevObjectVersion:   Dev-MediaFramework (6F0ED827-A609-4895-9C91-998D90180EA4): 2
LogInit: Presizing for max 25165824 objects, including 0 objects not considered by GC, pre-allocating 0 bytes for permanent pool.
LogConfig: Applying CVar settings from Section [/Script/Engine.StreamingSettings] File [M:/Unreal Engine 4/Repozitory/Siu-V2/Prologue/MyProject/Saved/Config/Windows/Engine.ini]
LogConfig: Setting CVar [[s.MinBulkDataSizeForAsyncLoading:131072]]
LogConfig: Setting CVar [[s.AsyncLoadingThreadEnabled:0]]
LogConfig: Setting CVar [[s.EventDrivenLoaderEnabled:1]]
LogConfig: Setting CVar [[s.WarnIfTimeLimitExceeded:0]]
LogConfig: Setting CVar [[s.TimeLimitExceededMultiplier:1.5]]
LogConfig: Setting CVar [[s.TimeLimitExceededMinTime:0.005]]
LogConfig: Setting CVar [[s.UseBackgroundLevelStreaming:1]]
LogConfig: Setting CVar [[s.PriorityAsyncLoadingExtraTime:15.0]]
LogConfig: Setting CVar [[s.LevelStreamingActorsUpdateTimeLimit:5.0]]
LogConfig: Setting CVar [[s.PriorityLevelStreamingActorsUpdateExtraTime:5.0]]
LogConfig: Setting CVar [[s.LevelStreamingComponentsRegistrationGranularity:10]]
LogConfig: Setting CVar [[s.UnregisterComponentsTimeLimit:1.0]]
LogConfig: Setting CVar [[s.LevelStreamingComponentsUnregistrationGranularity:5]]
LogConfig: Setting CVar [[s.FlushStreamingOnExit:1]]
LogInit: Object subsystem initialized
LogConfig: Setting CVar [[con.DebugEarlyDefault:1]]
LogConfig: Setting CVar [[r.setres:1280x720]]
[2022.11.13-21.57.24:654][  0]LogConfig: Setting CVar [[con.DebugEarlyDefault:1]]
[2022.11.13-21.57.24:654][  0]LogConfig: Setting CVar [[r.setres:1280x720]]
[2022.11.13-21.57.24:654][  0]LogConfig: Applying CVar settings from Section [/Script/Engine.RendererSettings] File [M:/Unreal Engine 4/Repozitory/Siu-V2/Prologue/MyProject/Saved/Config/Windows/Engine.ini]
[2022.11.13-21.57.24:654][  0]LogConfig: Setting CVar [[r.GPUCrashDebugging:0]]
[2022.11.13-21.57.24:654][  0]LogConfig: Setting CVar [[r.TextureStreaming:0]]
[2022.11.13-21.57.24:654][  0]LogConfig: Setting CVar [[r.CustomDepth:3]]
[2022.11.13-21.57.24:654][  0]LogConfig: Setting CVar [[r.DefaultFeature.AutoExposure:0]]
[2022.11.13-21.57.24:654][  0]LogConfig: Applying CVar settings from Section [/Script/Engine.RendererOverrideSettings] File [M:/Unreal Engine 4/Repozitory/Siu-V2/Prologue/MyProject/Saved/Config/Windows/Engine.ini]
[2022.11.13-21.57.24:654][  0]LogConfig: Applying CVar settings from Section [/Script/Engine.StreamingSettings] File [M:/Unreal Engine 4/Repozitory/Siu-V2/Prologue/MyProject/Saved/Config/Windows/Engine.ini]
[2022.11.13-21.57.24:654][  0]LogConfig: Setting CVar [[s.MinBulkDataSizeForAsyncLoading:131072]]
[2022.11.13-21.57.24:654][  0]LogConfig: Setting CVar [[s.AsyncLoadingThreadEnabled:0]]
[2022.11.13-21.57.24:654][  0]LogConfig: Setting CVar [[s.EventDrivenLoaderEnabled:1]]
[2022.11.13-21.57.24:654][  0]LogConfig: Setting CVar [[s.WarnIfTimeLimitExceeded:0]]
[2022.11.13-21.57.24:654][  0]LogConfig: Setting CVar [[s.TimeLimitExceededMultiplier:1.5]]
[2022.11.13-21.57.24:654][  0]LogConfig: Setting CVar [[s.TimeLimitExceededMinTime:0.005]]
[2022.11.13-21.57.24:654][  0]LogConfig: Setting CVar [[s.UseBackgroundLevelStreaming:1]]
[2022.11.13-21.57.24:654][  0]LogConfig: Setting CVar [[s.PriorityAsyncLoadingExtraTime:15.0]]
[2022.11.13-21.57.24:654][  0]LogConfig: Setting CVar [[s.LevelStreamingActorsUpdateTimeLimit:5.0]]
[2022.11.13-21.57.24:654][  0]LogConfig: Setting CVar [[s.PriorityLevelStreamingActorsUpdateExtraTime:5.0]]
[2022.11.13-21.57.24:654][  0]LogConfig: Setting CVar [[s.LevelStreamingComponentsRegistrationGranularity:10]]
[2022.11.13-21.57.24:654][  0]LogConfig: Setting CVar [[s.UnregisterComponentsTimeLimit:1.0]]
[2022.11.13-21.57.24:654][  0]LogConfig: Setting CVar [[s.LevelStreamingComponentsUnregistrationGranularity:5]]
[2022.11.13-21.57.24:654][  0]LogConfig: Setting CVar [[s.FlushStreamingOnExit:1]]
[2022.11.13-21.57.24:654][  0]LogConfig: Applying CVar settings from Section [/Script/Engine.GarbageCollectionSettings] File [M:/Unreal Engine 4/Repozitory/Siu-V2/Prologue/MyProject/Saved/Config/Windows/Engine.ini]
[2022.11.13-21.57.24:654][  0]LogConfig: Setting CVar [[gc.MaxObjectsNotConsideredByGC:1]]
[2022.11.13-21.57.24:654][  0]LogConfig: Setting CVar [[gc.SizeOfPermanentObjectPool:0]]
[2022.11.13-21.57.24:654][  0]LogConfig: Setting CVar [[gc.FlushStreamingOnGC:0]]
[2022.11.13-21.57.24:654][  0]LogConfig: Setting CVar [[gc.NumRetriesBeforeForcingGC:10]]
[2022.11.13-21.57.24:654][  0]LogConfig: Setting CVar [[gc.AllowParallelGC:1]]
[2022.11.13-21.57.24:654][  0]LogConfig: Setting CVar [[gc.TimeBetweenPurgingPendingKillObjects:61.1]]
[2022.11.13-21.57.24:654][  0]LogConfig: Setting CVar [[gc.MaxObjectsInEditor:25165824]]
[2022.11.13-21.57.24:654][  0]LogConfig: Setting CVar [[gc.IncrementalBeginDestroyEnabled:1]]
[2022.11.13-21.57.24:654][  0]LogConfig: Setting CVar [[gc.CreateGCClusters:1]]
[2022.11.13-21.57.24:654][  0]LogConfig: Setting CVar [[gc.MinGCClusterSize:5]]
[2022.11.13-21.57.24:654][  0]LogConfig: Setting CVar [[gc.ActorClusteringEnabled:0]]
[2022.11.13-21.57.24:654][  0]LogConfig: Setting CVar [[gc.BlueprintClusteringEnabled:0]]
[2022.11.13-21.57.24:654][  0]LogConfig: Setting CVar [[gc.UseDisregardForGCOnDedicatedServers:0]]
[2022.11.13-21.57.24:654][  0]LogConfig: Setting CVar [[gc.MultithreadedDestructionEnabled:1]]
[2022.11.13-21.57.24:654][  0]LogConfig: Applying CVar settings from Section [/Script/Engine.NetworkSettings] File [M:/Unreal Engine 4/Repozitory/Siu-V2/Prologue/MyProject/Saved/Config/Windows/Engine.ini]
[2022.11.13-21.57.24:654][  0]LogConfig: Applying CVar settings from Section [/Script/UnrealEd.CookerSettings] File [M:/Unreal Engine 4/Repozitory/Siu-V2/Prologue/MyProject/Saved/Config/Windows/Engine.ini]
[2022.11.13-21.57.24:659][  0]LogConfig: Applying CVar settings from Section [ViewDistanceQuality@3] File [M:/Unreal Engine 4/Repozitory/Siu-V2/Prologue/MyProject/Saved/Config/Windows/Scalability.ini]
[2022.11.13-21.57.24:659][  0]LogConfig: Setting CVar [[r.SkeletalMeshLODBias:0]]
[2022.11.13-21.57.24:659][  0]LogConfig: Setting CVar [[r.ViewDistanceScale:1.0]]
[2022.11.13-21.57.24:659][  0]LogConfig: Applying CVar settings from Section [AntiAliasingQuality@3] File [M:/Unreal Engine 4/Repozitory/Siu-V2/Prologue/MyProject/Saved/Config/Windows/Scalability.ini]
[2022.11.13-21.57.24:659][  0]LogConfig: Setting CVar [[r.PostProcessAAQuality:4]]
[2022.11.13-21.57.24:659][  0]LogConfig: Applying CVar settings from Section [ShadowQuality@3] File [M:/Unreal Engine 4/Repozitory/Siu-V2/Prologue/MyProject/Saved/Config/Windows/Scalability.ini]
[2022.11.13-21.57.24:659][  0]LogConfig: Setting CVar [[r.LightFunctionQuality:1]]
[2022.11.13-21.57.24:659][  0]LogConfig: Setting CVar [[r.ShadowQuality:5]]
[2022.11.13-21.57.24:659][  0]LogConfig: Setting CVar [[r.Shadow.CSM.MaxCascades:10]]
[2022.11.13-21.57.24:659][  0]LogConfig: Setting CVar [[r.Shadow.MaxResolution:2048]]
[2022.11.13-21.57.24:659][  0]LogConfig: Setting CVar [[r.Shadow.MaxCSMResolution:2048]]
[2022.11.13-21.57.24:659][  0]LogConfig: Setting CVar [[r.Shadow.RadiusThreshold:0.01]]
[2022.11.13-21.57.24:659][  0]LogConfig: Setting CVar [[r.Shadow.DistanceScale:1.0]]
[2022.11.13-21.57.24:659][  0]LogConfig: Setting CVar [[r.Shadow.CSM.TransitionScale:1.0]]
[2022.11.13-21.57.24:659][  0]LogConfig: Setting CVar [[r.Shadow.PreShadowResolutionFactor:1.0]]
[2022.11.13-21.57.24:659][  0]LogConfig: Setting CVar [[r.DistanceFieldShadowing:1]]
[2022.11.13-21.57.24:659][  0]LogConfig: Setting CVar [[r.DistanceFieldAO:1]]
[2022.11.13-21.57.24:659][  0]LogConfig: Setting CVar [[r.AOQuality:2]]
[2022.11.13-21.57.24:659][  0]LogConfig: Setting CVar [[r.VolumetricFog:1]]
[2022.11.13-21.57.24:659][  0]LogConfig: Setting CVar [[r.VolumetricFog.GridPixelSize:8]]
[2022.11.13-21.57.24:659][  0]LogConfig: Setting CVar [[r.VolumetricFog.GridSizeZ:128]]
[2022.11.13-21.57.24:659][  0]LogConfig: Setting CVar [[r.VolumetricFog.HistoryMissSupersampleCount:4]]
[2022.11.13-21.57.24:659][  0]LogConfig: Setting CVar [[r.LightMaxDrawDistanceScale:1]]
[2022.11.13-21.57.24:659][  0]LogConfig: Setting CVar [[r.CapsuleShadows:1]]
[2022.11.13-21.57.24:659][  0]LogConfig: Applying CVar settings from Section [PostProcessQuality@3] File [M:/Unreal Engine 4/Repozitory/Siu-V2/Prologue/MyProject/Saved/Config/Windows/Scalability.ini]
[2022.11.13-21.57.24:659][  0]LogConfig: Setting CVar [[r.MotionBlurQuality:4]]
[2022.11.13-21.57.24:659][  0]LogConfig: Setting CVar [[r.AmbientOcclusionMipLevelFactor:0.4]]
[2022.11.13-21.57.24:659][  0]LogConfig: Setting CVar [[r.AmbientOcclusionMaxQuality:100]]
[2022.11.13-21.57.24:659][  0]LogConfig: Setting CVar [[r.AmbientOcclusionLevels:-1]]
[2022.11.13-21.57.24:659][  0]LogConfig: Setting CVar [[r.AmbientOcclusionRadiusScale:1.0]]
[2022.11.13-21.57.24:659][  0]LogConfig: Setting CVar [[r.DepthOfFieldQuality:2]]
[2022.11.13-21.57.24:659][  0]LogConfig: Setting CVar [[r.RenderTargetPoolMin:400]]
[2022.11.13-21.57.24:659][  0]LogConfig: Setting CVar [[r.LensFlareQuality:2]]
[2022.11.13-21.57.24:659][  0]LogConfig: Setting CVar [[r.SceneColorFringeQuality:1]]
[2022.11.13-21.57.24:659][  0]LogConfig: Setting CVar [[r.EyeAdaptationQuality:2]]
[2022.11.13-21.57.24:659][  0]LogConfig: Setting CVar [[r.BloomQuality:5]]
[2022.11.13-21.57.24:659][  0]LogConfig: Setting CVar [[r.FastBlurThreshold:100]]
[2022.11.13-21.57.24:659][  0]LogConfig: Setting CVar [[r.Upscale.Quality:3]]
[2022.11.13-21.57.24:659][  0]LogConfig: Setting CVar [[r.Tonemapper.GrainQuantization:1]]
[2022.11.13-21.57.24:659][  0]LogConfig: Setting CVar [[r.LightShaftQuality:1]]
[2022.11.13-21.57.24:659][  0]LogConfig: Setting CVar [[r.Filter.SizeScale:1]]
[2022.11.13-21.57.24:659][  0]LogConfig: Setting CVar [[r.Tonemapper.Quality:5]]
[2022.11.13-21.57.24:659][  0]LogConfig: Setting CVar [[r.DOF.Gather.AccumulatorQuality:1        ; higher gathering accumulator quality]]
[2022.11.13-21.57.24:659][  0]LogConfig: Setting CVar [[r.DOF.Gather.PostfilterMethod:1          ; Median3x3 postfilering method]]
[2022.11.13-21.57.24:659][  0]LogConfig: Setting CVar [[r.DOF.Gather.EnableBokehSettings:0       ; no bokeh simulation when gathering]]
[2022.11.13-21.57.24:659][  0]LogConfig: Setting CVar [[r.DOF.Gather.RingCount:4                 ; medium number of samples when gathering]]
[2022.11.13-21.57.24:659][  0]LogConfig: Setting CVar [[r.DOF.Scatter.ForegroundCompositing:1    ; additive foreground scattering]]
[2022.11.13-21.57.24:659][  0]LogConfig: Setting CVar [[r.DOF.Scatter.BackgroundCompositing:2    ; additive background scattering]]
[2022.11.13-21.57.24:659][  0]LogConfig: Setting CVar [[r.DOF.Scatter.EnableBokehSettings:1      ; bokeh simulation when scattering]]
[2022.11.13-21.57.24:659][  0]LogConfig: Setting CVar [[r.DOF.Scatter.MaxSpriteRatio:0.1         ; only a maximum of 10% of scattered bokeh]]
[2022.11.13-21.57.24:659][  0]LogConfig: Setting CVar [[r.DOF.Recombine.Quality:1                ; cheap slight out of focus]]
[2022.11.13-21.57.24:659][  0]LogConfig: Setting CVar [[r.DOF.Recombine.EnableBokehSettings:0    ; no bokeh simulation on slight out of focus]]
[2022.11.13-21.57.24:659][  0]LogConfig: Setting CVar [[r.DOF.TemporalAAQuality:1                ; more stable temporal accumulation]]
[2022.11.13-21.57.24:659][  0]LogConfig: Setting CVar [[r.DOF.Kernel.MaxForegroundRadius:0.025]]
[2022.11.13-21.57.24:659][  0]LogConfig: Setting CVar [[r.DOF.Kernel.MaxBackgroundRadius:0.025]]
[2022.11.13-21.57.24:659][  0]LogConfig: Applying CVar settings from Section [TextureQuality@3] File [M:/Unreal Engine 4/Repozitory/Siu-V2/Prologue/MyProject/Saved/Config/Windows/Scalability.ini]
[2022.11.13-21.57.24:659][  0]LogConfig: Setting CVar [[r.Streaming.MipBias:0]]
[2022.11.13-21.57.24:659][  0]LogConfig: Setting CVar [[r.Streaming.AmortizeCPUToGPUCopy:0]]
[2022.11.13-21.57.24:659][  0]LogConfig: Setting CVar [[r.Streaming.MaxNumTexturesToStreamPerFrame:0]]
[2022.11.13-21.57.24:659][  0]LogConfig: Setting CVar [[r.Streaming.Boost:1]]
[2022.11.13-21.57.24:659][  0]LogConfig: Setting CVar [[r.MaxAnisotropy:8]]
[2022.11.13-21.57.24:659][  0]LogConfig: Setting CVar [[r.VT.MaxAnisotropy:8]]
[2022.11.13-21.57.24:659][  0]LogConfig: Setting CVar [[r.Streaming.LimitPoolSizeToVRAM:0]]
[2022.11.13-21.57.24:659][  0]LogConfig: Setting CVar [[r.Streaming.PoolSize:1000]]
[2022.11.13-21.57.24:659][  0]LogConfig: Setting CVar [[r.Streaming.MaxEffectiveScreenSize:0]]
[2022.11.13-21.57.24:659][  0]LogConfig: Applying CVar settings from Section [EffectsQuality@3] File [M:/Unreal Engine 4/Repozitory/Siu-V2/Prologue/MyProject/Saved/Config/Windows/Scalability.ini]
[2022.11.13-21.57.24:659][  0]LogConfig: Setting CVar [[r.TranslucencyLightingVolumeDim:64]]
[2022.11.13-21.57.24:659][  0]LogConfig: Setting CVar [[r.RefractionQuality:2]]
[2022.11.13-21.57.24:659][  0]LogConfig: Setting CVar [[r.SSR.Quality:3]]
[2022.11.13-21.57.24:660][  0]LogConfig: Setting CVar [[r.SSR.HalfResSceneColor:0]]
[2022.11.13-21.57.24:660][  0]LogConfig: Setting CVar [[r.SceneColorFormat:4]]
[2022.11.13-21.57.24:660][  0]LogConfig: Setting CVar [[r.DetailMode:2]]
[2022.11.13-21.57.24:660][  0]LogConfig: Setting CVar [[r.TranslucencyVolumeBlur:1]]
[2022.11.13-21.57.24:660][  0]LogConfig: Setting CVar [[r.MaterialQualityLevel:1 ; High quality]]
[2022.11.13-21.57.24:660][  0]LogConfig: Setting CVar [[r.AnisotropicMaterials:1]]
[2022.11.13-21.57.24:660][  0]LogConfig: Setting CVar [[r.SSS.Scale:1]]
[2022.11.13-21.57.24:660][  0]LogConfig: Setting CVar [[r.SSS.SampleSet:2]]
[2022.11.13-21.57.24:660][  0]LogConfig: Setting CVar [[r.SSS.Quality:1]]
[2022.11.13-21.57.24:660][  0]LogConfig: Setting CVar [[r.SSS.HalfRes:0]]
[2022.11.13-21.57.24:660][  0]LogConfig: Setting CVar [[r.SSGI.Quality:3]]
[2022.11.13-21.57.24:660][  0]LogConfig: Setting CVar [[r.EmitterSpawnRateScale:1.0]]
[2022.11.13-21.57.24:660][  0]LogConfig: Setting CVar [[r.ParticleLightQuality:2]]
[2022.11.13-21.57.24:660][  0]LogConfig: Setting CVar [[r.SkyAtmosphere.AerialPerspectiveLUT.FastApplyOnOpaque:1 ; Always have FastSkyLUT 1 in this case to avoid wrong sky]]
[2022.11.13-21.57.24:660][  0]LogConfig: Setting CVar [[r.SkyAtmosphere.AerialPerspectiveLUT.SampleCountMaxPerSlice:4]]
[2022.11.13-21.57.24:660][  0]LogConfig: Setting CVar [[r.SkyAtmosphere.AerialPerspectiveLUT.DepthResolution:16.0]]
[2022.11.13-21.57.24:660][  0]LogConfig: Setting CVar [[r.SkyAtmosphere.FastSkyLUT:1]]
[2022.11.13-21.57.24:660][  0]LogConfig: Setting CVar [[r.SkyAtmosphere.FastSkyLUT.SampleCountMin:4.0]]
[2022.11.13-21.57.24:660][  0]LogConfig: Setting CVar [[r.SkyAtmosphere.FastSkyLUT.SampleCountMax:128.0]]
[2022.11.13-21.57.24:660][  0]LogConfig: Setting CVar [[r.SkyAtmosphere.SampleCountMin:4.0]]
[2022.11.13-21.57.24:660][  0]LogConfig: Setting CVar [[r.SkyAtmosphere.SampleCountMax:128.0]]
[2022.11.13-21.57.24:660][  0]LogConfig: Setting CVar [[r.SkyAtmosphere.TransmittanceLUT.UseSmallFormat:0]]
[2022.11.13-21.57.24:660][  0]LogConfig: Setting CVar [[r.SkyAtmosphere.TransmittanceLUT.SampleCount:10.0]]
[2022.11.13-21.57.24:660][  0]LogConfig: Setting CVar [[r.SkyAtmosphere.MultiScatteringLUT.SampleCount:15.0]]
[2022.11.13-21.57.24:660][  0]LogConfig: Setting CVar [[r.SkyLight.RealTimeReflectionCapture:1]]
[2022.11.13-21.57.24:660][  0]LogConfig: Applying CVar settings from Section [FoliageQuality@3] File [M:/Unreal Engine 4/Repozitory/Siu-V2/Prologue/MyProject/Saved/Config/Windows/Scalability.ini]
[2022.11.13-21.57.24:660][  0]LogConfig: Setting CVar [[foliage.DensityScale:1.0]]
[2022.11.13-21.57.24:660][  0]LogConfig: Setting CVar [[grass.DensityScale:1.0]]
[2022.11.13-21.57.24:660][  0]LogConfig: Applying CVar settings from Section [ShadingQuality@3] File [M:/Unreal Engine 4/Repozitory/Siu-V2/Prologue/MyProject/Saved/Config/Windows/Scalability.ini]
[2022.11.13-21.57.24:660][  0]LogConfig: Setting CVar [[r.HairStrands.SkyLighting.IntegrationType:2]]
[2022.11.13-21.57.24:660][  0]LogConfig: Setting CVar [[r.HairStrands.SkyAO.SampleCount:4]]
[2022.11.13-21.57.24:660][  0]LogConfig: Setting CVar [[r.HairStrands.Visibility.MSAA.SamplePerPixel:4]]
[2022.11.13-21.57.24:660][  0]LogInit: Selected Device Profile: [Windows]
[2022.11.13-21.57.24:660][  0]LogInit: Applying CVar settings loaded from the selected device profile: [Windows]
[2022.11.13-21.57.24:660][  0]LogHAL: Display: Platform has ~ 16 GB [17128402944 / 17179869184 / 16], which maps to Larger [LargestMinGB=32, LargerMinGB=12, DefaultMinGB=8, SmallerMinGB=6, SmallestMinGB=0)
[2022.11.13-21.57.24:660][  0]LogInit: Going up to parent DeviceProfile []
[2022.11.13-21.57.24:660][  0]LogConfig: Applying CVar settings from Section [ViewDistanceQuality@3] File [M:/Unreal Engine 4/Repozitory/Siu-V2/Prologue/MyProject/Saved/Config/Windows/Scalability.ini]
[2022.11.13-21.57.24:660][  0]LogConfig: Setting CVar [[r.SkeletalMeshLODBias:0]]
[2022.11.13-21.57.24:660][  0]LogConfig: Setting CVar [[r.ViewDistanceScale:1.0]]
[2022.11.13-21.57.24:660][  0]LogConfig: Applying CVar settings from Section [AntiAliasingQuality@3] File [M:/Unreal Engine 4/Repozitory/Siu-V2/Prologue/MyProject/Saved/Config/Windows/Scalability.ini]
[2022.11.13-21.57.24:660][  0]LogConfig: Setting CVar [[r.PostProcessAAQuality:4]]
[2022.11.13-21.57.24:660][  0]LogConfig: Applying CVar settings from Section [ShadowQuality@3] File [M:/Unreal Engine 4/Repozitory/Siu-V2/Prologue/MyProject/Saved/Config/Windows/Scalability.ini]
[2022.11.13-21.57.24:660][  0]LogConfig: Setting CVar [[r.LightFunctionQuality:1]]
[2022.11.13-21.57.24:660][  0]LogConfig: Setting CVar [[r.ShadowQuality:5]]
[2022.11.13-21.57.24:660][  0]LogConfig: Setting CVar [[r.Shadow.CSM.MaxCascades:10]]
[2022.11.13-21.57.24:660][  0]LogConfig: Setting CVar [[r.Shadow.MaxResolution:2048]]
[2022.11.13-21.57.24:660][  0]LogConfig: Setting CVar [[r.Shadow.MaxCSMResolution:2048]]
[2022.11.13-21.57.24:660][  0]LogConfig: Setting CVar [[r.Shadow.RadiusThreshold:0.01]]
[2022.11.13-21.57.24:660][  0]LogConfig: Setting CVar [[r.Shadow.DistanceScale:1.0]]
[2022.11.13-21.57.24:660][  0]LogConfig: Setting CVar [[r.Shadow.CSM.TransitionScale:1.0]]
[2022.11.13-21.57.24:660][  0]LogConfig: Setting CVar [[r.Shadow.PreShadowResolutionFactor:1.0]]
[2022.11.13-21.57.24:660][  0]LogConfig: Setting CVar [[r.DistanceFieldShadowing:1]]
[2022.11.13-21.57.24:660][  0]LogConfig: Setting CVar [[r.DistanceFieldAO:1]]
[2022.11.13-21.57.24:660][  0]LogConfig: Setting CVar [[r.AOQuality:2]]
[2022.11.13-21.57.24:660][  0]LogConfig: Setting CVar [[r.VolumetricFog:1]]
[2022.11.13-21.57.24:660][  0]LogConfig: Setting CVar [[r.VolumetricFog.GridPixelSize:8]]
[2022.11.13-21.57.24:660][  0]LogConfig: Setting CVar [[r.VolumetricFog.GridSizeZ:128]]
[2022.11.13-21.57.24:660][  0]LogConfig: Setting CVar [[r.VolumetricFog.HistoryMissSupersampleCount:4]]
[2022.11.13-21.57.24:660][  0]LogConfig: Setting CVar [[r.LightMaxDrawDistanceScale:1]]
[2022.11.13-21.57.24:660][  0]LogConfig: Setting CVar [[r.CapsuleShadows:1]]
[2022.11.13-21.57.24:660][  0]LogConfig: Applying CVar settings from Section [PostProcessQuality@3] File [M:/Unreal Engine 4/Repozitory/Siu-V2/Prologue/MyProject/Saved/Config/Windows/Scalability.ini]
[2022.11.13-21.57.24:660][  0]LogConfig: Setting CVar [[r.MotionBlurQuality:4]]
[2022.11.13-21.57.24:660][  0]LogConfig: Setting CVar [[r.AmbientOcclusionMipLevelFactor:0.4]]
[2022.11.13-21.57.24:660][  0]LogConfig: Setting CVar [[r.AmbientOcclusionMaxQuality:100]]
[2022.11.13-21.57.24:660][  0]LogConfig: Setting CVar [[r.AmbientOcclusionLevels:-1]]
[2022.11.13-21.57.24:660][  0]LogConfig: Setting CVar [[r.AmbientOcclusionRadiusScale:1.0]]
[2022.11.13-21.57.24:660][  0]LogConfig: Setting CVar [[r.DepthOfFieldQuality:2]]
[2022.11.13-21.57.24:660][  0]LogConfig: Setting CVar [[r.RenderTargetPoolMin:400]]
[2022.11.13-21.57.24:660][  0]LogConfig: Setting CVar [[r.LensFlareQuality:2]]
[2022.11.13-21.57.24:660][  0]LogConfig: Setting CVar [[r.SceneColorFringeQuality:1]]
[2022.11.13-21.57.24:660][  0]LogConfig: Setting CVar [[r.EyeAdaptationQuality:2]]
[2022.11.13-21.57.24:660][  0]LogConfig: Setting CVar [[r.BloomQuality:5]]
[2022.11.13-21.57.24:660][  0]LogConfig: Setting CVar [[r.FastBlurThreshold:100]]
[2022.11.13-21.57.24:660][  0]LogConfig: Setting CVar [[r.Upscale.Quality:3]]
[2022.11.13-21.57.24:660][  0]LogConfig: Setting CVar [[r.Tonemapper.GrainQuantization:1]]
[2022.11.13-21.57.24:660][  0]LogConfig: Setting CVar [[r.LightShaftQuality:1]]
[2022.11.13-21.57.24:660][  0]LogConfig: Setting CVar [[r.Filter.SizeScale:1]]
[2022.11.13-21.57.24:660][  0]LogConfig: Setting CVar [[r.Tonemapper.Quality:5]]
[2022.11.13-21.57.24:660][  0]LogConfig: Setting CVar [[r.DOF.Gather.AccumulatorQuality:1        ; higher gathering accumulator quality]]
[2022.11.13-21.57.24:660][  0]LogConfig: Setting CVar [[r.DOF.Gather.PostfilterMethod:1          ; Median3x3 postfilering method]]
[2022.11.13-21.57.24:660][  0]LogConfig: Setting CVar [[r.DOF.Gather.EnableBokehSettings:0       ; no bokeh simulation when gathering]]
[2022.11.13-21.57.24:660][  0]LogConfig: Setting CVar [[r.DOF.Gather.RingCount:4                 ; medium number of samples when gathering]]
[2022.11.13-21.57.24:660][  0]LogConfig: Setting CVar [[r.DOF.Scatter.ForegroundCompositing:1    ; additive foreground scattering]]
[2022.11.13-21.57.24:660][  0]LogConfig: Setting CVar [[r.DOF.Scatter.BackgroundCompositing:2    ; additive background scattering]]
[2022.11.13-21.57.24:660][  0]LogConfig: Setting CVar [[r.DOF.Scatter.EnableBokehSettings:1      ; bokeh simulation when scattering]]
[2022.11.13-21.57.24:660][  0]LogConfig: Setting CVar [[r.DOF.Scatter.MaxSpriteRatio:0.1         ; only a maximum of 10% of scattered bokeh]]
[2022.11.13-21.57.24:660][  0]LogConfig: Setting CVar [[r.DOF.Recombine.Quality:1                ; cheap slight out of focus]]
[2022.11.13-21.57.24:660][  0]LogConfig: Setting CVar [[r.DOF.Recombine.EnableBokehSettings:0    ; no bokeh simulation on slight out of focus]]
[2022.11.13-21.57.24:660][  0]LogConfig: Setting CVar [[r.DOF.TemporalAAQuality:1                ; more stable temporal accumulation]]
[2022.11.13-21.57.24:661][  0]LogConfig: Setting CVar [[r.DOF.Kernel.MaxForegroundRadius:0.025]]
[2022.11.13-21.57.24:661][  0]LogConfig: Setting CVar [[r.DOF.Kernel.MaxBackgroundRadius:0.025]]
[2022.11.13-21.57.24:661][  0]LogConfig: Applying CVar settings from Section [TextureQuality@3] File [M:/Unreal Engine 4/Repozitory/Siu-V2/Prologue/MyProject/Saved/Config/Windows/Scalability.ini]
[2022.11.13-21.57.24:661][  0]LogConfig: Setting CVar [[r.Streaming.MipBias:0]]
[2022.11.13-21.57.24:661][  0]LogConfig: Setting CVar [[r.Streaming.AmortizeCPUToGPUCopy:0]]
[2022.11.13-21.57.24:661][  0]LogConfig: Setting CVar [[r.Streaming.MaxNumTexturesToStreamPerFrame:0]]
[2022.11.13-21.57.24:661][  0]LogConfig: Setting CVar [[r.Streaming.Boost:1]]
[2022.11.13-21.57.24:661][  0]LogConfig: Setting CVar [[r.MaxAnisotropy:8]]
[2022.11.13-21.57.24:661][  0]LogConfig: Setting CVar [[r.VT.MaxAnisotropy:8]]
[2022.11.13-21.57.24:661][  0]LogConfig: Setting CVar [[r.Streaming.LimitPoolSizeToVRAM:0]]
[2022.11.13-21.57.24:661][  0]LogConfig: Setting CVar [[r.Streaming.PoolSize:1000]]
[2022.11.13-21.57.24:661][  0]LogConfig: Setting CVar [[r.Streaming.MaxEffectiveScreenSize:0]]
[2022.11.13-21.57.24:661][  0]LogConfig: Applying CVar settings from Section [EffectsQuality@3] File [M:/Unreal Engine 4/Repozitory/Siu-V2/Prologue/MyProject/Saved/Config/Windows/Scalability.ini]
[2022.11.13-21.57.24:661][  0]LogConfig: Setting CVar [[r.TranslucencyLightingVolumeDim:64]]
[2022.11.13-21.57.24:661][  0]LogConfig: Setting CVar [[r.RefractionQuality:2]]
[2022.11.13-21.57.24:661][  0]LogConfig: Setting CVar [[r.SSR.Quality:3]]
[2022.11.13-21.57.24:661][  0]LogConfig: Setting CVar [[r.SSR.HalfResSceneColor:0]]
[2022.11.13-21.57.24:661][  0]LogConfig: Setting CVar [[r.SceneColorFormat:4]]
[2022.11.13-21.57.24:661][  0]LogConfig: Setting CVar [[r.DetailMode:2]]
[2022.11.13-21.57.24:661][  0]LogConfig: Setting CVar [[r.TranslucencyVolumeBlur:1]]
[2022.11.13-21.57.24:661][  0]LogConfig: Setting CVar [[r.MaterialQualityLevel:1 ; High quality]]
[2022.11.13-21.57.24:661][  0]LogConfig: Setting CVar [[r.AnisotropicMaterials:1]]
[2022.11.13-21.57.24:661][  0]LogConfig: Setting CVar [[r.SSS.Scale:1]]
[2022.11.13-21.57.24:661][  0]LogConfig: Setting CVar [[r.SSS.SampleSet:2]]
[2022.11.13-21.57.24:661][  0]LogConfig: Setting CVar [[r.SSS.Quality:1]]
[2022.11.13-21.57.24:661][  0]LogConfig: Setting CVar [[r.SSS.HalfRes:0]]
[2022.11.13-21.57.24:661][  0]LogConfig: Setting CVar [[r.SSGI.Quality:3]]
[2022.11.13-21.57.24:661][  0]LogConfig: Setting CVar [[r.EmitterSpawnRateScale:1.0]]
[2022.11.13-21.57.24:661][  0]LogConfig: Setting CVar [[r.ParticleLightQuality:2]]
[2022.11.13-21.57.24:661][  0]LogConfig: Setting CVar [[r.SkyAtmosphere.AerialPerspectiveLUT.FastApplyOnOpaque:1 ; Always have FastSkyLUT 1 in this case to avoid wrong sky]]
[2022.11.13-21.57.24:661][  0]LogConfig: Setting CVar [[r.SkyAtmosphere.AerialPerspectiveLUT.SampleCountMaxPerSlice:4]]
[2022.11.13-21.57.24:661][  0]LogConfig: Setting CVar [[r.SkyAtmosphere.AerialPerspectiveLUT.DepthResolution:16.0]]
[2022.11.13-21.57.24:661][  0]LogConfig: Setting CVar [[r.SkyAtmosphere.FastSkyLUT:1]]
[2022.11.13-21.57.24:661][  0]LogConfig: Setting CVar [[r.SkyAtmosphere.FastSkyLUT.SampleCountMin:4.0]]
[2022.11.13-21.57.24:661][  0]LogConfig: Setting CVar [[r.SkyAtmosphere.FastSkyLUT.SampleCountMax:128.0]]
[2022.11.13-21.57.24:661][  0]LogConfig: Setting CVar [[r.SkyAtmosphere.SampleCountMin:4.0]]
[2022.11.13-21.57.24:661][  0]LogConfig: Setting CVar [[r.SkyAtmosphere.SampleCountMax:128.0]]
[2022.11.13-21.57.24:661][  0]LogConfig: Setting CVar [[r.SkyAtmosphere.TransmittanceLUT.UseSmallFormat:0]]
[2022.11.13-21.57.24:661][  0]LogConfig: Setting CVar [[r.SkyAtmosphere.TransmittanceLUT.SampleCount:10.0]]
[2022.11.13-21.57.24:661][  0]LogConfig: Setting CVar [[r.SkyAtmosphere.MultiScatteringLUT.SampleCount:15.0]]
[2022.11.13-21.57.24:661][  0]LogConfig: Setting CVar [[r.SkyLight.RealTimeReflectionCapture:1]]
[2022.11.13-21.57.24:661][  0]LogConfig: Applying CVar settings from Section [FoliageQuality@3] File [M:/Unreal Engine 4/Repozitory/Siu-V2/Prologue/MyProject/Saved/Config/Windows/Scalability.ini]
[2022.11.13-21.57.24:661][  0]LogConfig: Setting CVar [[foliage.DensityScale:1.0]]
[2022.11.13-21.57.24:661][  0]LogConfig: Setting CVar [[grass.DensityScale:1.0]]
[2022.11.13-21.57.24:661][  0]LogConfig: Applying CVar settings from Section [ShadingQuality@3] File [M:/Unreal Engine 4/Repozitory/Siu-V2/Prologue/MyProject/Saved/Config/Windows/Scalability.ini]
[2022.11.13-21.57.24:661][  0]LogConfig: Setting CVar [[r.HairStrands.SkyLighting.IntegrationType:2]]
[2022.11.13-21.57.24:661][  0]LogConfig: Setting CVar [[r.HairStrands.SkyAO.SampleCount:4]]
[2022.11.13-21.57.24:661][  0]LogConfig: Setting CVar [[r.HairStrands.Visibility.MSAA.SamplePerPixel:4]]
[2022.11.13-21.57.24:661][  0]LogConfig: Applying CVar settings from Section [Startup] File [../../../Engine/Config/ConsoleVariables.ini]
[2022.11.13-21.57.24:661][  0]LogConfig: Setting CVar [[net.UseAdaptiveNetUpdateFrequency:0]]
[2022.11.13-21.57.24:661][  0]LogConfig: Setting CVar [[p.chaos.AllowCreatePhysxBodies:1]]
[2022.11.13-21.57.24:661][  0]LogConfig: Setting CVar [[fx.SkipVectorVMBackendOptimizations:1]]
[2022.11.13-21.57.24:661][  0]LogConfig: Applying CVar settings from Section [ConsoleVariables] File [M:/Unreal Engine 4/Repozitory/Siu-V2/Prologue/MyProject/Saved/Config/Windows/Engine.ini]
[2022.11.13-21.57.24:661][  0]LogConfig: Applying CVar settings from Section [ConsoleVariables] File [M:/Unreal Engine 4/Repozitory/Siu-V2/Prologue/MyProject/Saved/Config/Windows/Editor.ini]
[2022.11.13-21.57.24:661][  0]LogInit: Computer: DESKTOP-N1K1BTK
[2022.11.13-21.57.24:661][  0]LogInit: User: 79520
[2022.11.13-21.57.24:661][  0]LogInit: CPU Page size=4096, Cores=6
[2022.11.13-21.57.24:661][  0]LogInit: High frequency timer resolution =10.000000 MHz
[2022.11.13-21.57.24:661][  0]LogMemory: Memory total: Physical=16.0GB (16GB approx)
[2022.11.13-21.57.24:661][  0]LogMemory: Platform Memory Stats for Windows
[2022.11.13-21.57.24:661][  0]LogMemory: Process Physical Memory: 144.42 MB used, 144.42 MB peak
[2022.11.13-21.57.24:661][  0]LogMemory: Process Virtual Memory: 121.49 MB used, 121.49 MB peak
[2022.11.13-21.57.24:661][  0]LogMemory: Physical Memory: 5590.24 MB used,  10744.68 MB free, 16334.92 MB total
[2022.11.13-21.57.24:661][  0]LogMemory: Virtual Memory: 134189344.00 MB used,  28381.37 MB free, 134217728.00 MB total
[2022.11.13-21.57.24:666][  0]LogWindows: WindowsPlatformFeatures enabled
[2022.11.13-21.57.24:683][  0]LogInit: Physics initialised using underlying interface: PhysX
[2022.11.13-21.57.24:683][  0]LogInit: Using OS detected language (ru-RU).
[2022.11.13-21.57.24:683][  0]LogInit: Using OS detected locale (ru-RU).
[2022.11.13-21.57.24:685][  0]LogTextLocalizationManager: No specific localization for 'ru-RU' exists, so the 'ru' localization will be used.
[2022.11.13-21.57.24:687][  0]LogTextLocalizationResource: LocRes '../../../Engine/Content/Localization/Editor/ru/Editor.locres' could not be opened for reading!
[2022.11.13-21.57.24:687][  0]LogTextLocalizationResource: LocRes '../../../Engine/Content/Localization/EditorTutorials/ru/EditorTutorials.locres' could not be opened for reading!
[2022.11.13-21.57.24:687][  0]LogTextLocalizationResource: LocRes '../../../Engine/Content/Localization/Keywords/ru/Keywords.locres' could not be opened for reading!
[2022.11.13-21.57.24:687][  0]LogTextLocalizationResource: LocRes '../../../Engine/Content/Localization/Category/ru/Category.locres' could not be opened for reading!
[2022.11.13-21.57.24:687][  0]LogTextLocalizationResource: LocRes '../../../Engine/Content/Localization/ToolTips/ru/ToolTips.locres' could not be opened for reading!
[2022.11.13-21.57.24:687][  0]LogTextLocalizationResource: LocRes '../../../Engine/Content/Localization/PropertyNames/ru/PropertyNames.locres' could not be opened for reading!
[2022.11.13-21.57.24:687][  0]LogTextLocalizationResource: LocRes '../../../Engine/Content/Localization/Engine/ru/Engine.locres' could not be opened for reading!
[2022.11.13-21.57.24:696][  0]LogWindowsTextInputMethodSystem: Display: IME system deactivated.
[2022.11.13-21.57.24:708][  0]LogSlate: New Slate User Created.  User Index 0, Is Virtual User: 0
[2022.11.13-21.57.24:708][  0]LogSlate: Slate User Registered.  User Index 0, Is Virtual User: 0
[2022.11.13-21.57.24:717][  0]LogD3D11RHI: Loaded GFSDK_Aftermath_Lib.x64.dll
[2022.11.13-21.57.24:720][  0]LogHMD: Failed to initialize OpenVR with code 110
[2022.11.13-21.57.24:720][  0]LogD3D11RHI: D3D11 min allowed feature level: 11_0
[2022.11.13-21.57.24:720][  0]LogD3D11RHI: D3D11 max allowed feature level: 11_0
[2022.11.13-21.57.24:720][  0]LogD3D11RHI: D3D11 adapters:
[2022.11.13-21.57.24:793][  0]LogD3D11RHI:    0. 'NVIDIA GeForce GTX 1070' (Feature Level 11_0)
[2022.11.13-21.57.24:793][  0]LogD3D11RHI:       8088/0/8167 MB DedicatedVideo/DedicatedSystem/SharedSystem, Outputs:1, VendorId:0x10de
[2022.11.13-21.57.24:794][  0]LogD3D11RHI:    1. 'Microsoft Basic Render Driver' (Feature Level 11_0)
[2022.11.13-21.57.24:794][  0]LogD3D11RHI:       0/0/8167 MB DedicatedVideo/DedicatedSystem/SharedSystem, Outputs:0, VendorId:0x1414
[2022.11.13-21.57.24:794][  0]LogD3D11RHI: Chosen D3D11 Adapter:
[2022.11.13-21.57.24:795][  0]LogD3D11RHI:     Description : NVIDIA GeForce GTX 1070
[2022.11.13-21.57.24:795][  0]LogD3D11RHI:     VendorId    : 10de
[2022.11.13-21.57.24:795][  0]LogD3D11RHI:     DeviceId    : 1b81
[2022.11.13-21.57.24:795][  0]LogD3D11RHI:     SubSysId    : 33011462
[2022.11.13-21.57.24:795][  0]LogD3D11RHI:     Revision    : 00a1
[2022.11.13-21.57.24:795][  0]LogD3D11RHI:     DedicatedVideoMemory : 8480882688 bytes
[2022.11.13-21.57.24:795][  0]LogD3D11RHI:     DedicatedSystemMemory : 0 bytes
[2022.11.13-21.57.24:795][  0]LogD3D11RHI:     SharedSystemMemory : 8564201472 bytes
[2022.11.13-21.57.24:795][  0]LogD3D11RHI:     AdapterLuid : 0 58634
[2022.11.13-21.57.24:801][  0]LogD3D11RHI: Creating new Direct3DDevice
[2022.11.13-21.57.24:801][  0]LogD3D11RHI:     GPU DeviceId: 0x1b81 (for the marketing name, search the web for "GPU Device Id")
[2022.11.13-21.57.24:801][  0]LogWindows: EnumDisplayDevices:
[2022.11.13-21.57.24:801][  0]LogWindows:    0. 'NVIDIA GeForce GTX 1070' (P:1 D:1)
[2022.11.13-21.57.24:801][  0]LogWindows:    1. 'NVIDIA GeForce GTX 1070' (P:0 D:0)
[2022.11.13-21.57.24:802][  0]LogWindows:    2. 'NVIDIA GeForce GTX 1070' (P:0 D:0)
[2022.11.13-21.57.24:802][  0]LogWindows:    3. 'NVIDIA GeForce GTX 1070' (P:0 D:0)
[2022.11.13-21.57.24:802][  0]LogWindows: DebugString: FoundDriverCount:4 
[2022.11.13-21.57.24:802][  0]LogD3D11RHI:     Adapter Name: NVIDIA GeForce GTX 1070
[2022.11.13-21.57.24:802][  0]LogD3D11RHI:   Driver Version: 457.51 (internal:27.21.14.5751, unified:457.51)
[2022.11.13-21.57.24:802][  0]LogD3D11RHI:      Driver Date: 11-22-2020
[2022.11.13-21.57.24:802][  0]LogRHI: Texture pool is 5661 MB (70% of 8088 MB)
[2022.11.13-21.57.24:802][  0]LogD3D11RHI: Creating D3DDevice using adapter:
[2022.11.13-21.57.24:802][  0]LogD3D11RHI:     Description : NVIDIA GeForce GTX 1070
[2022.11.13-21.57.24:802][  0]LogD3D11RHI:     VendorId    : 10de
[2022.11.13-21.57.24:802][  0]LogD3D11RHI:     DeviceId    : 1b81
[2022.11.13-21.57.24:802][  0]LogD3D11RHI:     SubSysId    : 33011462
[2022.11.13-21.57.24:802][  0]LogD3D11RHI:     Revision    : 00a1
[2022.11.13-21.57.24:802][  0]LogD3D11RHI:     DedicatedVideoMemory : 8480882688 bytes
[2022.11.13-21.57.24:802][  0]LogD3D11RHI:     DedicatedSystemMemory : 0 bytes
[2022.11.13-21.57.24:802][  0]LogD3D11RHI:     SharedSystemMemory : 8564201472 bytes
[2022.11.13-21.57.24:802][  0]LogD3D11RHI:     AdapterLuid : 0 58634
[2022.11.13-21.57.24:854][  0]LogD3D11RHI: RHI has support for 64 bit atomics
[2022.11.13-21.57.24:854][  0]LogD3D11RHI: Async texture creation enabled
[2022.11.13-21.57.24:854][  0]LogD3D11RHI: Array index from any shader is supported
[2022.11.13-21.57.24:869][  0]LogD3D11RHI: GPU Timing Frequency: 1000.000000 (Debug: 2 1)
[2022.11.13-21.57.24:891][  0]LogRHI: GeForceNow SDK initialized: 1
[2022.11.13-21.57.25:197][  0]LogTargetPlatformManager: Display: Loaded TargetPlatform 'WindowsNoEditor'
[2022.11.13-21.57.25:200][  0]LogTargetPlatformManager: Display: Loaded TargetPlatform 'Windows'
[2022.11.13-21.57.25:204][  0]LogTargetPlatformManager: Display: Loaded TargetPlatform 'WindowsClient'
[2022.11.13-21.57.25:208][  0]LogTargetPlatformManager: Display: Loaded TargetPlatform 'WindowsServer'
[2022.11.13-21.57.25:208][  0]LogTargetPlatformManager: Display: Building Assets For Windows
[2022.11.13-21.57.25:213][  0]LogAudioDebug: Display: Lib vorbis DLL was dynamically loaded.
[2022.11.13-21.57.25:235][  0]LogTextureFormatOodle: Display: Oodle Texture 2.9.0 init RDO Off
[2022.11.13-21.57.25:259][  0]LogRendererCore: Ray tracing is disabled. Reason: r.RayTracing=0.
[2022.11.13-21.57.25:259][  0]LogShaderCompilers: Guid format shader working directory is -3 characters bigger than the processId version (../../../../Repozitory/Siu-V2/Prologue/MyProject/Intermediate/Shaders/WorkingDirectory/14776/).
[2022.11.13-21.57.25:259][  0]LogShaderCompilers: Cleaned the shader compiler working directory 'C:/Users/79520/AppData/Local/Temp/UnrealShaderWorkingDir/E7C904B54EF242A6C323D49988C21C07/'.
[2022.11.13-21.57.25:259][  0]LogXGEController: Cannot use XGE Controller as Incredibuild is not installed on this machine.
[2022.11.13-21.57.25:259][  0]LogShaderCompilers: Cannot use XGE Shader Compiler as Incredibuild is not installed on this machine.
[2022.11.13-21.57.25:259][  0]LogShaderCompilers: Display: Using Local Shader Compiler.
[2022.11.13-21.57.25:848][  0]LogDerivedDataCache: Display: Max Cache Size: 512 MB
[2022.11.13-21.57.25:926][  0]LogDerivedDataCache: Loaded boot cache 0.08s 137MB E:\Programs\DerivedDataCache/Boot.ddc.
[2022.11.13-21.57.25:926][  0]LogDerivedDataCache: Display: Loaded Boot cache: E:\Programs\DerivedDataCache/Boot.ddc
[2022.11.13-21.57.25:926][  0]LogDerivedDataCache: FDerivedDataBackendGraph:  Pak pak cache file E:\Programs\DerivedDataCache/DDC.ddp not found, will not use a pak cache.
[2022.11.13-21.57.25:926][  0]LogDerivedDataCache: Unable to find inner node Pak for hierarchical cache Hierarchy.
[2022.11.13-21.57.25:926][  0]LogDerivedDataCache: FDerivedDataBackendGraph:  CompressedPak pak cache file E:\Programs\DerivedDataCache/Compressed.ddp not found, will not use a pak cache.
[2022.11.13-21.57.25:926][  0]LogDerivedDataCache: Unable to find inner node CompressedPak for hierarchical cache Hierarchy.
[2022.11.13-21.57.25:926][  0]LogDerivedDataCache: FDerivedDataBackendGraph:  EnginePak pak cache file E:\Programs\DerivedDataCache/Compressed.ddp not found, will not use a pak cache.
[2022.11.13-21.57.25:926][  0]LogDerivedDataCache: Unable to find inner node EnginePak for hierarchical cache Hierarchy.
[2022.11.13-21.57.25:926][  0]LogDerivedDataCache: FDerivedDataBackendGraph:  EnterprisePak pak cache file E:\Programs\DerivedDataCache/Compressed.ddp not found, will not use a pak cache.
[2022.11.13-21.57.25:926][  0]LogDerivedDataCache: Unable to find inner node EnterprisePak for hierarchical cache Hierarchy.
[2022.11.13-21.57.25:965][  0]LogDerivedDataCache: Speed tests for E:/Programs/DerivedDataCache took 0.04 seconds
[2022.11.13-21.57.25:965][  0]LogDerivedDataCache: Display: Performance to E:/Programs/DerivedDataCache: Latency=0.01ms. RandomReadSpeed=1189.92MBs, RandomWriteSpeed=24.03MBs. Assigned SpeedClass 'Local'
[2022.11.13-21.57.25:966][  0]LogDerivedDataCache: Using Local data cache path E:\Programs\DerivedDataCache: Writable
[2022.11.13-21.57.25:966][  0]LogDerivedDataCache: Shared data cache path not found in *engine.ini, will not use an Shared cache.
[2022.11.13-21.57.25:966][  0]LogDerivedDataCache: Unable to find inner node Shared for hierarchical cache Hierarchy.
[2022.11.13-21.57.26:001][  0]LogSlate: Using FreeType 2.10.0
[2022.11.13-21.57.26:001][  0]LogSlate: SlateFontServices - WITH_FREETYPE: 1, WITH_HARFBUZZ: 1
[2022.11.13-21.57.26:066][  0]LogInit: Using OS detected language (ru-RU).
[2022.11.13-21.57.26:066][  0]LogInit: Using OS detected locale (ru-RU).
[2022.11.13-21.57.26:066][  0]LogTextLocalizationManager: No specific localization for 'ru-RU' exists, so the 'ru' localization will be used.
[2022.11.13-21.57.26:069][  0]LogTextLocalizationManager: Compacting localization data took   0.00ms
[2022.11.13-21.57.26:069][  0]LogAssetRegistry: FAssetRegistry took 0.0016 seconds to start up
[2022.11.13-21.57.26:209][  0]LogPackageLocalizationCache: Processed 28 localized package path(s) for 1 prioritized culture(s) in 0.001430 seconds
[2022.11.13-21.57.26:310][  0]LogInit: Selected Device Profile: [Windows]
[2022.11.13-21.57.26:310][  0]LogInit: Active device profile: [000001921A109100][000001921A072040 49] Windows
[2022.11.13-21.57.26:310][  0]LogInit: Profiles: [000001921A109100][000001921A072040 49] Windows, [000001921A022500][00000192166ACB80 49] WindowsNoEditor, [000001921A10A300][00000192166B0D00 49] WindowsServer, [000001921A021700][00000192166B4E80 49] WindowsClient, [000001921A109300][000001921A0B0080 49] IOS, [000001921A022800][000001921A0B2040 49] iPadAir, [000001921A10BC00][0000019217EC3280 49] iPadAir2, [0000019219E75700][0000019217ECB540 49] IPadPro, [0000019219E75800][0000019217EC7580 49] iPadAir3, [000001921A020200][00000192166A96C0 49] iPadAir4, [0000019219E76700][0000019219E8C080 49] iPadMini2, [000001921A021500][0000019217ECF900 49] iPadMini3, [0000019219E77400][000001921A112040 49] iPadMini4, [000001921A022E00][0000019217ED3B40 49] iPadMini5, [0000019219ED9200][0000019219E40080 49] iPhone6, [0000019219ED9300][0000019219E42040 49] iPodTouch6, [000001921A10B300][0000019217ED6500 49] iPhone7, [000001921A10BE00][0000019218202540 49] iPodTouch7, [0000019219E77200][000001921A086040 49] iPhone5S, [000001921A109500][000001921A084080 49] iPhone6Plus, [0000019219E74600][0000019219FF0080 49] iPhone6S, [000001921A108600][0000019219FF2040 49] iPhone6SPlus, [0000019219E75E00][0000019218206BC0 49] iPhone7Plus, [000001921A108C00][000001921820AD40 49] iPhoneSE, [0000019219E76200][000001921820EEC0 49] iPhone8, [0000019219ED8100][0000019218213040 49] iPhone8Plus, [000001921A109B00][00000192182171C0 49] iPhoneX, [0000019219EDBA00][000001921821B340 49] iPhoneXS, [000001921A10A600][000001921A4454C0 49] iPhoneXSMax, [0000019219EDB400][000001921A449640 49] iPhoneXR, [000001921A10AB00][000001921A44D7C0 49] iPhone11, [0000019219E76B00][0000019217EDB900 49] iPhone11Pro, [0000019219EDBF00][000001921A451A40 49] iPhone11ProMax, [0000019219E74200][000001921A455B80 49] iPhoneSE2, [0000019219ED8900][000001921A458140 49] iPhone12Mini, [0000019219E76300][000001921A4602C0 49] iPhone12, [000001921A108100][000001921A464440 49] iPhone12Pro, [0000019219E75100][000001921A4685C0 49] iPhone12ProMax, [000001921A10AF00][000001921A46C740 49] iPadPro105, [0000019219E76D00][000001921A4708C0 49] iPadPro129, [000001921A10AC00][000001921A474A40 49] iPadPro97, [0000019219E77C00][000001921A478BC0 49] iPadPro2_129, [000001921A10AE00][000001921A47CD40 49] iPad5, [0000019219E76500][000001921A480EC0 49] iPad6, [000001921A10A500][000001921A485040 49] iPad7, [0000019219E74E00][000001921A4891C0 49] iPad8, [000001921A10A400][000001921A48D340 49] iPadPro11, [0000019219E77A00][000001921A4914C0 49] iPadPro2_11, [000001921A10BB00][000001921A495640 49] iPadPro3_129, [0000019219E74100][000001921A4997C0 49] iPadPro4_129, [000001921A108700][000001921A49D940 49] AppleTV, [0000019219E74800][000001921A4A1AC0 49] AppleTV4K, [000001921A10B100][000001921A45DC00 49] TVOS, [0000019219E75600][000001921A4A41C0 49] Mac, [000001921A10A000][000001921A4A8300 49] MacClient, [0000019219E76C00][000001921A4B0480 49] MacNoEditor, [000001921A10B800][000001921A4B4600 49] MacServer, [0000019219E76F00][000001921A4B8780 49] Linux, [000001921A108F00][000001921A4BC900 49] LinuxAArch64, [0000019219E75D00][000001921A4C0A80 49] LinuxNoEditor, [000001921A10B400][000001921A4C4C00 49] LinuxAArch64NoEditor, [0000019219E75A00][000001921A4C8D80 49] LinuxClient, [000001921A10BA00][000001921A4CCF00 49] LinuxAArch64Client, [0000019219E77800][000001921A4D1080 49] LinuxServer, [000001921A108800][000001921A4D5200 49] LinuxAArch64Server, [0000019219E77600][000001921A092040 49] Android, [000001921A10A800][000001921A090080 49] Android_Low, [0000019219E74B00][000001921A09C080 49] Android_Mid, [000001921A109600][000001921A09E040 49] Android_High, [0000019219E75400][0000019219FE0080 49] Android_Default, [000001921A10B500][0000019219FE2040 49] Android_Adreno4xx, [0000019219E74900][000001921A4D9B00 49] Android_Adreno5xx_Low, [000001921A108B00][000001921A4DC100 49] Android_Adreno5xx, [0000019219E75C00][000001921A4AC240 49] Android_Adreno6xx, [000001921A10A200][000001921A4E0380 49] Android_Adreno6xx_Vulkan, [0000019219E74700][000001921A0B4080 49] Android_Mali_T6xx, [000001921A020500][000001921A0B6040 49] Android_Mali_T7xx, [0000019219EDB600][000001921A4E8700 49] Android_Mali_T8xx, [000001921A020A00][000001921A4EC880 49] Android_Mali_G71, [0000019219ED8700][000001921A4F0A00 49] Android_Mali_G72, [000001921A022200][000001921A4F4B80 49] Android_Mali_G72_Vulkan, [0000019219EDA200][000001921A4F8D00 49] Android_Mali_G76, [000001921A020E00][000001921A4FCE80 49] Android_Mali_G76_Vulkan, [0000019219EDA000][000001921A501000 49] Android_Mali_G77, [000001921A023E00][000001921A505180 49] Android_Mali_G77_Vulkan, [0000019219EDB200][000001921A509300 49] Android_Mali_G78, [000001921A020600][000001921A50D480 49] Android_Mali_G78_Vulkan, [0000019219ED8D00][000001921A511600 49] Android_Mali_G710, [000001921A021000][000001921A515780 49] Android_Mali_G710_Vulkan, [0000019219ED9800][000001921A519900 49] Android_Vulkan_SM5, [000001921A023500][000001921A51DA80 49] Android_PowerVR_G6xxx, [0000019219ED9000][000001921A521C00 49] Android_PowerVR_GT7xxx, [000001921A020400][000001921A524200 49] Android_PowerVR_GE8xxx, [0000019219EDAF00][000001921A4E4340 49] Android_PowerVR_GM9xxx, [000001921A021F00][000001921A528480 49] Android_PowerVR_GM9xxx_Vulkan, [0000019219ED9700][0000019219FE8080 49] Android_TegraK1, [000001921A021100][000001921A52C6C0 49] Android_Unknown_Vulkan, [0000019219EDA900][000001921A534840 49] Lumin, [000001921A020C00][000001921A5389C0 49] Lumin_Desktop, [0000019219EDAA00][000001921A53CB40 49] HoloLens, 
[2022.11.13-21.57.26:410][  0]LogMeshReduction: Using QuadricMeshReduction for automatic static mesh reduction
[2022.11.13-21.57.26:410][  0]LogMeshReduction: Using SimplygonMeshReduction for automatic skeletal mesh reduction
[2022.11.13-21.57.26:410][  0]LogMeshReduction: Using ProxyLODMeshReduction for automatic mesh merging
[2022.11.13-21.57.26:410][  0]LogMeshReduction: No distributed automatic mesh merging module available
[2022.11.13-21.57.26:410][  0]LogMeshMerging: No distributed automatic mesh merging module available
[2022.11.13-21.57.26:424][  0]LogNetVersion: MyProject 1.0.0, NetCL: 17155196, EngineNetVer: 17, GameNetVer: 0 (Checksum: 3629800737)
[2022.11.13-21.57.26:627][  0]LogTexture: Default maximum texture size for cubemaps generated from long-lat sources has been changed from 512 to unlimited. In order to preserve old behaiour for '/Engine/MapTemplates/Sky/DaylightAmbientCubemap.DaylightAmbientCubemap', its maximum texture size has been explicitly set to 512.
[2022.11.13-21.57.26:682][  0]LogHMD: PokeAHoleMaterial loaded successfully
[2022.11.13-21.57.26:800][  0]LogMoviePlayer: Initializing movie player
[2022.11.13-21.57.26:901][  0]LogPython: Using Python 3.7.7
[2022.11.13-21.57.27:263][  0]LogNiagaraDebuggerClient: Niagara Debugger Client Initialized | Session: B5E1A3864E65D44E7FC658965C4F514F | Instance: ACBC40A04D91DE8871334D945D75BCDF (DESKTOP-N1K1BTK-14776).
[2022.11.13-21.57.27:281][  0]LogCollectionManager: Loaded 0 collections in 0.000700 seconds
[2022.11.13-21.57.27:283][  0]LogFileCache: Scanning file cache for directory 'M:/Unreal Engine 4/Repozitory/Siu-V2/Prologue/MyProject/Saved/Collections/' took 0.00s
[2022.11.13-21.57.27:283][  0]LogFileCache: Scanning file cache for directory 'M:/Unreal Engine 4/Repozitory/Siu-V2/Prologue/MyProject/Content/Developers/79520/Collections/' took 0.00s
[2022.11.13-21.57.27:283][  0]LogFileCache: Scanning file cache for directory 'M:/Unreal Engine 4/Repozitory/Siu-V2/Prologue/MyProject/Content/Collections/' took 0.00s
[2022.11.13-21.57.27:283][  0]LogCollectionManager: Fixed up redirectors for 0 collections in 0.000001 seconds (updated 0 objects)
[2022.11.13-21.57.27:382][  0]LogUdpMessaging: Initializing bridge on interface 0.0.0.0:0 to multicast group 230.0.0.1:6666.
[2022.11.13-21.57.27:386][  0]LogTcpMessaging: Initializing TcpMessaging bridge
[2022.11.13-21.57.27:471][  0]SourceControl: Source control is disabled
[2022.11.13-21.57.27:471][  0]SourceControl: Source control is disabled
[2022.11.13-21.57.27:486][  0]SourceControl: Source control is disabled
[2022.11.13-21.57.27:511][  0]LogUProjectInfo: Found projects:
[2022.11.13-21.57.27:519][  0]LogOpenImageDenoise: OIDN starting up
[2022.11.13-21.57.27:545][  0]LogAndroidPermission: UAndroidPermissionCallbackProxy::GetInstance
[2022.11.13-21.57.27:575][  0]LogAudioCaptureCore: Display: No Audio Capture implementations found. Audio input will be silent.
[2022.11.13-21.57.27:575][  0]LogAudioCaptureCore: Display: No Audio Capture implementations found. Audio input will be silent.
[2022.11.13-21.57.27:614][  0]LogOcInput: OculusInput pre-init called
[2022.11.13-21.57.27:622][  0]LogUObjectArray: 22176 objects as part of root set at end of initial load.
[2022.11.13-21.57.27:622][  0]LogUObjectAllocator: 5994720 out of 0 bytes used by permanent object pool.
[2022.11.13-21.57.27:622][  0]LogUObjectArray: CloseDisregardForGC: 0/0 objects in disregard for GC pool
[2022.11.13-21.57.27:666][  0]LogClass: Display: ByteProperty FALoadingScreenSettings::PlaybackType is not initialized properly. Module:AsyncLoadingScreen File:Public/LoadingScreenSettings.h
[2022.11.13-21.57.27:666][  0]LogClass: Display: StructProperty FTextAppearance::ShadowOffset is not initialized properly. Module:AsyncLoadingScreen File:Public/LoadingScreenSettings.h
[2022.11.13-21.57.27:666][  0]LogClass: Display: StructProperty FTextAppearance::ShadowColorAndOpacity is not initialized properly. Module:AsyncLoadingScreen File:Public/LoadingScreenSettings.h
[2022.11.13-21.57.27:666][  0]LogClass: Display: ByteProperty FTextAppearance::Justification is not initialized properly. Module:AsyncLoadingScreen File:Public/LoadingScreenSettings.h
[2022.11.13-21.57.27:666][  0]LogClass: Display: FloatProperty FTipSettings::TipWrapAt is not initialized properly. Module:AsyncLoadingScreen File:Public/LoadingScreenSettings.h
[2022.11.13-21.57.27:667][  0]LogClass: Display: 5 Uninitialized script struct members found including 0 object properties
[2022.11.13-21.57.27:668][  0]LogEngine: Initializing Engine...
[2022.11.13-21.57.27:670][  0]LogHMD: Failed to enumerate extensions. Please check that you have a valid OpenXR runtime installed.
[2022.11.13-21.57.27:670][  0]LogHMD: Failed to initialize OpenVR with code 110
[2022.11.13-21.57.27:670][  0]LogMagicLeap: Warning: VR disabled because ZI is not enabled.  To enable, in the editor, Edit -> Project Settings -> Plugins -> Magic Leap Plugin -> Enable Zero Iteration
[2022.11.13-21.57.27:671][  0]LogStats: UGameplayTagsManager::InitializeManager -  0.000 s
[2022.11.13-21.57.27:761][  0]LogInit: Initializing FReadOnlyCVARCache
[2022.11.13-21.57.27:761][  0]LogAudio: Display: Initializing Audio Device Manager...
[2022.11.13-21.57.27:764][  0]LogAudio: Display: Loading Default Audio Settings Objects...
[2022.11.13-21.57.27:764][  0]LogAudio: Display: No default SoundConcurrencyObject specified (or failed to load).
[2022.11.13-21.57.27:764][  0]LogAudio: Display: Audio Device Manager Initialized
[2022.11.13-21.57.27:765][  0]LogAudio: Display: Creating Audio Device:                 Id: 1, Scope: Shared, Realtime: True
[2022.11.13-21.57.27:765][  0]LogAudioMixer: Display: Audio Mixer Platform Settings:
[2022.11.13-21.57.27:765][  0]LogAudioMixer: Display: 	Sample Rate:						  48000
[2022.11.13-21.57.27:765][  0]LogAudioMixer: Display: 	Callback Buffer Frame Size Requested: 1024
[2022.11.13-21.57.27:765][  0]LogAudioMixer: Display: 	Callback Buffer Frame Size To Use:	  1024
[2022.11.13-21.57.27:765][  0]LogAudioMixer: Display: 	Number of buffers to queue:			  2
[2022.11.13-21.57.27:765][  0]LogAudioMixer: Display: 	Max Channels (voices):				  32
[2022.11.13-21.57.27:765][  0]LogAudioMixer: Display: 	Number of Async Source Workers:		  0
[2022.11.13-21.57.27:765][  0]LogAudio: Display: AudioDevice MaxSources: 32
[2022.11.13-21.57.27:765][  0]LogAudio: Display: Audio Spatialization Plugin: None (built-in).
[2022.11.13-21.57.27:765][  0]LogAudio: Display: Audio Reverb Plugin: None (built-in).
[2022.11.13-21.57.27:765][  0]LogAudio: Display: Audio Occlusion Plugin: None (built-in).
[2022.11.13-21.57.27:765][  0]LogAudioMixer: Display: Initializing audio mixer.
[2022.11.13-21.57.27:775][  0]LogAudioMixer: Display: 0: FrontLeft
[2022.11.13-21.57.27:775][  0]LogAudioMixer: Display: 1: FrontRight
[2022.11.13-21.57.27:789][  0]LogAudioMixer: Display: Using Audio Device Динамики (2- High Definition Audio Device)
[2022.11.13-21.57.27:794][  0]LogAudioMixer: Display: Initializing Sound Submixes...
[2022.11.13-21.57.27:795][  0]LogAudioMixer: Display: Creating Master Submix 'MasterSubmixDefault'
[2022.11.13-21.57.27:795][  0]LogAudioMixer: Display: Creating Master Submix 'MasterReverbSubmixDefault'
[2022.11.13-21.57.27:796][  0]LogAudioMixer: Display: Creating Master Submix 'MasterEQSubmixDefault'
[2022.11.13-21.57.27:796][  0]LogAudioMixer: FMixerPlatformXAudio2::StartAudioStream() called
[2022.11.13-21.57.27:796][  0]LogAudioMixer: Display: Output buffers initialized: Frames=1024, Channels=2, Samples=2048
[2022.11.13-21.57.27:797][  0]LogAudioMixer: Display: Starting AudioMixerPlatformInterface::RunInternal()
[2022.11.13-21.57.27:797][  0]LogAudioMixer: Display: FMixerPlatformXAudio2::SubmitBuffer() called for the first time
[2022.11.13-21.57.27:797][  0]LogInit: FAudioDevice initialized.
[2022.11.13-21.57.27:798][  0]LogNetVersion: Set ProjectVersion to 1.0.0.0. Version Checksum will be recalculated on next use.
[2022.11.13-21.57.27:804][  0]LogInit: Texture streaming: Disabled
[2022.11.13-21.57.28:355][  0]LogAudio: Display: Audio Device (ID: 1) registered with world 'Untitled'.
[2022.11.13-21.57.28:366][  0]LogSlate: Updating window title bar state: overlay mode, drag disabled, window buttons hidden, title bar hidden
[2022.11.13-21.57.28:368][  0]LogInit: Display: Game Engine Initialized.
[2022.11.13-21.57.28:369][  0]LogNiagaraEditor: GEditor isn't valid! Particle reset commands will not work for Niagara components!
[2022.11.13-21.57.28:461][  0]LogInit: Display: Starting Game.
[2022.11.13-21.57.28:463][  0]LogNet: Browse: /Game/_MAPS/Menu?Name=Player
[2022.11.13-21.57.28:464][  0]LogLoad: LoadMap: /Game/_MAPS/Menu?Name=Player
[2022.11.13-21.57.28:464][  0]LogWorld: BeginTearingDown for /Temp/Untitled_0
[2022.11.13-21.57.28:475][  0]LogWorld: UWorld::CleanupWorld for Untitled, bSessionEnded=true, bCleanupResources=true
[2022.11.13-21.57.28:478][  0]LogAudio: Display: Audio Device unregistered from world 'None'.
[2022.11.13-21.57.28:482][  0]LogUObjectHash: Compacting FUObjectHashTables data took   0.75ms
[2022.11.13-21.57.28:513][  0]LogUObjectGlobals: Warning: Failed to load '/Script/BackgroundBlurWithMask': Can't find file.
[2022.11.13-21.57.28:657][  0]LogUObjectGlobals: Warning: Failed to load '/Script/BackgroundBlurWithMask': Can't find file.
[2022.11.13-21.57.28:657][  0]LogUObjectGlobals: Warning: Failed to load '/Script/BackgroundBlurWithMask': Can't find file.
[2022.11.13-21.57.28:657][  0]LogUObjectGlobals: Warning: Failed to load '/Script/BackgroundBlurWithMask': Can't find file.
[2022.11.13-21.57.28:657][  0]LogUObjectGlobals: Warning: Failed to load '/Script/BackgroundBlurWithMask': Can't find file.
[2022.11.13-21.57.28:659][  0]LogUObjectGlobals: Warning: Failed to load '/Script/BackgroundBlurWithMask': Can't find file.
[2022.11.13-21.57.28:688][  0]LogUObjectGlobals: Warning: Failed to load '/Script/BackgroundBlurWithMask': Can't find file.
[2022.11.13-21.57.28:688][  0]LogUObjectGlobals: Warning: Failed to load '/Script/BackgroundBlurWithMask': Can't find file.
[2022.11.13-21.57.28:688][  0]LogUObjectGlobals: Warning: Failed to load '/Script/BackgroundBlurWithMask': Can't find file.
[2022.11.13-21.57.28:688][  0]LogUObjectGlobals: Warning: Failed to load '/Script/BackgroundBlurWithMask': Can't find file.
[2022.11.13-21.57.28:688][  0]LogUObjectGlobals: Warning: Failed to load '/Script/BackgroundBlurWithMask': Can't find file.
[2022.11.13-21.57.28:688][  0]LogUObjectGlobals: Warning: Failed to load '/Script/BackgroundBlurWithMask': Can't find file.
[2022.11.13-21.57.28:688][  0]LogUObjectGlobals: Warning: Failed to load '/Script/BackgroundBlurWithMask': Can't find file.
[2022.11.13-21.57.28:688][  0]LogUObjectGlobals: Warning: Failed to load '/Script/BackgroundBlurWithMask': Can't find file.
[2022.11.13-21.57.28:688][  0]LogUObjectGlobals: Warning: Failed to load '/Script/BackgroundBlurWithMask': Can't find file.
[2022.11.13-21.57.28:688][  0]LogUObjectGlobals: Warning: Failed to load '/Script/BackgroundBlurWithMask': Can't find file.
[2022.11.13-21.57.28:688][  0]LogUObjectGlobals: Warning: Failed to load '/Script/BackgroundBlurWithMask': Can't find file.
[2022.11.13-21.57.28:688][  0]LogUObjectGlobals: Warning: Failed to load '/Script/BackgroundBlurWithMask': Can't find file.
[2022.11.13-21.57.29:061][  0]LogUObjectGlobals: Warning: Failed to load '/Script/BackgroundBlurWithMask': Can't find file.
[2022.11.13-21.57.29:061][  0]LogUObjectGlobals: Warning: Failed to load '/Script/BackgroundBlurWithMask': Can't find file.
[2022.11.13-21.57.29:077][  0]LogUObjectGlobals: Warning: [AssetLog] M:\Unreal Engine 4\Repozitory\Siu-V2\Prologue\MyProject\Content\Main\UI\WG-BaseMenu\BaseMenu.uasset: Failed to load '/Script/BackgroundBlurWithMask': Can't find file.
[2022.11.13-21.57.29:716][  0]LogBlueprint: Error: [AssetLog] M:\Unreal Engine 4\Repozitory\Siu-V2\Prologue\MyProject\Content\Main\UI\WG-BaseMenu\BaseMenu.uasset: [Compiler] Can't connect pins  BackgroundBlurWithMask_0  and  Target : Object Reference is not compatible with Widget Object Reference.
[2022.11.13-21.57.29:716][  0]LogBlueprint: Warning: [AssetLog] M:\Unreal Engine 4\Repozitory\Siu-V2\Prologue\MyProject\Content\Main\UI\WG-BaseMenu\BaseMenu.uasset: [Compiler] Could not find a variable named "BackgroundBlurWithMask_0" in 'BaseMenu_C'.
Make sure 'BaseMenu_C' has been compiled for  Get BackgroundBlurWithMask_0
[2022.11.13-21.57.29:717][  0]LogBlueprint: Error: [AssetLog] M:\Unreal Engine 4\Repozitory\Siu-V2\Prologue\MyProject\Content\Main\UI\WG-BaseMenu\BaseMenu.uasset: [Compiler] Can't connect pins  Target  and  BackgroundBlurWithMask_0 : Widget Object Reference is not compatible with Object Reference.
[2022.11.13-21.57.29:718][  0]LogBlueprint: Error: [AssetLog] M:\Unreal Engine 4\Repozitory\Siu-V2\Prologue\MyProject\Content\Main\UI\WG-BaseMenu\BaseMenu.uasset: [Compiler] Can't connect pins  Target  and  BackgroundBlurWithMask_0 : Widget Object Reference is not compatible with Object Reference.
[2022.11.13-21.57.29:719][  0]LogBlueprint: Warning: [AssetLog] M:\Unreal Engine 4\Repozitory\Siu-V2\Prologue\MyProject\Content\Main\UI\WG-BaseMenu\BaseMenu.uasset: [Compiler] On Clicked (Quit)  does not have a valid matching component!
[2022.11.13-21.57.29:719][  0]LogBlueprint: Warning: [AssetLog] M:\Unreal Engine 4\Repozitory\Siu-V2\Prologue\MyProject\Content\Main\UI\WG-BaseMenu\BaseMenu.uasset: [Compiler] On Clicked (NewGame)  does not have a valid matching component!
[2022.11.13-21.57.29:719][  0]LogBlueprint: Warning: [AssetLog] M:\Unreal Engine 4\Repozitory\Siu-V2\Prologue\MyProject\Content\Main\UI\WG-BaseMenu\BaseMenu.uasset: [Compiler] On Clicked (Setting)  does not have a valid matching component!
[2022.11.13-21.57.29:719][  0]LogBlueprint: Warning: [AssetLog] M:\Unreal Engine 4\Repozitory\Siu-V2\Prologue\MyProject\Content\Main\UI\WG-BaseMenu\BaseMenu.uasset: [Compiler] On Hovered (NewGame)  does not have a valid matching component!
[2022.11.13-21.57.29:719][  0]LogBlueprint: Warning: [AssetLog] M:\Unreal Engine 4\Repozitory\Siu-V2\Prologue\MyProject\Content\Main\UI\WG-BaseMenu\BaseMenu.uasset: [Compiler] On Unhovered (NewGame)  does not have a valid matching component!
[2022.11.13-21.57.29:719][  0]LogBlueprint: Warning: [AssetLog] M:\Unreal Engine 4\Repozitory\Siu-V2\Prologue\MyProject\Content\Main\UI\WG-BaseMenu\BaseMenu.uasset: [Compiler] On Hovered (Setting)  does not have a valid matching component!
[2022.11.13-21.57.29:719][  0]LogBlueprint: Warning: [AssetLog] M:\Unreal Engine 4\Repozitory\Siu-V2\Prologue\MyProject\Content\Main\UI\WG-BaseMenu\BaseMenu.uasset: [Compiler] On Unhovered (Setting)  does not have a valid matching component!
[2022.11.13-21.57.29:720][  0]LogBlueprint: Warning: [AssetLog] M:\Unreal Engine 4\Repozitory\Siu-V2\Prologue\MyProject\Content\Main\UI\WG-BaseMenu\BaseMenu.uasset: [Compiler] On Hovered (Help)  does not have a valid matching component!
[2022.11.13-21.57.29:720][  0]LogBlueprint: Warning: [AssetLog] M:\Unreal Engine 4\Repozitory\Siu-V2\Prologue\MyProject\Content\Main\UI\WG-BaseMenu\BaseMenu.uasset: [Compiler] On Unhovered (Help)  does not have a valid matching component!
[2022.11.13-21.57.29:720][  0]LogBlueprint: Warning: [AssetLog] M:\Unreal Engine 4\Repozitory\Siu-V2\Prologue\MyProject\Content\Main\UI\WG-BaseMenu\BaseMenu.uasset: [Compiler] On Hovered (Quit)  does not have a valid matching component!
[2022.11.13-21.57.29:720][  0]LogBlueprint: Warning: [AssetLog] M:\Unreal Engine 4\Repozitory\Siu-V2\Prologue\MyProject\Content\Main\UI\WG-BaseMenu\BaseMenu.uasset: [Compiler] On Unhovered (Quit)  does not have a valid matching component!
[2022.11.13-21.57.29:720][  0]LogBlueprint: Warning: [AssetLog] M:\Unreal Engine 4\Repozitory\Siu-V2\Prologue\MyProject\Content\Main\UI\WG-BaseMenu\BaseMenu.uasset: [Compiler] On Clicked (Help)  does not have a valid matching component!
[2022.11.13-21.57.30:123][  0]LogBlueprint: Error: [AssetLog] M:\Unreal Engine 4\Repozitory\Siu-V2\Prologue\MyProject\Content\Main\UI\WG-BaseMenu\BaseMenu.uasset: [Compiler] The property associated with  NewGameText  could not be found in '/Game/Main/UI/WG-BaseMenu/BaseMenu.BaseMenu_C'
[2022.11.13-21.57.30:123][  0]LogBlueprint: Error: [AssetLog] M:\Unreal Engine 4\Repozitory\Siu-V2\Prologue\MyProject\Content\Main\UI\WG-BaseMenu\BaseMenu.uasset: [Compiler] The property associated with  HelpText  could not be found in '/Game/Main/UI/WG-BaseMenu/BaseMenu.BaseMenu_C'
[2022.11.13-21.57.30:123][  0]LogBlueprint: Error: [AssetLog] M:\Unreal Engine 4\Repozitory\Siu-V2\Prologue\MyProject\Content\Main\UI\WG-BaseMenu\BaseMenu.uasset: [Compiler] The property associated with  SettingText  could not be found in '/Game/Main/UI/WG-BaseMenu/BaseMenu.BaseMenu_C'
[2022.11.13-21.57.30:123][  0]LogBlueprint: Error: [AssetLog] M:\Unreal Engine 4\Repozitory\Siu-V2\Prologue\MyProject\Content\Main\UI\WG-BaseMenu\BaseMenu.uasset: [Compiler] The property associated with  Quittext  could not be found in '/Game/Main/UI/WG-BaseMenu/BaseMenu.BaseMenu_C'
[2022.11.13-21.57.30:124][  0]LogBlueprint: Error: [AssetLog] M:\Unreal Engine 4\Repozitory\Siu-V2\Prologue\MyProject\Content\Main\UI\WG-BaseMenu\BaseMenu.uasset: [Compiler] The property associated with  BackgroundBlurWithMask_0  could not be found in '/Game/Main/UI/WG-BaseMenu/BaseMenu.BaseMenu_C'
[2022.11.13-21.57.31:069][  0]LogUObjectGlobals: Warning: Failed to load '/Game/_MAPS/Menu_BuiltData': Can't find file.
[2022.11.13-21.57.31:243][  0]LogUObjectGlobals: Warning: [AssetLog] M:\Unreal Engine 4\Repozitory\Siu-V2\Prologue\MyProject\Content\_MAPS\Menu.umap: Failed to load '/Game/_MAPS/Menu_BuiltData': Can't find file.
[2022.11.13-21.57.32:679][  0]LogAudio: Display: Audio Device (ID: 1) registered with world 'Menu'.
[2022.11.13-21.57.32:693][  0]LogAIModule: Creating AISystem for world Menu
[2022.11.13-21.57.32:696][  0]LogLoad: Game class is 'Menu_GM_C'
[2022.11.13-21.57.32:776][  0]PIE: Warning: Calling GetSectionFromStaticMesh on SM_Ivy_04 but 'Allow CPU Access' is not enabled. This is required for converting StaticMesh to ProceduralMeshComponent in cooked builds.
[2022.11.13-21.57.32:798][  0]PIE: Warning: Calling GetSectionFromStaticMesh on SM_Ivy_07 but 'Allow CPU Access' is not enabled. This is required for converting StaticMesh to ProceduralMeshComponent in cooked builds.
[2022.11.13-21.57.32:814][  0]LogScript: Warning: Script Msg: Attempted to access index 13159 from array 'CallFunc_GetSectionFromStaticMesh_Normals' of length 13159 in '/Game/_Props/GothicHorror/Blueprints/BP_LeavesPopulator.BP_LeavesPopulator_C:UserConstructionScript'!
[2022.11.13-21.57.32:814][  0]LogScript: Warning: Script Msg: Attempted to access index 13159 from array 'CallFunc_GetSectionFromStaticMesh_Vertices' of length 13159 in '/Game/_Props/GothicHorror/Blueprints/BP_LeavesPopulator.BP_LeavesPopulator_C:UserConstructionScript'!
[2022.11.13-21.57.32:818][  0]PIE: Warning: Calling GetSectionFromStaticMesh on SM_Ivy_12 but 'Allow CPU Access' is not enabled. This is required for converting StaticMesh to ProceduralMeshComponent in cooked builds.
[2022.11.13-21.57.32:843][  0]PIE: Warning: Calling GetSectionFromStaticMesh on SM_Ivy_04 but 'Allow CPU Access' is not enabled. This is required for converting StaticMesh to ProceduralMeshComponent in cooked builds.
[2022.11.13-21.57.32:866][  0]PIE: Warning: Calling GetSectionFromStaticMesh on SM_Ivy_12 but 'Allow CPU Access' is not enabled. This is required for converting StaticMesh to ProceduralMeshComponent in cooked builds.
[2022.11.13-21.57.32:892][  0]PIE: Warning: Calling GetSectionFromStaticMesh on SM_Ivy_07 but 'Allow CPU Access' is not enabled. This is required for converting StaticMesh to ProceduralMeshComponent in cooked builds.
[2022.11.13-21.57.32:910][  0]PIE: Warning: Calling GetSectionFromStaticMesh on SM_Ivy_04 but 'Allow CPU Access' is not enabled. This is required for converting StaticMesh to ProceduralMeshComponent in cooked builds.
[2022.11.13-21.57.32:932][  0]PIE: Warning: Calling GetSectionFromStaticMesh on SM_Ivy_04 but 'Allow CPU Access' is not enabled. This is required for converting StaticMesh to ProceduralMeshComponent in cooked builds.
[2022.11.13-21.57.32:956][  0]PIE: Warning: Calling GetSectionFromStaticMesh on SM_Ivy_12 but 'Allow CPU Access' is not enabled. This is required for converting StaticMesh to ProceduralMeshComponent in cooked builds.
[2022.11.13-21.57.32:979][  0]LogWorld: Bringing World /Game/_MAPS/Menu.Menu up for play (max tick rate 0) at 2022.11.14-03.57.32
[2022.11.13-21.57.32:981][  0]LogWorld: Bringing up level for play took: 0.283598
[2022.11.13-21.57.32:987][  0]LogGameMode: FindPlayerStart: PATHS NOT DEFINED or NO PLAYERSTART with positive rating
[2022.11.13-21.57.33:010][  0]LogPackageLocalizationCache: Processed 28 localized package path(s) for 1 prioritized culture(s) in 0.000078 seconds
[2022.11.13-21.57.33:011][  0]LogSlate: FontCache flush requested. Reason: Culture for localization was changed
[2022.11.13-21.57.33:011][  0]LogSlate: FontCache flush requested. Reason: Culture for localization was changed
[2022.11.13-21.57.33:355][  0]LogTextLocalizationResource: LocRes '../../../Engine/Content/Localization/Editor/ru/Editor.locres' could not be opened for reading!
[2022.11.13-21.57.33:355][  0]LogTextLocalizationResource: LocRes '../../../Engine/Content/Localization/EditorTutorials/ru/EditorTutorials.locres' could not be opened for reading!
[2022.11.13-21.57.33:355][  0]LogTextLocalizationResource: LocRes '../../../Engine/Content/Localization/Keywords/ru/Keywords.locres' could not be opened for reading!
[2022.11.13-21.57.33:355][  0]LogTextLocalizationResource: LocRes '../../../Engine/Content/Localization/Category/ru/Category.locres' could not be opened for reading!
[2022.11.13-21.57.33:355][  0]LogTextLocalizationResource: LocRes '../../../Engine/Content/Localization/ToolTips/ru/ToolTips.locres' could not be opened for reading!
[2022.11.13-21.57.33:355][  0]LogTextLocalizationResource: LocRes '../../../Engine/Content/Localization/PropertyNames/ru/PropertyNames.locres' could not be opened for reading!
[2022.11.13-21.57.33:355][  0]LogTextLocalizationResource: LocRes '../../../Engine/Content/Localization/Engine/ru/Engine.locres' could not be opened for reading!
[2022.11.13-21.57.33:404][  0]LogBlueprintUserMessages: [Camera_2] Не первый раз
[2022.11.13-21.57.33:406][  0]LogLoad: Took 4.941772 seconds to LoadMap(/Game/_MAPS/Menu)
[2022.11.13-21.57.33:443][  0]LogSlate: InvalidateAllWidgets triggered.  All widgets were invalidated
[2022.11.13-21.57.35:818][  0]LogInit: Display: Engine is initialized. Leaving FEngineLoop::Init()
[2022.11.13-21.57.35:818][  0]LogLoad: (Engine Initialization) Total time: 12.07 seconds
[2022.11.13-21.57.35:818][  0]LogLoad: (Engine Initialization) Total Blueprint compile time: 0.00 seconds
[2022.11.13-21.57.35:864][  1]LogRenderer: Reallocating scene render targets to support 1280x720 Format 10 NumSamples 1 (Frame:1).
[2022.11.13-21.57.35:864][  1]LogSlate: Took 0.000156 seconds to synchronously load lazily loaded font '../../../Engine/Content/Slate/Fonts/Roboto-Regular.ttf' (155K)
[2022.11.13-21.57.40:731][565]LogRenderer: Reallocating scene render targets to support 1920x1020 Format 10 NumSamples 1 (Frame:565).
[2022.11.13-21.57.49:789][310]LogSlate: Window 'MyProject (64-bit Development PCD3D_SM5) ' being destroyed
[2022.11.13-21.57.49:790][310]LogWindowsTextInputMethodSystem: Display: IME system deactivated.
[2022.11.13-21.57.49:792][310]LogWindowsTextInputMethodSystem: Display: IME system deactivated.
[2022.11.13-21.57.49:794][310]LogSlate: Updating window title bar state: overlay mode, drag disabled, window buttons hidden, title bar hidden
[2022.11.13-21.57.49:794][310]LogEngine: All Windows Closed
[2022.11.13-21.57.49:794][310]LogWindows: FPlatformMisc::RequestExit(0)
[2022.11.13-21.57.49:794][310]LogWindows: FPlatformMisc::RequestExitWithStatus(0, 0)
[2022.11.13-21.57.49:794][310]LogCore: Engine exit requested (reason: Win RequestExit)
[2022.11.13-21.57.49:794][311]LogCore: Engine exit requested (reason: EngineExit() was called; note: exit was already requested)
[2022.11.13-21.57.49:794][311]LogInit: Display: PreExit Game.
[2022.11.13-21.57.49:795][311]LogWorld: BeginTearingDown for /Game/_MAPS/Menu
[2022.11.13-21.57.49:796][311]LogWorld: UWorld::CleanupWorld for Menu, bSessionEnded=true, bCleanupResources=true
[2022.11.13-21.57.49:818][311]LogSlate: InvalidateAllWidgets triggered.  All widgets were invalidated
[2022.11.13-21.57.50:687][311]LogAudio: Display: Beginning Audio Device Manager Shutdown (Module: AudioMixerXAudio2)...
[2022.11.13-21.57.50:687][311]LogAudio: Display: Destroying 1 Remaining Audio Device(s)...
[2022.11.13-21.57.50:688][311]LogAudio: Display: Audio Device unregistered from world 'Menu'.
[2022.11.13-21.57.50:728][311]LogAudioMixer: FMixerPlatformXAudio2::StopAudioStream() called
[2022.11.13-21.57.50:729][311]LogAudioMixer: FMixerPlatformXAudio2::StopAudioStream() called
[2022.11.13-21.57.50:733][311]LogAudio: Display: Audio Device Manager Shutdown
[2022.11.13-21.57.50:744][311]LogExit: Preparing to exit.
[2022.11.13-21.57.51:405][311]LogSlate: Updating window title bar state: overlay mode, drag disabled, window buttons hidden, title bar hidden
[2022.11.13-21.57.51:443][311]LogUObjectHash: Compacting FUObjectHashTables data took   2.69ms
[2022.11.13-21.57.51:462][311]LogMoviePlayer: Shutting down movie player
[2022.11.13-21.57.51:638][311]LogDemo: Cleaned up 0 splitscreen connections with owner deletion
[2022.11.13-21.57.51:646][311]LogExit: Game engine shut down
[2022.11.13-21.57.51:843][311]LogExit: Object subsystem successfully closed.
[2022.11.13-21.57.51:851][311]LogShaderCompilers: Display: === FShaderJobCache stats ===
[2022.11.13-21.57.51:851][311]LogShaderCompilers: Display: Total job queries 0, among them cache hits 0 (0.00%)
[2022.11.13-21.57.51:851][311]LogShaderCompilers: Display: Tracking 0 distinct input hashes that result in 0 distinct outputs (0.00%)
[2022.11.13-21.57.51:851][311]LogShaderCompilers: Display: RAM used: 0.00 MB (0.00 GB) of 819.20 MB (0.80 GB) budget. Usage: 0.00%
[2022.11.13-21.57.51:851][311]LogShaderCompilers: Display: ================================================
[2022.11.13-21.57.51:879][311]LogShaderCompilers: Display: Shaders left to compile 0
[2022.11.13-21.57.51:930][311]LogModuleManager: Shutting down and abandoning module SequenceRecorderSections (560)
[2022.11.13-21.57.51:930][311]LogModuleManager: Shutting down and abandoning module SequenceRecorder (558)
[2022.11.13-21.57.51:930][311]LogModuleManager: Shutting down and abandoning module AutomationController (556)
[2022.11.13-21.57.51:932][311]LogModuleManager: Shutting down and abandoning module AutomationWorker (554)
[2022.11.13-21.57.51:932][311]LogModuleManager: Shutting down and abandoning module Voice (552)
[2022.11.13-21.57.51:933][311]LogModuleManager: Shutting down and abandoning module AIModule (550)
[2022.11.13-21.57.51:933][311]LogModuleManager: Shutting down and abandoning module GameplayDebugger (549)
[2022.11.13-21.57.51:934][311]LogModuleManager: Shutting down and abandoning module AITestSuite (547)
[2022.11.13-21.57.51:934][311]LogModuleManager: Shutting down and abandoning module NavigationSystem (545)
[2022.11.13-21.57.51:934][311]LogModuleManager: Shutting down and abandoning module SteamVREditor (542)
[2022.11.13-21.57.51:934][311]LogModuleManager: Shutting down and abandoning module ToolMenus (541)
[2022.11.13-21.57.51:935][311]LogModuleManager: Shutting down and abandoning module OculusMR (538)
[2022.11.13-21.57.51:935][311]LogModuleManager: Shutting down and abandoning module TakeRecorderSources (536)
[2022.11.13-21.57.51:937][311]LogModuleManager: Shutting down and abandoning module TakeRecorder (535)
[2022.11.13-21.57.51:938][311]LogModuleManager: Shutting down and abandoning module TakeTrackRecorders (532)
[2022.11.13-21.57.51:938][311]LogModuleManager: Shutting down and abandoning module TakesCore (530)
[2022.11.13-21.57.51:939][311]LogModuleManager: Shutting down and abandoning module OpenXRInput (528)
[2022.11.13-21.57.51:939][311]LogModuleManager: Shutting down and abandoning module WebMMediaFactory (526)
[2022.11.13-21.57.51:939][311]LogModuleManager: Shutting down and abandoning module WebMMedia (524)
[2022.11.13-21.57.51:940][311]LogModuleManager: Shutting down and abandoning module WmfMediaFactory (522)
[2022.11.13-21.57.51:940][311]LogModuleManager: Shutting down and abandoning module OpenExrWrapper (520)
[2022.11.13-21.57.51:940][311]LogModuleManager: Shutting down and abandoning module ImgMediaFactory (518)
[2022.11.13-21.57.51:940][311]LogModuleManager: Shutting down and abandoning module AvfMediaFactory (516)
[2022.11.13-21.57.51:940][311]LogModuleManager: Shutting down and abandoning module MagicLeapMediaCodecFactory (514)
[2022.11.13-21.57.51:940][311]LogModuleManager: Shutting down and abandoning module MagicLeapMediaFactory (512)
[2022.11.13-21.57.51:940][311]LogModuleManager: Shutting down and abandoning module PlanarCut (510)
[2022.11.13-21.57.51:941][311]LogModuleManager: Shutting down and abandoning module CharacterAI (508)
[2022.11.13-21.57.51:941][311]LogModuleManager: Shutting down and abandoning module SessionServices (506)
[2022.11.13-21.57.51:941][311]LogModuleManager: Shutting down and abandoning module MovieSceneCapture (504)
[2022.11.13-21.57.51:941][311]LogModuleManager: Shutting down and abandoning module LiveCoding (502)
[2022.11.13-21.57.51:942][311]LogModuleManager: Shutting down and abandoning module LevelSequence (500)
[2022.11.13-21.57.51:942][311]LogModuleManager: Shutting down and abandoning module MovieSceneTracks (498)
[2022.11.13-21.57.51:942][311]LogModuleManager: Shutting down and abandoning module MovieScene (496)
[2022.11.13-21.57.51:942][311]LogModuleManager: Shutting down and abandoning module StreamingPauseRendering (494)
[2022.11.13-21.57.51:943][311]LogModuleManager: Shutting down and abandoning module PortalServices (492)
[2022.11.13-21.57.51:943][311]LogModuleManager: Shutting down and abandoning module PortalRpc (490)
[2022.11.13-21.57.51:943][311]LogModuleManager: Shutting down and abandoning module MessagingRpc (488)
[2022.11.13-21.57.51:943][311]LogModuleManager: Shutting down and abandoning module AudioMixerXAudio2 (486)
[2022.11.13-21.57.51:943][311]LogModuleManager: Shutting down and abandoning module AudioMixerCore (485)
[2022.11.13-21.57.51:943][311]LogModuleManager: Shutting down and abandoning module ImageWriteQueue (482)
[2022.11.13-21.57.51:945][311]LogModuleManager: Shutting down and abandoning module ProfilerService (480)
[2022.11.13-21.57.52:172][311]LogModuleManager: Shutting down and abandoning module TaskGraph (478)
[2022.11.13-21.57.52:174][311]LogModuleManager: Shutting down and abandoning module OculusInput (476)
[2022.11.13-21.57.52:174][311]LogModuleManager: Shutting down and abandoning module Synthesis (474)
[2022.11.13-21.57.52:175][311]LogModuleManager: Shutting down and abandoning module ProceduralMeshComponent (472)
[2022.11.13-21.57.52:175][311]LogModuleManager: Shutting down and abandoning module TakeMovieScene (470)
[2022.11.13-21.57.52:175][311]LogModuleManager: Shutting down and abandoning module MobilePatchingUtils (468)
[2022.11.13-21.57.52:176][311]LogModuleManager: Shutting down and abandoning module AssetTags (466)
[2022.11.13-21.57.52:176][311]LogModuleManager: Shutting down and abandoning module AudioCapture (464)
[2022.11.13-21.57.52:176][311]LogModuleManager: Shutting down and abandoning module AudioCaptureRtAudio (463)
[2022.11.13-21.57.52:176][311]LogModuleManager: Shutting down and abandoning module GooglePAD (460)
[2022.11.13-21.57.52:176][311]LogModuleManager: Shutting down and abandoning module EditableMesh (458)
[2022.11.13-21.57.52:176][311]LogModuleManager: Shutting down and abandoning module TemplateSequence (456)
[2022.11.13-21.57.52:177][311]LogModuleManager: Shutting down and abandoning module CustomMeshComponent (454)
[2022.11.13-21.57.52:177][311]LogModuleManager: Shutting down and abandoning module CableComponent (452)
[2022.11.13-21.57.52:177][311]LogModuleManager: Shutting down and abandoning module ArchVisCharacter (450)
[2022.11.13-21.57.52:177][311]LogModuleManager: Shutting down and abandoning module AppleImageUtilsBlueprintSupport (448)
[2022.11.13-21.57.52:177][311]LogModuleManager: Shutting down and abandoning module AppleImageUtils (446)
[2022.11.13-21.57.52:177][311]LogModuleManager: Shutting down and abandoning module AndroidPermission (444)
[2022.11.13-21.57.52:177][311]LogModuleManager: Shutting down and abandoning module ActorLayerUtilities (442)
[2022.11.13-21.57.52:177][311]LogModuleManager: Shutting down and abandoning module MediaCompositing (440)
[2022.11.13-21.57.52:177][311]LogModuleManager: Shutting down and abandoning module ImgMedia (438)
[2022.11.13-21.57.52:177][311]LogModuleManager: Shutting down and abandoning module MagicLeapSharedWorld (436)
[2022.11.13-21.57.52:177][311]LogModuleManager: Shutting down and abandoning module MagicLeapLightEstimation (434)
[2022.11.13-21.57.52:177][311]LogModuleManager: Shutting down and abandoning module MagicLeapHelperVulkan (432)
[2022.11.13-21.57.52:177][311]LogModuleManager: Shutting down and abandoning module MagicLeapHelperOpenGL (430)
[2022.11.13-21.57.52:177][311]LogModuleManager: Shutting down and abandoning module MagicLeapAudio (428)
[2022.11.13-21.57.52:178][311]LogModuleManager: Shutting down and abandoning module VisualStudioCodeSourceCodeAccess (426)
[2022.11.13-21.57.52:178][311]LogModuleManager: Shutting down and abandoning module OpenImageDenoise (424)
[2022.11.13-21.57.52:178][311]LogOpenImageDenoise: OIDN shutting down
[2022.11.13-21.57.52:178][311]LogModuleManager: Shutting down and abandoning module MotoSynth (422)
[2022.11.13-21.57.52:178][311]LogModuleManager: Shutting down and abandoning module VisualStudioSourceCodeAccess (420)
[2022.11.13-21.57.52:178][311]LogModuleManager: Shutting down and abandoning module HotReload (419)
[2022.11.13-21.57.52:179][311]LogModuleManager: Shutting down and abandoning module MeshConversion (416)
[2022.11.13-21.57.52:179][311]LogModuleManager: Shutting down and abandoning module DynamicMesh (414)
[2022.11.13-21.57.52:180][311]LogModuleManager: Shutting down and abandoning module GeometryAlgorithms (412)
[2022.11.13-21.57.52:181][311]LogModuleManager: Shutting down and abandoning module GeometricObjects (410)
[2022.11.13-21.57.52:182][311]LogModuleManager: Shutting down and abandoning module GeometryCollectionTracks (408)
[2022.11.13-21.57.52:182][311]LogModuleManager: Shutting down and abandoning module GeometryCollectionSequencer (407)
[2022.11.13-21.57.52:183][311]LogModuleManager: Shutting down and abandoning module SubversionSourceControl (404)
[2022.11.13-21.57.52:184][311]LogModuleManager: Shutting down and abandoning module UObjectPlugin (402)
[2022.11.13-21.57.52:184][311]LogModuleManager: Shutting down and abandoning module GeometryCacheTracks (400)
[2022.11.13-21.57.52:184][311]LogModuleManager: Shutting down and abandoning module GeometryCacheSequencer (399)
[2022.11.13-21.57.52:184][311]LogModuleManager: Shutting down and abandoning module GeometryCache (396)
[2022.11.13-21.57.52:184][311]LogModuleManager: Shutting down and abandoning module GeometryCacheEd (395)
[2022.11.13-21.57.52:184][311]LogModuleManager: Shutting down and abandoning module PerforceSourceControl (392)
[2022.11.13-21.57.52:186][311]LogModuleManager: Shutting down and abandoning module SourceControl (391)
[2022.11.13-21.57.52:187][311]LogModuleManager: Shutting down and abandoning module ChaosNiagara (388)
[2022.11.13-21.57.52:187][311]LogModuleManager: Shutting down and abandoning module FieldSystemEngine (387)
[2022.11.13-21.57.52:187][311]LogModuleManager: Shutting down and abandoning module AutomationUtils (384)
[2022.11.13-21.57.52:187][311]LogModuleManager: Shutting down and abandoning module BackChannel (382)
[2022.11.13-21.57.52:188][311]LogModuleManager: Shutting down and abandoning module CLionSourceCodeAccess (380)
[2022.11.13-21.57.52:188][311]LogModuleManager: Shutting down and abandoning module OodleNetworkHandlerComponent (378)
[2022.11.13-21.57.52:188][311]LogModuleManager: Shutting down and abandoning module LiveLinkSequencer (376)
[2022.11.13-21.57.52:188][311]LogModuleManager: Shutting down and abandoning module LiveLinkMovieScene (374)
[2022.11.13-21.57.52:188][311]LogModuleManager: Shutting down and abandoning module LiveLinkGraphNode (372)
[2022.11.13-21.57.52:188][311]LogModuleManager: Shutting down and abandoning module LiveLinkComponents (370)
[2022.11.13-21.57.52:188][311]LogModuleManager: Shutting down and abandoning module LiveLink (368)
[2022.11.13-21.57.52:431][311]LogModuleManager: Shutting down and abandoning module SoundFields (366)
[2022.11.13-21.57.52:431][311]LogModuleManager: Shutting down and abandoning module SignificanceManager (364)
[2022.11.13-21.57.52:431][311]LogModuleManager: Shutting down and abandoning module RuntimePhysXCooking (362)
[2022.11.13-21.57.52:431][311]LogModuleManager: Shutting down and abandoning module PropertyAccessEditor (360)
[2022.11.13-21.57.52:433][311]LogModuleManager: Shutting down and abandoning module PhysXVehiclesEditor (358)
[2022.11.13-21.57.52:433][311]LogModuleManager: Shutting down and abandoning module LocationServicesBPLibrary (354)
[2022.11.13-21.57.52:433][311]LogModuleManager: Shutting down and abandoning module AudioSynesthesia (352)
[2022.11.13-21.57.52:433][311]LogModuleManager: Shutting down and abandoning module AudioSynesthesiaCore (350)
[2022.11.13-21.57.52:433][311]LogModuleManager: Shutting down and abandoning module ActorSequence (348)
[2022.11.13-21.57.52:433][311]LogModuleManager: Shutting down and abandoning module TcpMessaging (346)
