Log file open, 10/26/22 01:22:21
LogWindows: Failed to load 'aqProf.dll' (GetLastError=126)
LogWindows: File 'aqProf.dll' does not exist
LogWindows: Failed to load 'VtuneApi.dll' (GetLastError=126)
LogWindows: File 'VtuneApi.dll' does not exist
LogWindows: Failed to load 'VtuneApi32e.dll' (GetLastError=126)
LogWindows: File 'VtuneApi32e.dll' does not exist
LogConsoleResponse: Display: Failed to find resolution value strings in scalability ini. Falling back to default.
LogConsoleResponse: Display: Failed to find resolution value strings in scalability ini. Falling back to default.
LogInit: Display: Running engine for game: MyProject
LogPlatformFile: Not using cached read wrapper
LogTaskGraph: Started task graph with 5 named threads and 35 total threads with 3 sets of task threads.
LogStats: Stats thread started at 0.196202
LogICUInternationalization: ICU TimeZone Detection - Raw Offset: +3:00, Platform Override: ''
LogInit: Display: Loading text-based GConfig....
LogPluginManager: Mounting plugin MeshPainting
LogPluginManager: Mounting plugin XGEController
LogPluginManager: Mounting plugin AISupport
LogPluginManager: Mounting plugin Paper2D
LogPluginManager: Mounting plugin EnvironmentQueryEditor
LogPluginManager: Mounting plugin LightPropagationVolume
LogPluginManager: Mounting plugin LiveLink
LogPluginManager: Mounting plugin CameraShakePreviewer
LogPluginManager: Mounting plugin AnimationSharing
LogPluginManager: Mounting plugin OodleNetwork
LogPluginManager: Mounting plugin GameplayCameras
LogPluginManager: Mounting plugin CodeLiteSourceCodeAccess
LogPluginManager: Mounting plugin OodleData
LogPluginManager: Mounting plugin GitSourceControl
LogPluginManager: Mounting plugin KDevelopSourceCodeAccess
LogPluginManager: Mounting plugin NullSourceCodeAccess
LogPluginManager: Mounting plugin PixWinPlugin
LogPluginManager: Mounting plugin CLionSourceCodeAccess
LogPluginManager: Mounting plugin PerforceSourceControl
LogPluginManager: Mounting plugin PlasticSourceControl
LogPluginManager: Mounting plugin PluginUtils
LogPluginManager: Mounting plugin PropertyAccessNode
LogPluginManager: Mounting plugin RiderSourceCodeAccess
LogPluginManager: Mounting plugin SubversionSourceControl
LogPluginManager: Mounting plugin TextureFormatOodle
LogPluginManager: Mounting plugin UObjectPlugin
LogPluginManager: Mounting plugin VisualStudioCodeSourceCodeAccess
LogPluginManager: Mounting plugin VisualStudioSourceCodeAccess
LogPluginManager: Mounting plugin XCodeSourceCodeAccess
LogPluginManager: Mounting plugin Niagara
LogPluginManager: Mounting plugin DatasmithContent
LogPluginManager: Mounting plugin VariantManagerContent
LogPluginManager: Mounting plugin AssetManagerEditor
LogPluginManager: Mounting plugin AlembicImporter
LogPluginManager: Mounting plugin AutomationUtils
LogPluginManager: Mounting plugin BackChannel
LogPluginManager: Mounting plugin ChaosCloth
LogPluginManager: Mounting plugin ChaosClothEditor
LogPluginManager: Mounting plugin ChaosEditor
LogPluginManager: Mounting plugin ChaosSolverPlugin
LogPluginManager: Mounting plugin ChaosNiagara
LogPluginManager: Mounting plugin CharacterAI
LogPluginManager: Mounting plugin CryptoKeys
LogPluginManager: Mounting plugin CurveEditorTools
LogPluginManager: Mounting plugin DataValidation
LogPluginManager: Mounting plugin FacialAnimation
LogPluginManager: Mounting plugin GameplayTagsEditor
LogPluginManager: Mounting plugin GeometryMode
LogPluginManager: Mounting plugin MaterialAnalyzer
LogPluginManager: Mounting plugin MacGraphicsSwitching
LogPluginManager: Mounting plugin MobileLauncherProfileWizard
LogPluginManager: Mounting plugin PluginBrowser
LogPluginManager: Mounting plugin SpeedTreeImporter
LogPluginManager: Mounting plugin GeometryCollectionPlugin
LogPluginManager: Mounting plugin GeometryCache
LogPluginManager: Mounting plugin GeometryProcessing
LogPluginManager: Mounting plugin MotoSynth
LogPluginManager: Mounting plugin OpenImageDenoise
LogPluginManager: Mounting plugin PlatformCrypto
LogPluginManager: Mounting plugin ProxyLODPlugin
LogPluginManager: Mounting plugin PlanarCut
LogPluginManager: Mounting plugin PythonScriptPlugin
LogPluginManager: Mounting plugin LuminPlatformFeatures
LogPluginManager: Mounting plugin MagicLeap
LogPluginManager: Mounting plugin MagicLeapLightEstimation
LogPluginManager: Mounting plugin MagicLeapMedia
LogPluginManager: Mounting plugin SkeletalReduction
LogPluginManager: Mounting plugin MLSDK
LogPluginManager: Mounting plugin MagicLeapPassableWorld
LogPluginManager: Mounting plugin AndroidMedia
LogPluginManager: Mounting plugin AvfMedia
LogPluginManager: Mounting plugin ImgMedia
LogPluginManager: Mounting plugin MediaCompositing
LogPluginManager: Mounting plugin MediaPlayerEditor
LogPluginManager: Mounting plugin WebMMedia
LogPluginManager: Mounting plugin WmfMedia
LogPluginManager: Mounting plugin TcpMessaging
LogPluginManager: Mounting plugin UdpMessaging
LogPluginManager: Mounting plugin ActorSequence
LogPluginManager: Mounting plugin LevelSequenceEditor
LogPluginManager: Mounting plugin MatineeToLevelSequence
LogPluginManager: Mounting plugin LauncherChunkInstaller
LogPluginManager: Mounting plugin TemplateSequence
LogPluginManager: Mounting plugin OnlineSubsystem
LogPluginManager: Mounting plugin OnlineSubsystemNull
LogPluginManager: Mounting plugin OnlineSubsystemUtils
LogPluginManager: Mounting plugin ActorLayerUtilities
LogPluginManager: Mounting plugin AndroidDeviceProfileSelector
LogPluginManager: Mounting plugin AndroidMoviePlayer
LogPluginManager: Mounting plugin AndroidPermission
LogPluginManager: Mounting plugin ArchVisCharacter
LogPluginManager: Mounting plugin AppleMoviePlayer
LogPluginManager: Mounting plugin AssetTags
LogPluginManager: Mounting plugin AudioCapture
LogPluginManager: Mounting plugin AudioSynesthesia
LogPluginManager: Mounting plugin CableComponent
LogPluginManager: Mounting plugin AppleImageUtils
LogPluginManager: Mounting plugin CustomMeshComponent
LogPluginManager: Mounting plugin ExampleDeviceProfileSelector
LogPluginManager: Mounting plugin EditableMesh
LogPluginManager: Mounting plugin ChunkDownloader
LogPluginManager: Mounting plugin ScreenshotTools
LogPluginManager: Mounting plugin GoogleCloudMessaging
LogPluginManager: Mounting plugin GooglePAD
LogPluginManager: Mounting plugin IOSDeviceProfileSelector
LogPluginManager: Mounting plugin LinuxDeviceProfileSelector
LogPluginManager: Mounting plugin LocationServicesBPLibrary
LogPluginManager: Mounting plugin MobilePatchingUtils
LogPluginManager: Mounting plugin OpenXR
LogPluginManager: Mounting plugin OpenXREyeTracker
LogPluginManager: Mounting plugin Takes
LogPluginManager: Mounting plugin OpenXRHandTracking
LogPluginManager: Mounting plugin PostSplashScreen
LogPluginManager: Mounting plugin ProceduralMeshComponent
LogPluginManager: Mounting plugin PhysXVehicles
LogPluginManager: Mounting plugin PropertyAccessEditor
LogPluginManager: Mounting plugin RuntimePhysXCooking
LogPluginManager: Mounting plugin SignificanceManager
LogPluginManager: Mounting plugin Synthesis
LogPluginManager: Mounting plugin SoundFields
LogPluginManager: Mounting plugin WindowsMoviePlayer
LogPluginManager: Mounting plugin WebMMoviePlayer
LogPluginManager: Mounting plugin ContentBrowserAssetDataSource
LogPluginManager: Mounting plugin ContentBrowserClassDataSource
LogPluginManager: Mounting plugin ContentBrowserFileDataSource
LogPluginManager: Mounting plugin OnlineSubsystemGooglePlay
LogPluginManager: Mounting plugin OnlineSubsystemIOS
LogPluginManager: Mounting plugin OculusVR
LogPluginManager: Mounting plugin SteamVR
PixWinPlugin: PIX capture plugin failed to initialize! Check that the process is launched from PIX.
LogLuminAPIImpl: Warning: MLSDK not found.  This likely means the MLSDK environment variable is not set.
LogInit: Using libcurl 7.55.1-DEV
LogInit:  - built for x86_64-pc-win32
LogInit:  - supports SSL with OpenSSL/1.1.1
LogInit:  - supports HTTP deflate (compression) using libz 1.2.8
LogInit:  - other features:
LogInit:      CURL_VERSION_SSL
LogInit:      CURL_VERSION_LIBZ
LogInit:      CURL_VERSION_IPV6
LogInit:      CURL_VERSION_ASYNCHDNS
LogInit:      CURL_VERSION_LARGEFILE
LogInit:      CURL_VERSION_IDN
LogInit:  CurlRequestOptions (configurable via config and command line):
LogInit:  - bVerifyPeer = true  - Libcurl will verify peer certificate
LogInit:  - bUseHttpProxy = false  - Libcurl will NOT use HTTP proxy
LogInit:  - bDontReuseConnections = false  - Libcurl will reuse connections
LogInit:  - MaxHostConnections = 16  - Libcurl will limit the number of connections to a host
LogInit:  - LocalHostAddr = Default
LogInit:  - BufferSize = 65536
LogOnline: OSS: Creating online subsystem instance for: NULL
LogInit: WinSock: version 1.1 (2.2), MaxSocks=32767, MaxUdp=65467
LogOnline: OSS: TryLoadSubsystemAndSetDefault: Loaded subsystem for module [NULL]
LogOculusPluginWrapper: OculusPlugin initialized successfully
LogHMD: Failed initializing OVRPlugin 1.59.0
LogInit: Build: ++UE4+Release-4.27-CL-18319896
LogInit: Engine Version: 4.27.2-18319896+++UE4+Release-4.27
LogInit: Compatible Engine Version: 4.27.0-17155196+++UE4+Release-4.27
LogInit: Net CL: 17155196
LogInit: OS: Windows 10 (Release 2009) (), CPU: Intel(R) Core(TM) i7-8700K CPU @ 3.70GHz, GPU: NVIDIA GeForce GTX 1070 Ti
LogInit: Compiled (64-bit): Nov 30 2021 07:12:08
LogInit: Compiled with Visual C++: 19.24.28315.00
LogInit: Build Configuration: Development
LogInit: Branch Name: ++UE4+Release-4.27
LogInit: Command Line:  -EpicPortal -epicusername=Stratosfera111 -epicuserid=494fe8f2921648c1a0d46081d91a9073 -epiclocale=ru -epicsandboxid=ue
LogInit: Base Directory: C:/Program Files/Epic Games/UE_4.27/Engine/Binaries/Win64/
LogInit: Allocator: TBB
LogInit: Installed Engine Build: 1
LogDevObjectVersion: Number of dev versions registered: 29
LogDevObjectVersion:   Dev-Blueprints (B0D832E4-1F89-4F0D-ACCF-7EB736FD4AA2): 10
LogDevObjectVersion:   Dev-Build (E1C64328-A22C-4D53-A36C-8E866417BD8C): 0
LogDevObjectVersion:   Dev-Core (375EC13C-06E4-48FB-B500-84F0262A717E): 4
LogDevObjectVersion:   Dev-Editor (E4B068ED-F494-42E9-A231-DA0B2E46BB41): 40
LogDevObjectVersion:   Dev-Framework (CFFC743F-43B0-4480-9391-14DF171D2073): 37
LogDevObjectVersion:   Dev-Mobile (B02B49B5-BB20-44E9-A304-32B752E40360): 3
LogDevObjectVersion:   Dev-Networking (A4E4105C-59A1-49B5-A7C5-40C4547EDFEE): 0
LogDevObjectVersion:   Dev-Online (39C831C9-5AE6-47DC-9A44-9C173E1C8E7C): 0
LogDevObjectVersion:   Dev-Physics (78F01B33-EBEA-4F98-B9B4-84EACCB95AA2): 14
LogDevObjectVersion:   Dev-Platform (6631380F-2D4D-43E0-8009-CF276956A95A): 0
LogDevObjectVersion:   Dev-Rendering (12F88B9F-8875-4AFC-A67C-D90C383ABD29): 45
LogDevObjectVersion:   Dev-Sequencer (7B5AE74C-D270-4C10-A958-57980B212A5A): 13
LogDevObjectVersion:   Dev-VR (D7296918-1DD6-4BDD-9DE2-64A83CC13884): 3
LogDevObjectVersion:   Dev-LoadTimes (C2A15278-BFE7-4AFE-6C17-90FF531DF755): 1
LogDevObjectVersion:   Private-Geometry (6EACA3D4-40EC-4CC1-B786-8BED09428FC5): 3
LogDevObjectVersion:   Dev-AnimPhys (29E575DD-E0A3-4627-9D10-D276232CDCEA): 17
LogDevObjectVersion:   Dev-Anim (AF43A65D-7FD3-4947-9873-3E8ED9C1BB05): 15
LogDevObjectVersion:   Dev-ReflectionCapture (6B266CEC-1EC7-4B8F-A30B-E4D90942FC07): 1
LogDevObjectVersion:   Dev-Automation (0DF73D61-A23F-47EA-B727-89E90C41499A): 1
LogDevObjectVersion:   FortniteMain (601D1886-AC64-4F84-AA16-D3DE0DEAC7D6): 47
LogDevObjectVersion:   FortniteRelease (E7086368-6B23-4C58-8439-1B7016265E91): 1
LogDevObjectVersion:   Dev-Enterprise (9DFFBCD6-494F-0158-E221-12823C92A888): 10
LogDevObjectVersion:   Dev-Niagara (F2AED0AC-9AFE-416F-8664-AA7FFA26D6FC): 1
LogDevObjectVersion:   Dev-Destruction (174F1F0B-B4C6-45A5-B13F-2EE8D0FB917D): 10
LogDevObjectVersion:   Dev-Physics-Ext (35F94A83-E258-406C-A318-09F59610247C): 41
LogDevObjectVersion:   Dev-PhysicsMaterial-Chaos (B68FC16E-8B1B-42E2-B453-215C058844FE): 1
LogDevObjectVersion:   Dev-CineCamera (B2E18506-4273-CFC2-A54E-F4BB758BBA07): 1
LogDevObjectVersion:   Dev-VirtualProduction (64F58936-FD1B-42BA-BA96-7289D5D0FA4E): 1
LogDevObjectVersion:   Dev-MediaFramework (6F0ED827-A609-4895-9C91-998D90180EA4): 2
LogInit: Presizing for max 25165824 objects, including 0 objects not considered by GC, pre-allocating 0 bytes for permanent pool.
LogConfig: Applying CVar settings from Section [/Script/Engine.StreamingSettings] File [E:/__PROLOGUE/2/Prologue/MyProject/Saved/Config/Windows/Engine.ini]
LogConfig: Setting CVar [[s.MinBulkDataSizeForAsyncLoading:131072]]
LogConfig: Setting CVar [[s.AsyncLoadingThreadEnabled:0]]
LogConfig: Setting CVar [[s.EventDrivenLoaderEnabled:1]]
LogConfig: Setting CVar [[s.WarnIfTimeLimitExceeded:0]]
LogConfig: Setting CVar [[s.TimeLimitExceededMultiplier:1.5]]
LogConfig: Setting CVar [[s.TimeLimitExceededMinTime:0.005]]
LogConfig: Setting CVar [[s.UseBackgroundLevelStreaming:1]]
LogConfig: Setting CVar [[s.PriorityAsyncLoadingExtraTime:15.0]]
LogConfig: Setting CVar [[s.LevelStreamingActorsUpdateTimeLimit:5.0]]
LogConfig: Setting CVar [[s.PriorityLevelStreamingActorsUpdateExtraTime:5.0]]
LogConfig: Setting CVar [[s.LevelStreamingComponentsRegistrationGranularity:10]]
LogConfig: Setting CVar [[s.UnregisterComponentsTimeLimit:1.0]]
LogConfig: Setting CVar [[s.LevelStreamingComponentsUnregistrationGranularity:5]]
LogConfig: Setting CVar [[s.FlushStreamingOnExit:1]]
LogInit: Object subsystem initialized
LogConfig: Setting CVar [[con.DebugEarlyDefault:1]]
LogConfig: Setting CVar [[r.setres:1280x720]]
[2022.10.25-22.22.21:604][  0]LogConfig: Setting CVar [[r.VSync:0]]
[2022.10.25-22.22.21:604][  0]LogConfig: Setting CVar [[r.RHICmdBypass:0]]
[2022.10.25-22.22.21:604][  0]LogConfig: Applying CVar settings from Section [/Script/Engine.RendererSettings] File [E:/__PROLOGUE/2/Prologue/MyProject/Saved/Config/Windows/Engine.ini]
[2022.10.25-22.22.21:604][  0]LogConfig: Setting CVar [[r.GPUCrashDebugging:0]]
[2022.10.25-22.22.21:604][  0]LogConfig: Applying CVar settings from Section [/Script/Engine.RendererOverrideSettings] File [E:/__PROLOGUE/2/Prologue/MyProject/Saved/Config/Windows/Engine.ini]
[2022.10.25-22.22.21:604][  0]LogConfig: Applying CVar settings from Section [/Script/Engine.StreamingSettings] File [E:/__PROLOGUE/2/Prologue/MyProject/Saved/Config/Windows/Engine.ini]
[2022.10.25-22.22.21:604][  0]LogConfig: Setting CVar [[s.MinBulkDataSizeForAsyncLoading:131072]]
[2022.10.25-22.22.21:604][  0]LogConfig: Setting CVar [[s.AsyncLoadingThreadEnabled:0]]
[2022.10.25-22.22.21:604][  0]LogConfig: Setting CVar [[s.EventDrivenLoaderEnabled:1]]
[2022.10.25-22.22.21:604][  0]LogConfig: Setting CVar [[s.WarnIfTimeLimitExceeded:0]]
[2022.10.25-22.22.21:604][  0]LogConfig: Setting CVar [[s.TimeLimitExceededMultiplier:1.5]]
[2022.10.25-22.22.21:604][  0]LogConfig: Setting CVar [[s.TimeLimitExceededMinTime:0.005]]
[2022.10.25-22.22.21:604][  0]LogConfig: Setting CVar [[s.UseBackgroundLevelStreaming:1]]
[2022.10.25-22.22.21:604][  0]LogConfig: Setting CVar [[s.PriorityAsyncLoadingExtraTime:15.0]]
[2022.10.25-22.22.21:604][  0]LogConfig: Setting CVar [[s.LevelStreamingActorsUpdateTimeLimit:5.0]]
[2022.10.25-22.22.21:604][  0]LogConfig: Setting CVar [[s.PriorityLevelStreamingActorsUpdateExtraTime:5.0]]
[2022.10.25-22.22.21:604][  0]LogConfig: Setting CVar [[s.LevelStreamingComponentsRegistrationGranularity:10]]
[2022.10.25-22.22.21:604][  0]LogConfig: Setting CVar [[s.UnregisterComponentsTimeLimit:1.0]]
[2022.10.25-22.22.21:604][  0]LogConfig: Setting CVar [[s.LevelStreamingComponentsUnregistrationGranularity:5]]
[2022.10.25-22.22.21:604][  0]LogConfig: Setting CVar [[s.FlushStreamingOnExit:1]]
[2022.10.25-22.22.21:604][  0]LogConfig: Applying CVar settings from Section [/Script/Engine.GarbageCollectionSettings] File [E:/__PROLOGUE/2/Prologue/MyProject/Saved/Config/Windows/Engine.ini]
[2022.10.25-22.22.21:604][  0]LogConfig: Setting CVar [[gc.MaxObjectsNotConsideredByGC:1]]
[2022.10.25-22.22.21:604][  0]LogConfig: Setting CVar [[gc.SizeOfPermanentObjectPool:0]]
[2022.10.25-22.22.21:604][  0]LogConfig: Setting CVar [[gc.FlushStreamingOnGC:0]]
[2022.10.25-22.22.21:604][  0]LogConfig: Setting CVar [[gc.NumRetriesBeforeForcingGC:10]]
[2022.10.25-22.22.21:604][  0]LogConfig: Setting CVar [[gc.AllowParallelGC:1]]
[2022.10.25-22.22.21:604][  0]LogConfig: Setting CVar [[gc.TimeBetweenPurgingPendingKillObjects:61.1]]
[2022.10.25-22.22.21:604][  0]LogConfig: Setting CVar [[gc.MaxObjectsInEditor:25165824]]
[2022.10.25-22.22.21:604][  0]LogConfig: Setting CVar [[gc.IncrementalBeginDestroyEnabled:1]]
[2022.10.25-22.22.21:604][  0]LogConfig: Setting CVar [[gc.CreateGCClusters:1]]
[2022.10.25-22.22.21:604][  0]LogConfig: Setting CVar [[gc.MinGCClusterSize:5]]
[2022.10.25-22.22.21:604][  0]LogConfig: Setting CVar [[gc.ActorClusteringEnabled:0]]
[2022.10.25-22.22.21:604][  0]LogConfig: Setting CVar [[gc.BlueprintClusteringEnabled:0]]
[2022.10.25-22.22.21:604][  0]LogConfig: Setting CVar [[gc.UseDisregardForGCOnDedicatedServers:0]]
[2022.10.25-22.22.21:604][  0]LogConfig: Setting CVar [[gc.MultithreadedDestructionEnabled:1]]
[2022.10.25-22.22.21:604][  0]LogConfig: Applying CVar settings from Section [/Script/Engine.NetworkSettings] File [E:/__PROLOGUE/2/Prologue/MyProject/Saved/Config/Windows/Engine.ini]
[2022.10.25-22.22.21:604][  0]LogConfig: Applying CVar settings from Section [/Script/UnrealEd.CookerSettings] File [E:/__PROLOGUE/2/Prologue/MyProject/Saved/Config/Windows/Engine.ini]
[2022.10.25-22.22.21:615][  0]LogConfig: Applying CVar settings from Section [ViewDistanceQuality@3] File [E:/__PROLOGUE/2/Prologue/MyProject/Saved/Config/Windows/Scalability.ini]
[2022.10.25-22.22.21:615][  0]LogConfig: Setting CVar [[r.SkeletalMeshLODBias:0]]
[2022.10.25-22.22.21:615][  0]LogConfig: Setting CVar [[r.ViewDistanceScale:1.0]]
[2022.10.25-22.22.21:615][  0]LogConfig: Applying CVar settings from Section [AntiAliasingQuality@3] File [E:/__PROLOGUE/2/Prologue/MyProject/Saved/Config/Windows/Scalability.ini]
[2022.10.25-22.22.21:615][  0]LogConfig: Setting CVar [[r.PostProcessAAQuality:4]]
[2022.10.25-22.22.21:615][  0]LogConfig: Applying CVar settings from Section [ShadowQuality@3] File [E:/__PROLOGUE/2/Prologue/MyProject/Saved/Config/Windows/Scalability.ini]
[2022.10.25-22.22.21:615][  0]LogConfig: Setting CVar [[r.LightFunctionQuality:1]]
[2022.10.25-22.22.21:615][  0]LogConfig: Setting CVar [[r.ShadowQuality:5]]
[2022.10.25-22.22.21:615][  0]LogConfig: Setting CVar [[r.Shadow.CSM.MaxCascades:10]]
[2022.10.25-22.22.21:615][  0]LogConfig: Setting CVar [[r.Shadow.MaxResolution:2048]]
[2022.10.25-22.22.21:615][  0]LogConfig: Setting CVar [[r.Shadow.MaxCSMResolution:2048]]
[2022.10.25-22.22.21:615][  0]LogConfig: Setting CVar [[r.Shadow.RadiusThreshold:0.01]]
[2022.10.25-22.22.21:615][  0]LogConfig: Setting CVar [[r.Shadow.DistanceScale:1.0]]
[2022.10.25-22.22.21:615][  0]LogConfig: Setting CVar [[r.Shadow.CSM.TransitionScale:1.0]]
[2022.10.25-22.22.21:615][  0]LogConfig: Setting CVar [[r.Shadow.PreShadowResolutionFactor:1.0]]
[2022.10.25-22.22.21:615][  0]LogConfig: Setting CVar [[r.DistanceFieldShadowing:1]]
[2022.10.25-22.22.21:615][  0]LogConfig: Setting CVar [[r.DistanceFieldAO:1]]
[2022.10.25-22.22.21:615][  0]LogConfig: Setting CVar [[r.AOQuality:2]]
[2022.10.25-22.22.21:615][  0]LogConfig: Setting CVar [[r.VolumetricFog:1]]
[2022.10.25-22.22.21:615][  0]LogConfig: Setting CVar [[r.VolumetricFog.GridPixelSize:8]]
[2022.10.25-22.22.21:615][  0]LogConfig: Setting CVar [[r.VolumetricFog.GridSizeZ:128]]
[2022.10.25-22.22.21:615][  0]LogConfig: Setting CVar [[r.VolumetricFog.HistoryMissSupersampleCount:4]]
[2022.10.25-22.22.21:615][  0]LogConfig: Setting CVar [[r.LightMaxDrawDistanceScale:1]]
[2022.10.25-22.22.21:615][  0]LogConfig: Setting CVar [[r.CapsuleShadows:1]]
[2022.10.25-22.22.21:615][  0]LogConfig: Applying CVar settings from Section [PostProcessQuality@3] File [E:/__PROLOGUE/2/Prologue/MyProject/Saved/Config/Windows/Scalability.ini]
[2022.10.25-22.22.21:615][  0]LogConfig: Setting CVar [[r.MotionBlurQuality:4]]
[2022.10.25-22.22.21:615][  0]LogConfig: Setting CVar [[r.AmbientOcclusionMipLevelFactor:0.4]]
[2022.10.25-22.22.21:615][  0]LogConfig: Setting CVar [[r.AmbientOcclusionMaxQuality:100]]
[2022.10.25-22.22.21:615][  0]LogConfig: Setting CVar [[r.AmbientOcclusionLevels:-1]]
[2022.10.25-22.22.21:615][  0]LogConfig: Setting CVar [[r.AmbientOcclusionRadiusScale:1.0]]
[2022.10.25-22.22.21:615][  0]LogConfig: Setting CVar [[r.DepthOfFieldQuality:2]]
[2022.10.25-22.22.21:615][  0]LogConfig: Setting CVar [[r.RenderTargetPoolMin:400]]
[2022.10.25-22.22.21:615][  0]LogConfig: Setting CVar [[r.LensFlareQuality:2]]
[2022.10.25-22.22.21:615][  0]LogConfig: Setting CVar [[r.SceneColorFringeQuality:1]]
[2022.10.25-22.22.21:615][  0]LogConfig: Setting CVar [[r.EyeAdaptationQuality:2]]
[2022.10.25-22.22.21:615][  0]LogConfig: Setting CVar [[r.BloomQuality:5]]
[2022.10.25-22.22.21:615][  0]LogConfig: Setting CVar [[r.FastBlurThreshold:100]]
[2022.10.25-22.22.21:615][  0]LogConfig: Setting CVar [[r.Upscale.Quality:3]]
[2022.10.25-22.22.21:615][  0]LogConfig: Setting CVar [[r.Tonemapper.GrainQuantization:1]]
[2022.10.25-22.22.21:615][  0]LogConfig: Setting CVar [[r.LightShaftQuality:1]]
[2022.10.25-22.22.21:615][  0]LogConfig: Setting CVar [[r.Filter.SizeScale:1]]
[2022.10.25-22.22.21:615][  0]LogConfig: Setting CVar [[r.Tonemapper.Quality:5]]
[2022.10.25-22.22.21:615][  0]LogConfig: Setting CVar [[r.DOF.Gather.AccumulatorQuality:1        ; higher gathering accumulator quality]]
[2022.10.25-22.22.21:615][  0]LogConfig: Setting CVar [[r.DOF.Gather.PostfilterMethod:1          ; Median3x3 postfilering method]]
[2022.10.25-22.22.21:615][  0]LogConfig: Setting CVar [[r.DOF.Gather.EnableBokehSettings:0       ; no bokeh simulation when gathering]]
[2022.10.25-22.22.21:615][  0]LogConfig: Setting CVar [[r.DOF.Gather.RingCount:4                 ; medium number of samples when gathering]]
[2022.10.25-22.22.21:615][  0]LogConfig: Setting CVar [[r.DOF.Scatter.ForegroundCompositing:1    ; additive foreground scattering]]
[2022.10.25-22.22.21:615][  0]LogConfig: Setting CVar [[r.DOF.Scatter.BackgroundCompositing:2    ; additive background scattering]]
[2022.10.25-22.22.21:615][  0]LogConfig: Setting CVar [[r.DOF.Scatter.EnableBokehSettings:1      ; bokeh simulation when scattering]]
[2022.10.25-22.22.21:615][  0]LogConfig: Setting CVar [[r.DOF.Scatter.MaxSpriteRatio:0.1         ; only a maximum of 10% of scattered bokeh]]
[2022.10.25-22.22.21:615][  0]LogConfig: Setting CVar [[r.DOF.Recombine.Quality:1                ; cheap slight out of focus]]
[2022.10.25-22.22.21:615][  0]LogConfig: Setting CVar [[r.DOF.Recombine.EnableBokehSettings:0    ; no bokeh simulation on slight out of focus]]
[2022.10.25-22.22.21:615][  0]LogConfig: Setting CVar [[r.DOF.TemporalAAQuality:1                ; more stable temporal accumulation]]
[2022.10.25-22.22.21:615][  0]LogConfig: Setting CVar [[r.DOF.Kernel.MaxForegroundRadius:0.025]]
[2022.10.25-22.22.21:615][  0]LogConfig: Setting CVar [[r.DOF.Kernel.MaxBackgroundRadius:0.025]]
[2022.10.25-22.22.21:615][  0]LogConfig: Applying CVar settings from Section [TextureQuality@3] File [E:/__PROLOGUE/2/Prologue/MyProject/Saved/Config/Windows/Scalability.ini]
[2022.10.25-22.22.21:615][  0]LogConfig: Setting CVar [[r.Streaming.MipBias:0]]
[2022.10.25-22.22.21:615][  0]LogConfig: Setting CVar [[r.Streaming.AmortizeCPUToGPUCopy:0]]
[2022.10.25-22.22.21:615][  0]LogConfig: Setting CVar [[r.Streaming.MaxNumTexturesToStreamPerFrame:0]]
[2022.10.25-22.22.21:615][  0]LogConfig: Setting CVar [[r.Streaming.Boost:1]]
[2022.10.25-22.22.21:615][  0]LogConfig: Setting CVar [[r.MaxAnisotropy:8]]
[2022.10.25-22.22.21:615][  0]LogConfig: Setting CVar [[r.VT.MaxAnisotropy:8]]
[2022.10.25-22.22.21:615][  0]LogConfig: Setting CVar [[r.Streaming.LimitPoolSizeToVRAM:0]]
[2022.10.25-22.22.21:615][  0]LogConfig: Setting CVar [[r.Streaming.PoolSize:1000]]
[2022.10.25-22.22.21:615][  0]LogConfig: Setting CVar [[r.Streaming.MaxEffectiveScreenSize:0]]
[2022.10.25-22.22.21:615][  0]LogConfig: Applying CVar settings from Section [EffectsQuality@3] File [E:/__PROLOGUE/2/Prologue/MyProject/Saved/Config/Windows/Scalability.ini]
[2022.10.25-22.22.21:615][  0]LogConfig: Setting CVar [[r.TranslucencyLightingVolumeDim:64]]
[2022.10.25-22.22.21:615][  0]LogConfig: Setting CVar [[r.RefractionQuality:2]]
[2022.10.25-22.22.21:615][  0]LogConfig: Setting CVar [[r.SSR.Quality:3]]
[2022.10.25-22.22.21:615][  0]LogConfig: Setting CVar [[r.SSR.HalfResSceneColor:0]]
[2022.10.25-22.22.21:615][  0]LogConfig: Setting CVar [[r.SceneColorFormat:4]]
[2022.10.25-22.22.21:615][  0]LogConfig: Setting CVar [[r.DetailMode:2]]
[2022.10.25-22.22.21:615][  0]LogConfig: Setting CVar [[r.TranslucencyVolumeBlur:1]]
[2022.10.25-22.22.21:615][  0]LogConfig: Setting CVar [[r.MaterialQualityLevel:1 ; High quality]]
[2022.10.25-22.22.21:615][  0]LogConfig: Setting CVar [[r.AnisotropicMaterials:1]]
[2022.10.25-22.22.21:615][  0]LogConfig: Setting CVar [[r.SSS.Scale:1]]
[2022.10.25-22.22.21:615][  0]LogConfig: Setting CVar [[r.SSS.SampleSet:2]]
[2022.10.25-22.22.21:615][  0]LogConfig: Setting CVar [[r.SSS.Quality:1]]
[2022.10.25-22.22.21:615][  0]LogConfig: Setting CVar [[r.SSS.HalfRes:0]]
[2022.10.25-22.22.21:615][  0]LogConfig: Setting CVar [[r.SSGI.Quality:3]]
[2022.10.25-22.22.21:615][  0]LogConfig: Setting CVar [[r.EmitterSpawnRateScale:1.0]]
[2022.10.25-22.22.21:615][  0]LogConfig: Setting CVar [[r.ParticleLightQuality:2]]
[2022.10.25-22.22.21:615][  0]LogConfig: Setting CVar [[r.SkyAtmosphere.AerialPerspectiveLUT.FastApplyOnOpaque:1 ; Always have FastSkyLUT 1 in this case to avoid wrong sky]]
[2022.10.25-22.22.21:615][  0]LogConfig: Setting CVar [[r.SkyAtmosphere.AerialPerspectiveLUT.SampleCountMaxPerSlice:4]]
[2022.10.25-22.22.21:615][  0]LogConfig: Setting CVar [[r.SkyAtmosphere.AerialPerspectiveLUT.DepthResolution:16.0]]
[2022.10.25-22.22.21:615][  0]LogConfig: Setting CVar [[r.SkyAtmosphere.FastSkyLUT:1]]
[2022.10.25-22.22.21:615][  0]LogConfig: Setting CVar [[r.SkyAtmosphere.FastSkyLUT.SampleCountMin:4.0]]
[2022.10.25-22.22.21:615][  0]LogConfig: Setting CVar [[r.SkyAtmosphere.FastSkyLUT.SampleCountMax:128.0]]
[2022.10.25-22.22.21:615][  0]LogConfig: Setting CVar [[r.SkyAtmosphere.SampleCountMin:4.0]]
[2022.10.25-22.22.21:615][  0]LogConfig: Setting CVar [[r.SkyAtmosphere.SampleCountMax:128.0]]
[2022.10.25-22.22.21:615][  0]LogConfig: Setting CVar [[r.SkyAtmosphere.TransmittanceLUT.UseSmallFormat:0]]
[2022.10.25-22.22.21:615][  0]LogConfig: Setting CVar [[r.SkyAtmosphere.TransmittanceLUT.SampleCount:10.0]]
[2022.10.25-22.22.21:615][  0]LogConfig: Setting CVar [[r.SkyAtmosphere.MultiScatteringLUT.SampleCount:15.0]]
[2022.10.25-22.22.21:615][  0]LogConfig: Setting CVar [[r.SkyLight.RealTimeReflectionCapture:1]]
[2022.10.25-22.22.21:615][  0]LogConfig: Applying CVar settings from Section [FoliageQuality@3] File [E:/__PROLOGUE/2/Prologue/MyProject/Saved/Config/Windows/Scalability.ini]
[2022.10.25-22.22.21:615][  0]LogConfig: Setting CVar [[foliage.DensityScale:1.0]]
[2022.10.25-22.22.21:615][  0]LogConfig: Setting CVar [[grass.DensityScale:1.0]]
[2022.10.25-22.22.21:615][  0]LogConfig: Applying CVar settings from Section [ShadingQuality@3] File [E:/__PROLOGUE/2/Prologue/MyProject/Saved/Config/Windows/Scalability.ini]
[2022.10.25-22.22.21:615][  0]LogConfig: Setting CVar [[r.HairStrands.SkyLighting.IntegrationType:2]]
[2022.10.25-22.22.21:615][  0]LogConfig: Setting CVar [[r.HairStrands.SkyAO.SampleCount:4]]
[2022.10.25-22.22.21:615][  0]LogConfig: Setting CVar [[r.HairStrands.Visibility.MSAA.SamplePerPixel:4]]
[2022.10.25-22.22.21:616][  0]LogInit: Selected Device Profile: [Windows]
[2022.10.25-22.22.21:616][  0]LogInit: Applying CVar settings loaded from the selected device profile: [Windows]
[2022.10.25-22.22.21:616][  0]LogHAL: Display: Platform has ~ 40 GB [42898518016 / 68719476736 / 40], which maps to Largest [LargestMinGB=32, LargerMinGB=12, DefaultMinGB=8, SmallerMinGB=6, SmallestMinGB=0)
[2022.10.25-22.22.21:616][  0]LogInit: Going up to parent DeviceProfile []
[2022.10.25-22.22.21:616][  0]LogConfig: Applying CVar settings from Section [ViewDistanceQuality@2] File [E:/__PROLOGUE/2/Prologue/MyProject/Saved/Config/Windows/Scalability.ini]
[2022.10.25-22.22.21:616][  0]LogConfig: Setting CVar [[r.SkeletalMeshLODBias:0]]
[2022.10.25-22.22.21:616][  0]LogConfig: Setting CVar [[r.ViewDistanceScale:0.8]]
[2022.10.25-22.22.21:616][  0]LogConfig: Applying CVar settings from Section [AntiAliasingQuality@2] File [E:/__PROLOGUE/2/Prologue/MyProject/Saved/Config/Windows/Scalability.ini]
[2022.10.25-22.22.21:616][  0]LogConfig: Setting CVar [[r.PostProcessAAQuality:3]]
[2022.10.25-22.22.21:616][  0]LogConfig: Applying CVar settings from Section [ShadowQuality@2] File [E:/__PROLOGUE/2/Prologue/MyProject/Saved/Config/Windows/Scalability.ini]
[2022.10.25-22.22.21:616][  0]LogConfig: Setting CVar [[r.LightFunctionQuality:1]]
[2022.10.25-22.22.21:616][  0]LogConfig: Setting CVar [[r.ShadowQuality:5]]
[2022.10.25-22.22.21:616][  0]LogConfig: Setting CVar [[r.Shadow.CSM.MaxCascades:4]]
[2022.10.25-22.22.21:616][  0]LogConfig: Setting CVar [[r.Shadow.MaxResolution:1024]]
[2022.10.25-22.22.21:616][  0]LogConfig: Setting CVar [[r.Shadow.MaxCSMResolution:2048]]
[2022.10.25-22.22.21:616][  0]LogConfig: Setting CVar [[r.Shadow.RadiusThreshold:0.04]]
[2022.10.25-22.22.21:616][  0]LogConfig: Setting CVar [[r.Shadow.DistanceScale:0.85]]
[2022.10.25-22.22.21:616][  0]LogConfig: Setting CVar [[r.Shadow.CSM.TransitionScale:0.8]]
[2022.10.25-22.22.21:616][  0]LogConfig: Setting CVar [[r.Shadow.PreShadowResolutionFactor:0.5]]
[2022.10.25-22.22.21:616][  0]LogConfig: Setting CVar [[r.DistanceFieldShadowing:1]]
[2022.10.25-22.22.21:616][  0]LogConfig: Setting CVar [[r.DistanceFieldAO:1]]
[2022.10.25-22.22.21:616][  0]LogConfig: Setting CVar [[r.AOQuality:1]]
[2022.10.25-22.22.21:616][  0]LogConfig: Setting CVar [[r.VolumetricFog:1]]
[2022.10.25-22.22.21:616][  0]LogConfig: Setting CVar [[r.VolumetricFog.GridPixelSize:16]]
[2022.10.25-22.22.21:616][  0]LogConfig: Setting CVar [[r.VolumetricFog.GridSizeZ:64]]
[2022.10.25-22.22.21:616][  0]LogConfig: Setting CVar [[r.VolumetricFog.HistoryMissSupersampleCount:4]]
[2022.10.25-22.22.21:616][  0]LogConfig: Setting CVar [[r.LightMaxDrawDistanceScale:1]]
[2022.10.25-22.22.21:616][  0]LogConfig: Setting CVar [[r.CapsuleShadows:1]]
[2022.10.25-22.22.21:616][  0]LogConfig: Applying CVar settings from Section [PostProcessQuality@2] File [E:/__PROLOGUE/2/Prologue/MyProject/Saved/Config/Windows/Scalability.ini]
[2022.10.25-22.22.21:616][  0]LogConfig: Setting CVar [[r.MotionBlurQuality:3]]
[2022.10.25-22.22.21:616][  0]LogConfig: Setting CVar [[r.AmbientOcclusionMipLevelFactor:0.6]]
[2022.10.25-22.22.21:616][  0]LogConfig: Setting CVar [[r.AmbientOcclusionMaxQuality:100]]
[2022.10.25-22.22.21:616][  0]LogConfig: Setting CVar [[r.AmbientOcclusionLevels:-1]]
[2022.10.25-22.22.21:616][  0]LogConfig: Setting CVar [[r.AmbientOcclusionRadiusScale:1.5]]
[2022.10.25-22.22.21:616][  0]LogConfig: Setting CVar [[r.DepthOfFieldQuality:2]]
[2022.10.25-22.22.21:616][  0]LogConfig: Setting CVar [[r.RenderTargetPoolMin:400]]
[2022.10.25-22.22.21:616][  0]LogConfig: Setting CVar [[r.LensFlareQuality:2]]
[2022.10.25-22.22.21:616][  0]LogConfig: Setting CVar [[r.SceneColorFringeQuality:1]]
[2022.10.25-22.22.21:616][  0]LogConfig: Setting CVar [[r.EyeAdaptationQuality:2]]
[2022.10.25-22.22.21:616][  0]LogConfig: Setting CVar [[r.BloomQuality:5]]
[2022.10.25-22.22.21:616][  0]LogConfig: Setting CVar [[r.FastBlurThreshold:3]]
[2022.10.25-22.22.21:616][  0]LogConfig: Setting CVar [[r.Upscale.Quality:2]]
[2022.10.25-22.22.21:616][  0]LogConfig: Setting CVar [[r.Tonemapper.GrainQuantization:1]]
[2022.10.25-22.22.21:616][  0]LogConfig: Setting CVar [[r.LightShaftQuality:1]]
[2022.10.25-22.22.21:616][  0]LogConfig: Setting CVar [[r.Filter.SizeScale:0.8]]
[2022.10.25-22.22.21:616][  0]LogConfig: Setting CVar [[r.Tonemapper.Quality:5]]
[2022.10.25-22.22.21:616][  0]LogConfig: Setting CVar [[r.DOF.Gather.AccumulatorQuality:0        ; lower gathering accumulator quality]]
[2022.10.25-22.22.21:616][  0]LogConfig: Setting CVar [[r.DOF.Gather.PostfilterMethod:2          ; Max3x3 postfilering method]]
[2022.10.25-22.22.21:616][  0]LogConfig: Setting CVar [[r.DOF.Gather.EnableBokehSettings:0       ; no bokeh simulation when gathering]]
[2022.10.25-22.22.21:616][  0]LogConfig: Setting CVar [[r.DOF.Gather.RingCount:4                 ; medium number of samples when gathering]]
[2022.10.25-22.22.21:616][  0]LogConfig: Setting CVar [[r.DOF.Scatter.ForegroundCompositing:1    ; additive foreground scattering]]
[2022.10.25-22.22.21:616][  0]LogConfig: Setting CVar [[r.DOF.Scatter.BackgroundCompositing:1    ; no background occlusion]]
[2022.10.25-22.22.21:616][  0]LogConfig: Setting CVar [[r.DOF.Scatter.EnableBokehSettings:0      ; no bokeh simulation when scattering]]
[2022.10.25-22.22.21:616][  0]LogConfig: Setting CVar [[r.DOF.Scatter.MaxSpriteRatio:0.04        ; only a maximum of 4% of scattered bokeh]]
[2022.10.25-22.22.21:616][  0]LogConfig: Setting CVar [[r.DOF.Recombine.Quality:0                ; no slight out of focus]]
[2022.10.25-22.22.21:616][  0]LogConfig: Setting CVar [[r.DOF.TemporalAAQuality:0                ; faster temporal accumulation]]
[2022.10.25-22.22.21:616][  0]LogConfig: Setting CVar [[r.DOF.Kernel.MaxForegroundRadius:0.012   ; required because of AccumulatorQuality=0]]
[2022.10.25-22.22.21:616][  0]LogConfig: Setting CVar [[r.DOF.Kernel.MaxBackgroundRadius:0.012   ; required because of AccumulatorQuality=0]]
[2022.10.25-22.22.21:616][  0]LogConfig: Applying CVar settings from Section [TextureQuality@2] File [E:/__PROLOGUE/2/Prologue/MyProject/Saved/Config/Windows/Scalability.ini]
[2022.10.25-22.22.21:616][  0]LogConfig: Setting CVar [[r.Streaming.MipBias:0]]
[2022.10.25-22.22.21:616][  0]LogConfig: Setting CVar [[r.Streaming.AmortizeCPUToGPUCopy:0]]
[2022.10.25-22.22.21:616][  0]LogConfig: Setting CVar [[r.Streaming.MaxNumTexturesToStreamPerFrame:0]]
[2022.10.25-22.22.21:616][  0]LogConfig: Setting CVar [[r.Streaming.Boost:1]]
[2022.10.25-22.22.21:616][  0]LogConfig: Setting CVar [[r.MaxAnisotropy:4]]
[2022.10.25-22.22.21:616][  0]LogConfig: Setting CVar [[r.VT.MaxAnisotropy:8]]
[2022.10.25-22.22.21:616][  0]LogConfig: Setting CVar [[r.Streaming.LimitPoolSizeToVRAM:1]]
[2022.10.25-22.22.21:616][  0]LogConfig: Setting CVar [[r.Streaming.PoolSize:800]]
[2022.10.25-22.22.21:616][  0]LogConfig: Setting CVar [[r.Streaming.MaxEffectiveScreenSize:0]]
[2022.10.25-22.22.21:616][  0]LogConfig: Applying CVar settings from Section [EffectsQuality@2] File [E:/__PROLOGUE/2/Prologue/MyProject/Saved/Config/Windows/Scalability.ini]
[2022.10.25-22.22.21:616][  0]LogConfig: Setting CVar [[r.TranslucencyLightingVolumeDim:48]]
[2022.10.25-22.22.21:616][  0]LogConfig: Setting CVar [[r.RefractionQuality:2]]
[2022.10.25-22.22.21:616][  0]LogConfig: Setting CVar [[r.SSR.Quality:2]]
[2022.10.25-22.22.21:616][  0]LogConfig: Setting CVar [[r.SSR.HalfResSceneColor:1]]
[2022.10.25-22.22.21:616][  0]LogConfig: Setting CVar [[r.SceneColorFormat:3]]
[2022.10.25-22.22.21:616][  0]LogConfig: Setting CVar [[r.DetailMode:1]]
[2022.10.25-22.22.21:616][  0]LogConfig: Setting CVar [[r.TranslucencyVolumeBlur:1]]
[2022.10.25-22.22.21:616][  0]LogConfig: Setting CVar [[r.MaterialQualityLevel:1 ; High quality]]
[2022.10.25-22.22.21:616][  0]LogConfig: Setting CVar [[r.AnisotropicMaterials:1]]
[2022.10.25-22.22.21:616][  0]LogConfig: Setting CVar [[r.SSS.Scale:1]]
[2022.10.25-22.22.21:616][  0]LogConfig: Setting CVar [[r.SSS.SampleSet:1]]
[2022.10.25-22.22.21:616][  0]LogConfig: Setting CVar [[r.SSS.Quality:-1]]
[2022.10.25-22.22.21:616][  0]LogConfig: Setting CVar [[r.SSS.HalfRes:1]]
[2022.10.25-22.22.21:616][  0]LogConfig: Setting CVar [[r.SSGI.Quality:2]]
[2022.10.25-22.22.21:616][  0]LogConfig: Setting CVar [[r.EmitterSpawnRateScale:0.5]]
[2022.10.25-22.22.21:616][  0]LogConfig: Setting CVar [[r.ParticleLightQuality:1]]
[2022.10.25-22.22.21:616][  0]LogConfig: Setting CVar [[r.SkyAtmosphere.AerialPerspectiveLUT.FastApplyOnOpaque:1 ; Always have FastSkyLUT 1 in this case to avoid wrong sky]]
[2022.10.25-22.22.21:616][  0]LogConfig: Setting CVar [[r.SkyAtmosphere.AerialPerspectiveLUT.SampleCountMaxPerSlice:2]]
[2022.10.25-22.22.21:616][  0]LogConfig: Setting CVar [[r.SkyAtmosphere.AerialPerspectiveLUT.DepthResolution:16.0]]
[2022.10.25-22.22.21:616][  0]LogConfig: Setting CVar [[r.SkyAtmosphere.FastSkyLUT:1]]
[2022.10.25-22.22.21:616][  0]LogConfig: Setting CVar [[r.SkyAtmosphere.FastSkyLUT.SampleCountMin:4.0]]
[2022.10.25-22.22.21:616][  0]LogConfig: Setting CVar [[r.SkyAtmosphere.FastSkyLUT.SampleCountMax:64.0]]
[2022.10.25-22.22.21:616][  0]LogConfig: Setting CVar [[r.SkyAtmosphere.SampleCountMin:4.0]]
[2022.10.25-22.22.21:616][  0]LogConfig: Setting CVar [[r.SkyAtmosphere.SampleCountMax:64.0]]
[2022.10.25-22.22.21:616][  0]LogConfig: Setting CVar [[r.SkyAtmosphere.TransmittanceLUT.UseSmallFormat:0]]
[2022.10.25-22.22.21:616][  0]LogConfig: Setting CVar [[r.SkyAtmosphere.TransmittanceLUT.SampleCount:10.0]]
[2022.10.25-22.22.21:616][  0]LogConfig: Setting CVar [[r.SkyAtmosphere.MultiScatteringLUT.SampleCount:15.0]]
[2022.10.25-22.22.21:616][  0]LogConfig: Setting CVar [[r.SkyLight.RealTimeReflectionCapture:1]]
[2022.10.25-22.22.21:616][  0]LogConfig: Applying CVar settings from Section [FoliageQuality@2] File [E:/__PROLOGUE/2/Prologue/MyProject/Saved/Config/Windows/Scalability.ini]
[2022.10.25-22.22.21:616][  0]LogConfig: Setting CVar [[foliage.DensityScale:0.8]]
[2022.10.25-22.22.21:616][  0]LogConfig: Setting CVar [[grass.DensityScale:0.8]]
[2022.10.25-22.22.21:616][  0]LogConfig: Applying CVar settings from Section [ShadingQuality@2] File [E:/__PROLOGUE/2/Prologue/MyProject/Saved/Config/Windows/Scalability.ini]
[2022.10.25-22.22.21:616][  0]LogConfig: Setting CVar [[r.HairStrands.SkyLighting.IntegrationType:2]]
[2022.10.25-22.22.21:616][  0]LogConfig: Setting CVar [[r.HairStrands.SkyAO.SampleCount:4]]
[2022.10.25-22.22.21:616][  0]LogConfig: Setting CVar [[r.HairStrands.Visibility.MSAA.SamplePerPixel:4]]
[2022.10.25-22.22.21:616][  0]LogConfig: Applying CVar settings from Section [Startup] File [../../../Engine/Config/ConsoleVariables.ini]
[2022.10.25-22.22.21:617][  0]LogConfig: Setting CVar [[net.UseAdaptiveNetUpdateFrequency:0]]
[2022.10.25-22.22.21:617][  0]LogConfig: Setting CVar [[p.chaos.AllowCreatePhysxBodies:1]]
[2022.10.25-22.22.21:617][  0]LogConfig: Setting CVar [[fx.SkipVectorVMBackendOptimizations:1]]
[2022.10.25-22.22.21:617][  0]LogConfig: Applying CVar settings from Section [ConsoleVariables] File [E:/__PROLOGUE/2/Prologue/MyProject/Saved/Config/Windows/Engine.ini]
[2022.10.25-22.22.21:617][  0]LogConfig: Applying CVar settings from Section [ConsoleVariables] File [E:/__PROLOGUE/2/Prologue/MyProject/Saved/Config/Windows/Editor.ini]
[2022.10.25-22.22.21:617][  0]LogInit: Computer: HOME-PC
[2022.10.25-22.22.21:617][  0]LogInit: User: Дмитрий
[2022.10.25-22.22.21:617][  0]LogInit: CPU Page size=4096, Cores=6
[2022.10.25-22.22.21:617][  0]LogInit: High frequency timer resolution =10.000000 MHz
[2022.10.25-22.22.21:617][  0]LogMemory: Memory total: Physical=40.0GB (40GB approx)
[2022.10.25-22.22.21:617][  0]LogMemory: Platform Memory Stats for Windows
[2022.10.25-22.22.21:617][  0]LogMemory: Process Physical Memory: 146.52 MB used, 146.52 MB peak
[2022.10.25-22.22.21:617][  0]LogMemory: Process Virtual Memory: 130.04 MB used, 130.04 MB peak
[2022.10.25-22.22.21:617][  0]LogMemory: Physical Memory: 33240.75 MB used,  7670.46 MB free, 40911.21 MB total
[2022.10.25-22.22.21:617][  0]LogMemory: Virtual Memory: 134201232.00 MB used,  16492.11 MB free, 134217728.00 MB total
[2022.10.25-22.22.21:621][  0]LogWindows: WindowsPlatformFeatures enabled
[2022.10.25-22.22.21:650][  0]LogInit: Physics initialised using underlying interface: PhysX
[2022.10.25-22.22.21:651][  0]LogInit: Using OS detected language (ru-RU).
[2022.10.25-22.22.21:651][  0]LogInit: Using OS detected locale (ru-RU).
[2022.10.25-22.22.21:656][  0]LogTextLocalizationManager: No specific localization for 'ru-RU' exists, so the 'ru' localization will be used.
[2022.10.25-22.22.21:656][  0]LogTextLocalizationResource: LocRes '../../../Engine/Content/Localization/Editor/ru/Editor.locres' could not be opened for reading!
[2022.10.25-22.22.21:656][  0]LogTextLocalizationResource: LocRes '../../../Engine/Content/Localization/EditorTutorials/ru/EditorTutorials.locres' could not be opened for reading!
[2022.10.25-22.22.21:656][  0]LogTextLocalizationResource: LocRes '../../../Engine/Content/Localization/Keywords/ru/Keywords.locres' could not be opened for reading!
[2022.10.25-22.22.21:656][  0]LogTextLocalizationResource: LocRes '../../../Engine/Content/Localization/Category/ru/Category.locres' could not be opened for reading!
[2022.10.25-22.22.21:656][  0]LogTextLocalizationResource: LocRes '../../../Engine/Content/Localization/ToolTips/ru/ToolTips.locres' could not be opened for reading!
[2022.10.25-22.22.21:656][  0]LogTextLocalizationResource: LocRes '../../../Engine/Content/Localization/PropertyNames/ru/PropertyNames.locres' could not be opened for reading!
[2022.10.25-22.22.21:657][  0]LogTextLocalizationResource: LocRes '../../../Engine/Content/Localization/Engine/ru/Engine.locres' could not be opened for reading!
[2022.10.25-22.22.21:657][  0]LogInit: Setting process to per monitor DPI aware
[2022.10.25-22.22.21:666][  0]LogWindowsTextInputMethodSystem: Display: IME system deactivated.
[2022.10.25-22.22.21:677][  0]LogSlate: New Slate User Created.  User Index 0, Is Virtual User: 0
[2022.10.25-22.22.21:677][  0]LogSlate: Slate User Registered.  User Index 0, Is Virtual User: 0
[2022.10.25-22.22.21:759][  0]LogD3D11RHI: Loaded GFSDK_Aftermath_Lib.x64.dll
[2022.10.25-22.22.21:762][  0]LogHMD: Failed to initialize OpenVR with code 110
[2022.10.25-22.22.21:762][  0]LogD3D11RHI: D3D11 min allowed feature level: 11_0
[2022.10.25-22.22.21:762][  0]LogD3D11RHI: D3D11 max allowed feature level: 11_0
[2022.10.25-22.22.21:762][  0]LogD3D11RHI: D3D11 adapters:
[2022.10.25-22.22.21:831][  0]LogD3D11RHI:    0. 'NVIDIA GeForce GTX 1070 Ti' (Feature Level 11_0)
[2022.10.25-22.22.21:831][  0]LogD3D11RHI:       8079/0/20455 MB DedicatedVideo/DedicatedSystem/SharedSystem, Outputs:2, VendorId:0x10de
[2022.10.25-22.22.21:832][  0]LogD3D11RHI:    1. 'Microsoft Basic Render Driver' (Feature Level 11_0)
[2022.10.25-22.22.21:832][  0]LogD3D11RHI:       0/0/20455 MB DedicatedVideo/DedicatedSystem/SharedSystem, Outputs:0, VendorId:0x1414
[2022.10.25-22.22.21:832][  0]LogD3D11RHI: Chosen D3D11 Adapter:
[2022.10.25-22.22.21:832][  0]LogD3D11RHI:     Description : NVIDIA GeForce GTX 1070 Ti
[2022.10.25-22.22.21:832][  0]LogD3D11RHI:     VendorId    : 10de
[2022.10.25-22.22.21:832][  0]LogD3D11RHI:     DeviceId    : 1b82
[2022.10.25-22.22.21:832][  0]LogD3D11RHI:     SubSysId    : 66783842
[2022.10.25-22.22.21:832][  0]LogD3D11RHI:     Revision    : 00a1
[2022.10.25-22.22.21:832][  0]LogD3D11RHI:     DedicatedVideoMemory : 8471445504 bytes
[2022.10.25-22.22.21:832][  0]LogD3D11RHI:     DedicatedSystemMemory : 0 bytes
[2022.10.25-22.22.21:832][  0]LogD3D11RHI:     SharedSystemMemory : 21449259008 bytes
[2022.10.25-22.22.21:832][  0]LogD3D11RHI:     AdapterLuid : 0 58983
[2022.10.25-22.22.21:837][  0]LogD3D11RHI: Creating new Direct3DDevice
[2022.10.25-22.22.21:837][  0]LogD3D11RHI:     GPU DeviceId: 0x1b82 (for the marketing name, search the web for "GPU Device Id")
[2022.10.25-22.22.21:837][  0]LogWindows: EnumDisplayDevices:
[2022.10.25-22.22.21:837][  0]LogWindows:    0. 'NVIDIA GeForce GTX 1070 Ti' (P:0 D:1)
[2022.10.25-22.22.21:837][  0]LogWindows:    1. 'NVIDIA GeForce GTX 1070 Ti' (P:1 D:1)
[2022.10.25-22.22.21:837][  0]LogWindows:    2. 'NVIDIA GeForce GTX 1070 Ti' (P:0 D:0)
[2022.10.25-22.22.21:837][  0]LogWindows:    3. 'NVIDIA GeForce GTX 1070 Ti' (P:0 D:0)
[2022.10.25-22.22.21:837][  0]LogWindows: DebugString: FoundDriverCount:4 
[2022.10.25-22.22.21:837][  0]LogD3D11RHI:     Adapter Name: NVIDIA GeForce GTX 1070 Ti
[2022.10.25-22.22.21:837][  0]LogD3D11RHI:   Driver Version: 517.40 (internal:31.0.15.1740, unified:517.40)
[2022.10.25-22.22.21:837][  0]LogD3D11RHI:      Driver Date: 9-12-2022
[2022.10.25-22.22.21:837][  0]LogRHI: Texture pool is 5655 MB (70% of 8079 MB)
[2022.10.25-22.22.21:837][  0]LogD3D11RHI: Creating D3DDevice using adapter:
[2022.10.25-22.22.21:837][  0]LogD3D11RHI:     Description : NVIDIA GeForce GTX 1070 Ti
[2022.10.25-22.22.21:837][  0]LogD3D11RHI:     VendorId    : 10de
[2022.10.25-22.22.21:837][  0]LogD3D11RHI:     DeviceId    : 1b82
[2022.10.25-22.22.21:837][  0]LogD3D11RHI:     SubSysId    : 66783842
[2022.10.25-22.22.21:837][  0]LogD3D11RHI:     Revision    : 00a1
[2022.10.25-22.22.21:837][  0]LogD3D11RHI:     DedicatedVideoMemory : 8471445504 bytes
[2022.10.25-22.22.21:837][  0]LogD3D11RHI:     DedicatedSystemMemory : 0 bytes
[2022.10.25-22.22.21:837][  0]LogD3D11RHI:     SharedSystemMemory : 21449259008 bytes
[2022.10.25-22.22.21:837][  0]LogD3D11RHI:     AdapterLuid : 0 58983
[2022.10.25-22.22.21:872][  0]LogD3D11RHI: RHI has support for 64 bit atomics
[2022.10.25-22.22.21:872][  0]LogD3D11RHI: Async texture creation enabled
[2022.10.25-22.22.21:872][  0]LogD3D11RHI: Array index from any shader is supported
[2022.10.25-22.22.21:892][  0]LogD3D11RHI: GPU Timing Frequency: 1000.000000 (Debug: 2 1)
[2022.10.25-22.22.21:919][  0]LogRHI: GeForceNow SDK initialized: 1
[2022.10.25-22.22.22:590][  0]LogTargetPlatformManager: Display: Loaded TargetPlatform 'AllDesktop'
[2022.10.25-22.22.22:612][  0]LogTargetPlatformManager: Display: Loaded TargetPlatform 'Android'
[2022.10.25-22.22.22:612][  0]LogTargetPlatformManager: Display: Loaded TargetPlatform 'Android_ASTC'
[2022.10.25-22.22.22:612][  0]LogTargetPlatformManager: Display: Loaded TargetPlatform 'Android_DXT'
[2022.10.25-22.22.22:612][  0]LogTargetPlatformManager: Display: Loaded TargetPlatform 'Android_ETC2'
[2022.10.25-22.22.22:612][  0]LogTargetPlatformManager: Display: Loaded TargetPlatform 'AndroidClient'
[2022.10.25-22.22.22:612][  0]LogTargetPlatformManager: Display: Loaded TargetPlatform 'Android_ASTCClient'
[2022.10.25-22.22.22:612][  0]LogTargetPlatformManager: Display: Loaded TargetPlatform 'Android_DXTClient'
[2022.10.25-22.22.22:612][  0]LogTargetPlatformManager: Display: Loaded TargetPlatform 'Android_ETC2Client'
[2022.10.25-22.22.22:612][  0]LogTargetPlatformManager: Display: Loaded TargetPlatform 'Android_Multi'
[2022.10.25-22.22.22:612][  0]LogTargetPlatformManager: Display: Loaded TargetPlatform 'Android_MultiClient'
[2022.10.25-22.22.22:628][  0]LogTargetPlatformManager: Display: Loaded TargetPlatform 'IOSClient'
[2022.10.25-22.22.22:628][  0]LogTargetPlatformManager: Display: Loaded TargetPlatform 'IOS'
[2022.10.25-22.22.22:636][  0]LogTargetPlatformManager: Display: Loaded TargetPlatform 'Linux'
[2022.10.25-22.22.22:641][  0]LogTargetPlatformManager: Display: Loaded TargetPlatform 'LinuxNoEditor'
[2022.10.25-22.22.22:645][  0]LogTargetPlatformManager: Display: Loaded TargetPlatform 'LinuxClient'
[2022.10.25-22.22.22:650][  0]LogTargetPlatformManager: Display: Loaded TargetPlatform 'LinuxServer'
[2022.10.25-22.22.22:659][  0]LogTargetPlatformManager: Display: Loaded TargetPlatform 'LinuxAArch64NoEditor'
[2022.10.25-22.22.22:663][  0]LogTargetPlatformManager: Display: Loaded TargetPlatform 'LinuxAArch64Client'
[2022.10.25-22.22.22:668][  0]LogTargetPlatformManager: Display: Loaded TargetPlatform 'LinuxAArch64Server'
[2022.10.25-22.22.22:689][  0]LogTargetPlatformManager: Display: Loaded TargetPlatform 'Lumin'
[2022.10.25-22.22.22:689][  0]LogTargetPlatformManager: Display: Loaded TargetPlatform 'LuminClient'
[2022.10.25-22.22.22:697][  0]LogTargetPlatformManager: Display: Loaded TargetPlatform 'MacNoEditor'
[2022.10.25-22.22.22:702][  0]LogTargetPlatformManager: Display: Loaded TargetPlatform 'Mac'
[2022.10.25-22.22.22:706][  0]LogTargetPlatformManager: Display: Loaded TargetPlatform 'MacClient'
[2022.10.25-22.22.22:710][  0]LogTargetPlatformManager: Display: Loaded TargetPlatform 'MacServer'
[2022.10.25-22.22.22:720][  0]LogTargetPlatformManager: Display: Loaded TargetPlatform 'TVOSClient'
[2022.10.25-22.22.22:720][  0]LogTargetPlatformManager: Display: Loaded TargetPlatform 'TVOS'
[2022.10.25-22.22.22:728][  0]LogTargetPlatformManager: Display: Loaded TargetPlatform 'WindowsNoEditor'
[2022.10.25-22.22.22:733][  0]LogTargetPlatformManager: Display: Loaded TargetPlatform 'Windows'
[2022.10.25-22.22.22:737][  0]LogTargetPlatformManager: Display: Loaded TargetPlatform 'WindowsClient'
[2022.10.25-22.22.22:742][  0]LogTargetPlatformManager: Display: Loaded TargetPlatform 'WindowsServer'
[2022.10.25-22.22.22:742][  0]LogTargetPlatformManager: Display: Building Assets For Windows
[2022.10.25-22.22.22:749][  0]LogAudioDebug: Display: Lib vorbis DLL was dynamically loaded.
[2022.10.25-22.22.22:780][  0]LogTextureFormatOodle: Display: Oodle Texture 2.9.0 init RDO Off
[2022.10.25-22.22.22:810][  0]LogRendererCore: Ray tracing is disabled. Reason: r.RayTracing=0.
[2022.10.25-22.22.22:810][  0]LogShaderCompilers: Guid format shader working directory is -15 characters bigger than the processId version (E:/__PROLOGUE/2/Prologue/MyProject/Intermediate/Shaders/WorkingDirectory/19000/).
[2022.10.25-22.22.22:810][  0]LogShaderCompilers: Cleaned the shader compiler working directory 'C:/Temp/UnrealShaderWorkingDir/D87BE989433525E766D2C480D9FB56F4/'.
[2022.10.25-22.22.22:811][  0]LogShaderCompilers: Display: Using XGE Controller for Shader Compilation.
[2022.10.25-22.22.23:510][  0]LogDerivedDataCache: Display: Max Cache Size: 512 MB
[2022.10.25-22.22.23:593][  0]LogDerivedDataCache: Loaded boot cache 0.08s 145MB C:/Users/Дмитрий/AppData/Local/UnrealEngine/4.27/DerivedDataCache/Boot.ddc.
[2022.10.25-22.22.23:594][  0]LogDerivedDataCache: Display: Loaded Boot cache: C:/Users/Дмитрий/AppData/Local/UnrealEngine/4.27/DerivedDataCache/Boot.ddc
[2022.10.25-22.22.23:594][  0]LogDerivedDataCache: FDerivedDataBackendGraph:  Pak pak cache file E:/__PROLOGUE/2/Prologue/MyProject/DerivedDataCache/DDC.ddp not found, will not use a pak cache.
[2022.10.25-22.22.23:594][  0]LogDerivedDataCache: Unable to find inner node Pak for hierarchical cache Hierarchy.
[2022.10.25-22.22.23:594][  0]LogDerivedDataCache: FDerivedDataBackendGraph:  CompressedPak pak cache file E:/__PROLOGUE/2/Prologue/MyProject/DerivedDataCache/Compressed.ddp not found, will not use a pak cache.
[2022.10.25-22.22.23:594][  0]LogDerivedDataCache: Unable to find inner node CompressedPak for hierarchical cache Hierarchy.
[2022.10.25-22.22.23:608][  0]LogDerivedDataCache: Display: Pak cache opened for reading ../../../Engine/DerivedDataCache/Compressed.ddp.
[2022.10.25-22.22.23:608][  0]LogDerivedDataCache: FDerivedDataBackendGraph:  EnterprisePak pak cache file ../../../Enterprise/DerivedDataCache/Compressed.ddp not found, will not use a pak cache.
[2022.10.25-22.22.23:608][  0]LogDerivedDataCache: Unable to find inner node EnterprisePak for hierarchical cache Hierarchy.
[2022.10.25-22.22.23:613][  0]LogDerivedDataCache: Speed tests for C:/Users/Дмитрий/AppData/Local/UnrealEngine/Common/DerivedDataCache took 0.00 seconds
[2022.10.25-22.22.23:613][  0]LogDerivedDataCache: Display: Performance to C:/Users/Дмитрий/AppData/Local/UnrealEngine/Common/DerivedDataCache: Latency=0.02ms. RandomReadSpeed=1752.14MBs, RandomWriteSpeed=285.90MBs. Assigned SpeedClass 'Local'
[2022.10.25-22.22.23:613][  0]LogDerivedDataCache: Using Local data cache path C:/Users/Дмитрий/AppData/Local/UnrealEngine/Common/DerivedDataCache: Writable
[2022.10.25-22.22.23:613][  0]LogDerivedDataCache: Shared data cache path not found in *engine.ini, will not use an Shared cache.
[2022.10.25-22.22.23:613][  0]LogDerivedDataCache: Unable to find inner node Shared for hierarchical cache Hierarchy.
[2022.10.25-22.22.23:656][  0]LogSlate: Using FreeType 2.10.0
[2022.10.25-22.22.23:656][  0]LogSlate: SlateFontServices - WITH_FREETYPE: 1, WITH_HARFBUZZ: 1
[2022.10.25-22.22.23:678][  0]LogAssetRegistry: FAssetRegistry took 0.0023 seconds to start up
[2022.10.25-22.22.23:903][  0]LogInit: Selected Device Profile: [Windows]
[2022.10.25-22.22.23:904][  0]LogInit: Active device profile: [00000210A3E6D400][00000210A0B6B4C0 49] Windows
[2022.10.25-22.22.23:904][  0]LogInit: Profiles: [00000210A3E6D400][00000210A0B6B4C0 49] Windows, [00000210A3DD2000][00000210A2F45640 49] WindowsNoEditor, [00000210A3DA7F00][00000210A2F497C0 49] WindowsServer, [00000210A3E6D600][00000210A2F4D940 49] WindowsClient, [00000210A3DD3E00][00000210A2F51AC0 49] IOS, [00000210A3DA4E00][00000210A2F540C0 49] iPadAir, [00000210A3DD3000][00000210A2F58240 49] iPadAir2, [00000210A3D30900][00000210A2F60500 49] IPadPro, [00000210A3D30A00][00000210A2F5C540 49] iPadAir3, [00000210A3DA4200][00000210A2F646C0 49] iPadAir4, [00000210A3D31A00][00000210A2F40800 49] iPadMini2, [00000210A3DA7200][00000210A2F68940 49] iPadMini3, [00000210A3D30B00][00000210A2F6CA80 49] iPadMini4, [00000210A3DA4500][00000210A2F70BC0 49] iPadMini5, [00000210A3E6C500][00000210A2F7CE80 49] iPhone6, [00000210A3E6C600][00000210A2F78EC0 49] iPodTouch6, [00000210A3DD1700][00000210A3F95180 49] iPhone7, [00000210A3DD2300][00000210A3F911C0 49] iPodTouch7, [00000210A3D32000][00000210A3F99340 49] iPhone5S, [00000210A3DD3100][00000210A3F9D4C0 49] iPhone6Plus, [00000210A3D33B00][00000210A3FA1640 49] iPhone6S, [00000210A3DD0F00][00000210A3FA57C0 49] iPhone6SPlus, [00000210A3D32500][00000210A3FA9940 49] iPhone7Plus, [00000210A3DD2100][00000210A400DAC0 49] iPhoneSE, [00000210A3D32400][00000210A40520C0 49] iPhone8, [00000210A3E6C400][00000210A4056240 49] iPhone8Plus, [00000210A3D32F00][00000210A405A3C0 49] iPhoneX, [00000210A3E6E600][00000210A405E540 49] iPhoneXS, [00000210A3D33F00][00000210A40626C0 49] iPhoneXSMax, [00000210A3E6D700][00000210A4066840 49] iPhoneXR, [00000210A3D33300][00000210A2F74980 49] iPhone11, [00000210A3E6DE00][00000210A406AAC0 49] iPhone11Pro, [00000210A3D32900][00000210A406EC00 49] iPhone11ProMax, [00000210A3E6D000][00000210A4072D40 49] iPhoneSE2, [00000210A3D30100][00000210A407AEC0 49] iPhone12Mini, [00000210A3E6EF00][00000210A407F040 49] iPhone12, [00000210A3D31C00][00000210A40B31C0 49] iPhone12Pro, [00000210A3E6DD00][00000210A40E7340 49] iPhone12ProMax, [00000210A3D31000][00000210A40EF4C0 49] iPadPro105, [00000210A3E6CE00][00000210A40F3640 49] iPadPro129, [00000210A3D31600][00000210A40F77C0 49] iPadPro97, [00000210A3E6D100][00000210A410B940 49] iPadPro2_129, [00000210A3D33900][00000210A4127AC0 49] iPad5, [00000210A3E6CC00][00000210A413A0C0 49] iPad6, [00000210A3D32100][00000210A4146240 49] iPad7, [00000210A3E6CD00][00000210A414A3C0 49] iPad8, [00000210A3D33200][00000210A414E540 49] iPadPro11, [00000210A3E6C800][00000210A41526C0 49] iPadPro2_11, [00000210A3D31F00][00000210A4156840 49] iPadPro3_129, [00000210A3E6EA00][00000210A415A9C0 49] iPadPro4_129, [00000210A3D30400][00000210A415EB40 49] AppleTV, [00000210A3E6F000][00000210A4076C80 49] AppleTV4K, [00000210A3D31200][00000210A4162DC0 49] TVOS, [00000210A3E6F300][00000210A4166F00 49] Mac, [00000210A3D32600][00000210A416F080 49] MacClient, [00000210A3E6CA00][00000210A4173200 49] MacNoEditor, [00000210A3D30700][00000210A4177380 49] MacServer, [00000210A3E6E800][00000210A41E9500 49] Linux, [00000210A3D30600][00000210A41FF680 49] LinuxAArch64, [00000210A3E6C900][00000210A4203800 49] LinuxNoEditor, [00000210A3D33100][00000210A4207980 49] LinuxAArch64NoEditor, [00000210A3E6D800][00000210A420BB00 49] LinuxClient, [00000210A3D32700][00000210A420E100 49] LinuxAArch64Client, [00000210A3E6EC00][00000210A4212280 49] LinuxServer, [00000210A3DA6D00][00000210A4216400 49] LinuxAArch64Server, [00000210A3DD0E00][00000210A421A580 49] Android, [00000210A3DA6C00][00000210A421E700 49] Android_Low, [00000210A3DD0600][00000210A4222880 49] Android_Mid, [00000210A3DA5200][00000210A4226A00 49] Android_High, [00000210A3DD2200][00000210A422AB80 49] Android_Default, [00000210A3DA6300][00000210A422ED00 49] Android_Adreno4xx, [00000210A3DD0300][00000210A416AE40 49] Android_Adreno5xx_Low, [00000210A3DA6900][00000210A4232F80 49] Android_Adreno5xx, [00000210A3DD2D00][00000210A42370C0 49] Android_Adreno6xx, [00000210A3DA5E00][00000210A423F240 49] Android_Adreno6xx_Vulkan, [00000210A3DD0C00][00000210A42573C0 49] Android_Mali_T6xx, [00000210A3DA6000][00000210A425B540 49] Android_Mali_T7xx, [00000210A3DD1E00][00000210A425F6C0 49] Android_Mali_T8xx, [00000210A3DA6800][00000210A426B840 49] Android_Mali_G71, [00000210A3DD3C00][00000210A427F9C0 49] Android_Mali_G72, [00000210A3DA4C00][00000210A428FB40 49] Android_Mali_G72_Vulkan, [00000210A3DD1100][00000210A42AE140 49] Android_Mali_G76, [00000210A3DA6F00][00000210A42C62C0 49] Android_Mali_G76_Vulkan, [00000210A3DD0800][00000210A42D2440 49] Android_Mali_G77, [00000210A3DA7700][00000210A42EA5C0 49] Android_Mali_G77_Vulkan, [00000210A3DD1B00][00000210A42F2740 49] Android_Mali_G78, [00000210A3DA6500][00000210A42F68C0 49] Android_Mali_G78_Vulkan, [00000210A3DD3200][00000210A42FAA40 49] Android_Mali_G710, [00000210A3DA4B00][00000210A42FEBC0 49] Android_Mali_G710_Vulkan, [00000210A3DD2C00][00000210A435AD40 49] Android_Vulkan_SM5, [00000210A3DA5700][00000210A435EEC0 49] Android_PowerVR_G6xxx, [00000210A3DD2800][00000210A423B000 49] Android_PowerVR_GT7xxx, [00000210A3DA5500][00000210A4363140 49] Android_PowerVR_GE8xxx, [00000210A3DD1000][00000210A4367280 49] Android_PowerVR_GM9xxx, [00000210A3DA7900][00000210A436B3C0 49] Android_PowerVR_GM9xxx_Vulkan, [00000210A3DD3F00][00000210A4373540 49] Android_TegraK1, [00000210A3DA7C00][00000210A43776C0 49] Android_Unknown_Vulkan, [00000210A3DD1300][00000210A437B840 49] Lumin, [00000210A3DA4300][00000210A437F9C0 49] Lumin_Desktop, [00000210A3DD3400][00000210A4383B40 49] HoloLens, 
[2022.10.25-22.22.24:037][  0]LogMeshReduction: Using QuadricMeshReduction for automatic static mesh reduction
[2022.10.25-22.22.24:037][  0]LogMeshReduction: Using SimplygonMeshReduction for automatic skeletal mesh reduction
[2022.10.25-22.22.24:037][  0]LogMeshReduction: Using ProxyLODMeshReduction for automatic mesh merging
[2022.10.25-22.22.24:037][  0]LogMeshReduction: No distributed automatic mesh merging module available
[2022.10.25-22.22.24:037][  0]LogMeshMerging: No distributed automatic mesh merging module available
[2022.10.25-22.22.24:051][  0]LogNetVersion: MyProject 1.0.0, NetCL: 17155196, EngineNetVer: 17, GameNetVer: 0 (Checksum: 3629800737)
[2022.10.25-22.22.24:396][  0]LogTexture: Default maximum texture size for cubemaps generated from long-lat sources has been changed from 512 to unlimited. In order to preserve old behaiour for '/Engine/MapTemplates/Sky/DaylightAmbientCubemap.DaylightAmbientCubemap', its maximum texture size has been explicitly set to 512.
[2022.10.25-22.22.24:451][  0]LogHMD: PokeAHoleMaterial loaded successfully
[2022.10.25-22.22.24:457][  0]LogUObjectArray: 17178 objects as part of root set at end of initial load.
[2022.10.25-22.22.24:457][  0]LogUObjectAllocator: 4302048 out of 0 bytes used by permanent object pool.
[2022.10.25-22.22.24:457][  0]LogUObjectArray: CloseDisregardForGC: 0/0 objects in disregard for GC pool
[2022.10.25-22.22.24:624][  0]LogNiagaraDebuggerClient: Niagara Debugger Client Initialized | Session: 3C45BBC64EA5795632640DB129A3819E | Instance: AF06879F4287B70BC40BCD85E61F542A (HOME-PC-19000).
[2022.10.25-22.22.24:746][  0]LogPython: Using Python 3.7.7
[2022.10.25-22.22.25:284][  0]LogTcpMessaging: Initializing TcpMessaging bridge
[2022.10.25-22.22.25:297][  0]LogUdpMessaging: Initializing bridge on interface 0.0.0.0:0 to multicast group 230.0.0.1:6666.
[2022.10.25-22.22.25:425][  0]SourceControl: Source control is disabled
[2022.10.25-22.22.25:425][  0]SourceControl: Source control is disabled
[2022.10.25-22.22.25:432][  0]SourceControl: Source control is disabled
[2022.10.25-22.22.25:434][  0]SourceControl: Source control is disabled
[2022.10.25-22.22.25:442][  0]SourceControl: Source control is disabled
[2022.10.25-22.22.25:448][  0]LogUProjectInfo: Found projects:
[2022.10.25-22.22.25:620][  0]LogOpenImageDenoise: OIDN starting up
[2022.10.25-22.22.25:658][  0]LogAndroidPermission: UAndroidPermissionCallbackProxy::GetInstance
[2022.10.25-22.22.25:673][  0]LogAudioCaptureCore: Display: No Audio Capture implementations found. Audio input will be silent.
[2022.10.25-22.22.25:673][  0]LogAudioCaptureCore: Display: No Audio Capture implementations found. Audio input will be silent.
[2022.10.25-22.22.25:795][  0]LogCollectionManager: Loaded 0 collections in 0.001868 seconds
[2022.10.25-22.22.25:801][  0]LogFileCache: Scanning file cache for directory 'E:/__PROLOGUE/2/Prologue/MyProject/Saved/Collections/' took 0.00s
[2022.10.25-22.22.25:801][  0]LogFileCache: Scanning file cache for directory 'E:/__PROLOGUE/2/Prologue/MyProject/Content/Developers/Дмитрий/Collections/' took 0.00s
[2022.10.25-22.22.25:801][  0]LogFileCache: Scanning file cache for directory 'E:/__PROLOGUE/2/Prologue/MyProject/Content/Collections/' took 0.00s
[2022.10.25-22.22.25:823][  0]LogOcInput: OculusInput pre-init called
[2022.10.25-22.22.26:037][  0]LogEngine: Initializing Engine...
[2022.10.25-22.22.26:039][  0]LogHMD: Failed to enumerate extensions. Please check that you have a valid OpenXR runtime installed.
[2022.10.25-22.22.26:039][  0]LogHMD: Failed to initialize OpenVR with code 110
[2022.10.25-22.22.26:039][  0]LogMagicLeap: Warning: VR disabled because ZI is not enabled.  To enable, in the editor, Edit -> Project Settings -> Plugins -> Magic Leap Plugin -> Enable Zero Iteration
[2022.10.25-22.22.26:040][  0]LogStats: UGameplayTagsManager::InitializeManager -  0.000 s
[2022.10.25-22.22.26:194][  0]LogInit: Initializing FReadOnlyCVARCache
[2022.10.25-22.22.26:203][  0]LogAIModule: Creating AISystem for world Untitled
[2022.10.25-22.22.26:206][  0]LogAudio: Display: Initializing Audio Device Manager...
[2022.10.25-22.22.26:209][  0]LogAudio: Display: Loading Default Audio Settings Objects...
[2022.10.25-22.22.26:210][  0]LogAudio: Display: No default SoundConcurrencyObject specified (or failed to load).
[2022.10.25-22.22.26:210][  0]LogAudio: Display: Audio Device Manager Initialized
[2022.10.25-22.22.26:210][  0]LogAudio: Display: Creating Audio Device:                 Id: 1, Scope: Shared, Realtime: True
[2022.10.25-22.22.26:210][  0]LogAudioMixer: Display: Audio Mixer Platform Settings:
[2022.10.25-22.22.26:210][  0]LogAudioMixer: Display: 	Sample Rate:						  48000
[2022.10.25-22.22.26:210][  0]LogAudioMixer: Display: 	Callback Buffer Frame Size Requested: 1024
[2022.10.25-22.22.26:210][  0]LogAudioMixer: Display: 	Callback Buffer Frame Size To Use:	  1024
[2022.10.25-22.22.26:210][  0]LogAudioMixer: Display: 	Number of buffers to queue:			  2
[2022.10.25-22.22.26:210][  0]LogAudioMixer: Display: 	Max Channels (voices):				  32
[2022.10.25-22.22.26:210][  0]LogAudioMixer: Display: 	Number of Async Source Workers:		  0
[2022.10.25-22.22.26:210][  0]LogAudio: Display: AudioDevice MaxSources: 32
[2022.10.25-22.22.26:210][  0]LogAudio: Display: Audio Spatialization Plugin: None (built-in).
[2022.10.25-22.22.26:210][  0]LogAudio: Display: Audio Reverb Plugin: None (built-in).
[2022.10.25-22.22.26:210][  0]LogAudio: Display: Audio Occlusion Plugin: None (built-in).
[2022.10.25-22.22.26:210][  0]LogAudioMixer: Display: Initializing audio mixer.
[2022.10.25-22.22.26:218][  0]LogAudioMixer: Display: 0: FrontLeft
[2022.10.25-22.22.26:218][  0]LogAudioMixer: Display: 1: FrontRight
[2022.10.25-22.22.26:230][  0]LogAudioMixer: Display: Using Audio Device Динамики (Realtek(R) Audio)
[2022.10.25-22.22.26:233][  0]LogAudioMixer: Display: Initializing Sound Submixes...
[2022.10.25-22.22.26:234][  0]LogAudioMixer: Display: Creating Master Submix 'MasterSubmixDefault'
[2022.10.25-22.22.26:235][  0]LogAudioMixer: Display: Creating Master Submix 'MasterReverbSubmixDefault'
[2022.10.25-22.22.26:236][  0]LogAudioMixer: Display: Creating Master Submix 'MasterEQSubmixDefault'
[2022.10.25-22.22.26:236][  0]LogAudioMixer: FMixerPlatformXAudio2::StartAudioStream() called
[2022.10.25-22.22.26:236][  0]LogAudioMixer: Display: Output buffers initialized: Frames=1024, Channels=2, Samples=2048
[2022.10.25-22.22.26:236][  0]LogAudioMixer: Display: Starting AudioMixerPlatformInterface::RunInternal()
[2022.10.25-22.22.26:236][  0]LogAudioMixer: Display: FMixerPlatformXAudio2::SubmitBuffer() called for the first time
[2022.10.25-22.22.26:236][  0]LogInit: FAudioDevice initialized.
[2022.10.25-22.22.26:237][  0]LogAudio: Display: Audio Device (ID: 1) registered with world 'Untitled'.
[2022.10.25-22.22.26:237][  0]LogNetVersion: Set ProjectVersion to 1.0.0.0. Version Checksum will be recalculated on next use.
[2022.10.25-22.22.26:309][  0]LogDerivedDataCache: Saved boot cache 0.07s 145MB C:/Users/Дмитрий/AppData/Local/UnrealEngine/4.27/DerivedDataCache/Boot.ddc.
[2022.10.25-22.22.26:313][  0]LogInit: Texture streaming: Enabled
[2022.10.25-22.22.26:327][  0]LogAnalytics: Display: [UEEditor.Rocket.Release] APIServer = https://datarouter.ol.epicgames.com/. AppVersion = 4.27.2-18319896+++UE4+Release-4.27
[2022.10.25-22.22.26:330][  0]LogEngineSessionManager: EngineSessionManager initialized
[2022.10.25-22.22.26:330][  0]LogEditorSessionSummary: Verbose: Initializing EditorSessionSummaryWriter for editor session tracking
[2022.10.25-22.22.26:331][  0]LogEditorSessionSummary: EditorSessionSummaryWriter initialized
[2022.10.25-22.22.26:346][  0]LogInit: Transaction tracking system initialized
[2022.10.25-22.22.26:367][  0]BlueprintLog: New page: Editor Load
[2022.10.25-22.22.26:467][  0]LocalizationService: Localization service is disabled
[2022.10.25-22.22.26:486][  0]TimingProfiler: Initialize
[2022.10.25-22.22.26:486][  0]TimingProfiler: OnSessionChanged
[2022.10.25-22.22.26:486][  0]LoadingProfiler: Initialize
[2022.10.25-22.22.26:486][  0]LoadingProfiler: OnSessionChanged
[2022.10.25-22.22.26:486][  0]NetworkingProfiler: Initialize
[2022.10.25-22.22.26:486][  0]NetworkingProfiler: OnSessionChanged
[2022.10.25-22.22.26:486][  0]MemoryProfiler: Initialize
[2022.10.25-22.22.26:486][  0]MemoryProfiler: OnSessionChanged
[2022.10.25-22.22.26:631][  0]LogFileCache: Scanning file cache for directory 'E:/__PROLOGUE/2/Prologue/MyProject/Content/' took 0.00s
[2022.10.25-22.22.26:631][  0]LogCook: Display: CookSettings for Memory: MemoryMaxUsedVirtual 0MiB, MemoryMaxUsedPhysical 16384MiB, MemoryMinFreeVirtual 0MiB, MemoryMinFreePhysical 1024MiB
[2022.10.25-22.22.26:632][  0]LogCook: Display: Mobile HDR setting 1
[2022.10.25-22.22.26:984][  0]LogInit: Display: Engine is initialized. Leaving FEngineLoop::Init()
[2022.10.25-22.22.26:988][  0]SourceControl: Source control is disabled
[2022.10.25-22.22.26:988][  0]LogUnrealEdMisc: Loading editor; pre map load, took 6.303
[2022.10.25-22.22.26:988][  0]Cmd: MAP LOAD FILE="../../../Engine/Content/Maps/Templates/Template_Default.umap" TEMPLATE=1 SHOWPROGRESS=1 FEATURELEVEL=3
[2022.10.25-22.22.26:989][  0]LightingResults: New page: Lighting Build
[2022.10.25-22.22.26:990][  0]LogWorld: UWorld::CleanupWorld for Untitled, bSessionEnded=true, bCleanupResources=true
[2022.10.25-22.22.26:990][  0]LogSlate: InvalidateAllWidgets triggered.  All widgets were invalidated
[2022.10.25-22.22.26:990][  0]MapCheck: New page: Map Check
[2022.10.25-22.22.26:990][  0]LightingResults: New page: Lighting Build
[2022.10.25-22.22.26:994][  0]LogAudio: Display: Audio Device unregistered from world 'None'.
[2022.10.25-22.22.26:997][  0]LogUObjectHash: Compacting FUObjectHashTables data took   0.97ms
[2022.10.25-22.22.27:051][  0]LogTexture: Display: Building textures: DeprecatedTextureEB9CBE3C423008B5E8E130901E171C89 (BGRA8, 128X128)
[2022.10.25-22.22.27:054][  0]LogAudio: Display: Audio Device (ID: 1) registered with world 'Untitled_1'.
[2022.10.25-22.22.27:055][  0]LogAIModule: Creating AISystem for world Untitled_1
[2022.10.25-22.22.27:059][  0]LogEditorServer: Finished looking for orphan Actors (0.000 secs)
[2022.10.25-22.22.27:065][  0]LogUObjectHash: Compacting FUObjectHashTables data took   0.95ms
[2022.10.25-22.22.27:066][  0]Cmd: MAP CHECKDEP NOCLEARLOG
[2022.10.25-22.22.27:066][  0]MapCheck: Map check complete: 0 Error(s), 0 Warning(s), took 0,112ms to complete.
[2022.10.25-22.22.27:066][  0]LogFileHelpers: Loading map 'Template_Default' took 0.078
[2022.10.25-22.22.27:067][  0]LogUnrealEdMisc: Total Editor Startup Time, took 6.382
[2022.10.25-22.22.27:173][  0]LogSlate: Updating window title bar state: overlay mode, drag disabled, window buttons hidden, title bar hidden
[2022.10.25-22.22.27:178][  0]LogSlate: Updating window title bar state: overlay mode, drag disabled, window buttons hidden, title bar hidden
[2022.10.25-22.22.27:184][  0]LogSlate: Updating window title bar state: overlay mode, drag disabled, window buttons hidden, title bar hidden
[2022.10.25-22.22.27:190][  0]LogSlate: Updating window title bar state: overlay mode, drag disabled, window buttons hidden, title bar hidden
[2022.10.25-22.22.27:248][  0]LogNativeClassHierarchy: Verbose: Native class hierarchy populated in 0.0090 seconds. Added 3822 classes and 928 folders.
[2022.10.25-22.22.27:265][  0]LogNativeClassHierarchy: Verbose: Native class hierarchy updated for 'WidgetCarousel' in 0.0003 seconds. Added 0 classes and 0 folders.
[2022.10.25-22.22.27:266][  0]LogPakFile: PakFile PrimaryIndexSize=187
[2022.10.25-22.22.27:266][  0]LogPakFile: PakFile PathHashIndexSize=101
[2022.10.25-22.22.27:266][  0]LogPakFile: PakFile FullDirectoryIndexSize=148
[2022.10.25-22.22.27:266][  0]LogShaderLibrary: Display: ShaderCodeLibraryPakFileMountedCallback: PakFile 'C:/Program Files/Epic Games/UE_4.27/FeaturePacks/FP_FirstPerson.upack' (chunk index -1, root 'root:/') mounted
[2022.10.25-22.22.27:266][  0]LogShaderLibrary: Display: ShaderCodeLibraryPakFileMountedCallback: pending pak file info (ChunkID:-1 Root:root:/ File:C:/Program Files/Epic Games/UE_4.27/FeaturePacks/FP_FirstPerson.upack)
[2022.10.25-22.22.27:266][  0]LogPakFile: OnPakFileMounted2Time == 0.000046
[2022.10.25-22.22.27:267][  0]LogPakFile: PakFile PrimaryIndexSize=189
[2022.10.25-22.22.27:267][  0]LogPakFile: PakFile PathHashIndexSize=101
[2022.10.25-22.22.27:267][  0]LogPakFile: PakFile FullDirectoryIndexSize=152
[2022.10.25-22.22.27:267][  0]LogShaderLibrary: Display: ShaderCodeLibraryPakFileMountedCallback: PakFile 'C:/Program Files/Epic Games/UE_4.27/FeaturePacks/FP_FirstPersonBP.upack' (chunk index -1, root 'root:/') mounted
[2022.10.25-22.22.27:267][  0]LogShaderLibrary: Display: ShaderCodeLibraryPakFileMountedCallback: pending pak file info (ChunkID:-1 Root:root:/ File:C:/Program Files/Epic Games/UE_4.27/FeaturePacks/FP_FirstPersonBP.upack)
[2022.10.25-22.22.27:267][  0]LogPakFile: OnPakFileMounted2Time == 0.000032
[2022.10.25-22.22.27:267][  0]LogPakFile: PakFile PrimaryIndexSize=191
[2022.10.25-22.22.27:267][  0]LogPakFile: PakFile PathHashIndexSize=101
[2022.10.25-22.22.27:267][  0]LogPakFile: PakFile FullDirectoryIndexSize=160
[2022.10.25-22.22.27:267][  0]LogShaderLibrary: Display: ShaderCodeLibraryPakFileMountedCallback: PakFile 'C:/Program Files/Epic Games/UE_4.27/FeaturePacks/MobileStarterContent.upack' (chunk index -1, root 'root:/') mounted
[2022.10.25-22.22.27:267][  0]LogShaderLibrary: Display: ShaderCodeLibraryPakFileMountedCallback: pending pak file info (ChunkID:-1 Root:root:/ File:C:/Program Files/Epic Games/UE_4.27/FeaturePacks/MobileStarterContent.upack)
[2022.10.25-22.22.27:267][  0]LogPakFile: OnPakFileMounted2Time == 0.000025
[2022.10.25-22.22.27:267][  0]LogPakFile: PakFile PrimaryIndexSize=185
[2022.10.25-22.22.27:267][  0]LogPakFile: PakFile PathHashIndexSize=101
[2022.10.25-22.22.27:267][  0]LogPakFile: PakFile FullDirectoryIndexSize=148
[2022.10.25-22.22.27:267][  0]LogShaderLibrary: Display: ShaderCodeLibraryPakFileMountedCallback: PakFile 'C:/Program Files/Epic Games/UE_4.27/FeaturePacks/StarterContent.upack' (chunk index -1, root 'root:/') mounted
[2022.10.25-22.22.27:267][  0]LogShaderLibrary: Display: ShaderCodeLibraryPakFileMountedCallback: pending pak file info (ChunkID:-1 Root:root:/ File:C:/Program Files/Epic Games/UE_4.27/FeaturePacks/StarterContent.upack)
[2022.10.25-22.22.27:267][  0]LogPakFile: OnPakFileMounted2Time == 0.000027
[2022.10.25-22.22.27:268][  0]LogPakFile: PakFile PrimaryIndexSize=190
[2022.10.25-22.22.27:268][  0]LogPakFile: PakFile PathHashIndexSize=101
[2022.10.25-22.22.27:268][  0]LogPakFile: PakFile FullDirectoryIndexSize=154
[2022.10.25-22.22.27:268][  0]LogShaderLibrary: Display: ShaderCodeLibraryPakFileMountedCallback: PakFile 'C:/Program Files/Epic Games/UE_4.27/FeaturePacks/TP_2DSideScroller.upack' (chunk index -1, root 'root:/') mounted
[2022.10.25-22.22.27:268][  0]LogShaderLibrary: Display: ShaderCodeLibraryPakFileMountedCallback: pending pak file info (ChunkID:-1 Root:root:/ File:C:/Program Files/Epic Games/UE_4.27/FeaturePacks/TP_2DSideScroller.upack)
[2022.10.25-22.22.27:268][  0]LogPakFile: OnPakFileMounted2Time == 0.000028
[2022.10.25-22.22.27:268][  0]LogPakFile: PakFile PrimaryIndexSize=192
[2022.10.25-22.22.27:268][  0]LogPakFile: PakFile PathHashIndexSize=101
[2022.10.25-22.22.27:268][  0]LogPakFile: PakFile FullDirectoryIndexSize=158
[2022.10.25-22.22.27:268][  0]LogShaderLibrary: Display: ShaderCodeLibraryPakFileMountedCallback: PakFile 'C:/Program Files/Epic Games/UE_4.27/FeaturePacks/TP_2DSideScrollerBP.upack' (chunk index -1, root 'root:/') mounted
[2022.10.25-22.22.27:268][  0]LogShaderLibrary: Display: ShaderCodeLibraryPakFileMountedCallback: pending pak file info (ChunkID:-1 Root:root:/ File:C:/Program Files/Epic Games/UE_4.27/FeaturePacks/TP_2DSideScrollerBP.upack)
[2022.10.25-22.22.27:268][  0]LogPakFile: OnPakFileMounted2Time == 0.000026
[2022.10.25-22.22.27:268][  0]LogPakFile: PakFile PrimaryIndexSize=182
[2022.10.25-22.22.27:268][  0]LogPakFile: PakFile PathHashIndexSize=101
[2022.10.25-22.22.27:268][  0]LogPakFile: PakFile FullDirectoryIndexSize=138
[2022.10.25-22.22.27:268][  0]LogShaderLibrary: Display: ShaderCodeLibraryPakFileMountedCallback: PakFile 'C:/Program Files/Epic Games/UE_4.27/FeaturePacks/TP_Flying.upack' (chunk index -1, root 'root:/') mounted
[2022.10.25-22.22.27:268][  0]LogShaderLibrary: Display: ShaderCodeLibraryPakFileMountedCallback: pending pak file info (ChunkID:-1 Root:root:/ File:C:/Program Files/Epic Games/UE_4.27/FeaturePacks/TP_Flying.upack)
[2022.10.25-22.22.27:268][  0]LogPakFile: OnPakFileMounted2Time == 0.000026
[2022.10.25-22.22.27:269][  0]LogPakFile: PakFile PrimaryIndexSize=184
[2022.10.25-22.22.27:269][  0]LogPakFile: PakFile PathHashIndexSize=101
[2022.10.25-22.22.27:269][  0]LogPakFile: PakFile FullDirectoryIndexSize=142
[2022.10.25-22.22.27:269][  0]LogShaderLibrary: Display: ShaderCodeLibraryPakFileMountedCallback: PakFile 'C:/Program Files/Epic Games/UE_4.27/FeaturePacks/TP_FlyingBP.upack' (chunk index -1, root 'root:/') mounted
[2022.10.25-22.22.27:269][  0]LogShaderLibrary: Display: ShaderCodeLibraryPakFileMountedCallback: pending pak file info (ChunkID:-1 Root:root:/ File:C:/Program Files/Epic Games/UE_4.27/FeaturePacks/TP_FlyingBP.upack)
[2022.10.25-22.22.27:269][  0]LogPakFile: OnPakFileMounted2Time == 0.000025
[2022.10.25-22.22.27:269][  0]LogPakFile: PakFile PrimaryIndexSize=188
[2022.10.25-22.22.27:269][  0]LogPakFile: PakFile PathHashIndexSize=101
[2022.10.25-22.22.27:269][  0]LogPakFile: PakFile FullDirectoryIndexSize=150
[2022.10.25-22.22.27:269][  0]LogShaderLibrary: Display: ShaderCodeLibraryPakFileMountedCallback: PakFile 'C:/Program Files/Epic Games/UE_4.27/FeaturePacks/TP_HandheldARBP.upack' (chunk index -1, root 'root:/') mounted
[2022.10.25-22.22.27:269][  0]LogShaderLibrary: Display: ShaderCodeLibraryPakFileMountedCallback: pending pak file info (ChunkID:-1 Root:root:/ File:C:/Program Files/Epic Games/UE_4.27/FeaturePacks/TP_HandheldARBP.upack)
[2022.10.25-22.22.27:269][  0]LogPakFile: OnPakFileMounted2Time == 0.000026
[2022.10.25-22.22.27:270][  0]LogPakFile: PakFile PrimaryIndexSize=182
[2022.10.25-22.22.27:270][  0]LogPakFile: PakFile PathHashIndexSize=101
[2022.10.25-22.22.27:270][  0]LogPakFile: PakFile FullDirectoryIndexSize=138
[2022.10.25-22.22.27:270][  0]LogShaderLibrary: Display: ShaderCodeLibraryPakFileMountedCallback: PakFile 'C:/Program Files/Epic Games/UE_4.27/FeaturePacks/TP_Puzzle.upack' (chunk index -1, root 'root:/') mounted
[2022.10.25-22.22.27:270][  0]LogShaderLibrary: Display: ShaderCodeLibraryPakFileMountedCallback: pending pak file info (ChunkID:-1 Root:root:/ File:C:/Program Files/Epic Games/UE_4.27/FeaturePacks/TP_Puzzle.upack)
[2022.10.25-22.22.27:270][  0]LogPakFile: OnPakFileMounted2Time == 0.000026
[2022.10.25-22.22.27:270][  0]LogPakFile: PakFile PrimaryIndexSize=184
[2022.10.25-22.22.27:270][  0]LogPakFile: PakFile PathHashIndexSize=101
[2022.10.25-22.22.27:270][  0]LogPakFile: PakFile FullDirectoryIndexSize=142
[2022.10.25-22.22.27:270][  0]LogShaderLibrary: Display: ShaderCodeLibraryPakFileMountedCallback: PakFile 'C:/Program Files/Epic Games/UE_4.27/FeaturePacks/TP_PuzzleBP.upack' (chunk index -1, root 'root:/') mounted
[2022.10.25-22.22.27:270][  0]LogShaderLibrary: Display: ShaderCodeLibraryPakFileMountedCallback: pending pak file info (ChunkID:-1 Root:root:/ File:C:/Program Files/Epic Games/UE_4.27/FeaturePacks/TP_PuzzleBP.upack)
[2022.10.25-22.22.27:270][  0]LogPakFile: OnPakFileMounted2Time == 0.000026
[2022.10.25-22.22.27:270][  0]LogPakFile: PakFile PrimaryIndexSize=183
[2022.10.25-22.22.27:270][  0]LogPakFile: PakFile PathHashIndexSize=101
[2022.10.25-22.22.27:270][  0]LogPakFile: PakFile FullDirectoryIndexSize=140
[2022.10.25-22.22.27:270][  0]LogShaderLibrary: Display: ShaderCodeLibraryPakFileMountedCallback: PakFile 'C:/Program Files/Epic Games/UE_4.27/FeaturePacks/TP_Rolling.upack' (chunk index -1, root 'root:/') mounted
[2022.10.25-22.22.27:270][  0]LogShaderLibrary: Display: ShaderCodeLibraryPakFileMountedCallback: pending pak file info (ChunkID:-1 Root:root:/ File:C:/Program Files/Epic Games/UE_4.27/FeaturePacks/TP_Rolling.upack)
[2022.10.25-22.22.27:270][  0]LogPakFile: OnPakFileMounted2Time == 0.000027
[2022.10.25-22.22.27:271][  0]LogPakFile: PakFile PrimaryIndexSize=185
[2022.10.25-22.22.27:271][  0]LogPakFile: PakFile PathHashIndexSize=101
[2022.10.25-22.22.27:271][  0]LogPakFile: PakFile FullDirectoryIndexSize=144
[2022.10.25-22.22.27:271][  0]LogShaderLibrary: Display: ShaderCodeLibraryPakFileMountedCallback: PakFile 'C:/Program Files/Epic Games/UE_4.27/FeaturePacks/TP_RollingBP.upack' (chunk index -1, root 'root:/') mounted
[2022.10.25-22.22.27:271][  0]LogShaderLibrary: Display: ShaderCodeLibraryPakFileMountedCallback: pending pak file info (ChunkID:-1 Root:root:/ File:C:/Program Files/Epic Games/UE_4.27/FeaturePacks/TP_RollingBP.upack)
[2022.10.25-22.22.27:271][  0]LogPakFile: OnPakFileMounted2Time == 0.000026
[2022.10.25-22.22.27:271][  0]LogPakFile: PakFile PrimaryIndexSize=188
[2022.10.25-22.22.27:271][  0]LogPakFile: PakFile PathHashIndexSize=101
[2022.10.25-22.22.27:271][  0]LogPakFile: PakFile FullDirectoryIndexSize=150
[2022.10.25-22.22.27:271][  0]LogShaderLibrary: Display: ShaderCodeLibraryPakFileMountedCallback: PakFile 'C:/Program Files/Epic Games/UE_4.27/FeaturePacks/TP_SideScroller.upack' (chunk index -1, root 'root:/') mounted
[2022.10.25-22.22.27:271][  0]LogShaderLibrary: Display: ShaderCodeLibraryPakFileMountedCallback: pending pak file info (ChunkID:-1 Root:root:/ File:C:/Program Files/Epic Games/UE_4.27/FeaturePacks/TP_SideScroller.upack)
[2022.10.25-22.22.27:271][  0]LogPakFile: OnPakFileMounted2Time == 0.000025
[2022.10.25-22.22.27:271][  0]LogPakFile: PakFile PrimaryIndexSize=190
[2022.10.25-22.22.27:272][  0]LogPakFile: PakFile PathHashIndexSize=101
[2022.10.25-22.22.27:272][  0]LogPakFile: PakFile FullDirectoryIndexSize=154
[2022.10.25-22.22.27:272][  0]LogShaderLibrary: Display: ShaderCodeLibraryPakFileMountedCallback: PakFile 'C:/Program Files/Epic Games/UE_4.27/FeaturePacks/TP_SideScrollerBP.upack' (chunk index -1, root 'root:/') mounted
[2022.10.25-22.22.27:272][  0]LogShaderLibrary: Display: ShaderCodeLibraryPakFileMountedCallback: pending pak file info (ChunkID:-1 Root:root:/ File:C:/Program Files/Epic Games/UE_4.27/FeaturePacks/TP_SideScrollerBP.upack)
[2022.10.25-22.22.27:272][  0]LogPakFile: OnPakFileMounted2Time == 0.000049
[2022.10.25-22.22.27:272][  0]LogPakFile: PakFile PrimaryIndexSize=187
[2022.10.25-22.22.27:272][  0]LogPakFile: PakFile PathHashIndexSize=101
[2022.10.25-22.22.27:272][  0]LogPakFile: PakFile FullDirectoryIndexSize=148
[2022.10.25-22.22.27:272][  0]LogShaderLibrary: Display: ShaderCodeLibraryPakFileMountedCallback: PakFile 'C:/Program Files/Epic Games/UE_4.27/FeaturePacks/TP_ThirdPerson.upack' (chunk index -1, root 'root:/') mounted
[2022.10.25-22.22.27:272][  0]LogShaderLibrary: Display: ShaderCodeLibraryPakFileMountedCallback: pending pak file info (ChunkID:-1 Root:root:/ File:C:/Program Files/Epic Games/UE_4.27/FeaturePacks/TP_ThirdPerson.upack)
[2022.10.25-22.22.27:272][  0]LogPakFile: OnPakFileMounted2Time == 0.000029
[2022.10.25-22.22.27:273][  0]LogPakFile: PakFile PrimaryIndexSize=189
[2022.10.25-22.22.27:273][  0]LogPakFile: PakFile PathHashIndexSize=101
[2022.10.25-22.22.27:273][  0]LogPakFile: PakFile FullDirectoryIndexSize=152
[2022.10.25-22.22.27:273][  0]LogShaderLibrary: Display: ShaderCodeLibraryPakFileMountedCallback: PakFile 'C:/Program Files/Epic Games/UE_4.27/FeaturePacks/TP_ThirdPersonBP.upack' (chunk index -1, root 'root:/') mounted
[2022.10.25-22.22.27:273][  0]LogShaderLibrary: Display: ShaderCodeLibraryPakFileMountedCallback: pending pak file info (ChunkID:-1 Root:root:/ File:C:/Program Files/Epic Games/UE_4.27/FeaturePacks/TP_ThirdPersonBP.upack)
[2022.10.25-22.22.27:273][  0]LogPakFile: OnPakFileMounted2Time == 0.000027
[2022.10.25-22.22.27:273][  0]LogPakFile: PakFile PrimaryIndexSize=183
[2022.10.25-22.22.27:273][  0]LogPakFile: PakFile PathHashIndexSize=101
[2022.10.25-22.22.27:273][  0]LogPakFile: PakFile FullDirectoryIndexSize=140
[2022.10.25-22.22.27:273][  0]LogShaderLibrary: Display: ShaderCodeLibraryPakFileMountedCallback: PakFile 'C:/Program Files/Epic Games/UE_4.27/FeaturePacks/TP_TopDown.upack' (chunk index -1, root 'root:/') mounted
[2022.10.25-22.22.27:273][  0]LogShaderLibrary: Display: ShaderCodeLibraryPakFileMountedCallback: pending pak file info (ChunkID:-1 Root:root:/ File:C:/Program Files/Epic Games/UE_4.27/FeaturePacks/TP_TopDown.upack)
[2022.10.25-22.22.27:273][  0]LogPakFile: OnPakFileMounted2Time == 0.000034
[2022.10.25-22.22.27:273][  0]LogPakFile: PakFile PrimaryIndexSize=185
[2022.10.25-22.22.27:273][  0]LogPakFile: PakFile PathHashIndexSize=101
[2022.10.25-22.22.27:273][  0]LogPakFile: PakFile FullDirectoryIndexSize=144
[2022.10.25-22.22.27:273][  0]LogShaderLibrary: Display: ShaderCodeLibraryPakFileMountedCallback: PakFile 'C:/Program Files/Epic Games/UE_4.27/FeaturePacks/TP_TopDownBP.upack' (chunk index -1, root 'root:/') mounted
[2022.10.25-22.22.27:273][  0]LogShaderLibrary: Display: ShaderCodeLibraryPakFileMountedCallback: pending pak file info (ChunkID:-1 Root:root:/ File:C:/Program Files/Epic Games/UE_4.27/FeaturePacks/TP_TopDownBP.upack)
[2022.10.25-22.22.27:273][  0]LogPakFile: OnPakFileMounted2Time == 0.000027
[2022.10.25-22.22.27:274][  0]LogPakFile: PakFile PrimaryIndexSize=185
[2022.10.25-22.22.27:274][  0]LogPakFile: PakFile PathHashIndexSize=101
[2022.10.25-22.22.27:274][  0]LogPakFile: PakFile FullDirectoryIndexSize=144
[2022.10.25-22.22.27:274][  0]LogShaderLibrary: Display: ShaderCodeLibraryPakFileMountedCallback: PakFile 'C:/Program Files/Epic Games/UE_4.27/FeaturePacks/TP_TwinStick.upack' (chunk index -1, root 'root:/') mounted
[2022.10.25-22.22.27:274][  0]LogShaderLibrary: Display: ShaderCodeLibraryPakFileMountedCallback: pending pak file info (ChunkID:-1 Root:root:/ File:C:/Program Files/Epic Games/UE_4.27/FeaturePacks/TP_TwinStick.upack)
[2022.10.25-22.22.27:274][  0]LogPakFile: OnPakFileMounted2Time == 0.000025
[2022.10.25-22.22.27:274][  0]LogPakFile: PakFile PrimaryIndexSize=187
[2022.10.25-22.22.27:274][  0]LogPakFile: PakFile PathHashIndexSize=101
[2022.10.25-22.22.27:274][  0]LogPakFile: PakFile FullDirectoryIndexSize=148
[2022.10.25-22.22.27:274][  0]LogShaderLibrary: Display: ShaderCodeLibraryPakFileMountedCallback: PakFile 'C:/Program Files/Epic Games/UE_4.27/FeaturePacks/TP_TwinStickBP.upack' (chunk index -1, root 'root:/') mounted
[2022.10.25-22.22.27:274][  0]LogShaderLibrary: Display: ShaderCodeLibraryPakFileMountedCallback: pending pak file info (ChunkID:-1 Root:root:/ File:C:/Program Files/Epic Games/UE_4.27/FeaturePacks/TP_TwinStickBP.upack)
[2022.10.25-22.22.27:274][  0]LogPakFile: OnPakFileMounted2Time == 0.000026
[2022.10.25-22.22.27:274][  0]LogPakFile: PakFile PrimaryIndexSize=183
[2022.10.25-22.22.27:274][  0]LogPakFile: PakFile PathHashIndexSize=101
[2022.10.25-22.22.27:274][  0]LogPakFile: PakFile FullDirectoryIndexSize=140
[2022.10.25-22.22.27:274][  0]LogShaderLibrary: Display: ShaderCodeLibraryPakFileMountedCallback: PakFile 'C:/Program Files/Epic Games/UE_4.27/FeaturePacks/TP_Vehicle.upack' (chunk index -1, root 'root:/') mounted
[2022.10.25-22.22.27:274][  0]LogShaderLibrary: Display: ShaderCodeLibraryPakFileMountedCallback: pending pak file info (ChunkID:-1 Root:root:/ File:C:/Program Files/Epic Games/UE_4.27/FeaturePacks/TP_Vehicle.upack)
[2022.10.25-22.22.27:274][  0]LogPakFile: OnPakFileMounted2Time == 0.000026
[2022.10.25-22.22.27:275][  0]LogPakFile: PakFile PrimaryIndexSize=186
[2022.10.25-22.22.27:275][  0]LogPakFile: PakFile PathHashIndexSize=101
[2022.10.25-22.22.27:275][  0]LogPakFile: PakFile FullDirectoryIndexSize=146
[2022.10.25-22.22.27:275][  0]LogShaderLibrary: Display: ShaderCodeLibraryPakFileMountedCallback: PakFile 'C:/Program Files/Epic Games/UE_4.27/FeaturePacks/TP_VehicleAdv.upack' (chunk index -1, root 'root:/') mounted
[2022.10.25-22.22.27:275][  0]LogShaderLibrary: Display: ShaderCodeLibraryPakFileMountedCallback: pending pak file info (ChunkID:-1 Root:root:/ File:C:/Program Files/Epic Games/UE_4.27/FeaturePacks/TP_VehicleAdv.upack)
[2022.10.25-22.22.27:275][  0]LogPakFile: OnPakFileMounted2Time == 0.000031
[2022.10.25-22.22.27:275][  0]LogPakFile: PakFile PrimaryIndexSize=188
[2022.10.25-22.22.27:275][  0]LogPakFile: PakFile PathHashIndexSize=101
[2022.10.25-22.22.27:275][  0]LogPakFile: PakFile FullDirectoryIndexSize=150
[2022.10.25-22.22.27:275][  0]LogShaderLibrary: Display: ShaderCodeLibraryPakFileMountedCallback: PakFile 'C:/Program Files/Epic Games/UE_4.27/FeaturePacks/TP_VehicleAdvBP.upack' (chunk index -1, root 'root:/') mounted
[2022.10.25-22.22.27:275][  0]LogShaderLibrary: Display: ShaderCodeLibraryPakFileMountedCallback: pending pak file info (ChunkID:-1 Root:root:/ File:C:/Program Files/Epic Games/UE_4.27/FeaturePacks/TP_VehicleAdvBP.upack)
[2022.10.25-22.22.27:275][  0]LogPakFile: OnPakFileMounted2Time == 0.000026
[2022.10.25-22.22.27:276][  0]LogPakFile: PakFile PrimaryIndexSize=185
[2022.10.25-22.22.27:276][  0]LogPakFile: PakFile PathHashIndexSize=101
[2022.10.25-22.22.27:276][  0]LogPakFile: PakFile FullDirectoryIndexSize=144
[2022.10.25-22.22.27:276][  0]LogShaderLibrary: Display: ShaderCodeLibraryPakFileMountedCallback: PakFile 'C:/Program Files/Epic Games/UE_4.27/FeaturePacks/TP_VehicleBP.upack' (chunk index -1, root 'root:/') mounted
[2022.10.25-22.22.27:276][  0]LogShaderLibrary: Display: ShaderCodeLibraryPakFileMountedCallback: pending pak file info (ChunkID:-1 Root:root:/ File:C:/Program Files/Epic Games/UE_4.27/FeaturePacks/TP_VehicleBP.upack)
[2022.10.25-22.22.27:276][  0]LogPakFile: OnPakFileMounted2Time == 0.000025
[2022.10.25-22.22.27:276][  0]LogPakFile: PakFile PrimaryIndexSize=192
[2022.10.25-22.22.27:276][  0]LogPakFile: PakFile PathHashIndexSize=101
[2022.10.25-22.22.27:276][  0]LogPakFile: PakFile FullDirectoryIndexSize=158
[2022.10.25-22.22.27:276][  0]LogShaderLibrary: Display: ShaderCodeLibraryPakFileMountedCallback: PakFile 'C:/Program Files/Epic Games/UE_4.27/FeaturePacks/TP_VirtualRealityBP.upack' (chunk index -1, root 'root:/') mounted
[2022.10.25-22.22.27:276][  0]LogShaderLibrary: Display: ShaderCodeLibraryPakFileMountedCallback: pending pak file info (ChunkID:-1 Root:root:/ File:C:/Program Files/Epic Games/UE_4.27/FeaturePacks/TP_VirtualRealityBP.upack)
[2022.10.25-22.22.27:276][  0]LogPakFile: OnPakFileMounted2Time == 0.000026
[2022.10.25-22.22.27:308][  0]LogNativeClassHierarchy: Verbose: Native class hierarchy updated for 'AddContentDialog' in 0.0002 seconds. Added 0 classes and 0 folders.
[2022.10.25-22.22.27:347][  0]LogSlate: Took 0.000430 seconds to synchronously load lazily loaded font '../../../Engine/Content/Slate/Fonts/Roboto-Regular.ttf' (155K)
[2022.10.25-22.22.27:348][  0]LogSlate: Took 0.000420 seconds to synchronously load lazily loaded font '../../../Engine/Content/Editor/Slate/Fonts/FontAwesome.ttf' (139K)
[2022.10.25-22.22.27:351][  0]LogSlate: Took 0.000122 seconds to synchronously load lazily loaded font '../../../Engine/Content/Slate/Fonts/Roboto-Bold.ttf' (160K)
[2022.10.25-22.22.27:419][  0]LogRenderer: Reallocating scene render targets to support 1244x924 Format 9 NumSamples 1 (Frame:1).
[2022.10.25-22.22.27:511][  0]LogNativeClassHierarchy: Verbose: Native class hierarchy updated for 'HierarchicalLODOutliner' in 0.0004 seconds. Added 0 classes and 0 folders.
[2022.10.25-22.22.27:511][  0]LogLoad: (Engine Initialization) Total time: 6.83 seconds
[2022.10.25-22.22.27:511][  0]LogLoad: (Engine Initialization) Total Blueprint compile time: 0.00 seconds
[2022.10.25-22.22.27:628][  0]LogAssetRegistry: Asset discovery search completed in 3.9509 seconds
[2022.10.25-22.22.27:632][  0]LogCollectionManager: Fixed up redirectors for 0 collections in 0.000003 seconds (updated 0 objects)
[2022.10.25-22.22.27:632][  0]LogContentStreaming: Texture pool size now 800 MB
