Log file open, 12/23/22 13:34:27
LogWindows: Failed to load 'aqProf.dll' (GetLastError=126)
LogWindows: File 'aqProf.dll' does not exist
LogWindows: Failed to load 'VtuneApi.dll' (GetLastError=126)
LogWindows: File 'VtuneApi.dll' does not exist
LogWindows: Failed to load 'VtuneApi32e.dll' (GetLastError=126)
LogWindows: File 'VtuneApi32e.dll' does not exist
LogConsoleResponse: Display: Failed to find resolution value strings in scalability ini. Falling back to default.
LogConsoleResponse: Display: Failed to find resolution value strings in scalability ini. Falling back to default.
LogInit: Display: Running engine for game: MyProject
LogPlatformFile: Not using cached read wrapper
LogTaskGraph: Started task graph with 5 named threads and 35 total threads with 3 sets of task threads.
LogStats: Stats thread started at 0.642397
LogICUInternationalization: ICU TimeZone Detection - Raw Offset: +2:00, Platform Override: ''
LogInit: Display: Loading text-based GConfig....
LogPluginManager: Mounting plugin MeshPainting
LogPluginManager: Mounting plugin XGEController
LogPluginManager: Mounting plugin OodleData
LogPluginManager: Mounting plugin LightPropagationVolume
LogPluginManager: Mounting plugin Paper2D
LogPluginManager: Mounting plugin OodleNetwork
LogPluginManager: Mounting plugin AISupport
LogPluginManager: Mounting plugin EnvironmentQueryEditor
LogPluginManager: Mounting plugin DatasmithContent
LogPluginManager: Mounting plugin VariantManagerContent
LogPluginManager: Mounting plugin LiveLink
LogPluginManager: Mounting plugin Niagara
LogPluginManager: Mounting plugin AssetManagerEditor
LogPluginManager: Mounting plugin DataValidation
LogPluginManager: Mounting plugin CryptoKeys
LogPluginManager: Mounting plugin CurveEditorTools
LogPluginManager: Mounting plugin GeometryMode
LogPluginManager: Mounting plugin FacialAnimation
LogPluginManager: Mounting plugin GameplayTagsEditor
LogPluginManager: Mounting plugin MacGraphicsSwitching
LogPluginManager: Mounting plugin MobileLauncherProfileWizard
LogPluginManager: Mounting plugin AnimationSharing
LogPluginManager: Mounting plugin MaterialAnalyzer
LogPluginManager: Mounting plugin SpeedTreeImporter
LogPluginManager: Mounting plugin PluginBrowser
LogPluginManager: Mounting plugin CLionSourceCodeAccess
LogPluginManager: Mounting plugin GitSourceControl
LogPluginManager: Mounting plugin CodeLiteSourceCodeAccess
LogPluginManager: Mounting plugin KDevelopSourceCodeAccess
LogPluginManager: Mounting plugin NullSourceCodeAccess
LogPluginManager: Mounting plugin PlasticSourceControl
LogPluginManager: Mounting plugin RiderSourceCodeAccess
LogPluginManager: Mounting plugin PerforceSourceControl
LogPluginManager: Mounting plugin PluginUtils
LogPluginManager: Mounting plugin PixWinPlugin
LogPluginManager: Mounting plugin TextureFormatOodle
LogPluginManager: Mounting plugin SubversionSourceControl
LogPluginManager: Mounting plugin PropertyAccessNode
LogPluginManager: Mounting plugin UObjectPlugin
LogPluginManager: Mounting plugin VisualStudioSourceCodeAccess
LogPluginManager: Mounting plugin LuminPlatformFeatures
LogPluginManager: Mounting plugin XCodeSourceCodeAccess
LogPluginManager: Mounting plugin VisualStudioCodeSourceCodeAccess
LogPluginManager: Mounting plugin MagicLeap
LogPluginManager: Mounting plugin MagicLeapPassableWorld
LogPluginManager: Mounting plugin MLSDK
LogPluginManager: Mounting plugin MagicLeapLightEstimation
LogPluginManager: Mounting plugin MagicLeapMedia
LogPluginManager: Mounting plugin BackgroundBlurWithMask
LogPluginManager: Mounting plugin AlembicImporter
LogPluginManager: Mounting plugin AsyncLoadingScreen
LogPluginManager: Mounting plugin AutomationUtils
LogPluginManager: Mounting plugin BackChannel
LogPluginManager: Mounting plugin ChaosClothEditor
LogPluginManager: Mounting plugin ChaosNiagara
LogPluginManager: Mounting plugin ChaosSolverPlugin
LogPluginManager: Mounting plugin ChaosEditor
LogPluginManager: Mounting plugin CharacterAI
LogPluginManager: Mounting plugin ChaosCloth
LogPluginManager: Mounting plugin TcpMessaging
LogPluginManager: Mounting plugin UdpMessaging
LogPluginManager: Mounting plugin MatineeToLevelSequence
LogPluginManager: Mounting plugin ActorSequence
LogPluginManager: Mounting plugin LevelSequenceEditor
LogPluginManager: Mounting plugin TemplateSequence
LogPluginManager: Mounting plugin LauncherChunkInstaller
LogPluginManager: Mounting plugin AvfMedia
LogPluginManager: Mounting plugin AndroidMedia
LogPluginManager: Mounting plugin OnlineSubsystem
LogPluginManager: Mounting plugin OnlineSubsystemNull
LogPluginManager: Mounting plugin OnlineSubsystemUtils
LogPluginManager: Mounting plugin ImgMedia
LogPluginManager: Mounting plugin MediaCompositing
LogPluginManager: Mounting plugin MediaPlayerEditor
LogPluginManager: Mounting plugin WmfMedia
LogPluginManager: Mounting plugin WebMMedia
LogPluginManager: Mounting plugin GeometryCache
LogPluginManager: Mounting plugin GeometryCollectionPlugin
LogPluginManager: Mounting plugin GeometryProcessing
LogPluginManager: Mounting plugin MotoSynth
LogPluginManager: Mounting plugin PlatformCrypto
LogPluginManager: Mounting plugin PlanarCut
LogPluginManager: Mounting plugin OpenImageDenoise
LogPluginManager: Mounting plugin PythonScriptPlugin
LogPluginManager: Mounting plugin ProxyLODPlugin
LogPluginManager: Mounting plugin SkeletalReduction
LogPluginManager: Mounting plugin ScreenshotTools
LogPluginManager: Mounting plugin Takes
LogPluginManager: Mounting plugin ActorLayerUtilities
LogPluginManager: Mounting plugin AndroidDeviceProfileSelector
LogPluginManager: Mounting plugin AndroidMoviePlayer
LogPluginManager: Mounting plugin AndroidPermission
LogPluginManager: Mounting plugin AppleMoviePlayer
LogPluginManager: Mounting plugin AssetTags
LogPluginManager: Mounting plugin AppleImageUtils
LogPluginManager: Mounting plugin AudioCapture
LogPluginManager: Mounting plugin ArchVisCharacter
LogPluginManager: Mounting plugin AudioSynesthesia
LogPluginManager: Mounting plugin ChunkDownloader
LogPluginManager: Mounting plugin CableComponent
LogPluginManager: Mounting plugin CustomMeshComponent
LogPluginManager: Mounting plugin EditableMesh
LogPluginManager: Mounting plugin ExampleDeviceProfileSelector
LogPluginManager: Mounting plugin GoogleCloudMessaging
LogPluginManager: Mounting plugin GooglePAD
LogPluginManager: Mounting plugin IOSDeviceProfileSelector
LogPluginManager: Mounting plugin LocationServicesBPLibrary
LogPluginManager: Mounting plugin LinuxDeviceProfileSelector
LogPluginManager: Mounting plugin MobilePatchingUtils
LogPluginManager: Mounting plugin OpenXR
LogPluginManager: Mounting plugin OpenXRHandTracking
LogPluginManager: Mounting plugin PostSplashScreen
LogPluginManager: Mounting plugin OpenXREyeTracker
LogPluginManager: Mounting plugin PropertyAccessEditor
LogPluginManager: Mounting plugin PhysXVehicles
LogPluginManager: Mounting plugin ProceduralMeshComponent
LogPluginManager: Mounting plugin SignificanceManager
LogPluginManager: Mounting plugin SoundFields
LogPluginManager: Mounting plugin RuntimePhysXCooking
LogPluginManager: Mounting plugin Synthesis
LogPluginManager: Mounting plugin WebMMoviePlayer
LogPluginManager: Mounting plugin CameraShakePreviewer
LogPluginManager: Mounting plugin WindowsMoviePlayer
LogPluginManager: Mounting plugin GameplayCameras
LogPluginManager: Mounting plugin ContentBrowserAssetDataSource
LogPluginManager: Mounting plugin ContentBrowserClassDataSource
LogPluginManager: Mounting plugin ContentBrowserFileDataSource
LogPluginManager: Mounting plugin OnlineSubsystemIOS
LogPluginManager: Mounting plugin OnlineSubsystemGooglePlay
LogPluginManager: Mounting plugin OculusVR
LogPluginManager: Mounting plugin SteamVR
LogPluginManager: Mounting plugin PivotTool
LogPluginManager: Mounting plugin SpinePlugin
PixWinPlugin: PIX capture plugin failed to initialize! Check that the process is launched from PIX.
LogInit: Using libcurl 7.55.1-DEV
LogInit:  - built for x86_64-pc-win32
LogInit:  - supports SSL with OpenSSL/1.1.1
LogInit:  - supports HTTP deflate (compression) using libz 1.2.8
LogInit:  - other features:
LogInit:      CURL_VERSION_SSL
LogInit:      CURL_VERSION_LIBZ
LogInit:      CURL_VERSION_IPV6
LogInit:      CURL_VERSION_ASYNCHDNS
LogInit:      CURL_VERSION_LARGEFILE
LogInit:      CURL_VERSION_IDN
LogInit:  CurlRequestOptions (configurable via config and command line):
LogInit:  - bVerifyPeer = true  - Libcurl will verify peer certificate
LogInit:  - bUseHttpProxy = false  - Libcurl will NOT use HTTP proxy
LogInit:  - bDontReuseConnections = false  - Libcurl will reuse connections
LogInit:  - MaxHostConnections = 16  - Libcurl will limit the number of connections to a host
LogInit:  - LocalHostAddr = Default
LogInit:  - BufferSize = 65536
LogOnline: OSS: Creating online subsystem instance for: NULL
LogInit: WinSock: version 1.1 (2.2), MaxSocks=32767, MaxUdp=65467
LogOnline: OSS: TryLoadSubsystemAndSetDefault: Loaded subsystem for module [NULL]
LogOculusPluginWrapper: OculusPlugin initialized successfully
LogHMD: Failed initializing OVRPlugin 1.59.0
LogInit: Build: ++UE4+Release-4.27-CL-18319896
LogInit: Engine Version: 4.27.2-18319896+++UE4+Release-4.27
LogInit: Compatible Engine Version: 4.27.0-17155196+++UE4+Release-4.27
LogInit: Net CL: 17155196
LogInit: OS: Windows 10 (Release 2009) (), CPU: Intel(R) Core(TM) i7-8700K CPU @ 3.70GHz, GPU: NVIDIA GeForce GTX 1070 Ti
LogInit: Compiled (64-bit): Nov 30 2021 07:12:08
LogInit: Compiled with Visual C++: 19.24.28315.00
LogInit: Build Configuration: Development
LogInit: Branch Name: ++UE4+Release-4.27
LogInit: Command Line: 
LogInit: Base Directory: C:/Program Files/Epic Games/UE_4.27/Engine/Binaries/Win64/
LogInit: Allocator: TBB
LogInit: Installed Engine Build: 1
LogDevObjectVersion: Number of dev versions registered: 29
LogDevObjectVersion:   Dev-Blueprints (B0D832E4-1F89-4F0D-ACCF-7EB736FD4AA2): 10
LogDevObjectVersion:   Dev-Build (E1C64328-A22C-4D53-A36C-8E866417BD8C): 0
LogDevObjectVersion:   Dev-Core (375EC13C-06E4-48FB-B500-84F0262A717E): 4
LogDevObjectVersion:   Dev-Editor (E4B068ED-F494-42E9-A231-DA0B2E46BB41): 40
LogDevObjectVersion:   Dev-Framework (CFFC743F-43B0-4480-9391-14DF171D2073): 37
LogDevObjectVersion:   Dev-Mobile (B02B49B5-BB20-44E9-A304-32B752E40360): 3
LogDevObjectVersion:   Dev-Networking (A4E4105C-59A1-49B5-A7C5-40C4547EDFEE): 0
LogDevObjectVersion:   Dev-Online (39C831C9-5AE6-47DC-9A44-9C173E1C8E7C): 0
LogDevObjectVersion:   Dev-Physics (78F01B33-EBEA-4F98-B9B4-84EACCB95AA2): 14
LogDevObjectVersion:   Dev-Platform (6631380F-2D4D-43E0-8009-CF276956A95A): 0
LogDevObjectVersion:   Dev-Rendering (12F88B9F-8875-4AFC-A67C-D90C383ABD29): 45
LogDevObjectVersion:   Dev-Sequencer (7B5AE74C-D270-4C10-A958-57980B212A5A): 13
LogDevObjectVersion:   Dev-VR (D7296918-1DD6-4BDD-9DE2-64A83CC13884): 3
LogDevObjectVersion:   Dev-LoadTimes (C2A15278-BFE7-4AFE-6C17-90FF531DF755): 1
LogDevObjectVersion:   Private-Geometry (6EACA3D4-40EC-4CC1-B786-8BED09428FC5): 3
LogDevObjectVersion:   Dev-AnimPhys (29E575DD-E0A3-4627-9D10-D276232CDCEA): 17
LogDevObjectVersion:   Dev-Anim (AF43A65D-7FD3-4947-9873-3E8ED9C1BB05): 15
LogDevObjectVersion:   Dev-ReflectionCapture (6B266CEC-1EC7-4B8F-A30B-E4D90942FC07): 1
LogDevObjectVersion:   Dev-Automation (0DF73D61-A23F-47EA-B727-89E90C41499A): 1
LogDevObjectVersion:   FortniteMain (601D1886-AC64-4F84-AA16-D3DE0DEAC7D6): 47
LogDevObjectVersion:   FortniteRelease (E7086368-6B23-4C58-8439-1B7016265E91): 1
LogDevObjectVersion:   Dev-Enterprise (9DFFBCD6-494F-0158-E221-12823C92A888): 10
LogDevObjectVersion:   Dev-Niagara (F2AED0AC-9AFE-416F-8664-AA7FFA26D6FC): 1
LogDevObjectVersion:   Dev-Destruction (174F1F0B-B4C6-45A5-B13F-2EE8D0FB917D): 10
LogDevObjectVersion:   Dev-Physics-Ext (35F94A83-E258-406C-A318-09F59610247C): 41
LogDevObjectVersion:   Dev-PhysicsMaterial-Chaos (B68FC16E-8B1B-42E2-B453-215C058844FE): 1
LogDevObjectVersion:   Dev-CineCamera (B2E18506-4273-CFC2-A54E-F4BB758BBA07): 1
LogDevObjectVersion:   Dev-VirtualProduction (64F58936-FD1B-42BA-BA96-7289D5D0FA4E): 1
LogDevObjectVersion:   Dev-MediaFramework (6F0ED827-A609-4895-9C91-998D90180EA4): 2
LogInit: Presizing for max 25165824 objects, including 0 objects not considered by GC, pre-allocating 0 bytes for permanent pool.
LogConfig: Applying CVar settings from Section [/Script/Engine.StreamingSettings] File [E:/__PROLOGUE/2/Prologue/MyProject/Saved/Config/Windows/Engine.ini]
LogConfig: Setting CVar [[s.MinBulkDataSizeForAsyncLoading:131072]]
LogConfig: Setting CVar [[s.AsyncLoadingThreadEnabled:0]]
LogConfig: Setting CVar [[s.EventDrivenLoaderEnabled:1]]
LogConfig: Setting CVar [[s.WarnIfTimeLimitExceeded:0]]
LogConfig: Setting CVar [[s.TimeLimitExceededMultiplier:1.5]]
LogConfig: Setting CVar [[s.TimeLimitExceededMinTime:0.005]]
LogConfig: Setting CVar [[s.UseBackgroundLevelStreaming:1]]
LogConfig: Setting CVar [[s.PriorityAsyncLoadingExtraTime:15.0]]
LogConfig: Setting CVar [[s.LevelStreamingActorsUpdateTimeLimit:5.0]]
LogConfig: Setting CVar [[s.PriorityLevelStreamingActorsUpdateExtraTime:5.0]]
LogConfig: Setting CVar [[s.LevelStreamingComponentsRegistrationGranularity:10]]
LogConfig: Setting CVar [[s.UnregisterComponentsTimeLimit:1.0]]
LogConfig: Setting CVar [[s.LevelStreamingComponentsUnregistrationGranularity:5]]
LogConfig: Setting CVar [[s.FlushStreamingOnExit:1]]
LogInit: Object subsystem initialized
LogConfig: Setting CVar [[con.DebugEarlyDefault:1]]
LogConfig: Setting CVar [[r.setres:1280x720]]
[2022.12.23-11.34.28:184][  0]LogConfig: Setting CVar [[r.VSync:0]]
[2022.12.23-11.34.28:184][  0]LogConfig: Setting CVar [[r.RHICmdBypass:0]]
[2022.12.23-11.34.28:185][  0]LogConfig: Applying CVar settings from Section [/Script/Engine.RendererSettings] File [E:/__PROLOGUE/2/Prologue/MyProject/Saved/Config/Windows/Engine.ini]
[2022.12.23-11.34.28:185][  0]LogConfig: Setting CVar [[r.GPUCrashDebugging:0]]
[2022.12.23-11.34.28:185][  0]LogConfig: Setting CVar [[r.TextureStreaming:0]]
[2022.12.23-11.34.28:185][  0]LogConfig: Setting CVar [[r.CustomDepth:3]]
[2022.12.23-11.34.28:185][  0]LogConfig: Setting CVar [[r.DefaultFeature.AutoExposure:0]]
[2022.12.23-11.34.28:185][  0]LogConfig: Setting CVar [[r.DefaultFeature.MotionBlur:0]]
[2022.12.23-11.34.28:185][  0]LogConfig: Applying CVar settings from Section [/Script/Engine.RendererOverrideSettings] File [E:/__PROLOGUE/2/Prologue/MyProject/Saved/Config/Windows/Engine.ini]
[2022.12.23-11.34.28:185][  0]LogConfig: Applying CVar settings from Section [/Script/Engine.StreamingSettings] File [E:/__PROLOGUE/2/Prologue/MyProject/Saved/Config/Windows/Engine.ini]
[2022.12.23-11.34.28:185][  0]LogConfig: Setting CVar [[s.MinBulkDataSizeForAsyncLoading:131072]]
[2022.12.23-11.34.28:185][  0]LogConfig: Setting CVar [[s.AsyncLoadingThreadEnabled:0]]
[2022.12.23-11.34.28:185][  0]LogConfig: Setting CVar [[s.EventDrivenLoaderEnabled:1]]
[2022.12.23-11.34.28:185][  0]LogConfig: Setting CVar [[s.WarnIfTimeLimitExceeded:0]]
[2022.12.23-11.34.28:185][  0]LogConfig: Setting CVar [[s.TimeLimitExceededMultiplier:1.5]]
[2022.12.23-11.34.28:185][  0]LogConfig: Setting CVar [[s.TimeLimitExceededMinTime:0.005]]
[2022.12.23-11.34.28:185][  0]LogConfig: Setting CVar [[s.UseBackgroundLevelStreaming:1]]
[2022.12.23-11.34.28:185][  0]LogConfig: Setting CVar [[s.PriorityAsyncLoadingExtraTime:15.0]]
[2022.12.23-11.34.28:185][  0]LogConfig: Setting CVar [[s.LevelStreamingActorsUpdateTimeLimit:5.0]]
[2022.12.23-11.34.28:185][  0]LogConfig: Setting CVar [[s.PriorityLevelStreamingActorsUpdateExtraTime:5.0]]
[2022.12.23-11.34.28:185][  0]LogConfig: Setting CVar [[s.LevelStreamingComponentsRegistrationGranularity:10]]
[2022.12.23-11.34.28:185][  0]LogConfig: Setting CVar [[s.UnregisterComponentsTimeLimit:1.0]]
[2022.12.23-11.34.28:185][  0]LogConfig: Setting CVar [[s.LevelStreamingComponentsUnregistrationGranularity:5]]
[2022.12.23-11.34.28:185][  0]LogConfig: Setting CVar [[s.FlushStreamingOnExit:1]]
[2022.12.23-11.34.28:185][  0]LogConfig: Applying CVar settings from Section [/Script/Engine.GarbageCollectionSettings] File [E:/__PROLOGUE/2/Prologue/MyProject/Saved/Config/Windows/Engine.ini]
[2022.12.23-11.34.28:185][  0]LogConfig: Setting CVar [[gc.MaxObjectsNotConsideredByGC:1]]
[2022.12.23-11.34.28:185][  0]LogConfig: Setting CVar [[gc.SizeOfPermanentObjectPool:0]]
[2022.12.23-11.34.28:185][  0]LogConfig: Setting CVar [[gc.FlushStreamingOnGC:0]]
[2022.12.23-11.34.28:185][  0]LogConfig: Setting CVar [[gc.NumRetriesBeforeForcingGC:10]]
[2022.12.23-11.34.28:185][  0]LogConfig: Setting CVar [[gc.AllowParallelGC:1]]
[2022.12.23-11.34.28:185][  0]LogConfig: Setting CVar [[gc.TimeBetweenPurgingPendingKillObjects:61.1]]
[2022.12.23-11.34.28:185][  0]LogConfig: Setting CVar [[gc.MaxObjectsInEditor:25165824]]
[2022.12.23-11.34.28:185][  0]LogConfig: Setting CVar [[gc.IncrementalBeginDestroyEnabled:1]]
[2022.12.23-11.34.28:185][  0]LogConfig: Setting CVar [[gc.CreateGCClusters:1]]
[2022.12.23-11.34.28:185][  0]LogConfig: Setting CVar [[gc.MinGCClusterSize:5]]
[2022.12.23-11.34.28:185][  0]LogConfig: Setting CVar [[gc.ActorClusteringEnabled:0]]
[2022.12.23-11.34.28:185][  0]LogConfig: Setting CVar [[gc.BlueprintClusteringEnabled:0]]
[2022.12.23-11.34.28:185][  0]LogConfig: Setting CVar [[gc.UseDisregardForGCOnDedicatedServers:0]]
[2022.12.23-11.34.28:185][  0]LogConfig: Setting CVar [[gc.MultithreadedDestructionEnabled:1]]
[2022.12.23-11.34.28:185][  0]LogConfig: Applying CVar settings from Section [/Script/Engine.NetworkSettings] File [E:/__PROLOGUE/2/Prologue/MyProject/Saved/Config/Windows/Engine.ini]
[2022.12.23-11.34.28:185][  0]LogConfig: Applying CVar settings from Section [/Script/UnrealEd.CookerSettings] File [E:/__PROLOGUE/2/Prologue/MyProject/Saved/Config/Windows/Engine.ini]
[2022.12.23-11.34.28:205][  0]LogConfig: Applying CVar settings from Section [ViewDistanceQuality@3] File [E:/__PROLOGUE/2/Prologue/MyProject/Saved/Config/Windows/Scalability.ini]
[2022.12.23-11.34.28:205][  0]LogConfig: Setting CVar [[r.SkeletalMeshLODBias:0]]
[2022.12.23-11.34.28:205][  0]LogConfig: Setting CVar [[r.ViewDistanceScale:1.0]]
[2022.12.23-11.34.28:205][  0]LogConfig: Applying CVar settings from Section [AntiAliasingQuality@3] File [E:/__PROLOGUE/2/Prologue/MyProject/Saved/Config/Windows/Scalability.ini]
[2022.12.23-11.34.28:205][  0]LogConfig: Setting CVar [[r.PostProcessAAQuality:4]]
[2022.12.23-11.34.28:205][  0]LogConfig: Applying CVar settings from Section [ShadowQuality@3] File [E:/__PROLOGUE/2/Prologue/MyProject/Saved/Config/Windows/Scalability.ini]
[2022.12.23-11.34.28:205][  0]LogConfig: Setting CVar [[r.LightFunctionQuality:1]]
[2022.12.23-11.34.28:205][  0]LogConfig: Setting CVar [[r.ShadowQuality:5]]
[2022.12.23-11.34.28:205][  0]LogConfig: Setting CVar [[r.Shadow.CSM.MaxCascades:10]]
[2022.12.23-11.34.28:205][  0]LogConfig: Setting CVar [[r.Shadow.MaxResolution:2048]]
[2022.12.23-11.34.28:205][  0]LogConfig: Setting CVar [[r.Shadow.MaxCSMResolution:2048]]
[2022.12.23-11.34.28:205][  0]LogConfig: Setting CVar [[r.Shadow.RadiusThreshold:0.01]]
[2022.12.23-11.34.28:206][  0]LogConfig: Setting CVar [[r.Shadow.DistanceScale:1.0]]
[2022.12.23-11.34.28:206][  0]LogConfig: Setting CVar [[r.Shadow.CSM.TransitionScale:1.0]]
[2022.12.23-11.34.28:206][  0]LogConfig: Setting CVar [[r.Shadow.PreShadowResolutionFactor:1.0]]
[2022.12.23-11.34.28:206][  0]LogConfig: Setting CVar [[r.DistanceFieldShadowing:1]]
[2022.12.23-11.34.28:206][  0]LogConfig: Setting CVar [[r.DistanceFieldAO:1]]
[2022.12.23-11.34.28:206][  0]LogConfig: Setting CVar [[r.AOQuality:2]]
[2022.12.23-11.34.28:206][  0]LogConfig: Setting CVar [[r.VolumetricFog:1]]
[2022.12.23-11.34.28:206][  0]LogConfig: Setting CVar [[r.VolumetricFog.GridPixelSize:8]]
[2022.12.23-11.34.28:206][  0]LogConfig: Setting CVar [[r.VolumetricFog.GridSizeZ:128]]
[2022.12.23-11.34.28:206][  0]LogConfig: Setting CVar [[r.VolumetricFog.HistoryMissSupersampleCount:4]]
[2022.12.23-11.34.28:206][  0]LogConfig: Setting CVar [[r.LightMaxDrawDistanceScale:1]]
[2022.12.23-11.34.28:206][  0]LogConfig: Setting CVar [[r.CapsuleShadows:1]]
[2022.12.23-11.34.28:206][  0]LogConfig: Applying CVar settings from Section [PostProcessQuality@3] File [E:/__PROLOGUE/2/Prologue/MyProject/Saved/Config/Windows/Scalability.ini]
[2022.12.23-11.34.28:206][  0]LogConfig: Setting CVar [[r.MotionBlurQuality:4]]
[2022.12.23-11.34.28:206][  0]LogConfig: Setting CVar [[r.AmbientOcclusionMipLevelFactor:0.4]]
[2022.12.23-11.34.28:206][  0]LogConfig: Setting CVar [[r.AmbientOcclusionMaxQuality:100]]
[2022.12.23-11.34.28:206][  0]LogConfig: Setting CVar [[r.AmbientOcclusionLevels:-1]]
[2022.12.23-11.34.28:206][  0]LogConfig: Setting CVar [[r.AmbientOcclusionRadiusScale:1.0]]
[2022.12.23-11.34.28:206][  0]LogConfig: Setting CVar [[r.DepthOfFieldQuality:2]]
[2022.12.23-11.34.28:206][  0]LogConfig: Setting CVar [[r.RenderTargetPoolMin:400]]
[2022.12.23-11.34.28:206][  0]LogConfig: Setting CVar [[r.LensFlareQuality:2]]
[2022.12.23-11.34.28:206][  0]LogConfig: Setting CVar [[r.SceneColorFringeQuality:1]]
[2022.12.23-11.34.28:206][  0]LogConfig: Setting CVar [[r.EyeAdaptationQuality:2]]
[2022.12.23-11.34.28:206][  0]LogConfig: Setting CVar [[r.BloomQuality:5]]
[2022.12.23-11.34.28:206][  0]LogConfig: Setting CVar [[r.FastBlurThreshold:100]]
[2022.12.23-11.34.28:206][  0]LogConfig: Setting CVar [[r.Upscale.Quality:3]]
[2022.12.23-11.34.28:206][  0]LogConfig: Setting CVar [[r.Tonemapper.GrainQuantization:1]]
[2022.12.23-11.34.28:206][  0]LogConfig: Setting CVar [[r.LightShaftQuality:1]]
[2022.12.23-11.34.28:206][  0]LogConfig: Setting CVar [[r.Filter.SizeScale:1]]
[2022.12.23-11.34.28:206][  0]LogConfig: Setting CVar [[r.Tonemapper.Quality:5]]
[2022.12.23-11.34.28:206][  0]LogConfig: Setting CVar [[r.DOF.Gather.AccumulatorQuality:1        ; higher gathering accumulator quality]]
[2022.12.23-11.34.28:206][  0]LogConfig: Setting CVar [[r.DOF.Gather.PostfilterMethod:1          ; Median3x3 postfilering method]]
[2022.12.23-11.34.28:206][  0]LogConfig: Setting CVar [[r.DOF.Gather.EnableBokehSettings:0       ; no bokeh simulation when gathering]]
[2022.12.23-11.34.28:206][  0]LogConfig: Setting CVar [[r.DOF.Gather.RingCount:4                 ; medium number of samples when gathering]]
[2022.12.23-11.34.28:206][  0]LogConfig: Setting CVar [[r.DOF.Scatter.ForegroundCompositing:1    ; additive foreground scattering]]
[2022.12.23-11.34.28:206][  0]LogConfig: Setting CVar [[r.DOF.Scatter.BackgroundCompositing:2    ; additive background scattering]]
[2022.12.23-11.34.28:206][  0]LogConfig: Setting CVar [[r.DOF.Scatter.EnableBokehSettings:1      ; bokeh simulation when scattering]]
[2022.12.23-11.34.28:206][  0]LogConfig: Setting CVar [[r.DOF.Scatter.MaxSpriteRatio:0.1         ; only a maximum of 10% of scattered bokeh]]
[2022.12.23-11.34.28:206][  0]LogConfig: Setting CVar [[r.DOF.Recombine.Quality:1                ; cheap slight out of focus]]
[2022.12.23-11.34.28:206][  0]LogConfig: Setting CVar [[r.DOF.Recombine.EnableBokehSettings:0    ; no bokeh simulation on slight out of focus]]
[2022.12.23-11.34.28:206][  0]LogConfig: Setting CVar [[r.DOF.TemporalAAQuality:1                ; more stable temporal accumulation]]
[2022.12.23-11.34.28:206][  0]LogConfig: Setting CVar [[r.DOF.Kernel.MaxForegroundRadius:0.025]]
[2022.12.23-11.34.28:206][  0]LogConfig: Setting CVar [[r.DOF.Kernel.MaxBackgroundRadius:0.025]]
[2022.12.23-11.34.28:206][  0]LogConfig: Applying CVar settings from Section [TextureQuality@3] File [E:/__PROLOGUE/2/Prologue/MyProject/Saved/Config/Windows/Scalability.ini]
[2022.12.23-11.34.28:206][  0]LogConfig: Setting CVar [[r.Streaming.MipBias:0]]
[2022.12.23-11.34.28:206][  0]LogConfig: Setting CVar [[r.Streaming.AmortizeCPUToGPUCopy:0]]
[2022.12.23-11.34.28:206][  0]LogConfig: Setting CVar [[r.Streaming.MaxNumTexturesToStreamPerFrame:0]]
[2022.12.23-11.34.28:206][  0]LogConfig: Setting CVar [[r.Streaming.Boost:1]]
[2022.12.23-11.34.28:206][  0]LogConfig: Setting CVar [[r.MaxAnisotropy:8]]
[2022.12.23-11.34.28:206][  0]LogConfig: Setting CVar [[r.VT.MaxAnisotropy:8]]
[2022.12.23-11.34.28:206][  0]LogConfig: Setting CVar [[r.Streaming.LimitPoolSizeToVRAM:0]]
[2022.12.23-11.34.28:206][  0]LogConfig: Setting CVar [[r.Streaming.PoolSize:1000]]
[2022.12.23-11.34.28:206][  0]LogConfig: Setting CVar [[r.Streaming.MaxEffectiveScreenSize:0]]
[2022.12.23-11.34.28:206][  0]LogConfig: Applying CVar settings from Section [EffectsQuality@3] File [E:/__PROLOGUE/2/Prologue/MyProject/Saved/Config/Windows/Scalability.ini]
[2022.12.23-11.34.28:206][  0]LogConfig: Setting CVar [[r.TranslucencyLightingVolumeDim:64]]
[2022.12.23-11.34.28:206][  0]LogConfig: Setting CVar [[r.RefractionQuality:2]]
[2022.12.23-11.34.28:206][  0]LogConfig: Setting CVar [[r.SSR.Quality:3]]
[2022.12.23-11.34.28:206][  0]LogConfig: Setting CVar [[r.SSR.HalfResSceneColor:0]]
[2022.12.23-11.34.28:206][  0]LogConfig: Setting CVar [[r.SceneColorFormat:4]]
[2022.12.23-11.34.28:206][  0]LogConfig: Setting CVar [[r.DetailMode:2]]
[2022.12.23-11.34.28:206][  0]LogConfig: Setting CVar [[r.TranslucencyVolumeBlur:1]]
[2022.12.23-11.34.28:206][  0]LogConfig: Setting CVar [[r.MaterialQualityLevel:1 ; High quality]]
[2022.12.23-11.34.28:206][  0]LogConfig: Setting CVar [[r.AnisotropicMaterials:1]]
[2022.12.23-11.34.28:206][  0]LogConfig: Setting CVar [[r.SSS.Scale:1]]
[2022.12.23-11.34.28:206][  0]LogConfig: Setting CVar [[r.SSS.SampleSet:2]]
[2022.12.23-11.34.28:206][  0]LogConfig: Setting CVar [[r.SSS.Quality:1]]
[2022.12.23-11.34.28:206][  0]LogConfig: Setting CVar [[r.SSS.HalfRes:0]]
[2022.12.23-11.34.28:206][  0]LogConfig: Setting CVar [[r.SSGI.Quality:3]]
[2022.12.23-11.34.28:206][  0]LogConfig: Setting CVar [[r.EmitterSpawnRateScale:1.0]]
[2022.12.23-11.34.28:206][  0]LogConfig: Setting CVar [[r.ParticleLightQuality:2]]
[2022.12.23-11.34.28:206][  0]LogConfig: Setting CVar [[r.SkyAtmosphere.AerialPerspectiveLUT.FastApplyOnOpaque:1 ; Always have FastSkyLUT 1 in this case to avoid wrong sky]]
[2022.12.23-11.34.28:206][  0]LogConfig: Setting CVar [[r.SkyAtmosphere.AerialPerspectiveLUT.SampleCountMaxPerSlice:4]]
[2022.12.23-11.34.28:207][  0]LogConfig: Setting CVar [[r.SkyAtmosphere.AerialPerspectiveLUT.DepthResolution:16.0]]
[2022.12.23-11.34.28:207][  0]LogConfig: Setting CVar [[r.SkyAtmosphere.FastSkyLUT:1]]
[2022.12.23-11.34.28:207][  0]LogConfig: Setting CVar [[r.SkyAtmosphere.FastSkyLUT.SampleCountMin:4.0]]
[2022.12.23-11.34.28:207][  0]LogConfig: Setting CVar [[r.SkyAtmosphere.FastSkyLUT.SampleCountMax:128.0]]
[2022.12.23-11.34.28:207][  0]LogConfig: Setting CVar [[r.SkyAtmosphere.SampleCountMin:4.0]]
[2022.12.23-11.34.28:207][  0]LogConfig: Setting CVar [[r.SkyAtmosphere.SampleCountMax:128.0]]
[2022.12.23-11.34.28:207][  0]LogConfig: Setting CVar [[r.SkyAtmosphere.TransmittanceLUT.UseSmallFormat:0]]
[2022.12.23-11.34.28:207][  0]LogConfig: Setting CVar [[r.SkyAtmosphere.TransmittanceLUT.SampleCount:10.0]]
[2022.12.23-11.34.28:207][  0]LogConfig: Setting CVar [[r.SkyAtmosphere.MultiScatteringLUT.SampleCount:15.0]]
[2022.12.23-11.34.28:207][  0]LogConfig: Setting CVar [[r.SkyLight.RealTimeReflectionCapture:1]]
[2022.12.23-11.34.28:207][  0]LogConfig: Applying CVar settings from Section [FoliageQuality@3] File [E:/__PROLOGUE/2/Prologue/MyProject/Saved/Config/Windows/Scalability.ini]
[2022.12.23-11.34.28:207][  0]LogConfig: Setting CVar [[foliage.DensityScale:1.0]]
[2022.12.23-11.34.28:207][  0]LogConfig: Setting CVar [[grass.DensityScale:1.0]]
[2022.12.23-11.34.28:207][  0]LogConfig: Applying CVar settings from Section [ShadingQuality@3] File [E:/__PROLOGUE/2/Prologue/MyProject/Saved/Config/Windows/Scalability.ini]
[2022.12.23-11.34.28:207][  0]LogConfig: Setting CVar [[r.HairStrands.SkyLighting.IntegrationType:2]]
[2022.12.23-11.34.28:207][  0]LogConfig: Setting CVar [[r.HairStrands.SkyAO.SampleCount:4]]
[2022.12.23-11.34.28:207][  0]LogConfig: Setting CVar [[r.HairStrands.Visibility.MSAA.SamplePerPixel:4]]
[2022.12.23-11.34.28:207][  0]LogInit: Selected Device Profile: [Windows]
[2022.12.23-11.34.28:207][  0]LogInit: Applying CVar settings loaded from the selected device profile: [Windows]
[2022.12.23-11.34.28:208][  0]LogHAL: Display: Platform has ~ 40 GB [42898518016 / 68719476736 / 40], which maps to Largest [LargestMinGB=32, LargerMinGB=12, DefaultMinGB=8, SmallerMinGB=6, SmallestMinGB=0)
[2022.12.23-11.34.28:208][  0]LogInit: Going up to parent DeviceProfile []
[2022.12.23-11.34.28:208][  0]LogConfig: Applying CVar settings from Section [ViewDistanceQuality@2] File [E:/__PROLOGUE/2/Prologue/MyProject/Saved/Config/Windows/Scalability.ini]
[2022.12.23-11.34.28:208][  0]LogConfig: Setting CVar [[r.SkeletalMeshLODBias:0]]
[2022.12.23-11.34.28:208][  0]LogConfig: Setting CVar [[r.ViewDistanceScale:0.8]]
[2022.12.23-11.34.28:208][  0]LogConfig: Applying CVar settings from Section [AntiAliasingQuality@2] File [E:/__PROLOGUE/2/Prologue/MyProject/Saved/Config/Windows/Scalability.ini]
[2022.12.23-11.34.28:208][  0]LogConfig: Setting CVar [[r.PostProcessAAQuality:3]]
[2022.12.23-11.34.28:208][  0]LogConfig: Applying CVar settings from Section [ShadowQuality@2] File [E:/__PROLOGUE/2/Prologue/MyProject/Saved/Config/Windows/Scalability.ini]
[2022.12.23-11.34.28:208][  0]LogConfig: Setting CVar [[r.LightFunctionQuality:1]]
[2022.12.23-11.34.28:208][  0]LogConfig: Setting CVar [[r.ShadowQuality:5]]
[2022.12.23-11.34.28:208][  0]LogConfig: Setting CVar [[r.Shadow.CSM.MaxCascades:4]]
[2022.12.23-11.34.28:208][  0]LogConfig: Setting CVar [[r.Shadow.MaxResolution:1024]]
[2022.12.23-11.34.28:208][  0]LogConfig: Setting CVar [[r.Shadow.MaxCSMResolution:2048]]
[2022.12.23-11.34.28:208][  0]LogConfig: Setting CVar [[r.Shadow.RadiusThreshold:0.04]]
[2022.12.23-11.34.28:208][  0]LogConfig: Setting CVar [[r.Shadow.DistanceScale:0.85]]
[2022.12.23-11.34.28:208][  0]LogConfig: Setting CVar [[r.Shadow.CSM.TransitionScale:0.8]]
[2022.12.23-11.34.28:208][  0]LogConfig: Setting CVar [[r.Shadow.PreShadowResolutionFactor:0.5]]
[2022.12.23-11.34.28:208][  0]LogConfig: Setting CVar [[r.DistanceFieldShadowing:1]]
[2022.12.23-11.34.28:208][  0]LogConfig: Setting CVar [[r.DistanceFieldAO:1]]
[2022.12.23-11.34.28:208][  0]LogConfig: Setting CVar [[r.AOQuality:1]]
[2022.12.23-11.34.28:208][  0]LogConfig: Setting CVar [[r.VolumetricFog:1]]
[2022.12.23-11.34.28:208][  0]LogConfig: Setting CVar [[r.VolumetricFog.GridPixelSize:16]]
[2022.12.23-11.34.28:208][  0]LogConfig: Setting CVar [[r.VolumetricFog.GridSizeZ:64]]
[2022.12.23-11.34.28:208][  0]LogConfig: Setting CVar [[r.VolumetricFog.HistoryMissSupersampleCount:4]]
[2022.12.23-11.34.28:208][  0]LogConfig: Setting CVar [[r.LightMaxDrawDistanceScale:1]]
[2022.12.23-11.34.28:208][  0]LogConfig: Setting CVar [[r.CapsuleShadows:1]]
[2022.12.23-11.34.28:208][  0]LogConfig: Applying CVar settings from Section [PostProcessQuality@2] File [E:/__PROLOGUE/2/Prologue/MyProject/Saved/Config/Windows/Scalability.ini]
[2022.12.23-11.34.28:208][  0]LogConfig: Setting CVar [[r.MotionBlurQuality:3]]
[2022.12.23-11.34.28:208][  0]LogConfig: Setting CVar [[r.AmbientOcclusionMipLevelFactor:0.6]]
[2022.12.23-11.34.28:208][  0]LogConfig: Setting CVar [[r.AmbientOcclusionMaxQuality:100]]
[2022.12.23-11.34.28:209][  0]LogConfig: Setting CVar [[r.AmbientOcclusionLevels:-1]]
[2022.12.23-11.34.28:209][  0]LogConfig: Setting CVar [[r.AmbientOcclusionRadiusScale:1.5]]
[2022.12.23-11.34.28:209][  0]LogConfig: Setting CVar [[r.DepthOfFieldQuality:2]]
[2022.12.23-11.34.28:209][  0]LogConfig: Setting CVar [[r.RenderTargetPoolMin:400]]
[2022.12.23-11.34.28:209][  0]LogConfig: Setting CVar [[r.LensFlareQuality:2]]
[2022.12.23-11.34.28:209][  0]LogConfig: Setting CVar [[r.SceneColorFringeQuality:1]]
[2022.12.23-11.34.28:209][  0]LogConfig: Setting CVar [[r.EyeAdaptationQuality:2]]
[2022.12.23-11.34.28:209][  0]LogConfig: Setting CVar [[r.BloomQuality:5]]
[2022.12.23-11.34.28:209][  0]LogConfig: Setting CVar [[r.FastBlurThreshold:3]]
[2022.12.23-11.34.28:209][  0]LogConfig: Setting CVar [[r.Upscale.Quality:2]]
[2022.12.23-11.34.28:209][  0]LogConfig: Setting CVar [[r.Tonemapper.GrainQuantization:1]]
[2022.12.23-11.34.28:209][  0]LogConfig: Setting CVar [[r.LightShaftQuality:1]]
[2022.12.23-11.34.28:209][  0]LogConfig: Setting CVar [[r.Filter.SizeScale:0.8]]
[2022.12.23-11.34.28:209][  0]LogConfig: Setting CVar [[r.Tonemapper.Quality:5]]
[2022.12.23-11.34.28:209][  0]LogConfig: Setting CVar [[r.DOF.Gather.AccumulatorQuality:0        ; lower gathering accumulator quality]]
[2022.12.23-11.34.28:209][  0]LogConfig: Setting CVar [[r.DOF.Gather.PostfilterMethod:2          ; Max3x3 postfilering method]]
[2022.12.23-11.34.28:209][  0]LogConfig: Setting CVar [[r.DOF.Gather.EnableBokehSettings:0       ; no bokeh simulation when gathering]]
[2022.12.23-11.34.28:209][  0]LogConfig: Setting CVar [[r.DOF.Gather.RingCount:4                 ; medium number of samples when gathering]]
[2022.12.23-11.34.28:209][  0]LogConfig: Setting CVar [[r.DOF.Scatter.ForegroundCompositing:1    ; additive foreground scattering]]
[2022.12.23-11.34.28:209][  0]LogConfig: Setting CVar [[r.DOF.Scatter.BackgroundCompositing:1    ; no background occlusion]]
[2022.12.23-11.34.28:209][  0]LogConfig: Setting CVar [[r.DOF.Scatter.EnableBokehSettings:0      ; no bokeh simulation when scattering]]
[2022.12.23-11.34.28:209][  0]LogConfig: Setting CVar [[r.DOF.Scatter.MaxSpriteRatio:0.04        ; only a maximum of 4% of scattered bokeh]]
[2022.12.23-11.34.28:209][  0]LogConfig: Setting CVar [[r.DOF.Recombine.Quality:0                ; no slight out of focus]]
[2022.12.23-11.34.28:209][  0]LogConfig: Setting CVar [[r.DOF.TemporalAAQuality:0                ; faster temporal accumulation]]
[2022.12.23-11.34.28:209][  0]LogConfig: Setting CVar [[r.DOF.Kernel.MaxForegroundRadius:0.012   ; required because of AccumulatorQuality=0]]
[2022.12.23-11.34.28:209][  0]LogConfig: Setting CVar [[r.DOF.Kernel.MaxBackgroundRadius:0.012   ; required because of AccumulatorQuality=0]]
[2022.12.23-11.34.28:209][  0]LogConfig: Applying CVar settings from Section [TextureQuality@2] File [E:/__PROLOGUE/2/Prologue/MyProject/Saved/Config/Windows/Scalability.ini]
[2022.12.23-11.34.28:209][  0]LogConfig: Setting CVar [[r.Streaming.MipBias:0]]
[2022.12.23-11.34.28:209][  0]LogConfig: Setting CVar [[r.Streaming.AmortizeCPUToGPUCopy:0]]
[2022.12.23-11.34.28:209][  0]LogConfig: Setting CVar [[r.Streaming.MaxNumTexturesToStreamPerFrame:0]]
[2022.12.23-11.34.28:209][  0]LogConfig: Setting CVar [[r.Streaming.Boost:1]]
[2022.12.23-11.34.28:209][  0]LogConfig: Setting CVar [[r.MaxAnisotropy:4]]
[2022.12.23-11.34.28:209][  0]LogConfig: Setting CVar [[r.VT.MaxAnisotropy:8]]
[2022.12.23-11.34.28:209][  0]LogConfig: Setting CVar [[r.Streaming.LimitPoolSizeToVRAM:1]]
[2022.12.23-11.34.28:209][  0]LogConfig: Setting CVar [[r.Streaming.PoolSize:800]]
[2022.12.23-11.34.28:209][  0]LogConfig: Setting CVar [[r.Streaming.MaxEffectiveScreenSize:0]]
[2022.12.23-11.34.28:209][  0]LogConfig: Applying CVar settings from Section [EffectsQuality@2] File [E:/__PROLOGUE/2/Prologue/MyProject/Saved/Config/Windows/Scalability.ini]
[2022.12.23-11.34.28:209][  0]LogConfig: Setting CVar [[r.TranslucencyLightingVolumeDim:48]]
[2022.12.23-11.34.28:209][  0]LogConfig: Setting CVar [[r.RefractionQuality:2]]
[2022.12.23-11.34.28:209][  0]LogConfig: Setting CVar [[r.SSR.Quality:2]]
[2022.12.23-11.34.28:209][  0]LogConfig: Setting CVar [[r.SSR.HalfResSceneColor:1]]
[2022.12.23-11.34.28:209][  0]LogConfig: Setting CVar [[r.SceneColorFormat:3]]
[2022.12.23-11.34.28:209][  0]LogConfig: Setting CVar [[r.DetailMode:1]]
[2022.12.23-11.34.28:209][  0]LogConfig: Setting CVar [[r.TranslucencyVolumeBlur:1]]
[2022.12.23-11.34.28:209][  0]LogConfig: Setting CVar [[r.MaterialQualityLevel:1 ; High quality]]
[2022.12.23-11.34.28:209][  0]LogConfig: Setting CVar [[r.AnisotropicMaterials:1]]
[2022.12.23-11.34.28:209][  0]LogConfig: Setting CVar [[r.SSS.Scale:1]]
[2022.12.23-11.34.28:209][  0]LogConfig: Setting CVar [[r.SSS.SampleSet:1]]
[2022.12.23-11.34.28:209][  0]LogConfig: Setting CVar [[r.SSS.Quality:-1]]
[2022.12.23-11.34.28:209][  0]LogConfig: Setting CVar [[r.SSS.HalfRes:1]]
[2022.12.23-11.34.28:209][  0]LogConfig: Setting CVar [[r.SSGI.Quality:2]]
[2022.12.23-11.34.28:209][  0]LogConfig: Setting CVar [[r.EmitterSpawnRateScale:0.5]]
[2022.12.23-11.34.28:209][  0]LogConfig: Setting CVar [[r.ParticleLightQuality:1]]
[2022.12.23-11.34.28:209][  0]LogConfig: Setting CVar [[r.SkyAtmosphere.AerialPerspectiveLUT.FastApplyOnOpaque:1 ; Always have FastSkyLUT 1 in this case to avoid wrong sky]]
[2022.12.23-11.34.28:210][  0]LogConfig: Setting CVar [[r.SkyAtmosphere.AerialPerspectiveLUT.SampleCountMaxPerSlice:2]]
[2022.12.23-11.34.28:210][  0]LogConfig: Setting CVar [[r.SkyAtmosphere.AerialPerspectiveLUT.DepthResolution:16.0]]
[2022.12.23-11.34.28:210][  0]LogConfig: Setting CVar [[r.SkyAtmosphere.FastSkyLUT:1]]
[2022.12.23-11.34.28:210][  0]LogConfig: Setting CVar [[r.SkyAtmosphere.FastSkyLUT.SampleCountMin:4.0]]
[2022.12.23-11.34.28:210][  0]LogConfig: Setting CVar [[r.SkyAtmosphere.FastSkyLUT.SampleCountMax:64.0]]
[2022.12.23-11.34.28:210][  0]LogConfig: Setting CVar [[r.SkyAtmosphere.SampleCountMin:4.0]]
[2022.12.23-11.34.28:210][  0]LogConfig: Setting CVar [[r.SkyAtmosphere.SampleCountMax:64.0]]
[2022.12.23-11.34.28:210][  0]LogConfig: Setting CVar [[r.SkyAtmosphere.TransmittanceLUT.UseSmallFormat:0]]
[2022.12.23-11.34.28:210][  0]LogConfig: Setting CVar [[r.SkyAtmosphere.TransmittanceLUT.SampleCount:10.0]]
[2022.12.23-11.34.28:210][  0]LogConfig: Setting CVar [[r.SkyAtmosphere.MultiScatteringLUT.SampleCount:15.0]]
[2022.12.23-11.34.28:210][  0]LogConfig: Setting CVar [[r.SkyLight.RealTimeReflectionCapture:1]]
[2022.12.23-11.34.28:210][  0]LogConfig: Applying CVar settings from Section [FoliageQuality@2] File [E:/__PROLOGUE/2/Prologue/MyProject/Saved/Config/Windows/Scalability.ini]
[2022.12.23-11.34.28:210][  0]LogConfig: Setting CVar [[foliage.DensityScale:0.8]]
[2022.12.23-11.34.28:210][  0]LogConfig: Setting CVar [[grass.DensityScale:0.8]]
[2022.12.23-11.34.28:210][  0]LogConfig: Applying CVar settings from Section [ShadingQuality@2] File [E:/__PROLOGUE/2/Prologue/MyProject/Saved/Config/Windows/Scalability.ini]
[2022.12.23-11.34.28:210][  0]LogConfig: Setting CVar [[r.HairStrands.SkyLighting.IntegrationType:2]]
[2022.12.23-11.34.28:210][  0]LogConfig: Setting CVar [[r.HairStrands.SkyAO.SampleCount:4]]
[2022.12.23-11.34.28:210][  0]LogConfig: Setting CVar [[r.HairStrands.Visibility.MSAA.SamplePerPixel:4]]
[2022.12.23-11.34.28:210][  0]LogConfig: Applying CVar settings from Section [Startup] File [../../../Engine/Config/ConsoleVariables.ini]
[2022.12.23-11.34.28:212][  0]LogConfig: Setting CVar [[net.UseAdaptiveNetUpdateFrequency:0]]
[2022.12.23-11.34.28:212][  0]LogConfig: Setting CVar [[p.chaos.AllowCreatePhysxBodies:1]]
[2022.12.23-11.34.28:212][  0]LogConfig: Setting CVar [[fx.SkipVectorVMBackendOptimizations:1]]
[2022.12.23-11.34.28:212][  0]LogConfig: Applying CVar settings from Section [ConsoleVariables] File [E:/__PROLOGUE/2/Prologue/MyProject/Saved/Config/Windows/Engine.ini]
[2022.12.23-11.34.28:212][  0]LogConfig: Applying CVar settings from Section [ConsoleVariables] File [E:/__PROLOGUE/2/Prologue/MyProject/Saved/Config/Windows/Editor.ini]
[2022.12.23-11.34.28:214][  0]LogInit: Computer: HOME-PC
[2022.12.23-11.34.28:214][  0]LogInit: User: Дмитрий
[2022.12.23-11.34.28:214][  0]LogInit: CPU Page size=4096, Cores=6
[2022.12.23-11.34.28:214][  0]LogInit: High frequency timer resolution =10.000000 MHz
[2022.12.23-11.34.28:214][  0]LogMemory: Memory total: Physical=40.0GB (40GB approx)
[2022.12.23-11.34.28:214][  0]LogMemory: Platform Memory Stats for Windows
[2022.12.23-11.34.28:214][  0]LogMemory: Process Physical Memory: 148.33 MB used, 148.33 MB peak
[2022.12.23-11.34.28:214][  0]LogMemory: Process Virtual Memory: 130.41 MB used, 130.41 MB peak
[2022.12.23-11.34.28:214][  0]LogMemory: Physical Memory: 15355.03 MB used,  25556.18 MB free, 40911.21 MB total
[2022.12.23-11.34.28:214][  0]LogMemory: Virtual Memory: 134175560.00 MB used,  42168.82 MB free, 134217728.00 MB total
[2022.12.23-11.34.28:222][  0]LogWindows: WindowsPlatformFeatures enabled
[2022.12.23-11.34.28:314][  0]LogInit: Physics initialised using underlying interface: PhysX
[2022.12.23-11.34.28:316][  0]LogInit: Using OS detected language (ru-RU).
[2022.12.23-11.34.28:316][  0]LogInit: Using OS detected locale (ru-RU).
[2022.12.23-11.34.28:327][  0]LogTextLocalizationManager: No specific localization for 'ru-RU' exists, so the 'ru' localization will be used.
[2022.12.23-11.34.28:548][  0]LogTextLocalizationResource: LocRes '../../../Engine/Content/Localization/Editor/ru/Editor.locres' could not be opened for reading!
[2022.12.23-11.34.28:548][  0]LogTextLocalizationResource: LocRes '../../../Engine/Content/Localization/EditorTutorials/ru/EditorTutorials.locres' could not be opened for reading!
[2022.12.23-11.34.28:548][  0]LogTextLocalizationResource: LocRes '../../../Engine/Content/Localization/Keywords/ru/Keywords.locres' could not be opened for reading!
[2022.12.23-11.34.28:548][  0]LogTextLocalizationResource: LocRes '../../../Engine/Content/Localization/Category/ru/Category.locres' could not be opened for reading!
[2022.12.23-11.34.28:548][  0]LogTextLocalizationResource: LocRes '../../../Engine/Content/Localization/ToolTips/ru/ToolTips.locres' could not be opened for reading!
[2022.12.23-11.34.28:548][  0]LogTextLocalizationResource: LocRes '../../../Engine/Content/Localization/PropertyNames/ru/PropertyNames.locres' could not be opened for reading!
[2022.12.23-11.34.28:549][  0]LogTextLocalizationResource: LocRes '../../../Engine/Content/Localization/Engine/ru/Engine.locres' could not be opened for reading!
[2022.12.23-11.34.28:551][  0]LogInit: Setting process to per monitor DPI aware
[2022.12.23-11.34.28:561][  0]LogWindowsTextInputMethodSystem: Display: IME system deactivated.
[2022.12.23-11.34.28:582][  0]LogSlate: New Slate User Created.  User Index 0, Is Virtual User: 0
[2022.12.23-11.34.28:583][  0]LogSlate: Slate User Registered.  User Index 0, Is Virtual User: 0
[2022.12.23-11.34.28:943][  0]LogD3D11RHI: Loaded GFSDK_Aftermath_Lib.x64.dll
[2022.12.23-11.34.28:946][  0]LogHMD: Failed to initialize OpenVR with code 110
[2022.12.23-11.34.28:946][  0]LogD3D11RHI: D3D11 min allowed feature level: 11_0
[2022.12.23-11.34.28:946][  0]LogD3D11RHI: D3D11 max allowed feature level: 11_0
[2022.12.23-11.34.28:946][  0]LogD3D11RHI: D3D11 adapters:
[2022.12.23-11.34.29:013][  0]LogD3D11RHI:    0. 'NVIDIA GeForce GTX 1070 Ti' (Feature Level 11_0)
[2022.12.23-11.34.29:013][  0]LogD3D11RHI:       8079/0/20455 MB DedicatedVideo/DedicatedSystem/SharedSystem, Outputs:2, VendorId:0x10de
[2022.12.23-11.34.29:015][  0]LogD3D11RHI:    1. 'Microsoft Basic Render Driver' (Feature Level 11_0)
[2022.12.23-11.34.29:015][  0]LogD3D11RHI:       0/0/20455 MB DedicatedVideo/DedicatedSystem/SharedSystem, Outputs:0, VendorId:0x1414
[2022.12.23-11.34.29:015][  0]LogD3D11RHI: Chosen D3D11 Adapter:
[2022.12.23-11.34.29:015][  0]LogD3D11RHI:     Description : NVIDIA GeForce GTX 1070 Ti
[2022.12.23-11.34.29:015][  0]LogD3D11RHI:     VendorId    : 10de
[2022.12.23-11.34.29:015][  0]LogD3D11RHI:     DeviceId    : 1b82
[2022.12.23-11.34.29:015][  0]LogD3D11RHI:     SubSysId    : 66783842
[2022.12.23-11.34.29:015][  0]LogD3D11RHI:     Revision    : 00a1
[2022.12.23-11.34.29:015][  0]LogD3D11RHI:     DedicatedVideoMemory : 8471445504 bytes
[2022.12.23-11.34.29:015][  0]LogD3D11RHI:     DedicatedSystemMemory : 0 bytes
[2022.12.23-11.34.29:015][  0]LogD3D11RHI:     SharedSystemMemory : 21449259008 bytes
[2022.12.23-11.34.29:015][  0]LogD3D11RHI:     AdapterLuid : 0 59548
[2022.12.23-11.34.29:020][  0]LogD3D11RHI: Creating new Direct3DDevice
[2022.12.23-11.34.29:020][  0]LogD3D11RHI:     GPU DeviceId: 0x1b82 (for the marketing name, search the web for "GPU Device Id")
[2022.12.23-11.34.29:020][  0]LogWindows: EnumDisplayDevices:
[2022.12.23-11.34.29:020][  0]LogWindows:    0. 'NVIDIA GeForce GTX 1070 Ti' (P:1 D:1)
[2022.12.23-11.34.29:020][  0]LogWindows:    1. 'NVIDIA GeForce GTX 1070 Ti' (P:0 D:1)
[2022.12.23-11.34.29:020][  0]LogWindows:    2. 'NVIDIA GeForce GTX 1070 Ti' (P:0 D:0)
[2022.12.23-11.34.29:020][  0]LogWindows:    3. 'NVIDIA GeForce GTX 1070 Ti' (P:0 D:0)
[2022.12.23-11.34.29:020][  0]LogWindows: DebugString: FoundDriverCount:4 
[2022.12.23-11.34.29:020][  0]LogD3D11RHI:     Adapter Name: NVIDIA GeForce GTX 1070 Ti
[2022.12.23-11.34.29:020][  0]LogD3D11RHI:   Driver Version: 522.30 (internal:31.0.15.2230, unified:522.30)
[2022.12.23-11.34.29:020][  0]LogD3D11RHI:      Driver Date: 10-12-2022
[2022.12.23-11.34.29:021][  0]LogRHI: Texture pool is 5655 MB (70% of 8079 MB)
[2022.12.23-11.34.29:021][  0]LogD3D11RHI: Creating D3DDevice using adapter:
[2022.12.23-11.34.29:021][  0]LogD3D11RHI:     Description : NVIDIA GeForce GTX 1070 Ti
[2022.12.23-11.34.29:021][  0]LogD3D11RHI:     VendorId    : 10de
[2022.12.23-11.34.29:021][  0]LogD3D11RHI:     DeviceId    : 1b82
[2022.12.23-11.34.29:021][  0]LogD3D11RHI:     SubSysId    : 66783842
[2022.12.23-11.34.29:021][  0]LogD3D11RHI:     Revision    : 00a1
[2022.12.23-11.34.29:021][  0]LogD3D11RHI:     DedicatedVideoMemory : 8471445504 bytes
[2022.12.23-11.34.29:021][  0]LogD3D11RHI:     DedicatedSystemMemory : 0 bytes
[2022.12.23-11.34.29:021][  0]LogD3D11RHI:     SharedSystemMemory : 21449259008 bytes
[2022.12.23-11.34.29:021][  0]LogD3D11RHI:     AdapterLuid : 0 59548
[2022.12.23-11.34.29:059][  0]LogD3D11RHI: RHI has support for 64 bit atomics
[2022.12.23-11.34.29:059][  0]LogD3D11RHI: Async texture creation enabled
[2022.12.23-11.34.29:059][  0]LogD3D11RHI: Array index from any shader is supported
[2022.12.23-11.34.29:060][  0]LogD3D11RHI: HDR output is supported on display 0 (NvId: 0x80061085).
[2022.12.23-11.34.29:097][  0]LogD3D11RHI: GPU Timing Frequency: 1000.000000 (Debug: 2 2)
[2022.12.23-11.34.29:138][  0]LogRHI: GeForceNow SDK initialized: 1
[2022.12.23-11.34.29:999][  0]LogTargetPlatformManager: Display: Loaded TargetPlatform 'AllDesktop'
[2022.12.23-11.34.30:018][  0]LogTargetPlatformManager: Display: Loaded TargetPlatform 'Android'
[2022.12.23-11.34.30:018][  0]LogTargetPlatformManager: Display: Loaded TargetPlatform 'Android_ASTC'
[2022.12.23-11.34.30:018][  0]LogTargetPlatformManager: Display: Loaded TargetPlatform 'Android_DXT'
[2022.12.23-11.34.30:018][  0]LogTargetPlatformManager: Display: Loaded TargetPlatform 'Android_ETC2'
[2022.12.23-11.34.30:018][  0]LogTargetPlatformManager: Display: Loaded TargetPlatform 'AndroidClient'
[2022.12.23-11.34.30:018][  0]LogTargetPlatformManager: Display: Loaded TargetPlatform 'Android_ASTCClient'
[2022.12.23-11.34.30:018][  0]LogTargetPlatformManager: Display: Loaded TargetPlatform 'Android_DXTClient'
[2022.12.23-11.34.30:018][  0]LogTargetPlatformManager: Display: Loaded TargetPlatform 'Android_ETC2Client'
[2022.12.23-11.34.30:018][  0]LogTargetPlatformManager: Display: Loaded TargetPlatform 'Android_Multi'
[2022.12.23-11.34.30:018][  0]LogTargetPlatformManager: Display: Loaded TargetPlatform 'Android_MultiClient'
[2022.12.23-11.34.30:038][  0]LogTargetPlatformManager: Display: Loaded TargetPlatform 'IOSClient'
[2022.12.23-11.34.30:038][  0]LogTargetPlatformManager: Display: Loaded TargetPlatform 'IOS'
[2022.12.23-11.34.30:048][  0]LogTargetPlatformManager: Display: Loaded TargetPlatform 'Linux'
[2022.12.23-11.34.30:054][  0]LogTargetPlatformManager: Display: Loaded TargetPlatform 'LinuxNoEditor'
[2022.12.23-11.34.30:059][  0]LogTargetPlatformManager: Display: Loaded TargetPlatform 'LinuxClient'
[2022.12.23-11.34.30:065][  0]LogTargetPlatformManager: Display: Loaded TargetPlatform 'LinuxServer'
[2022.12.23-11.34.30:075][  0]LogTargetPlatformManager: Display: Loaded TargetPlatform 'LinuxAArch64NoEditor'
[2022.12.23-11.34.30:081][  0]LogTargetPlatformManager: Display: Loaded TargetPlatform 'LinuxAArch64Client'
[2022.12.23-11.34.30:086][  0]LogTargetPlatformManager: Display: Loaded TargetPlatform 'LinuxAArch64Server'
[2022.12.23-11.34.30:109][  0]LogTargetPlatformManager: Display: Loaded TargetPlatform 'Lumin'
[2022.12.23-11.34.30:109][  0]LogTargetPlatformManager: Display: Loaded TargetPlatform 'LuminClient'
[2022.12.23-11.34.30:119][  0]LogTargetPlatformManager: Display: Loaded TargetPlatform 'MacNoEditor'
[2022.12.23-11.34.30:125][  0]LogTargetPlatformManager: Display: Loaded TargetPlatform 'Mac'
[2022.12.23-11.34.30:130][  0]LogTargetPlatformManager: Display: Loaded TargetPlatform 'MacClient'
[2022.12.23-11.34.30:135][  0]LogTargetPlatformManager: Display: Loaded TargetPlatform 'MacServer'
[2022.12.23-11.34.30:145][  0]LogTargetPlatformManager: Display: Loaded TargetPlatform 'TVOSClient'
[2022.12.23-11.34.30:145][  0]LogTargetPlatformManager: Display: Loaded TargetPlatform 'TVOS'
[2022.12.23-11.34.30:154][  0]LogTargetPlatformManager: Display: Loaded TargetPlatform 'WindowsNoEditor'
[2022.12.23-11.34.30:160][  0]LogTargetPlatformManager: Display: Loaded TargetPlatform 'Windows'
[2022.12.23-11.34.30:165][  0]LogTargetPlatformManager: Display: Loaded TargetPlatform 'WindowsClient'
[2022.12.23-11.34.30:171][  0]LogTargetPlatformManager: Display: Loaded TargetPlatform 'WindowsServer'
[2022.12.23-11.34.30:171][  0]LogTargetPlatformManager: Display: Building Assets For Windows
[2022.12.23-11.34.30:183][  0]LogAudioDebug: Display: Lib vorbis DLL was dynamically loaded.
[2022.12.23-11.34.30:270][  0]LogTextureFormatOodle: Display: Oodle Texture 2.9.0 init RDO Off
[2022.12.23-11.34.30:380][  0]LogRendererCore: Ray tracing is disabled. Reason: r.RayTracing=0.
[2022.12.23-11.34.30:381][  0]LogShaderCompilers: Guid format shader working directory is -15 characters bigger than the processId version (E:/__PROLOGUE/2/Prologue/MyProject/Intermediate/Shaders/WorkingDirectory/15260/).
[2022.12.23-11.34.30:381][  0]LogShaderCompilers: Cleaned the shader compiler working directory 'C:/Temp/UnrealShaderWorkingDir/745D4DF544773808388F5B97E67014AC/'.
[2022.12.23-11.34.30:382][  0]LogXGEController: Cleaning working directory: C:/Temp/UnrealXGEWorkingDir/
[2022.12.23-11.34.30:382][  0]LogShaderCompilers: Display: Using XGE Controller for Shader Compilation.
[2022.12.23-11.34.31:613][  0]LogDerivedDataCache: Display: Max Cache Size: 512 MB
[2022.12.23-11.34.31:744][  0]LogDerivedDataCache: Loaded boot cache 0.13s 176MB C:/Users/Дмитрий/AppData/Local/UnrealEngine/4.27/DerivedDataCache/Boot.ddc.
[2022.12.23-11.34.31:744][  0]LogDerivedDataCache: Display: Loaded Boot cache: C:/Users/Дмитрий/AppData/Local/UnrealEngine/4.27/DerivedDataCache/Boot.ddc
[2022.12.23-11.34.31:744][  0]LogDerivedDataCache: FDerivedDataBackendGraph:  Pak pak cache file E:/__PROLOGUE/2/Prologue/MyProject/DerivedDataCache/DDC.ddp not found, will not use a pak cache.
[2022.12.23-11.34.31:744][  0]LogDerivedDataCache: Unable to find inner node Pak for hierarchical cache Hierarchy.
[2022.12.23-11.34.31:744][  0]LogDerivedDataCache: FDerivedDataBackendGraph:  CompressedPak pak cache file E:/__PROLOGUE/2/Prologue/MyProject/DerivedDataCache/Compressed.ddp not found, will not use a pak cache.
[2022.12.23-11.34.31:744][  0]LogDerivedDataCache: Unable to find inner node CompressedPak for hierarchical cache Hierarchy.
[2022.12.23-11.34.31:760][  0]LogDerivedDataCache: Display: Pak cache opened for reading ../../../Engine/DerivedDataCache/Compressed.ddp.
[2022.12.23-11.34.31:760][  0]LogDerivedDataCache: FDerivedDataBackendGraph:  EnterprisePak pak cache file ../../../Enterprise/DerivedDataCache/Compressed.ddp not found, will not use a pak cache.
[2022.12.23-11.34.31:760][  0]LogDerivedDataCache: Unable to find inner node EnterprisePak for hierarchical cache Hierarchy.
[2022.12.23-11.34.31:772][  0]LogDerivedDataCache: Speed tests for C:/Users/Дмитрий/AppData/Local/UnrealEngine/Common/DerivedDataCache took 0.01 seconds
[2022.12.23-11.34.31:772][  0]LogDerivedDataCache: Display: Performance to C:/Users/Дмитрий/AppData/Local/UnrealEngine/Common/DerivedDataCache: Latency=0.17ms. RandomReadSpeed=156.01MBs, RandomWriteSpeed=278.02MBs. Assigned SpeedClass 'Local'
[2022.12.23-11.34.31:772][  0]LogDerivedDataCache: Using Local data cache path C:/Users/Дмитрий/AppData/Local/UnrealEngine/Common/DerivedDataCache: Writable
[2022.12.23-11.34.31:772][  0]LogDerivedDataCache: Shared data cache path not found in *engine.ini, will not use an Shared cache.
[2022.12.23-11.34.31:772][  0]LogDerivedDataCache: Unable to find inner node Shared for hierarchical cache Hierarchy.
[2022.12.23-11.34.31:815][  0]LogSlate: Using FreeType 2.10.0
[2022.12.23-11.34.31:818][  0]LogSlate: SlateFontServices - WITH_FREETYPE: 1, WITH_HARFBUZZ: 1
[2022.12.23-11.34.31:852][  0]LogAssetRegistry: FAssetRegistry took 0.0042 seconds to start up
[2022.12.23-11.34.32:152][  0]LogInit: Selected Device Profile: [Windows]
[2022.12.23-11.34.32:152][  0]LogInit: Active device profile: [0000020B3A09D500][0000020B3AF32040 49] Windows
[2022.12.23-11.34.32:152][  0]LogInit: Profiles: [0000020B3A09D500][0000020B3AF32040 49] Windows, [0000020B3AFA3200][0000020B36C62F00 49] WindowsNoEditor, [0000020B3A09E900][0000020B2628D040 49] WindowsServer, [0000020B3AFA1A00][0000020B36C67180 49] WindowsClient, [0000020B3A09FB00][0000020B3A082040 49] IOS, [0000020B3AFA0C00][0000020B3AFBC080 49] iPadAir, [0000020B3A09CE00][0000020B36C6F580 49] iPadAir2, [0000020B3ADFA000][0000020B36C77840 49] IPadPro, [0000020B3ADFA100][0000020B36C73880 49] iPadAir3, [0000020B3AFA3000][0000020B36C7BA00 49] iPadAir4, [0000020B3ADFB200][0000020B3AFBE040 49] iPadMini2, [0000020B3AFA2100][0000020B36C6A140 49] iPadMini3, [0000020B3ADFA600][0000020B3AFCA040 49] iPadMini4, [0000020B3AFA2F00][0000020B36C7E400 49] iPadMini5, [0000020B3AE2D700][0000020B3AE90080 49] iPhone6, [0000020B3AE2D800][0000020B3AE92040 49] iPodTouch6, [0000020B3A09D100][0000020B36C82940 49] iPhone7, [0000020B3A09D000][0000020B36C8A980 49] iPodTouch7, [0000020B3AE2E700][0000020B3ADB6040 49] iPhone5S, [0000020B3A09CC00][0000020B3ADB4080 49] iPhone6Plus, [0000020B3AE2DB00][0000020B3A0C8080 49] iPhone6S, [0000020B3A09F900][0000020B3A034080 49] iPhone6SPlus, [0000020B3AE2FF00][0000020B36C86FC0 49] iPhone7Plus, [0000020B3A09C700][0000020B36C8F100 49] iPhoneSE, [0000020B3AE2EB00][0000020B36C93240 49] iPhone8, [0000020B3A09CB00][0000020B36C97380 49] iPhone8Plus, [0000020B3AE2F900][0000020B36C9F500 49] iPhoneX, [0000020B3A09D200][0000020B36CA3680 49] iPhoneXS, [0000020B3AE2E300][0000020B36CA7800 49] iPhoneXSMax, [0000020B3A09F600][0000020B36CAB980 49] iPhoneXR, [0000020B3AE2ED00][0000020B36CAFB00 49] iPhone11, [0000020B3ADFBA00][0000020B36CB2100 49] iPhone11Pro, [0000020B3A09F000][0000020B36CB6280 49] iPhone11ProMax, [0000020B3ADF9500][0000020B36CBA400 49] iPhoneSE2, [0000020B3A09EA00][0000020B36CBE580 49] iPhone12Mini, [0000020B3ADFB500][0000020B36CC2700 49] iPhone12, [0000020B3AE2E000][0000020B36CC6880 49] iPhone12Pro, [0000020B3ADF9400][0000020B36CCAA00 49] iPhone12ProMax, [0000020B3AE2C500][0000020B36CCEB80 49] iPadPro105, [0000020B3ADFAC00][0000020B36CD2D00 49] iPadPro129, [0000020B3AE2DF00][0000020B36CD6E80 49] iPadPro97, [0000020B3ADF9900][0000020B36CDB000 49] iPadPro2_129, [0000020B3AE2C200][0000020B36C9B140 49] iPad5, [0000020B3ADF8400][0000020B36CDF280 49] iPad6, [0000020B3AE2CD00][0000020B36CE33C0 49] iPad7, [0000020B3ADFB900][0000020B36CE7500 49] iPad8, [0000020B3AE2D000][0000020B36CEF680 49] iPadPro11, [0000020B3ADF8900][0000020B36CF3800 49] iPadPro2_11, [0000020B3AE2E200][0000020B36CF7980 49] iPadPro3_129, [0000020B3ADFB600][0000020B36CFBB00 49] iPadPro4_129, [0000020B3AE2DC00][0000020B36CFE100 49] AppleTV, [0000020B3ADF8D00][0000020B36D02280 49] AppleTV4K, [0000020B3AE2E900][0000020B36D06400 49] TVOS, [0000020B3ADFAD00][0000020B36D0A580 49] Mac, [0000020B3AE2F000][0000020B36D0E700 49] MacClient, [0000020B3ADF9E00][0000020B36D12880 49] MacNoEditor, [0000020B3AE2DA00][0000020B36D16A00 49] MacServer, [0000020B3ADFBC00][0000020B36D1AB80 49] Linux, [0000020B3AE2E400][0000020B36D1ED00 49] LinuxAArch64, [0000020B3ADFB000][0000020B36D22E80 49] LinuxNoEditor, [0000020B3AE2CB00][0000020B36D27000 49] LinuxAArch64NoEditor, [0000020B3ADFAB00][0000020B36D2B180 49] LinuxClient, [0000020B3AE2FB00][0000020B36D2F300 49] LinuxAArch64Client, [0000020B3ADFB800][0000020B36CEB440 49] LinuxServer, [0000020B3AE2CF00][0000020B36D33580 49] LinuxAArch64Server, [0000020B3ADF8700][0000020B3B00C080 49] Android, [0000020B3AE2D400][0000020B3A028080 49] Android_Low, [0000020B3ADF9700][0000020B3A02A040 49] Android_Mid, [0000020B3AE2E800][0000020B3A0A4080 49] Android_High, [0000020B3ADFAF00][0000020B3A0A6040 49] Android_Default, [0000020B3AE2EC00][0000020B3AEAC080 49] Android_Adreno4xx, [0000020B3ADF8500][0000020B36D3A280 49] Android_Adreno5xx_Low, [0000020B3AE2EA00][0000020B3BC20400 49] Android_Adreno5xx, [0000020B3ADFA300][0000020B3BC24580 49] Android_Adreno6xx, [0000020B3AE2C400][0000020B3BC28700 49] Android_Adreno6xx_Vulkan, [0000020B3ADF9F00][0000020B3AEAE040 49] Android_Mali_T6xx, [0000020B3AE2D300][0000020B3AE84080 49] Android_Mali_T7xx, [0000020B3ADF9300][0000020B3BC2CB00 49] Android_Mali_T8xx, [0000020B3AE2EE00][0000020B3BC30C80 49] Android_Mali_G71, [0000020B3ADF8E00][0000020B3BC34E00 49] Android_Mali_G72, [0000020B3AE2FE00][0000020B3BC38F80 49] Android_Mali_G72_Vulkan, [0000020B3ADF9800][0000020B3BC3D100 49] Android_Mali_G76, [0000020B3AE2F100][0000020B3BC41280 49] Android_Mali_G76_Vulkan, [0000020B3AFA3500][0000020B3BC45400 49] Android_Mali_G77, [0000020B3A09CA00][0000020B36D37540 49] Android_Mali_G77_Vulkan, [0000020B3AFA1600][0000020B3BC49680 49] Android_Mali_G78, [0000020B3A09DE00][0000020B3BC4D7C0 49] Android_Mali_G78_Vulkan, [0000020B3AFA2C00][0000020B3BC51900 49] Android_Mali_G710, [0000020B3A09C400][0000020B3BC59A80 49] Android_Mali_G710_Vulkan, [0000020B3AFA2000][0000020B3BC5DC00 49] Android_Vulkan_SM5, [0000020B3A09F400][0000020B3BC60200 49] Android_PowerVR_G6xxx, [0000020B3AFA1000][0000020B3BC64380 49] Android_PowerVR_GT7xxx, [0000020B3A09C300][0000020B3BC68500 49] Android_PowerVR_GE8xxx, [0000020B3AFA3600][0000020B3BC6C680 49] Android_PowerVR_GM9xxx, [0000020B3A09F700][0000020B3BC70800 49] Android_PowerVR_GM9xxx_Vulkan, [0000020B3AFA2E00][0000020B3AE86040 49] Android_TegraK1, [0000020B3A09D900][0000020B3BC54AC0 49] Android_Unknown_Vulkan, [0000020B3AFA1400][0000020B3BC78C40 49] Lumin, [0000020B3A09E500][0000020B3BC7CDC0 49] Lumin_Desktop, [0000020B3AFA3A00][0000020B3BC80F40 49] HoloLens, 
[2022.12.23-11.34.32:335][  0]LogMeshReduction: Using QuadricMeshReduction for automatic static mesh reduction
[2022.12.23-11.34.32:335][  0]LogMeshReduction: Using SimplygonMeshReduction for automatic skeletal mesh reduction
[2022.12.23-11.34.32:335][  0]LogMeshReduction: Using ProxyLODMeshReduction for automatic mesh merging
[2022.12.23-11.34.32:335][  0]LogMeshReduction: No distributed automatic mesh merging module available
[2022.12.23-11.34.32:335][  0]LogMeshMerging: No distributed automatic mesh merging module available
[2022.12.23-11.34.32:366][  0]LogNetVersion: MyProject 1.0.0, NetCL: 17155196, EngineNetVer: 17, GameNetVer: 0 (Checksum: 3629800737)
[2022.12.23-11.34.33:044][  0]LogTexture: Default maximum texture size for cubemaps generated from long-lat sources has been changed from 512 to unlimited. In order to preserve old behaiour for '/Engine/MapTemplates/Sky/DaylightAmbientCubemap.DaylightAmbientCubemap', its maximum texture size has been explicitly set to 512.
[2022.12.23-11.34.33:115][  0]LogHMD: PokeAHoleMaterial loaded successfully
[2022.12.23-11.34.33:121][  0]LogUObjectArray: 17205 objects as part of root set at end of initial load.
[2022.12.23-11.34.33:121][  0]LogUObjectAllocator: 4309856 out of 0 bytes used by permanent object pool.
[2022.12.23-11.34.33:121][  0]LogUObjectArray: CloseDisregardForGC: 0/0 objects in disregard for GC pool
[2022.12.23-11.34.34:169][  0]LogNiagaraDebuggerClient: Niagara Debugger Client Initialized | Session: 1AABBF7C46CD907AF3D16E8D2DD0882F | Instance: A5FC0D3845475B955C08D28196EAE914 (HOME-PC-15260).
[2022.12.23-11.34.34:625][  0]LogTcpMessaging: Initializing TcpMessaging bridge
[2022.12.23-11.34.34:633][  0]LogUdpMessaging: Initializing bridge on interface 0.0.0.0:0 to multicast group 230.0.0.1:6666.
[2022.12.23-11.34.34:661][  0]LogPython: Using Python 3.7.7
[2022.12.23-11.34.36:048][  0]SourceControl: Source control is disabled
[2022.12.23-11.34.36:048][  0]SourceControl: Source control is disabled
[2022.12.23-11.34.36:053][  0]SourceControl: Source control is disabled
[2022.12.23-11.34.36:068][  0]SourceControl: Source control is disabled
[2022.12.23-11.34.36:073][  0]SourceControl: Source control is disabled
[2022.12.23-11.34.36:081][  0]LogUProjectInfo: Found projects:
[2022.12.23-11.34.36:382][  0]LogOpenImageDenoise: OIDN starting up
[2022.12.23-11.34.36:408][  0]LogAndroidPermission: UAndroidPermissionCallbackProxy::GetInstance
[2022.12.23-11.34.36:431][  0]LogAudioCaptureCore: Display: No Audio Capture implementations found. Audio input will be silent.
[2022.12.23-11.34.36:432][  0]LogAudioCaptureCore: Display: No Audio Capture implementations found. Audio input will be silent.
[2022.12.23-11.34.36:611][  0]LogCollectionManager: Loaded 0 collections in 0.002138 seconds
[2022.12.23-11.34.36:645][  0]LogFileCache: Scanning file cache for directory 'E:/__PROLOGUE/2/Prologue/MyProject/Saved/Collections/' took 0.00s
[2022.12.23-11.34.36:645][  0]LogFileCache: Scanning file cache for directory 'E:/__PROLOGUE/2/Prologue/MyProject/Content/Developers/Дмитрий/Collections/' took 0.00s
[2022.12.23-11.34.36:645][  0]LogFileCache: Scanning file cache for directory 'E:/__PROLOGUE/2/Prologue/MyProject/Content/Collections/' took 0.00s
[2022.12.23-11.34.36:645][  0]LogOcInput: OculusInput pre-init called
[2022.12.23-11.34.37:435][  0]LogClass: Warning: ObjectProperty FMaskMaterialSetting::MaskMaterial is not initialized properly. Module:BackgroundBlurWithMask File:Public/BackgroundBlurWithMaskDefine.h
[2022.12.23-11.34.37:436][  0]LogClass: Display: ByteProperty FALoadingScreenSettings::PlaybackType is not initialized properly. Module:AsyncLoadingScreen File:Public/LoadingScreenSettings.h
[2022.12.23-11.34.37:436][  0]LogClass: Display: StructProperty FTextAppearance::ShadowOffset is not initialized properly. Module:AsyncLoadingScreen File:Public/LoadingScreenSettings.h
[2022.12.23-11.34.37:436][  0]LogClass: Display: StructProperty FTextAppearance::ShadowColorAndOpacity is not initialized properly. Module:AsyncLoadingScreen File:Public/LoadingScreenSettings.h
[2022.12.23-11.34.37:436][  0]LogClass: Display: ByteProperty FTextAppearance::Justification is not initialized properly. Module:AsyncLoadingScreen File:Public/LoadingScreenSettings.h
[2022.12.23-11.34.37:436][  0]LogClass: Display: FloatProperty FTipSettings::TipWrapAt is not initialized properly. Module:AsyncLoadingScreen File:Public/LoadingScreenSettings.h
[2022.12.23-11.34.37:438][  0]LogClass: Display: IntProperty FSpineEvent::IntValue is not initialized properly. Module:SpinePlugin File:Public/SpineSkeletonAnimationComponent.h
[2022.12.23-11.34.37:438][  0]LogClass: Display: FloatProperty FSpineEvent::FloatValue is not initialized properly. Module:SpinePlugin File:Public/SpineSkeletonAnimationComponent.h
[2022.12.23-11.34.37:438][  0]LogClass: Display: FloatProperty FSpineEvent::Time is not initialized properly. Module:SpinePlugin File:Public/SpineSkeletonAnimationComponent.h
[2022.12.23-11.34.37:439][  0]LogClass: Display: 9 Uninitialized script struct members found including 1 object properties
[2022.12.23-11.34.37:439][  0]LogAutomationTest: Warning: ObjectProperty FMaskMaterialSetting::MaskMaterial is not initialized properly. Module:BackgroundBlurWithMask File:Public/BackgroundBlurWithMaskDefine.h
[2022.12.23-11.34.37:442][  0]LogEngine: Initializing Engine...
[2022.12.23-11.34.37:449][  0]LogHMD: Failed to enumerate extensions. Please check that you have a valid OpenXR runtime installed.
[2022.12.23-11.34.37:449][  0]LogHMD: Failed to initialize OpenVR with code 110
[2022.12.23-11.34.37:450][  0]LogMagicLeap: Warning: VR disabled because ZI is not enabled.  To enable, in the editor, Edit -> Project Settings -> Plugins -> Magic Leap Plugin -> Enable Zero Iteration
[2022.12.23-11.34.37:452][  0]LogStats: UGameplayTagsManager::InitializeManager -  0.001 s
[2022.12.23-11.34.37:678][  0]LogInit: Initializing FReadOnlyCVARCache
[2022.12.23-11.34.37:704][  0]LogAIModule: Creating AISystem for world Untitled
[2022.12.23-11.34.37:707][  0]LogAudio: Display: Initializing Audio Device Manager...
[2022.12.23-11.34.37:712][  0]LogAudio: Display: Loading Default Audio Settings Objects...
[2022.12.23-11.34.37:713][  0]LogAudio: Display: No default SoundConcurrencyObject specified (or failed to load).
[2022.12.23-11.34.37:714][  0]LogAudio: Display: Audio Device Manager Initialized
[2022.12.23-11.34.37:714][  0]LogAudio: Display: Creating Audio Device:                 Id: 1, Scope: Shared, Realtime: True
[2022.12.23-11.34.37:714][  0]LogAudioMixer: Display: Audio Mixer Platform Settings:
[2022.12.23-11.34.37:714][  0]LogAudioMixer: Display: 	Sample Rate:						  48000
[2022.12.23-11.34.37:714][  0]LogAudioMixer: Display: 	Callback Buffer Frame Size Requested: 1024
[2022.12.23-11.34.37:714][  0]LogAudioMixer: Display: 	Callback Buffer Frame Size To Use:	  1024
[2022.12.23-11.34.37:714][  0]LogAudioMixer: Display: 	Number of buffers to queue:			  2
[2022.12.23-11.34.37:714][  0]LogAudioMixer: Display: 	Max Channels (voices):				  32
[2022.12.23-11.34.37:715][  0]LogAudioMixer: Display: 	Number of Async Source Workers:		  0
[2022.12.23-11.34.37:715][  0]LogAudio: Display: AudioDevice MaxSources: 32
[2022.12.23-11.34.37:715][  0]LogAudio: Display: Audio Spatialization Plugin: None (built-in).
[2022.12.23-11.34.37:715][  0]LogAudio: Display: Audio Reverb Plugin: None (built-in).
[2022.12.23-11.34.37:715][  0]LogAudio: Display: Audio Occlusion Plugin: None (built-in).
[2022.12.23-11.34.37:715][  0]LogAudioMixer: Display: Initializing audio mixer.
[2022.12.23-11.34.37:729][  0]LogAudioMixer: Display: 0: FrontLeft
[2022.12.23-11.34.37:729][  0]LogAudioMixer: Display: 1: FrontRight
[2022.12.23-11.34.37:744][  0]LogAudioMixer: Display: Using Audio Device Динамики (Realtek(R) Audio)
[2022.12.23-11.34.37:744][  0]LogAudioMixer: Display: Initializing Sound Submixes...
[2022.12.23-11.34.37:748][  0]LogAudioMixer: Display: Creating Master Submix 'MasterSubmixDefault'
[2022.12.23-11.34.37:749][  0]LogAudioMixer: Display: Creating Master Submix 'MasterReverbSubmixDefault'
[2022.12.23-11.34.37:749][  0]LogAudioMixer: Display: Creating Master Submix 'MasterEQSubmixDefault'
[2022.12.23-11.34.37:750][  0]LogAudioMixer: FMixerPlatformXAudio2::StartAudioStream() called
[2022.12.23-11.34.37:750][  0]LogAudioMixer: Display: Output buffers initialized: Frames=1024, Channels=2, Samples=2048
[2022.12.23-11.34.37:751][  0]LogAudioMixer: Display: Starting AudioMixerPlatformInterface::RunInternal()
[2022.12.23-11.34.37:751][  0]LogAudioMixer: Display: FMixerPlatformXAudio2::SubmitBuffer() called for the first time
[2022.12.23-11.34.37:751][  0]LogInit: FAudioDevice initialized.
[2022.12.23-11.34.37:751][  0]LogAudio: Display: Audio Device (ID: 1) registered with world 'Untitled'.
[2022.12.23-11.34.37:751][  0]LogNetVersion: Set ProjectVersion to 1.0.0.0. Version Checksum will be recalculated on next use.
[2022.12.23-11.34.37:825][  0]LogDerivedDataCache: Saved boot cache 0.07s 176MB C:/Users/Дмитрий/AppData/Local/UnrealEngine/4.27/DerivedDataCache/Boot.ddc.
[2022.12.23-11.34.37:827][  0]LogInit: Texture streaming: Disabled
[2022.12.23-11.34.37:844][  0]LogAnalytics: Display: [UEEditor.Rocket.Release] APIServer = https://datarouter.ol.epicgames.com/. AppVersion = 4.27.2-18319896+++UE4+Release-4.27
[2022.12.23-11.34.37:848][  0]LogEngineSessionManager: EngineSessionManager initialized
[2022.12.23-11.34.37:848][  0]LogEditorSessionSummary: Verbose: Initializing EditorSessionSummaryWriter for editor session tracking
[2022.12.23-11.34.37:849][  0]LogEditorSessionSummary: EditorSessionSummaryWriter initialized
[2022.12.23-11.34.37:891][  0]LogInit: Transaction tracking system initialized
[2022.12.23-11.34.37:931][  0]BlueprintLog: New page: Editor Load
[2022.12.23-11.34.38:042][  0]LocalizationService: Localization service is disabled
[2022.12.23-11.34.38:091][  0]TimingProfiler: Initialize
[2022.12.23-11.34.38:093][  0]TimingProfiler: OnSessionChanged
[2022.12.23-11.34.38:093][  0]LoadingProfiler: Initialize
[2022.12.23-11.34.38:093][  0]LoadingProfiler: OnSessionChanged
[2022.12.23-11.34.38:093][  0]NetworkingProfiler: Initialize
[2022.12.23-11.34.38:094][  0]NetworkingProfiler: OnSessionChanged
[2022.12.23-11.34.38:094][  0]MemoryProfiler: Initialize
[2022.12.23-11.34.38:094][  0]MemoryProfiler: OnSessionChanged
[2022.12.23-11.34.38:359][  0]LogCook: Display: CookSettings for Memory: MemoryMaxUsedVirtual 0MiB, MemoryMaxUsedPhysical 16384MiB, MemoryMinFreeVirtual 0MiB, MemoryMinFreePhysical 1024MiB
[2022.12.23-11.34.38:359][  0]LogCook: Display: Mobile HDR setting 1
[2022.12.23-11.34.38:806][  0]LogInit: Display: Engine is initialized. Leaving FEngineLoop::Init()
[2022.12.23-11.34.38:811][  0]SourceControl: Source control is disabled
[2022.12.23-11.34.38:811][  0]LogUnrealEdMisc: Loading editor; pre map load, took 13.656
[2022.12.23-11.34.38:812][  0]Cmd: MAP LOAD FILE="E:/__PROLOGUE/2/Prologue/MyProject/Content/_MAPS/Menu.umap" TEMPLATE=0 SHOWPROGRESS=1 FEATURELEVEL=3
[2022.12.23-11.34.38:893][  0]LightingResults: New page: Lighting Build
[2022.12.23-11.34.38:898][  0]LogWorld: UWorld::CleanupWorld for Untitled, bSessionEnded=true, bCleanupResources=true
[2022.12.23-11.34.38:898][  0]LogSlate: InvalidateAllWidgets triggered.  All widgets were invalidated
[2022.12.23-11.34.38:899][  0]MapCheck: New page: Map Check
[2022.12.23-11.34.38:899][  0]LightingResults: New page: Lighting Build
[2022.12.23-11.34.38:956][  0]LogAudio: Display: Audio Device unregistered from world 'None'.
[2022.12.23-11.34.38:960][  0]LogUObjectHash: Compacting FUObjectHashTables data took   0.78ms
[2022.12.23-11.34.59:867][  0]LogFileCache: Scanning file cache for directory 'E:/__PROLOGUE/2/Prologue/MyProject/Content/' took 20.80s
[2022.12.23-11.35.26:335][  0]LogAudio: Display: Audio Device (ID: 1) registered with world 'Menu'.
[2022.12.23-11.35.26:336][  0]LogAIModule: Creating AISystem for world Menu
[2022.12.23-11.35.26:385][  0]PIE: Warning: Calling GetSectionFromStaticMesh on SM_Ivy_07 but 'Allow CPU Access' is not enabled. This is required for converting StaticMesh to ProceduralMeshComponent in cooked builds.
[2022.12.23-11.35.26:442][  0]PIE: Warning: Calling GetSectionFromStaticMesh on SM_Ivy_12 but 'Allow CPU Access' is not enabled. This is required for converting StaticMesh to ProceduralMeshComponent in cooked builds.
[2022.12.23-11.35.26:495][  0]PIE: Warning: Calling GetSectionFromStaticMesh on SM_Ivy_07 but 'Allow CPU Access' is not enabled. This is required for converting StaticMesh to ProceduralMeshComponent in cooked builds.
[2022.12.23-11.35.26:546][  0]PIE: Warning: Calling GetSectionFromStaticMesh on SM_Ivy_12 but 'Allow CPU Access' is not enabled. This is required for converting StaticMesh to ProceduralMeshComponent in cooked builds.
[2022.12.23-11.35.26:592][  0]LogScript: Warning: Script Msg: Attempted to access index 8265 from array 'CallFunc_GetSectionFromStaticMesh_Normals' of length 8265 in '/Game/_Props/GothicHorror/Blueprints/BP_LeavesPopulator.BP_LeavesPopulator_C:UserConstructionScript'!
[2022.12.23-11.35.26:592][  0]LogScript: Warning: Script Msg: Attempted to access index 8265 from array 'CallFunc_GetSectionFromStaticMesh_Vertices' of length 8265 in '/Game/_Props/GothicHorror/Blueprints/BP_LeavesPopulator.BP_LeavesPopulator_C:UserConstructionScript'!
[2022.12.23-11.35.26:597][  0]LogEditorServer: Finished looking for orphan Actors (0.000 secs)
[2022.12.23-11.35.26:643][  0]LogUObjectHash: Compacting FUObjectHashTables data took   2.64ms
[2022.12.23-11.35.26:645][  0]Cmd: MAP CHECKDEP NOCLEARLOG
[2022.12.23-11.35.26:645][  0]MapCheck: Map check complete: 0 Error(s), 0 Warning(s), took 0,208ms to complete.
[2022.12.23-11.35.26:645][  0]LogFileHelpers: Loading map 'Menu' took 47.834
[2022.12.23-11.35.26:659][  0]LogUnrealEdMisc: Total Editor Startup Time, took 61.504
[2022.12.23-11.35.26:823][  0]LogSlate: Updating window title bar state: overlay mode, drag disabled, window buttons hidden, title bar hidden
[2022.12.23-11.35.26:828][  0]LogSlate: Updating window title bar state: overlay mode, drag disabled, window buttons hidden, title bar hidden
[2022.12.23-11.35.26:833][  0]LogSlate: Updating window title bar state: overlay mode, drag disabled, window buttons hidden, title bar hidden
[2022.12.23-11.35.26:838][  0]LogSlate: Updating window title bar state: overlay mode, drag disabled, window buttons hidden, title bar hidden
[2022.12.23-11.35.26:955][  0]LogNativeClassHierarchy: Verbose: Native class hierarchy populated in 0.0079 seconds. Added 3842 classes and 947 folders.
[2022.12.23-11.35.26:961][  0]LogNativeClassHierarchy: Verbose: Native class hierarchy updated for 'WidgetCarousel' in 0.0003 seconds. Added 0 classes and 0 folders.
[2022.12.23-11.35.26:965][  0]LogPakFile: PakFile PrimaryIndexSize=187
[2022.12.23-11.35.26:965][  0]LogPakFile: PakFile PathHashIndexSize=101
[2022.12.23-11.35.26:965][  0]LogPakFile: PakFile FullDirectoryIndexSize=148
[2022.12.23-11.35.26:965][  0]LogShaderLibrary: Display: ShaderCodeLibraryPakFileMountedCallback: PakFile 'C:/Program Files/Epic Games/UE_4.27/FeaturePacks/FP_FirstPerson.upack' (chunk index -1, root 'root:/') mounted
[2022.12.23-11.35.26:965][  0]LogShaderLibrary: Display: ShaderCodeLibraryPakFileMountedCallback: pending pak file info (ChunkID:-1 Root:root:/ File:C:/Program Files/Epic Games/UE_4.27/FeaturePacks/FP_FirstPerson.upack)
[2022.12.23-11.35.26:965][  0]LogPakFile: OnPakFileMounted2Time == 0.000042
[2022.12.23-11.35.26:967][  0]LogPakFile: PakFile PrimaryIndexSize=189
[2022.12.23-11.35.26:967][  0]LogPakFile: PakFile PathHashIndexSize=101
[2022.12.23-11.35.26:967][  0]LogPakFile: PakFile FullDirectoryIndexSize=152
[2022.12.23-11.35.26:967][  0]LogShaderLibrary: Display: ShaderCodeLibraryPakFileMountedCallback: PakFile 'C:/Program Files/Epic Games/UE_4.27/FeaturePacks/FP_FirstPersonBP.upack' (chunk index -1, root 'root:/') mounted
[2022.12.23-11.35.26:967][  0]LogShaderLibrary: Display: ShaderCodeLibraryPakFileMountedCallback: pending pak file info (ChunkID:-1 Root:root:/ File:C:/Program Files/Epic Games/UE_4.27/FeaturePacks/FP_FirstPersonBP.upack)
[2022.12.23-11.35.26:967][  0]LogPakFile: OnPakFileMounted2Time == 0.000031
[2022.12.23-11.35.26:968][  0]LogPakFile: PakFile PrimaryIndexSize=191
[2022.12.23-11.35.26:968][  0]LogPakFile: PakFile PathHashIndexSize=101
[2022.12.23-11.35.26:968][  0]LogPakFile: PakFile FullDirectoryIndexSize=160
[2022.12.23-11.35.26:968][  0]LogShaderLibrary: Display: ShaderCodeLibraryPakFileMountedCallback: PakFile 'C:/Program Files/Epic Games/UE_4.27/FeaturePacks/MobileStarterContent.upack' (chunk index -1, root 'root:/') mounted
[2022.12.23-11.35.26:968][  0]LogShaderLibrary: Display: ShaderCodeLibraryPakFileMountedCallback: pending pak file info (ChunkID:-1 Root:root:/ File:C:/Program Files/Epic Games/UE_4.27/FeaturePacks/MobileStarterContent.upack)
[2022.12.23-11.35.26:968][  0]LogPakFile: OnPakFileMounted2Time == 0.000029
[2022.12.23-11.35.26:970][  0]LogPakFile: PakFile PrimaryIndexSize=185
[2022.12.23-11.35.26:970][  0]LogPakFile: PakFile PathHashIndexSize=101
[2022.12.23-11.35.26:970][  0]LogPakFile: PakFile FullDirectoryIndexSize=148
[2022.12.23-11.35.26:970][  0]LogShaderLibrary: Display: ShaderCodeLibraryPakFileMountedCallback: PakFile 'C:/Program Files/Epic Games/UE_4.27/FeaturePacks/StarterContent.upack' (chunk index -1, root 'root:/') mounted
[2022.12.23-11.35.26:970][  0]LogShaderLibrary: Display: ShaderCodeLibraryPakFileMountedCallback: pending pak file info (ChunkID:-1 Root:root:/ File:C:/Program Files/Epic Games/UE_4.27/FeaturePacks/StarterContent.upack)
[2022.12.23-11.35.26:970][  0]LogPakFile: OnPakFileMounted2Time == 0.000029
[2022.12.23-11.35.26:971][  0]LogPakFile: PakFile PrimaryIndexSize=190
[2022.12.23-11.35.26:971][  0]LogPakFile: PakFile PathHashIndexSize=101
[2022.12.23-11.35.26:971][  0]LogPakFile: PakFile FullDirectoryIndexSize=154
[2022.12.23-11.35.26:971][  0]LogShaderLibrary: Display: ShaderCodeLibraryPakFileMountedCallback: PakFile 'C:/Program Files/Epic Games/UE_4.27/FeaturePacks/TP_2DSideScroller.upack' (chunk index -1, root 'root:/') mounted
[2022.12.23-11.35.26:971][  0]LogShaderLibrary: Display: ShaderCodeLibraryPakFileMountedCallback: pending pak file info (ChunkID:-1 Root:root:/ File:C:/Program Files/Epic Games/UE_4.27/FeaturePacks/TP_2DSideScroller.upack)
[2022.12.23-11.35.26:971][  0]LogPakFile: OnPakFileMounted2Time == 0.000027
[2022.12.23-11.35.26:972][  0]LogPakFile: PakFile PrimaryIndexSize=192
[2022.12.23-11.35.26:972][  0]LogPakFile: PakFile PathHashIndexSize=101
[2022.12.23-11.35.26:972][  0]LogPakFile: PakFile FullDirectoryIndexSize=158
[2022.12.23-11.35.26:972][  0]LogShaderLibrary: Display: ShaderCodeLibraryPakFileMountedCallback: PakFile 'C:/Program Files/Epic Games/UE_4.27/FeaturePacks/TP_2DSideScrollerBP.upack' (chunk index -1, root 'root:/') mounted
[2022.12.23-11.35.26:972][  0]LogShaderLibrary: Display: ShaderCodeLibraryPakFileMountedCallback: pending pak file info (ChunkID:-1 Root:root:/ File:C:/Program Files/Epic Games/UE_4.27/FeaturePacks/TP_2DSideScrollerBP.upack)
[2022.12.23-11.35.26:972][  0]LogPakFile: OnPakFileMounted2Time == 0.000028
[2022.12.23-11.35.26:973][  0]LogPakFile: PakFile PrimaryIndexSize=182
[2022.12.23-11.35.26:973][  0]LogPakFile: PakFile PathHashIndexSize=101
[2022.12.23-11.35.26:973][  0]LogPakFile: PakFile FullDirectoryIndexSize=138
[2022.12.23-11.35.26:973][  0]LogShaderLibrary: Display: ShaderCodeLibraryPakFileMountedCallback: PakFile 'C:/Program Files/Epic Games/UE_4.27/FeaturePacks/TP_Flying.upack' (chunk index -1, root 'root:/') mounted
[2022.12.23-11.35.26:973][  0]LogShaderLibrary: Display: ShaderCodeLibraryPakFileMountedCallback: pending pak file info (ChunkID:-1 Root:root:/ File:C:/Program Files/Epic Games/UE_4.27/FeaturePacks/TP_Flying.upack)
[2022.12.23-11.35.26:973][  0]LogPakFile: OnPakFileMounted2Time == 0.000030
[2022.12.23-11.35.26:974][  0]LogPakFile: PakFile PrimaryIndexSize=184
[2022.12.23-11.35.26:974][  0]LogPakFile: PakFile PathHashIndexSize=101
[2022.12.23-11.35.26:974][  0]LogPakFile: PakFile FullDirectoryIndexSize=142
[2022.12.23-11.35.26:974][  0]LogShaderLibrary: Display: ShaderCodeLibraryPakFileMountedCallback: PakFile 'C:/Program Files/Epic Games/UE_4.27/FeaturePacks/TP_FlyingBP.upack' (chunk index -1, root 'root:/') mounted
[2022.12.23-11.35.26:974][  0]LogShaderLibrary: Display: ShaderCodeLibraryPakFileMountedCallback: pending pak file info (ChunkID:-1 Root:root:/ File:C:/Program Files/Epic Games/UE_4.27/FeaturePacks/TP_FlyingBP.upack)
[2022.12.23-11.35.26:974][  0]LogPakFile: OnPakFileMounted2Time == 0.000026
[2022.12.23-11.35.26:975][  0]LogPakFile: PakFile PrimaryIndexSize=188
[2022.12.23-11.35.26:975][  0]LogPakFile: PakFile PathHashIndexSize=101
[2022.12.23-11.35.26:975][  0]LogPakFile: PakFile FullDirectoryIndexSize=150
[2022.12.23-11.35.26:975][  0]LogShaderLibrary: Display: ShaderCodeLibraryPakFileMountedCallback: PakFile 'C:/Program Files/Epic Games/UE_4.27/FeaturePacks/TP_HandheldARBP.upack' (chunk index -1, root 'root:/') mounted
[2022.12.23-11.35.26:975][  0]LogShaderLibrary: Display: ShaderCodeLibraryPakFileMountedCallback: pending pak file info (ChunkID:-1 Root:root:/ File:C:/Program Files/Epic Games/UE_4.27/FeaturePacks/TP_HandheldARBP.upack)
[2022.12.23-11.35.26:975][  0]LogPakFile: OnPakFileMounted2Time == 0.000026
[2022.12.23-11.35.26:977][  0]LogPakFile: PakFile PrimaryIndexSize=182
[2022.12.23-11.35.26:977][  0]LogPakFile: PakFile PathHashIndexSize=101
[2022.12.23-11.35.26:977][  0]LogPakFile: PakFile FullDirectoryIndexSize=138
[2022.12.23-11.35.26:977][  0]LogShaderLibrary: Display: ShaderCodeLibraryPakFileMountedCallback: PakFile 'C:/Program Files/Epic Games/UE_4.27/FeaturePacks/TP_Puzzle.upack' (chunk index -1, root 'root:/') mounted
[2022.12.23-11.35.26:977][  0]LogShaderLibrary: Display: ShaderCodeLibraryPakFileMountedCallback: pending pak file info (ChunkID:-1 Root:root:/ File:C:/Program Files/Epic Games/UE_4.27/FeaturePacks/TP_Puzzle.upack)
[2022.12.23-11.35.26:977][  0]LogPakFile: OnPakFileMounted2Time == 0.000030
[2022.12.23-11.35.26:978][  0]LogPakFile: PakFile PrimaryIndexSize=184
[2022.12.23-11.35.26:978][  0]LogPakFile: PakFile PathHashIndexSize=101
[2022.12.23-11.35.26:978][  0]LogPakFile: PakFile FullDirectoryIndexSize=142
[2022.12.23-11.35.26:978][  0]LogShaderLibrary: Display: ShaderCodeLibraryPakFileMountedCallback: PakFile 'C:/Program Files/Epic Games/UE_4.27/FeaturePacks/TP_PuzzleBP.upack' (chunk index -1, root 'root:/') mounted
[2022.12.23-11.35.26:978][  0]LogShaderLibrary: Display: ShaderCodeLibraryPakFileMountedCallback: pending pak file info (ChunkID:-1 Root:root:/ File:C:/Program Files/Epic Games/UE_4.27/FeaturePacks/TP_PuzzleBP.upack)
[2022.12.23-11.35.26:978][  0]LogPakFile: OnPakFileMounted2Time == 0.000026
[2022.12.23-11.35.26:979][  0]LogPakFile: PakFile PrimaryIndexSize=183
[2022.12.23-11.35.26:979][  0]LogPakFile: PakFile PathHashIndexSize=101
[2022.12.23-11.35.26:979][  0]LogPakFile: PakFile FullDirectoryIndexSize=140
[2022.12.23-11.35.26:979][  0]LogShaderLibrary: Display: ShaderCodeLibraryPakFileMountedCallback: PakFile 'C:/Program Files/Epic Games/UE_4.27/FeaturePacks/TP_Rolling.upack' (chunk index -1, root 'root:/') mounted
[2022.12.23-11.35.26:979][  0]LogShaderLibrary: Display: ShaderCodeLibraryPakFileMountedCallback: pending pak file info (ChunkID:-1 Root:root:/ File:C:/Program Files/Epic Games/UE_4.27/FeaturePacks/TP_Rolling.upack)
[2022.12.23-11.35.26:979][  0]LogPakFile: OnPakFileMounted2Time == 0.000031
[2022.12.23-11.35.26:980][  0]LogPakFile: PakFile PrimaryIndexSize=185
[2022.12.23-11.35.26:980][  0]LogPakFile: PakFile PathHashIndexSize=101
[2022.12.23-11.35.26:980][  0]LogPakFile: PakFile FullDirectoryIndexSize=144
[2022.12.23-11.35.26:980][  0]LogShaderLibrary: Display: ShaderCodeLibraryPakFileMountedCallback: PakFile 'C:/Program Files/Epic Games/UE_4.27/FeaturePacks/TP_RollingBP.upack' (chunk index -1, root 'root:/') mounted
[2022.12.23-11.35.26:980][  0]LogShaderLibrary: Display: ShaderCodeLibraryPakFileMountedCallback: pending pak file info (ChunkID:-1 Root:root:/ File:C:/Program Files/Epic Games/UE_4.27/FeaturePacks/TP_RollingBP.upack)
[2022.12.23-11.35.26:980][  0]LogPakFile: OnPakFileMounted2Time == 0.000026
[2022.12.23-11.35.26:981][  0]LogPakFile: PakFile PrimaryIndexSize=188
[2022.12.23-11.35.26:981][  0]LogPakFile: PakFile PathHashIndexSize=101
[2022.12.23-11.35.26:981][  0]LogPakFile: PakFile FullDirectoryIndexSize=150
[2022.12.23-11.35.26:981][  0]LogShaderLibrary: Display: ShaderCodeLibraryPakFileMountedCallback: PakFile 'C:/Program Files/Epic Games/UE_4.27/FeaturePacks/TP_SideScroller.upack' (chunk index -1, root 'root:/') mounted
[2022.12.23-11.35.26:981][  0]LogShaderLibrary: Display: ShaderCodeLibraryPakFileMountedCallback: pending pak file info (ChunkID:-1 Root:root:/ File:C:/Program Files/Epic Games/UE_4.27/FeaturePacks/TP_SideScroller.upack)
[2022.12.23-11.35.26:981][  0]LogPakFile: OnPakFileMounted2Time == 0.000028
[2022.12.23-11.35.26:982][  0]LogPakFile: PakFile PrimaryIndexSize=190
[2022.12.23-11.35.26:982][  0]LogPakFile: PakFile PathHashIndexSize=101
[2022.12.23-11.35.26:982][  0]LogPakFile: PakFile FullDirectoryIndexSize=154
[2022.12.23-11.35.26:982][  0]LogShaderLibrary: Display: ShaderCodeLibraryPakFileMountedCallback: PakFile 'C:/Program Files/Epic Games/UE_4.27/FeaturePacks/TP_SideScrollerBP.upack' (chunk index -1, root 'root:/') mounted
[2022.12.23-11.35.26:982][  0]LogShaderLibrary: Display: ShaderCodeLibraryPakFileMountedCallback: pending pak file info (ChunkID:-1 Root:root:/ File:C:/Program Files/Epic Games/UE_4.27/FeaturePacks/TP_SideScrollerBP.upack)
[2022.12.23-11.35.26:982][  0]LogPakFile: OnPakFileMounted2Time == 0.000027
[2022.12.23-11.35.26:984][  0]LogPakFile: PakFile PrimaryIndexSize=187
[2022.12.23-11.35.26:984][  0]LogPakFile: PakFile PathHashIndexSize=101
[2022.12.23-11.35.26:984][  0]LogPakFile: PakFile FullDirectoryIndexSize=148
[2022.12.23-11.35.26:984][  0]LogShaderLibrary: Display: ShaderCodeLibraryPakFileMountedCallback: PakFile 'C:/Program Files/Epic Games/UE_4.27/FeaturePacks/TP_ThirdPerson.upack' (chunk index -1, root 'root:/') mounted
[2022.12.23-11.35.26:984][  0]LogShaderLibrary: Display: ShaderCodeLibraryPakFileMountedCallback: pending pak file info (ChunkID:-1 Root:root:/ File:C:/Program Files/Epic Games/UE_4.27/FeaturePacks/TP_ThirdPerson.upack)
[2022.12.23-11.35.26:984][  0]LogPakFile: OnPakFileMounted2Time == 0.000028
[2022.12.23-11.35.26:985][  0]LogPakFile: PakFile PrimaryIndexSize=189
[2022.12.23-11.35.26:985][  0]LogPakFile: PakFile PathHashIndexSize=101
[2022.12.23-11.35.26:985][  0]LogPakFile: PakFile FullDirectoryIndexSize=152
[2022.12.23-11.35.26:985][  0]LogShaderLibrary: Display: ShaderCodeLibraryPakFileMountedCallback: PakFile 'C:/Program Files/Epic Games/UE_4.27/FeaturePacks/TP_ThirdPersonBP.upack' (chunk index -1, root 'root:/') mounted
[2022.12.23-11.35.26:985][  0]LogShaderLibrary: Display: ShaderCodeLibraryPakFileMountedCallback: pending pak file info (ChunkID:-1 Root:root:/ File:C:/Program Files/Epic Games/UE_4.27/FeaturePacks/TP_ThirdPersonBP.upack)
[2022.12.23-11.35.26:985][  0]LogPakFile: OnPakFileMounted2Time == 0.000028
[2022.12.23-11.35.26:986][  0]LogPakFile: PakFile PrimaryIndexSize=183
[2022.12.23-11.35.26:986][  0]LogPakFile: PakFile PathHashIndexSize=101
[2022.12.23-11.35.26:986][  0]LogPakFile: PakFile FullDirectoryIndexSize=140
[2022.12.23-11.35.26:986][  0]LogShaderLibrary: Display: ShaderCodeLibraryPakFileMountedCallback: PakFile 'C:/Program Files/Epic Games/UE_4.27/FeaturePacks/TP_TopDown.upack' (chunk index -1, root 'root:/') mounted
[2022.12.23-11.35.26:986][  0]LogShaderLibrary: Display: ShaderCodeLibraryPakFileMountedCallback: pending pak file info (ChunkID:-1 Root:root:/ File:C:/Program Files/Epic Games/UE_4.27/FeaturePacks/TP_TopDown.upack)
[2022.12.23-11.35.26:986][  0]LogPakFile: OnPakFileMounted2Time == 0.000037
[2022.12.23-11.35.26:987][  0]LogPakFile: PakFile PrimaryIndexSize=185
[2022.12.23-11.35.26:987][  0]LogPakFile: PakFile PathHashIndexSize=101
[2022.12.23-11.35.26:987][  0]LogPakFile: PakFile FullDirectoryIndexSize=144
[2022.12.23-11.35.26:987][  0]LogShaderLibrary: Display: ShaderCodeLibraryPakFileMountedCallback: PakFile 'C:/Program Files/Epic Games/UE_4.27/FeaturePacks/TP_TopDownBP.upack' (chunk index -1, root 'root:/') mounted
[2022.12.23-11.35.26:987][  0]LogShaderLibrary: Display: ShaderCodeLibraryPakFileMountedCallback: pending pak file info (ChunkID:-1 Root:root:/ File:C:/Program Files/Epic Games/UE_4.27/FeaturePacks/TP_TopDownBP.upack)
[2022.12.23-11.35.26:987][  0]LogPakFile: OnPakFileMounted2Time == 0.000027
[2022.12.23-11.35.26:988][  0]LogPakFile: PakFile PrimaryIndexSize=185
[2022.12.23-11.35.26:988][  0]LogPakFile: PakFile PathHashIndexSize=101
[2022.12.23-11.35.26:988][  0]LogPakFile: PakFile FullDirectoryIndexSize=144
[2022.12.23-11.35.26:988][  0]LogShaderLibrary: Display: ShaderCodeLibraryPakFileMountedCallback: PakFile 'C:/Program Files/Epic Games/UE_4.27/FeaturePacks/TP_TwinStick.upack' (chunk index -1, root 'root:/') mounted
[2022.12.23-11.35.26:988][  0]LogShaderLibrary: Display: ShaderCodeLibraryPakFileMountedCallback: pending pak file info (ChunkID:-1 Root:root:/ File:C:/Program Files/Epic Games/UE_4.27/FeaturePacks/TP_TwinStick.upack)
[2022.12.23-11.35.26:988][  0]LogPakFile: OnPakFileMounted2Time == 0.000026
[2022.12.23-11.35.26:989][  0]LogPakFile: PakFile PrimaryIndexSize=187
[2022.12.23-11.35.26:989][  0]LogPakFile: PakFile PathHashIndexSize=101
[2022.12.23-11.35.26:989][  0]LogPakFile: PakFile FullDirectoryIndexSize=148
[2022.12.23-11.35.26:989][  0]LogShaderLibrary: Display: ShaderCodeLibraryPakFileMountedCallback: PakFile 'C:/Program Files/Epic Games/UE_4.27/FeaturePacks/TP_TwinStickBP.upack' (chunk index -1, root 'root:/') mounted
[2022.12.23-11.35.26:989][  0]LogShaderLibrary: Display: ShaderCodeLibraryPakFileMountedCallback: pending pak file info (ChunkID:-1 Root:root:/ File:C:/Program Files/Epic Games/UE_4.27/FeaturePacks/TP_TwinStickBP.upack)
[2022.12.23-11.35.26:989][  0]LogPakFile: OnPakFileMounted2Time == 0.000026
[2022.12.23-11.35.26:990][  0]LogPakFile: PakFile PrimaryIndexSize=183
[2022.12.23-11.35.26:990][  0]LogPakFile: PakFile PathHashIndexSize=101
[2022.12.23-11.35.26:990][  0]LogPakFile: PakFile FullDirectoryIndexSize=140
[2022.12.23-11.35.26:990][  0]LogShaderLibrary: Display: ShaderCodeLibraryPakFileMountedCallback: PakFile 'C:/Program Files/Epic Games/UE_4.27/FeaturePacks/TP_Vehicle.upack' (chunk index -1, root 'root:/') mounted
[2022.12.23-11.35.26:990][  0]LogShaderLibrary: Display: ShaderCodeLibraryPakFileMountedCallback: pending pak file info (ChunkID:-1 Root:root:/ File:C:/Program Files/Epic Games/UE_4.27/FeaturePacks/TP_Vehicle.upack)
[2022.12.23-11.35.26:990][  0]LogPakFile: OnPakFileMounted2Time == 0.000031
[2022.12.23-11.35.26:992][  0]LogPakFile: PakFile PrimaryIndexSize=186
[2022.12.23-11.35.26:992][  0]LogPakFile: PakFile PathHashIndexSize=101
[2022.12.23-11.35.26:992][  0]LogPakFile: PakFile FullDirectoryIndexSize=146
[2022.12.23-11.35.26:992][  0]LogShaderLibrary: Display: ShaderCodeLibraryPakFileMountedCallback: PakFile 'C:/Program Files/Epic Games/UE_4.27/FeaturePacks/TP_VehicleAdv.upack' (chunk index -1, root 'root:/') mounted
[2022.12.23-11.35.26:992][  0]LogShaderLibrary: Display: ShaderCodeLibraryPakFileMountedCallback: pending pak file info (ChunkID:-1 Root:root:/ File:C:/Program Files/Epic Games/UE_4.27/FeaturePacks/TP_VehicleAdv.upack)
[2022.12.23-11.35.26:992][  0]LogPakFile: OnPakFileMounted2Time == 0.000031
[2022.12.23-11.35.26:994][  0]LogPakFile: PakFile PrimaryIndexSize=188
[2022.12.23-11.35.26:994][  0]LogPakFile: PakFile PathHashIndexSize=101
[2022.12.23-11.35.26:994][  0]LogPakFile: PakFile FullDirectoryIndexSize=150
[2022.12.23-11.35.26:994][  0]LogShaderLibrary: Display: ShaderCodeLibraryPakFileMountedCallback: PakFile 'C:/Program Files/Epic Games/UE_4.27/FeaturePacks/TP_VehicleAdvBP.upack' (chunk index -1, root 'root:/') mounted
[2022.12.23-11.35.26:994][  0]LogShaderLibrary: Display: ShaderCodeLibraryPakFileMountedCallback: pending pak file info (ChunkID:-1 Root:root:/ File:C:/Program Files/Epic Games/UE_4.27/FeaturePacks/TP_VehicleAdvBP.upack)
[2022.12.23-11.35.26:994][  0]LogPakFile: OnPakFileMounted2Time == 0.000028
[2022.12.23-11.35.26:995][  0]LogPakFile: PakFile PrimaryIndexSize=185
[2022.12.23-11.35.26:995][  0]LogPakFile: PakFile PathHashIndexSize=101
[2022.12.23-11.35.26:995][  0]LogPakFile: PakFile FullDirectoryIndexSize=144
[2022.12.23-11.35.26:995][  0]LogShaderLibrary: Display: ShaderCodeLibraryPakFileMountedCallback: PakFile 'C:/Program Files/Epic Games/UE_4.27/FeaturePacks/TP_VehicleBP.upack' (chunk index -1, root 'root:/') mounted
[2022.12.23-11.35.26:995][  0]LogShaderLibrary: Display: ShaderCodeLibraryPakFileMountedCallback: pending pak file info (ChunkID:-1 Root:root:/ File:C:/Program Files/Epic Games/UE_4.27/FeaturePacks/TP_VehicleBP.upack)
[2022.12.23-11.35.26:995][  0]LogPakFile: OnPakFileMounted2Time == 0.000027
[2022.12.23-11.35.26:996][  0]LogPakFile: PakFile PrimaryIndexSize=192
[2022.12.23-11.35.26:996][  0]LogPakFile: PakFile PathHashIndexSize=101
[2022.12.23-11.35.26:996][  0]LogPakFile: PakFile FullDirectoryIndexSize=158
[2022.12.23-11.35.26:996][  0]LogShaderLibrary: Display: ShaderCodeLibraryPakFileMountedCallback: PakFile 'C:/Program Files/Epic Games/UE_4.27/FeaturePacks/TP_VirtualRealityBP.upack' (chunk index -1, root 'root:/') mounted
[2022.12.23-11.35.26:996][  0]LogShaderLibrary: Display: ShaderCodeLibraryPakFileMountedCallback: pending pak file info (ChunkID:-1 Root:root:/ File:C:/Program Files/Epic Games/UE_4.27/FeaturePacks/TP_VirtualRealityBP.upack)
[2022.12.23-11.35.26:996][  0]LogPakFile: OnPakFileMounted2Time == 0.000026
[2022.12.23-11.35.27:122][  0]LogNativeClassHierarchy: Verbose: Native class hierarchy updated for 'AddContentDialog' in 0.0002 seconds. Added 0 classes and 0 folders.
[2022.12.23-11.35.27:144][  0]LogSlate: Took 0.001307 seconds to synchronously load lazily loaded font '../../../Engine/Content/Slate/Fonts/Roboto-Regular.ttf' (155K)
[2022.12.23-11.35.27:145][  0]LogSlate: Took 0.000944 seconds to synchronously load lazily loaded font '../../../Engine/Content/Editor/Slate/Fonts/FontAwesome.ttf' (139K)
[2022.12.23-11.35.27:150][  0]LogSlate: Took 0.001248 seconds to synchronously load lazily loaded font '../../../Engine/Content/Slate/Fonts/Roboto-Bold.ttf' (160K)
[2022.12.23-11.35.27:240][  0]LogRenderer: Reallocating scene render targets to support 1508x992 Format 9 NumSamples 1 (Frame:1).
[2022.12.23-11.35.27:374][  0]LogNativeClassHierarchy: Verbose: Native class hierarchy updated for 'HierarchicalLODOutliner' in 0.0003 seconds. Added 0 classes and 0 folders.
[2022.12.23-11.35.27:374][  0]LogLoad: (Engine Initialization) Total time: 62.22 seconds
[2022.12.23-11.35.27:374][  0]LogLoad: (Engine Initialization) Total Blueprint compile time: 0.00 seconds
[2022.12.23-11.35.27:567][  3]LogSlate: Took 0.000149 seconds to synchronously load lazily loaded font '../../../Engine/Content/Slate/Fonts/Roboto-Regular.ttf' (155K)
[2022.12.23-11.35.27:761][  5]LogAssetRegistry: Asset discovery search completed in 55.9086 seconds
[2022.12.23-11.35.27:772][  5]LogCollectionManager: Fixed up redirectors for 0 collections in 0.000005 seconds (updated 0 objects)
[2022.12.23-12.51.17:423][596]LogDirectoryWatcher: Display: A directory notification failed for 'E:/__PROLOGUE/2/Prologue/MyProject/Content/Collections/' because it could not be accessed. Aborting watch request...
[2022.12.23-12.51.17:423][596]LogDirectoryWatcher: Display: A directory notification failed for 'E:/__PROLOGUE/2/Prologue/MyProject/Content/Developers/Дмитрий/Collections/' because it could not be accessed. Aborting watch request...
[2022.12.23-12.51.18:092][598]LogDirectoryWatcher: Display: A directory notification failed for 'E:/__PROLOGUE/2/Prologue/MyProject/Saved/Collections/' because it could not be accessed. Aborting watch request...
